------------------------ 
Sample Size =  10000000 
dim of X    =  20 
# of rep    =  10 
------------------------ 
Replications :  1 
             Time         Bias
qr         80.257  0.000181033
sqr.plug       NA           NA
sqr.boot 3497.666  0.000096094
sgd.boot 2313.812  0.000113299
sgd.rs     41.563 -0.000020068
sgd.rs1s   14.609 -0.000020068

 
5965.104 sec elapsed
Replications :  2 
             Time       Bias
qr         82.108 0.00056678
sqr.plug       NA         NA
sqr.boot 3475.956 0.00056156
sgd.boot 2302.632 0.00052676
sgd.rs     42.215 0.00066607
sgd.rs1s   14.550 0.00066607

 
5933.881 sec elapsed
Replications :  3 
             Time        Bias
qr         75.222 0.000074372
sqr.plug       NA          NA
sqr.boot 3468.745 0.000030135
sgd.boot 2310.335 0.000060652
sgd.rs     42.281 0.000148876
sgd.rs1s   14.348 0.000148876

 
5927.41 sec elapsed
Replications :  4 
             Time       Bias
qr         73.159 0.00030001
sqr.plug       NA         NA
sqr.boot 3458.133 0.00030814
sgd.boot 2309.542 0.00030646
sgd.rs     41.807 0.00042773
sgd.rs1s   14.575 0.00042773

 
5913.685 sec elapsed
Replications :  5 
             Time       Bias
qr         75.206 0.00019634
sqr.plug       NA         NA
sqr.boot 3465.236 0.00010098
sgd.boot 2309.495 0.00031987
sgd.rs     42.135 0.00041568
sgd.rs1s   14.471 0.00041568

 
5922.986 sec elapsed
Replications :  6 
             Time         Bias
qr         73.016 -0.000089040
sqr.plug       NA           NA
sqr.boot 3464.990 -0.000043571
sgd.boot 2301.725 -0.000063844
sgd.rs     41.301 -0.000011113
sgd.rs1s   14.361 -0.000011113

 
5911.805 sec elapsed
Replications :  7 
             Time       Bias
qr         73.928 0.00031085
sqr.plug       NA         NA
sqr.boot 3463.531 0.00027038
sgd.boot 2310.009 0.00029265
sgd.rs     42.028 0.00019723
sgd.rs1s   14.338 0.00019723

 
5920.364 sec elapsed
Replications :  8 
             Time         Bias
qr         83.072 -0.000037746
sqr.plug       NA           NA
sqr.boot 3467.457 -0.000069817
sgd.boot 2306.181 -0.000058216
sgd.rs     41.483 -0.000093680
sgd.rs1s   14.254 -0.000093680

 
5929.002 sec elapsed
Replications :  9 
             Time        Bias
qr         72.323 -0.00047288
sqr.plug       NA          NA
sqr.boot 3443.926 -0.00048237
sgd.boot 2308.517 -0.00036775
sgd.rs     41.505 -0.00040179
sgd.rs1s   14.302 -0.00040179

 
5897.027 sec elapsed
Replications :  10 
             Time        Bias
qr         71.374 -0.00072696
sqr.plug       NA          NA
sqr.boot 3434.399 -0.00070372
sgd.boot 2303.213 -0.00070837
sgd.rs     42.584 -0.00071236
sgd.rs1s   14.486 -0.00071236

 
5882.472 sec elapsed
