------------------------ 
Sample Size =  10000000 
dim of X    =  20 
# of rep    =  10 
------------------------ 
Replications :  1 
             Time        Bias
qr        112.833 -0.00096190
sqr.plug       NA          NA
sqr.boot 4905.848 -0.00087013
sgd.boot 2456.261 -0.00099672
sgd.rs     52.383 -0.00091960
sgd.rs1s   23.619 -0.00091960

 
7573.087 sec elapsed
Replications :  2 
             Time        Bias
qr        110.164 -0.00033099
sqr.plug       NA          NA
sqr.boot 5123.881 -0.00022616
sgd.boot 2450.309 -0.00031723
sgd.rs     53.095 -0.00022638
sgd.rs1s   23.500 -0.00022638

 
7782.88 sec elapsed
Replications :  3 
             Time        Bias
qr        110.393 -0.00012989
sqr.plug       NA          NA
sqr.boot 5084.674 -0.00018942
sgd.boot 2457.152 -0.00015615
sgd.rs     53.293 -0.00036882
sgd.rs1s   22.766 -0.00036882

 
7750.461 sec elapsed
Replications :  4 
             Time        Bias
qr        108.817 -0.00033071
sqr.plug       NA          NA
sqr.boot 5137.814 -0.00024607
sgd.boot 2435.203 -0.00036241
sgd.rs     51.460 -0.00055412
sgd.rs1s   22.796 -0.00055412

 
7778.032 sec elapsed
Replications :  5 
             Time        Bias
qr        103.651 -0.00034514
sqr.plug       NA          NA
sqr.boot 4784.600 -0.00011184
sgd.boot 2398.204 -0.00036064
sgd.rs     52.540 -0.00036602
sgd.rs1s   24.783 -0.00036602

 
7385.394 sec elapsed
Replications :  6 
            Time        Bias
qr        128.91 -0.00063202
sqr.plug      NA          NA
sqr.boot 5800.34 -0.00060878
sgd.boot 2402.98 -0.00062880
sgd.rs     50.83 -0.00072000
sgd.rs1s   22.58 -0.00072000

 
8427.857 sec elapsed
Replications :  7 
             Time         Bias
qr        103.424  0.000050510
sqr.plug       NA           NA
sqr.boot 4695.122 -0.000085471
sgd.boot 2406.898 -0.000093044
sgd.rs     50.283 -0.000257526
sgd.rs1s   22.744 -0.000257526

 
7299.847 sec elapsed
Replications :  8 
             Time        Bias
qr        103.754 0.000080502
sqr.plug       NA          NA
sqr.boot 4748.288 0.000093580
sgd.boot 2390.784 0.000066582
sgd.rs     51.398 0.000113839
sgd.rs1s   23.326 0.000113839

 
7339.125 sec elapsed
Replications :  9 
             Time          Bias
qr        116.329  0.0001496712
sqr.plug       NA            NA
sqr.boot 5094.471  0.0001129869
sgd.boot 2401.315 -0.0000075528
sgd.rs     50.604  0.0001118342
sgd.rs1s   23.213  0.0001118342

 
7708.007 sec elapsed
Replications :  10 
             Time       Bias
qr        113.662 0.00051950
sqr.plug       NA         NA
sqr.boot 5081.879 0.00031480
sgd.boot 2391.052 0.00048522
sgd.rs     50.694 0.00037580
sgd.rs1s   23.218 0.00037580

 
7682.028 sec elapsed
