------------------------ 
Sample Size =  10000000 
dim of X    =  20 
# of rep    =  10 
------------------------ 
Replications :  1 
             Time       Bias
qr         87.575 0.00068430
sqr.plug       NA         NA
sqr.boot 3551.994 0.00063405
sgd.boot 2304.055 0.00068933
sgd.rs     41.411 0.00058640
sgd.rs1s   16.587 0.00058640

 
6019.41 sec elapsed
Replications :  2 
             Time        Bias
qr         82.995 -0.00043650
sqr.plug       NA          NA
sqr.boot 3550.457 -0.00031761
sgd.boot 2319.042 -0.00041843
sgd.rs     43.876 -0.00041657
sgd.rs1s   17.020 -0.00041657

 
6030.619 sec elapsed
Replications :  3 
             Time        Bias
qr         83.964 -0.00062729
sqr.plug       NA          NA
sqr.boot 3553.774 -0.00065963
sgd.boot 2304.719 -0.00066083
sgd.rs     44.010 -0.00048075
sgd.rs1s   15.207 -0.00048075

 
6019.379 sec elapsed
Replications :  4 
             Time        Bias
qr         80.658 0.000075453
sqr.plug       NA          NA
sqr.boot 3601.772 0.000029595
sgd.boot 2316.597 0.000052644
sgd.rs     44.091 0.000163124
sgd.rs1s   17.344 0.000163124

 
6078.956 sec elapsed
Replications :  5 
             Time         Bias
qr         80.679  0.000181907
sqr.plug       NA           NA
sqr.boot 3559.235 -0.000040801
sgd.boot 2308.689  0.000144913
sgd.rs     44.495  0.000185882
sgd.rs1s   16.044  0.000185882

 
6026.766 sec elapsed
Replications :  6 
             Time         Bias
qr         86.914  0.000029653
sqr.plug       NA           NA
sqr.boot 3544.462 -0.000065013
sgd.boot 2310.708 -0.000025369
sgd.rs     45.924  0.000034608
sgd.rs1s   15.477  0.000034608

 
6020.814 sec elapsed
Replications :  7 
             Time        Bias
qr         85.303 -0.00047720
sqr.plug       NA          NA
sqr.boot 3551.332 -0.00052522
sgd.boot 2317.357 -0.00052620
sgd.rs     45.980 -0.00051899
sgd.rs1s   14.740 -0.00051899

 
6031.82 sec elapsed
Replications :  8 
             Time          Bias
qr         86.264  0.0000084844
sqr.plug       NA            NA
sqr.boot 3571.498  0.0000522769
sgd.boot 2303.324 -0.0000072344
sgd.rs     44.088  0.0001438656
sgd.rs1s   16.123  0.0001438656

 
6038.83 sec elapsed
Replications :  9 
             Time       Bias
qr         80.191 0.00034065
sqr.plug       NA         NA
sqr.boot 3547.824 0.00032419
sgd.boot 2304.416 0.00031867
sgd.rs     43.991 0.00038143
sgd.rs1s   14.756 0.00038143

 
6008.785 sec elapsed
Replications :  10 
             Time         Bias
qr         79.938 -0.000011787
sqr.plug       NA           NA
sqr.boot 3549.400 -0.000063039
sgd.boot 2312.958 -0.000023971
sgd.rs     42.602 -0.000044959
sgd.rs1s   14.434 -0.000044959

 
6016.579 sec elapsed
