------------------------ 
Sample Size =  10000000 
dim of X    =  20 
# of rep    =  10 
------------------------ 
Replications :  1 
             Time         Bias
qr        130.263  0.000158746
sqr.plug       NA           NA
sqr.boot 5314.151  0.000069981
sgd.boot 2402.010  0.000067519
sgd.rs     52.717 -0.000028299
sgd.rs1s   23.920 -0.000028299

 
7945.688 sec elapsed
Replications :  2 
             Time        Bias
qr        106.905 -0.00014125
sqr.plug       NA          NA
sqr.boot 5221.767 -0.00016946
sgd.boot 2415.454 -0.00024719
sgd.rs     54.533 -0.00032817
sgd.rs1s   23.676 -0.00032817

 
7844.44 sec elapsed
Replications :  3 
             Time       Bias
qr        121.673 0.00025950
sqr.plug       NA         NA
sqr.boot 5394.272 0.00033508
sgd.boot 2426.475 0.00016428
sgd.rs     54.710 0.00030898
sgd.rs1s   23.837 0.00030898

 
8043.305 sec elapsed
Replications :  4 
             Time         Bias
qr        110.762  0.000149040
sqr.plug       NA           NA
sqr.boot 5356.483 -0.000013484
sgd.boot 2422.562  0.000125143
sgd.rs     54.496  0.000169072
sgd.rs1s   24.026  0.000169072

 
7991.007 sec elapsed
Replications :  5 
             Time       Bias
qr        111.766 0.00076815
sqr.plug       NA         NA
sqr.boot 5364.035 0.00066226
sgd.boot 2419.829 0.00086185
sgd.rs     54.404 0.00089576
sgd.rs1s   23.741 0.00089576

 
7996.485 sec elapsed
Replications :  6 
             Time          Bias
qr        110.748  0.0000578965
sqr.plug       NA            NA
sqr.boot 5357.938  0.0000049175
sgd.boot 2423.827 -0.0001431534
sgd.rs     54.402 -0.0000997056
sgd.rs1s   23.502 -0.0000997056

 
7993.188 sec elapsed
Replications :  7 
             Time         Bias
qr        109.590  0.000077808
sqr.plug       NA           NA
sqr.boot 5324.962  0.000010368
sgd.boot 2414.070  0.000075021
sgd.rs     53.574 -0.000029109
sgd.rs1s   23.676 -0.000029109

 
7948.646 sec elapsed
Replications :  8 
             Time        Bias
qr        110.779 -0.00023534
sqr.plug       NA          NA
sqr.boot 5328.442 -0.00015897
sgd.boot 2409.603 -0.00030043
sgd.rs     53.388 -0.00014720
sgd.rs1s   23.746 -0.00014720

 
7948.829 sec elapsed
Replications :  9 
             Time       Bias
qr        110.732 0.00047056
sqr.plug       NA         NA
sqr.boot 5324.418 0.00050526
sgd.boot 2419.009 0.00055447
sgd.rs     53.445 0.00042205
sgd.rs1s   23.799 0.00042205

 
7954.057 sec elapsed
Replications :  10 
             Time        Bias
qr        111.816 -0.00032648
sqr.plug       NA          NA
sqr.boot 5379.111 -0.00028388
sgd.boot 2460.562 -0.00038975
sgd.rs     55.581 -0.00037321
sgd.rs1s   24.525 -0.00037321

 
8054.87 sec elapsed
