------------------------ 
Sample Size =  10000000 
dim of X    =  20 
# of rep    =  10 
------------------------ 
Replications :  1 
             Time         Bias
qr        111.179 -0.000257831
sqr.plug       NA           NA
sqr.boot 5050.271 -0.000032167
sgd.boot 2400.663 -0.000295756
sgd.rs     51.760 -0.000253224
sgd.rs1s   23.022 -0.000253224

 
7658.11 sec elapsed
Replications :  2 
             Time        Bias
qr        105.366 -0.00089493
sqr.plug       NA          NA
sqr.boot 4826.501 -0.00087561
sgd.boot 2378.868 -0.00094587
sgd.rs     51.823 -0.00103299
sgd.rs1s   22.724 -0.00103299

 
7407.024 sec elapsed
Replications :  3 
             Time        Bias
qr        106.551 -0.00055293
sqr.plug       NA          NA
sqr.boot 4999.953 -0.00053999
sgd.boot 2383.093 -0.00066656
sgd.rs     54.433 -0.00052030
sgd.rs1s   21.861 -0.00052030

 
7587.902 sec elapsed
Replications :  4 
             Time       Bias
qr        103.114 0.00022360
sqr.plug       NA         NA
sqr.boot 4973.202 0.00015543
sgd.boot 2398.704 0.00032970
sgd.rs     54.027 0.00049797
sgd.rs1s   22.785 0.00049797

 
7572.844 sec elapsed
Replications :  5 
             Time       Bias
qr        104.334 0.00089475
sqr.plug       NA         NA
sqr.boot 5080.189 0.00095298
sgd.boot 2399.621 0.00098376
sgd.rs     52.043 0.00094026
sgd.rs1s   23.517 0.00094026

 
7681.135 sec elapsed
Replications :  6 
             Time       Bias
qr        107.559 0.00048738
sqr.plug       NA         NA
sqr.boot 5051.925 0.00044483
sgd.boot 2400.848 0.00042077
sgd.rs     54.875 0.00027594
sgd.rs1s   23.365 0.00027594

 
7660.571 sec elapsed
Replications :  7 
             Time        Bias
qr        109.373 -0.00037863
sqr.plug       NA          NA
sqr.boot 5084.962 -0.00027178
sgd.boot 2392.197 -0.00042805
sgd.rs     53.025 -0.00033883
sgd.rs1s   23.228 -0.00033883

 
7684.823 sec elapsed
Replications :  8 
             Time         Bias
qr        106.445 -0.000083330
sqr.plug       NA           NA
sqr.boot 5095.438  0.000038885
sgd.boot 2395.885 -0.000106729
sgd.rs     53.064 -0.000012516
sgd.rs1s   23.281 -0.000012516

 
7695.559 sec elapsed
Replications :  9 
             Time       Bias
qr        106.282 0.00038432
sqr.plug       NA         NA
sqr.boot 5106.804 0.00039862
sgd.boot 2394.208 0.00036199
sgd.rs     53.690 0.00033805
sgd.rs1s   23.187 0.00033805

 
7705.807 sec elapsed
Replications :  10 
             Time        Bias
qr        109.868 -0.00015094
sqr.plug       NA          NA
sqr.boot 5125.774 -0.00012101
sgd.boot 2380.578 -0.00019941
sgd.rs     53.197 -0.00019622
sgd.rs1s   22.781 -0.00019622

 
7714.013 sec elapsed
