------------------------ 
Sample Size =  10000000 
dim of X    =  20 
# of rep    =  10 
------------------------ 
Replications :  1 
             Time        Bias
qr        113.276 0.000058268
sqr.plug       NA          NA
sqr.boot 5199.487 0.000099835
sgd.boot 2415.239 0.000012779
sgd.rs     54.968 0.000265588
sgd.rs1s   24.079 0.000265588

 
7829.589 sec elapsed
Replications :  2 
             Time        Bias
qr        106.693 -0.00065371
sqr.plug       NA          NA
sqr.boot 5140.545 -0.00061121
sgd.boot 2407.360 -0.00069075
sgd.rs     55.458 -0.00057648
sgd.rs1s   23.723 -0.00057648

 
7755.868 sec elapsed
Replications :  3 
             Time         Bias
qr        106.710 -0.000165023
sqr.plug       NA           NA
sqr.boot 5054.380 -0.000156813
sgd.boot 2412.089 -0.000224544
sgd.rs     55.727  0.000018419
sgd.rs1s   22.840  0.000018419

 
7674.06 sec elapsed
Replications :  4 
             Time       Bias
qr        104.506 0.00042986
sqr.plug       NA         NA
sqr.boot 5126.436 0.00038470
sgd.boot 2383.936 0.00053418
sgd.rs     54.619 0.00036650
sgd.rs1s   23.525 0.00036650

 
7714.864 sec elapsed
Replications :  5 
             Time          Bias
qr        106.207 -0.0000339618
sqr.plug       NA            NA
sqr.boot 5139.286 -0.0000017461
sgd.boot 2387.666 -0.0000505190
sgd.rs     54.809  0.0000460024
sgd.rs1s   23.499  0.0000460024

 
7733.79 sec elapsed
Replications :  6 
             Time        Bias
qr        106.984 -0.00039538
sqr.plug       NA          NA
sqr.boot 5118.557 -0.00031586
sgd.boot 2388.348 -0.00048750
sgd.rs     54.471 -0.00037030
sgd.rs1s   23.201 -0.00037030

 
7713.659 sec elapsed
Replications :  7 
             Time        Bias
qr        106.195 -0.00048929
sqr.plug       NA          NA
sqr.boot 5139.657 -0.00037822
sgd.boot 2394.812 -0.00047540
sgd.rs     53.483 -0.00032165
sgd.rs1s   23.531 -0.00032165

 
7739.359 sec elapsed
Replications :  8 
             Time       Bias
qr        107.679 0.00031711
sqr.plug       NA         NA
sqr.boot 5112.056 0.00022489
sgd.boot 2387.691 0.00030225
sgd.rs     53.709 0.00020792
sgd.rs1s   23.302 0.00020792

 
7706.206 sec elapsed
Replications :  9 
             Time        Bias
qr        114.786 -0.00060749
sqr.plug       NA          NA
sqr.boot 5097.941 -0.00032125
sgd.boot 2381.275 -0.00064778
sgd.rs     53.426 -0.00059672
sgd.rs1s   23.361 -0.00059672

 
7692.482 sec elapsed
Replications :  10 
             Time       Bias
qr        109.228 0.00058365
sqr.plug       NA         NA
sqr.boot 5113.201 0.00057482
sgd.boot 2404.891 0.00053027
sgd.rs     55.246 0.00059156
sgd.rs1s   23.679 0.00059156

 
7728.4 sec elapsed
