------------------------ 
Sample Size =  10000000 
dim of X    =  20 
# of rep    =  10 
------------------------ 
Replications :  1 
             Time        Bias
qr        124.397 0.000181214
sqr.plug       NA          NA
sqr.boot 5681.620 0.000066694
sgd.boot 2421.776 0.000264210
sgd.rs     54.707 0.000065409
sgd.rs1s   26.664 0.000065409

 
8333.498 sec elapsed
Replications :  2 
             Time       Bias
qr        119.689 0.00034187
sqr.plug       NA         NA
sqr.boot 5732.764 0.00040347
sgd.boot 2428.481 0.00041784
sgd.rs     58.322 0.00044897
sgd.rs1s   26.376 0.00044897

 
8389.625 sec elapsed
Replications :  3 
             Time       Bias
qr        128.423 0.00090093
sqr.plug       NA         NA
sqr.boot 5866.986 0.00087792
sgd.boot 2430.042 0.00084901
sgd.rs     57.095 0.00092529
sgd.rs1s   24.710 0.00092529

 
8531.789 sec elapsed
Replications :  4 
             Time        Bias
qr        123.007 0.000132253
sqr.plug       NA          NA
sqr.boot 5684.044 0.000161890
sgd.boot 2396.140 0.000038581
sgd.rs     52.995 0.000165676
sgd.rs1s   23.157 0.000165676

 
8303.082 sec elapsed
Replications :  5 
             Time       Bias
qr        111.646 0.00012390
sqr.plug       NA         NA
sqr.boot 5406.969 0.00011839
sgd.boot 2403.028 0.00014315
sgd.rs     56.869 0.00018220
sgd.rs1s   24.571 0.00018220

 
8026.181 sec elapsed
Replications :  6 
             Time        Bias
qr        123.017 -0.00044441
sqr.plug       NA          NA
sqr.boot 5301.534 -0.00044744
sgd.boot 2408.161 -0.00053857
sgd.rs     55.934 -0.00051552
sgd.rs1s   24.924 -0.00051552

 
7937.036 sec elapsed
Replications :  7 
             Time       Bias
qr        111.387 0.00045056
sqr.plug       NA         NA
sqr.boot 4864.274 0.00041238
sgd.boot 2401.094 0.00046445
sgd.rs     52.467 0.00058685
sgd.rs1s   23.581 0.00058685

 
7475.627 sec elapsed
Replications :  8 
             Time        Bias
qr        110.474 -0.00013075
sqr.plug       NA          NA
sqr.boot 5256.836 -0.00030189
sgd.boot 2399.089 -0.00017422
sgd.rs     52.380 -0.00024944
sgd.rs1s   23.907 -0.00024944

 
7865.459 sec elapsed
Replications :  9 
             Time        Bias
qr        111.104 -0.00048309
sqr.plug       NA          NA
sqr.boot 5268.994 -0.00035246
sgd.boot 2397.325 -0.00055231
sgd.rs     52.339 -0.00053504
sgd.rs1s   23.651 -0.00053504

 
7876.037 sec elapsed
Replications :  10 
             Time         Bias
qr        109.985 -0.000015810
sqr.plug       NA           NA
sqr.boot 5526.412 -0.000082543
sgd.boot 2443.976  0.000084106
sgd.rs     55.441 -0.000006955
sgd.rs1s   24.401 -0.000006955

 
8183.42 sec elapsed
