------------------------ 
Sample Size =  100000 
dim of X    =  320 
# of rep    =  10 
------------------------ 
Replications :  1 
           Time       Bias
qr           NA         NA
sqr.plug 373.08 -0.0039056
sqr.boot     NA         NA
sgd.boot     NA         NA
sgd.rs       NA         NA
sgd.rs1s     NA         NA

 
374.718 sec elapsed
Replications :  2 
           Time       Bias
qr           NA         NA
sqr.plug 376.83 0.00015285
sqr.boot     NA         NA
sgd.boot     NA         NA
sgd.rs       NA         NA
sgd.rs1s     NA         NA

 
378.415 sec elapsed
Replications :  3 
           Time       Bias
qr           NA         NA
sqr.plug 372.95 -0.0010277
sqr.boot     NA         NA
sgd.boot     NA         NA
sgd.rs       NA         NA
sgd.rs1s     NA         NA

 
374.527 sec elapsed
Replications :  4 
           Time       Bias
qr           NA         NA
sqr.plug 374.45 -0.0031694
sqr.boot     NA         NA
sgd.boot     NA         NA
sgd.rs       NA         NA
sgd.rs1s     NA         NA

 
376.023 sec elapsed
Replications :  5 
           Time       Bias
qr           NA         NA
sqr.plug 377.51 -0.0019659
sqr.boot     NA         NA
sgd.boot     NA         NA
sgd.rs       NA         NA
sgd.rs1s     NA         NA

 
379.086 sec elapsed
Replications :  6 
           Time       Bias
qr           NA         NA
sqr.plug 372.62 -0.0037675
sqr.boot     NA         NA
sgd.boot     NA         NA
sgd.rs       NA         NA
sgd.rs1s     NA         NA

 
374.188 sec elapsed
Replications :  7 
           Time       Bias
qr           NA         NA
sqr.plug 376.12 -0.0027829
sqr.boot     NA         NA
sgd.boot     NA         NA
sgd.rs       NA         NA
sgd.rs1s     NA         NA

 
377.75 sec elapsed
Replications :  8 
           Time       Bias
qr           NA         NA
sqr.plug 372.81 -0.0005114
sqr.boot     NA         NA
sgd.boot     NA         NA
sgd.rs       NA         NA
sgd.rs1s     NA         NA

 
374.382 sec elapsed
Replications :  9 
           Time        Bias
qr           NA          NA
sqr.plug 376.42 -0.00091445
sqr.boot     NA          NA
sgd.boot     NA          NA
sgd.rs       NA          NA
sgd.rs1s     NA          NA

 
377.985 sec elapsed
Replications :  10 
           Time      Bias
qr           NA        NA
sqr.plug 376.18 0.0019896
sqr.boot     NA        NA
sgd.boot     NA        NA
sgd.rs       NA        NA
sgd.rs1s     NA        NA

 
377.795 sec elapsed
