------------------------ 
Sample Size =  100000 
dim of X    =  320 
# of rep    =  10 
------------------------ 
Replications :  1 
           Time        Bias
qr           NA          NA
sqr.plug 615.37 -0.00049794
sqr.boot     NA          NA
sgd.boot     NA          NA
sgd.rs       NA          NA
sgd.rs1s     NA          NA

 
617.562 sec elapsed
Replications :  2 
           Time      Bias
qr           NA        NA
sqr.plug 640.43 -0.005991
sqr.boot     NA        NA
sgd.boot     NA        NA
sgd.rs       NA        NA
sgd.rs1s     NA        NA

 
650.083 sec elapsed
Replications :  3 
           Time      Bias
qr           NA        NA
sqr.plug 528.75 0.0035641
sqr.boot     NA        NA
sgd.boot     NA        NA
sgd.rs       NA        NA
sgd.rs1s     NA        NA

 
540.578 sec elapsed
Replications :  4 
           Time       Bias
qr           NA         NA
sqr.plug 540.51 -0.0035356
sqr.boot     NA         NA
sgd.boot     NA         NA
sgd.rs       NA         NA
sgd.rs1s     NA         NA

 
549.398 sec elapsed
Replications :  5 
          Time      Bias
qr          NA        NA
sqr.plug 523.9 0.0005971
sqr.boot    NA        NA
sgd.boot    NA        NA
sgd.rs      NA        NA
sgd.rs1s    NA        NA

 
532.628 sec elapsed
Replications :  6 
           Time       Bias
qr           NA         NA
sqr.plug 510.02 -0.0037495
sqr.boot     NA         NA
sgd.boot     NA         NA
sgd.rs       NA         NA
sgd.rs1s     NA         NA

 
518.343 sec elapsed
Replications :  7 
           Time      Bias
qr           NA        NA
sqr.plug 516.23 0.0051636
sqr.boot     NA        NA
sgd.boot     NA        NA
sgd.rs       NA        NA
sgd.rs1s     NA        NA

 
523.419 sec elapsed
Replications :  8 
           Time      Bias
qr           NA        NA
sqr.plug 607.53 0.0034599
sqr.boot     NA        NA
sgd.boot     NA        NA
sgd.rs       NA        NA
sgd.rs1s     NA        NA

 
616.27 sec elapsed
Replications :  9 
           Time        Bias
qr           NA          NA
sqr.plug 559.25 -0.00032268
sqr.boot     NA          NA
sgd.boot     NA          NA
sgd.rs       NA          NA
sgd.rs1s     NA          NA

 
569.572 sec elapsed
Replications :  10 
           Time     Bias
qr           NA       NA
sqr.plug 568.13 0.001023
sqr.boot     NA       NA
sgd.boot     NA       NA
sgd.rs       NA       NA
sgd.rs1s     NA       NA

 
577.529 sec elapsed
