------------------------ 
Sample Size =  100000 
dim of X    =  320 
# of rep    =  10 
------------------------ 
Replications :  1 
           Time       Bias
qr           NA         NA
sqr.plug 381.18 -0.0017184
sqr.boot     NA         NA
sgd.boot     NA         NA
sgd.rs       NA         NA
sgd.rs1s     NA         NA

 
382.815 sec elapsed
Replications :  2 
           Time        Bias
qr           NA          NA
sqr.plug 385.08 0.000034589
sqr.boot     NA          NA
sgd.boot     NA          NA
sgd.rs       NA          NA
sgd.rs1s     NA          NA

 
386.685 sec elapsed
Replications :  3 
          Time       Bias
qr          NA         NA
sqr.plug 392.5 -0.0015485
sqr.boot    NA         NA
sgd.boot    NA         NA
sgd.rs      NA         NA
sgd.rs1s    NA         NA

 
394.102 sec elapsed
Replications :  4 
           Time      Bias
qr           NA        NA
sqr.plug 387.29 -0.010547
sqr.boot     NA        NA
sgd.boot     NA        NA
sgd.rs       NA        NA
sgd.rs1s     NA        NA

 
388.953 sec elapsed
Replications :  5 
           Time       Bias
qr           NA         NA
sqr.plug 379.36 -0.0038665
sqr.boot     NA         NA
sgd.boot     NA         NA
sgd.rs       NA         NA
sgd.rs1s     NA         NA

 
380.93 sec elapsed
Replications :  6 
           Time        Bias
qr           NA          NA
sqr.plug 379.58 0.000028285
sqr.boot     NA          NA
sgd.boot     NA          NA
sgd.rs       NA          NA
sgd.rs1s     NA          NA

 
381.171 sec elapsed
Replications :  7 
           Time       Bias
qr           NA         NA
sqr.plug 378.86 0.00050914
sqr.boot     NA         NA
sgd.boot     NA         NA
sgd.rs       NA         NA
sgd.rs1s     NA         NA

 
380.452 sec elapsed
Replications :  8 
           Time      Bias
qr           NA        NA
sqr.plug 393.12 -0.003272
sqr.boot     NA        NA
sgd.boot     NA        NA
sgd.rs       NA        NA
sgd.rs1s     NA        NA

 
394.709 sec elapsed
Replications :  9 
           Time        Bias
qr           NA          NA
sqr.plug 383.61 -0.00034761
sqr.boot     NA          NA
sgd.boot     NA          NA
sgd.rs       NA          NA
sgd.rs1s     NA          NA

 
385.271 sec elapsed
Replications :  10 
           Time       Bias
qr           NA         NA
sqr.plug 394.66 0.00058308
sqr.boot     NA         NA
sgd.boot     NA         NA
sgd.rs       NA         NA
sgd.rs1s     NA         NA

 
396.239 sec elapsed
