------------------------ 
Sample Size =  100000 
dim of X    =  320 
# of rep    =  10 
------------------------ 
Replications :  1 
           Time      Bias
qr           NA        NA
sqr.plug 387.92 0.0056729
sqr.boot     NA        NA
sgd.boot     NA        NA
sgd.rs       NA        NA
sgd.rs1s     NA        NA

 
389.607 sec elapsed
Replications :  2 
           Time       Bias
qr           NA         NA
sqr.plug 381.79 -0.0055451
sqr.boot     NA         NA
sgd.boot     NA         NA
sgd.rs       NA         NA
sgd.rs1s     NA         NA

 
383.397 sec elapsed
Replications :  3 
           Time       Bias
qr           NA         NA
sqr.plug 384.06 -0.0066364
sqr.boot     NA         NA
sgd.boot     NA         NA
sgd.rs       NA         NA
sgd.rs1s     NA         NA

 
385.659 sec elapsed
Replications :  4 
           Time        Bias
qr           NA          NA
sqr.plug 383.94 -0.00073809
sqr.boot     NA          NA
sgd.boot     NA          NA
sgd.rs       NA          NA
sgd.rs1s     NA          NA

 
385.548 sec elapsed
Replications :  5 
           Time        Bias
qr           NA          NA
sqr.plug 383.57 -0.00048815
sqr.boot     NA          NA
sgd.boot     NA          NA
sgd.rs       NA          NA
sgd.rs1s     NA          NA

 
385.176 sec elapsed
Replications :  6 
           Time      Bias
qr           NA        NA
sqr.plug 384.42 -0.003241
sqr.boot     NA        NA
sgd.boot     NA        NA
sgd.rs       NA        NA
sgd.rs1s     NA        NA

 
386.036 sec elapsed
Replications :  7 
           Time       Bias
qr           NA         NA
sqr.plug 383.94 -0.0045638
sqr.boot     NA         NA
sgd.boot     NA         NA
sgd.rs       NA         NA
sgd.rs1s     NA         NA

 
385.546 sec elapsed
Replications :  8 
           Time     Bias
qr           NA       NA
sqr.plug 383.78 0.002321
sqr.boot     NA       NA
sgd.boot     NA       NA
sgd.rs       NA       NA
sgd.rs1s     NA       NA

 
385.374 sec elapsed
Replications :  9 
           Time      Bias
qr           NA        NA
sqr.plug 383.11 0.0062238
sqr.boot     NA        NA
sgd.boot     NA        NA
sgd.rs       NA        NA
sgd.rs1s     NA        NA

 
384.734 sec elapsed
Replications :  10 
           Time        Bias
qr           NA          NA
sqr.plug 382.92 -0.00022643
sqr.boot     NA          NA
sgd.boot     NA          NA
sgd.rs       NA          NA
sgd.rs1s     NA          NA

 
384.518 sec elapsed
