------------------------ 
Sample Size =  100000 
dim of X    =  320 
# of rep    =  10 
------------------------ 
Replications :  1 
           Time     Bias
qr           NA       NA
sqr.plug 527.84 0.003474
sqr.boot     NA       NA
sgd.boot     NA       NA
sgd.rs       NA       NA
sgd.rs1s     NA       NA

 
530.004 sec elapsed
Replications :  2 
           Time      Bias
qr           NA        NA
sqr.plug 503.61 0.0051654
sqr.boot     NA        NA
sgd.boot     NA        NA
sgd.rs       NA        NA
sgd.rs1s     NA        NA

 
515.889 sec elapsed
Replications :  3 
           Time       Bias
qr           NA         NA
sqr.plug 549.46 -0.0041949
sqr.boot     NA         NA
sgd.boot     NA         NA
sgd.rs       NA         NA
sgd.rs1s     NA         NA

 
558.488 sec elapsed
Replications :  4 
           Time      Bias
qr           NA        NA
sqr.plug 569.35 0.0013539
sqr.boot     NA        NA
sgd.boot     NA        NA
sgd.rs       NA        NA
sgd.rs1s     NA        NA

 
579.026 sec elapsed
Replications :  5 
          Time       Bias
qr          NA         NA
sqr.plug 533.3 -0.0025093
sqr.boot    NA         NA
sgd.boot    NA         NA
sgd.rs      NA         NA
sgd.rs1s    NA         NA

 
544.018 sec elapsed
Replications :  6 
           Time       Bias
qr           NA         NA
sqr.plug 523.55 -0.0023415
sqr.boot     NA         NA
sgd.boot     NA         NA
sgd.rs       NA         NA
sgd.rs1s     NA         NA

 
533.561 sec elapsed
Replications :  7 
           Time       Bias
qr           NA         NA
sqr.plug 533.62 -0.0039936
sqr.boot     NA         NA
sgd.boot     NA         NA
sgd.rs       NA         NA
sgd.rs1s     NA         NA

 
542.085 sec elapsed
Replications :  8 
           Time      Bias
qr           NA        NA
sqr.plug 559.35 0.0041817
sqr.boot     NA        NA
sgd.boot     NA        NA
sgd.rs       NA        NA
sgd.rs1s     NA        NA

 
569.401 sec elapsed
Replications :  9 
         Time       Bias
qr         NA         NA
sqr.plug  562 -0.0003962
sqr.boot   NA         NA
sgd.boot   NA         NA
sgd.rs     NA         NA
sgd.rs1s   NA         NA

 
572.277 sec elapsed
Replications :  10 
           Time      Bias
qr           NA        NA
sqr.plug 536.61 0.0084174
sqr.boot     NA        NA
sgd.boot     NA        NA
sgd.rs       NA        NA
sgd.rs1s     NA        NA

 
548.041 sec elapsed
