------------------------ 
Sample Size =  100000 
dim of X    =  320 
# of rep    =  10 
------------------------ 
Replications :  1 
           Time       Bias
qr           NA         NA
sqr.plug 593.77 -0.0018956
sqr.boot     NA         NA
sgd.boot     NA         NA
sgd.rs       NA         NA
sgd.rs1s     NA         NA

 
595.878 sec elapsed
Replications :  2 
           Time      Bias
qr           NA        NA
sqr.plug 609.49 0.0022324
sqr.boot     NA        NA
sgd.boot     NA        NA
sgd.rs       NA        NA
sgd.rs1s     NA        NA

 
620.339 sec elapsed
Replications :  3 
           Time        Bias
qr           NA          NA
sqr.plug 563.77 -0.00023797
sqr.boot     NA          NA
sgd.boot     NA          NA
sgd.rs       NA          NA
sgd.rs1s     NA          NA

 
574.063 sec elapsed
Replications :  4 
           Time      Bias
qr           NA        NA
sqr.plug 546.92 0.0019059
sqr.boot     NA        NA
sgd.boot     NA        NA
sgd.rs       NA        NA
sgd.rs1s     NA        NA

 
556.02 sec elapsed
Replications :  5 
           Time       Bias
qr           NA         NA
sqr.plug 545.47 -0.0003954
sqr.boot     NA         NA
sgd.boot     NA         NA
sgd.rs       NA         NA
sgd.rs1s     NA         NA

 
554.764 sec elapsed
Replications :  6 
           Time       Bias
qr           NA         NA
sqr.plug 501.47 -0.0049944
sqr.boot     NA         NA
sgd.boot     NA         NA
sgd.rs       NA         NA
sgd.rs1s     NA         NA

 
510.184 sec elapsed
Replications :  7 
           Time       Bias
qr           NA         NA
sqr.plug 525.03 -0.0057578
sqr.boot     NA         NA
sgd.boot     NA         NA
sgd.rs       NA         NA
sgd.rs1s     NA         NA

 
533.174 sec elapsed
Replications :  8 
           Time       Bias
qr           NA         NA
sqr.plug 512.13 -0.0039255
sqr.boot     NA         NA
sgd.boot     NA         NA
sgd.rs       NA         NA
sgd.rs1s     NA         NA

 
520.132 sec elapsed
Replications :  9 
           Time       Bias
qr           NA         NA
sqr.plug 523.92 -0.0011257
sqr.boot     NA         NA
sgd.boot     NA         NA
sgd.rs       NA         NA
sgd.rs1s     NA         NA

 
532.58 sec elapsed
Replications :  10 
           Time      Bias
qr           NA        NA
sqr.plug 551.41 0.0045593
sqr.boot     NA        NA
sgd.boot     NA        NA
sgd.rs       NA        NA
sgd.rs1s     NA        NA

 
560.664 sec elapsed
