------------------------ 
Sample Size =  100000 
dim of X    =  320 
# of rep    =  10 
------------------------ 
Replications :  1 
           Time       Bias
qr           NA         NA
sqr.plug 579.08 -0.0034108
sqr.boot     NA         NA
sgd.boot     NA         NA
sgd.rs       NA         NA
sgd.rs1s     NA         NA

 
581.415 sec elapsed
Replications :  2 
           Time      Bias
qr           NA        NA
sqr.plug 532.84 0.0031758
sqr.boot     NA        NA
sgd.boot     NA        NA
sgd.rs       NA        NA
sgd.rs1s     NA        NA

 
542.557 sec elapsed
Replications :  3 
           Time        Bias
qr           NA          NA
sqr.plug 544.99 -0.00075665
sqr.boot     NA          NA
sgd.boot     NA          NA
sgd.rs       NA          NA
sgd.rs1s     NA          NA

 
551.152 sec elapsed
Replications :  4 
           Time       Bias
qr           NA         NA
sqr.plug 544.08 -0.0018727
sqr.boot     NA         NA
sgd.boot     NA         NA
sgd.rs       NA         NA
sgd.rs1s     NA         NA

 
551.046 sec elapsed
Replications :  5 
          Time      Bias
qr          NA        NA
sqr.plug 523.2 -0.003755
sqr.boot    NA        NA
sgd.boot    NA        NA
sgd.rs      NA        NA
sgd.rs1s    NA        NA

 
530.075 sec elapsed
Replications :  6 
           Time       Bias
qr           NA         NA
sqr.plug 534.13 -0.0040603
sqr.boot     NA         NA
sgd.boot     NA         NA
sgd.rs       NA         NA
sgd.rs1s     NA         NA

 
543.076 sec elapsed
Replications :  7 
           Time       Bias
qr           NA         NA
sqr.plug 526.64 -0.0026559
sqr.boot     NA         NA
sgd.boot     NA         NA
sgd.rs       NA         NA
sgd.rs1s     NA         NA

 
533.854 sec elapsed
Replications :  8 
           Time      Bias
qr           NA        NA
sqr.plug 499.38 0.0038338
sqr.boot     NA        NA
sgd.boot     NA        NA
sgd.rs       NA        NA
sgd.rs1s     NA        NA

 
506.2 sec elapsed
Replications :  9 
           Time      Bias
qr           NA        NA
sqr.plug 495.86 0.0015265
sqr.boot     NA        NA
sgd.boot     NA        NA
sgd.rs       NA        NA
sgd.rs1s     NA        NA

 
503.187 sec elapsed
Replications :  10 
           Time      Bias
qr           NA        NA
sqr.plug 489.04 0.0055239
sqr.boot     NA        NA
sgd.boot     NA        NA
sgd.rs       NA        NA
sgd.rs1s     NA        NA

 
496.252 sec elapsed
