------------------------ 
Sample Size =  100000 
dim of X    =  320 
# of rep    =  10 
------------------------ 
Replications :  1 
         Time      Bias
qr         NA        NA
sqr.plug  382 0.0050049
sqr.boot   NA        NA
sgd.boot   NA        NA
sgd.rs     NA        NA
sgd.rs1s   NA        NA

 
383.642 sec elapsed
Replications :  2 
           Time      Bias
qr           NA        NA
sqr.plug 387.03 0.0011441
sqr.boot     NA        NA
sgd.boot     NA        NA
sgd.rs       NA        NA
sgd.rs1s     NA        NA

 
388.63 sec elapsed
Replications :  3 
           Time       Bias
qr           NA         NA
sqr.plug 385.48 -0.0014664
sqr.boot     NA         NA
sgd.boot     NA         NA
sgd.rs       NA         NA
sgd.rs1s     NA         NA

 
387.111 sec elapsed
Replications :  4 
           Time       Bias
qr           NA         NA
sqr.plug 386.92 -0.0045227
sqr.boot     NA         NA
sgd.boot     NA         NA
sgd.rs       NA         NA
sgd.rs1s     NA         NA

 
388.595 sec elapsed
Replications :  5 
           Time        Bias
qr           NA          NA
sqr.plug 388.89 -0.00056104
sqr.boot     NA          NA
sgd.boot     NA          NA
sgd.rs       NA          NA
sgd.rs1s     NA          NA

 
390.504 sec elapsed
Replications :  6 
           Time      Bias
qr           NA        NA
sqr.plug 388.57 0.0051272
sqr.boot     NA        NA
sgd.boot     NA        NA
sgd.rs       NA        NA
sgd.rs1s     NA        NA

 
390.182 sec elapsed
Replications :  7 
           Time      Bias
qr           NA        NA
sqr.plug 390.36 0.0087354
sqr.boot     NA        NA
sgd.boot     NA        NA
sgd.rs       NA        NA
sgd.rs1s     NA        NA

 
391.989 sec elapsed
Replications :  8 
           Time       Bias
qr           NA         NA
sqr.plug 387.37 -0.0037112
sqr.boot     NA         NA
sgd.boot     NA         NA
sgd.rs       NA         NA
sgd.rs1s     NA         NA

 
388.988 sec elapsed
Replications :  9 
           Time      Bias
qr           NA        NA
sqr.plug 390.88 0.0019161
sqr.boot     NA        NA
sgd.boot     NA        NA
sgd.rs       NA        NA
sgd.rs1s     NA        NA

 
392.503 sec elapsed
Replications :  10 
           Time       Bias
qr           NA         NA
sqr.plug 387.59 -0.0025631
sqr.boot     NA         NA
sgd.boot     NA         NA
sgd.rs       NA         NA
sgd.rs1s     NA         NA

 
389.217 sec elapsed
