------------------------ 
Sample Size =  100000 
dim of X    =  320 
# of rep    =  10 
------------------------ 
Replications :  1 
           Time        Bias
qr           NA          NA
sqr.plug 591.17 -0.00029776
sqr.boot     NA          NA
sgd.boot     NA          NA
sgd.rs       NA          NA
sgd.rs1s     NA          NA

 
593.285 sec elapsed
Replications :  2 
           Time       Bias
qr           NA         NA
sqr.plug 528.96 -0.0020385
sqr.boot     NA         NA
sgd.boot     NA         NA
sgd.rs       NA         NA
sgd.rs1s     NA         NA

 
537.878 sec elapsed
Replications :  3 
           Time     Bias
qr           NA       NA
sqr.plug 516.61 0.001514
sqr.boot     NA       NA
sgd.boot     NA       NA
sgd.rs       NA       NA
sgd.rs1s     NA       NA

 
525.054 sec elapsed
Replications :  4 
          Time      Bias
qr          NA        NA
sqr.plug 557.4 0.0035194
sqr.boot    NA        NA
sgd.boot    NA        NA
sgd.rs      NA        NA
sgd.rs1s    NA        NA

 
564.9 sec elapsed
Replications :  5 
           Time       Bias
qr           NA         NA
sqr.plug 566.13 0.00094865
sqr.boot     NA         NA
sgd.boot     NA         NA
sgd.rs       NA         NA
sgd.rs1s     NA         NA

 
573.425 sec elapsed
Replications :  6 
           Time      Bias
qr           NA        NA
sqr.plug 487.72 0.0032111
sqr.boot     NA        NA
sgd.boot     NA        NA
sgd.rs       NA        NA
sgd.rs1s     NA        NA

 
494.639 sec elapsed
Replications :  7 
           Time       Bias
qr           NA         NA
sqr.plug 520.28 -0.0013847
sqr.boot     NA         NA
sgd.boot     NA         NA
sgd.rs       NA         NA
sgd.rs1s     NA         NA

 
527.507 sec elapsed
Replications :  8 
           Time      Bias
qr           NA        NA
sqr.plug 571.69 0.0030874
sqr.boot     NA        NA
sgd.boot     NA        NA
sgd.rs       NA        NA
sgd.rs1s     NA        NA

 
580.241 sec elapsed
Replications :  9 
           Time       Bias
qr           NA         NA
sqr.plug 556.79 -0.0041798
sqr.boot     NA         NA
sgd.boot     NA         NA
sgd.rs       NA         NA
sgd.rs1s     NA         NA

 
566.109 sec elapsed
Replications :  10 
           Time       Bias
qr           NA         NA
sqr.plug 574.89 -0.0072852
sqr.boot     NA         NA
sgd.boot     NA         NA
sgd.rs       NA         NA
sgd.rs1s     NA         NA

 
587.668 sec elapsed
