------------------------ 
Sample Size =  100000 
dim of X    =  320 
# of rep    =  10 
------------------------ 
Replications :  1 
           Time      Bias
qr           NA        NA
sqr.plug 422.32 0.0021686
sqr.boot     NA        NA
sgd.boot     NA        NA
sgd.rs       NA        NA
sgd.rs1s     NA        NA

 
424.038 sec elapsed
Replications :  2 
           Time       Bias
qr           NA         NA
sqr.plug 415.61 -0.0041204
sqr.boot     NA         NA
sgd.boot     NA         NA
sgd.rs       NA         NA
sgd.rs1s     NA         NA

 
419.962 sec elapsed
Replications :  3 
           Time       Bias
qr           NA         NA
sqr.plug 447.87 -0.0052385
sqr.boot     NA         NA
sgd.boot     NA         NA
sgd.rs       NA         NA
sgd.rs1s     NA         NA

 
451.249 sec elapsed
Replications :  4 
           Time        Bias
qr           NA          NA
sqr.plug 432.99 -0.00052418
sqr.boot     NA          NA
sgd.boot     NA          NA
sgd.rs       NA          NA
sgd.rs1s     NA          NA

 
437.705 sec elapsed
Replications :  5 
           Time      Bias
qr           NA        NA
sqr.plug 439.09 0.0034744
sqr.boot     NA        NA
sgd.boot     NA        NA
sgd.rs       NA        NA
sgd.rs1s     NA        NA

 
443.525 sec elapsed
Replications :  6 
           Time       Bias
qr           NA         NA
sqr.plug 441.39 -0.0013351
sqr.boot     NA         NA
sgd.boot     NA         NA
sgd.rs       NA         NA
sgd.rs1s     NA         NA

 
445.964 sec elapsed
Replications :  7 
           Time       Bias
qr           NA         NA
sqr.plug 444.37 -0.0043774
sqr.boot     NA         NA
sgd.boot     NA         NA
sgd.rs       NA         NA
sgd.rs1s     NA         NA

 
449.427 sec elapsed
Replications :  8 
           Time      Bias
qr           NA        NA
sqr.plug 428.65 0.0050236
sqr.boot     NA        NA
sgd.boot     NA        NA
sgd.rs       NA        NA
sgd.rs1s     NA        NA

 
433.687 sec elapsed
Replications :  9 
           Time      Bias
qr           NA        NA
sqr.plug 407.15 0.0059299
sqr.boot     NA        NA
sgd.boot     NA        NA
sgd.rs       NA        NA
sgd.rs1s     NA        NA

 
411.288 sec elapsed
Replications :  10 
           Time        Bias
qr           NA          NA
sqr.plug 453.35 -0.00023049
sqr.boot     NA          NA
sgd.boot     NA          NA
sgd.rs       NA          NA
sgd.rs1s     NA          NA

 
455.91 sec elapsed
