------------------------ 
Sample Size =  100000 
dim of X    =  320 
# of rep    =  10 
------------------------ 
Replications :  1 
           Time       Bias
qr           NA         NA
sqr.plug 379.54 -0.0011512
sqr.boot     NA         NA
sgd.boot     NA         NA
sgd.rs       NA         NA
sgd.rs1s     NA         NA

 
381.187 sec elapsed
Replications :  2 
           Time      Bias
qr           NA        NA
sqr.plug 377.69 0.0017146
sqr.boot     NA        NA
sgd.boot     NA        NA
sgd.rs       NA        NA
sgd.rs1s     NA        NA

 
379.277 sec elapsed
Replications :  3 
           Time       Bias
qr           NA         NA
sqr.plug 379.87 -0.0034527
sqr.boot     NA         NA
sgd.boot     NA         NA
sgd.rs       NA         NA
sgd.rs1s     NA         NA

 
381.469 sec elapsed
Replications :  4 
           Time      Bias
qr           NA        NA
sqr.plug 379.04 0.0083699
sqr.boot     NA        NA
sgd.boot     NA        NA
sgd.rs       NA        NA
sgd.rs1s     NA        NA

 
380.627 sec elapsed
Replications :  5 
          Time       Bias
qr          NA         NA
sqr.plug 377.6 -0.0017575
sqr.boot    NA         NA
sgd.boot    NA         NA
sgd.rs      NA         NA
sgd.rs1s    NA         NA

 
379.19 sec elapsed
Replications :  6 
           Time        Bias
qr           NA          NA
sqr.plug 376.45 -0.00056262
sqr.boot     NA          NA
sgd.boot     NA          NA
sgd.rs       NA          NA
sgd.rs1s     NA          NA

 
378.024 sec elapsed
Replications :  7 
           Time       Bias
qr           NA         NA
sqr.plug 376.45 0.00088376
sqr.boot     NA         NA
sgd.boot     NA         NA
sgd.rs       NA         NA
sgd.rs1s     NA         NA

 
378.032 sec elapsed
Replications :  8 
           Time       Bias
qr           NA         NA
sqr.plug 375.91 -0.0022471
sqr.boot     NA         NA
sgd.boot     NA         NA
sgd.rs       NA         NA
sgd.rs1s     NA         NA

 
377.492 sec elapsed
Replications :  9 
           Time      Bias
qr           NA        NA
sqr.plug 373.81 0.0072314
sqr.boot     NA        NA
sgd.boot     NA        NA
sgd.rs       NA        NA
sgd.rs1s     NA        NA

 
375.375 sec elapsed
Replications :  10 
           Time      Bias
qr           NA        NA
sqr.plug 378.14 0.0012393
sqr.boot     NA        NA
sgd.boot     NA        NA
sgd.rs       NA        NA
sgd.rs1s     NA        NA

 
379.699 sec elapsed
