------------------------ 
Sample Size =  100000 
dim of X    =  320 
# of rep    =  10 
------------------------ 
Replications :  1 
           Time       Bias
qr           NA         NA
sqr.plug 389.53 -0.0014863
sqr.boot     NA         NA
sgd.boot     NA         NA
sgd.rs       NA         NA
sgd.rs1s     NA         NA

 
391.193 sec elapsed
Replications :  2 
           Time       Bias
qr           NA         NA
sqr.plug 388.93 -0.0029962
sqr.boot     NA         NA
sgd.boot     NA         NA
sgd.rs       NA         NA
sgd.rs1s     NA         NA

 
390.562 sec elapsed
Replications :  3 
           Time      Bias
qr           NA        NA
sqr.plug 388.38 0.0042513
sqr.boot     NA        NA
sgd.boot     NA        NA
sgd.rs       NA        NA
sgd.rs1s     NA        NA

 
390.01 sec elapsed
Replications :  4 
         Time       Bias
qr         NA         NA
sqr.plug  388 -0.0047817
sqr.boot   NA         NA
sgd.boot   NA         NA
sgd.rs     NA         NA
sgd.rs1s   NA         NA

 
389.616 sec elapsed
Replications :  5 
           Time      Bias
qr           NA        NA
sqr.plug 388.47 0.0044087
sqr.boot     NA        NA
sgd.boot     NA        NA
sgd.rs       NA        NA
sgd.rs1s     NA        NA

 
390.102 sec elapsed
Replications :  6 
           Time       Bias
qr           NA         NA
sqr.plug 389.56 -0.0041077
sqr.boot     NA         NA
sgd.boot     NA         NA
sgd.rs       NA         NA
sgd.rs1s     NA         NA

 
391.18 sec elapsed
Replications :  7 
           Time      Bias
qr           NA        NA
sqr.plug 389.58 0.0069574
sqr.boot     NA        NA
sgd.boot     NA        NA
sgd.rs       NA        NA
sgd.rs1s     NA        NA

 
391.209 sec elapsed
Replications :  8 
           Time        Bias
qr           NA          NA
sqr.plug 390.14 -0.00017148
sqr.boot     NA          NA
sgd.boot     NA          NA
sgd.rs       NA          NA
sgd.rs1s     NA          NA

 
391.756 sec elapsed
Replications :  9 
           Time       Bias
qr           NA         NA
sqr.plug 389.24 -0.0070384
sqr.boot     NA         NA
sgd.boot     NA         NA
sgd.rs       NA         NA
sgd.rs1s     NA         NA

 
390.867 sec elapsed
Replications :  10 
           Time     Bias
qr           NA       NA
sqr.plug 389.89 -0.00236
sqr.boot     NA       NA
sgd.boot     NA       NA
sgd.rs       NA       NA
sgd.rs1s     NA       NA

 
391.513 sec elapsed
