------------------------ 
Sample Size =  100000 
dim of X    =  320 
# of rep    =  10 
------------------------ 
Replications :  1 
           Time       Bias
qr           NA         NA
sqr.plug 385.31 -0.0084789
sqr.boot     NA         NA
sgd.boot     NA         NA
sgd.rs       NA         NA
sgd.rs1s     NA         NA

 
386.946 sec elapsed
Replications :  2 
           Time      Bias
qr           NA        NA
sqr.plug 385.88 0.0017283
sqr.boot     NA        NA
sgd.boot     NA        NA
sgd.rs       NA        NA
sgd.rs1s     NA        NA

 
387.491 sec elapsed
Replications :  3 
           Time      Bias
qr           NA        NA
sqr.plug 385.14 0.0053243
sqr.boot     NA        NA
sgd.boot     NA        NA
sgd.rs       NA        NA
sgd.rs1s     NA        NA

 
386.753 sec elapsed
Replications :  4 
           Time      Bias
qr           NA        NA
sqr.plug 385.97 0.0085106
sqr.boot     NA        NA
sgd.boot     NA        NA
sgd.rs       NA        NA
sgd.rs1s     NA        NA

 
387.584 sec elapsed
Replications :  5 
           Time      Bias
qr           NA        NA
sqr.plug 384.34 0.0030741
sqr.boot     NA        NA
sgd.boot     NA        NA
sgd.rs       NA        NA
sgd.rs1s     NA        NA

 
385.936 sec elapsed
Replications :  6 
           Time      Bias
qr           NA        NA
sqr.plug 385.81 0.0072134
sqr.boot     NA        NA
sgd.boot     NA        NA
sgd.rs       NA        NA
sgd.rs1s     NA        NA

 
387.404 sec elapsed
Replications :  7 
           Time      Bias
qr           NA        NA
sqr.plug 383.88 0.0043373
sqr.boot     NA        NA
sgd.boot     NA        NA
sgd.rs       NA        NA
sgd.rs1s     NA        NA

 
385.49 sec elapsed
Replications :  8 
           Time       Bias
qr           NA         NA
sqr.plug 386.84 -0.0047092
sqr.boot     NA         NA
sgd.boot     NA         NA
sgd.rs       NA         NA
sgd.rs1s     NA         NA

 
388.45 sec elapsed
Replications :  9 
           Time      Bias
qr           NA        NA
sqr.plug 389.74 0.0017549
sqr.boot     NA        NA
sgd.boot     NA        NA
sgd.rs       NA        NA
sgd.rs1s     NA        NA

 
391.348 sec elapsed
Replications :  10 
           Time       Bias
qr           NA         NA
sqr.plug 390.39 -0.0014387
sqr.boot     NA         NA
sgd.boot     NA         NA
sgd.rs       NA         NA
sgd.rs1s     NA         NA

 
392.006 sec elapsed
