------------------------ 
Sample Size =  100000 
dim of X    =  320 
# of rep    =  10 
------------------------ 
Replications :  1 
          Time       Bias
qr          NA         NA
sqr.plug 444.9 -0.0013785
sqr.boot    NA         NA
sgd.boot    NA         NA
sgd.rs      NA         NA
sgd.rs1s    NA         NA

 
446.581 sec elapsed
Replications :  2 
           Time      Bias
qr           NA        NA
sqr.plug 500.98 0.0047717
sqr.boot     NA        NA
sgd.boot     NA        NA
sgd.rs       NA        NA
sgd.rs1s     NA        NA

 
507.314 sec elapsed
Replications :  3 
          Time      Bias
qr          NA        NA
sqr.plug 437.4 0.0022379
sqr.boot    NA        NA
sgd.boot    NA        NA
sgd.rs      NA        NA
sgd.rs1s    NA        NA

 
444.797 sec elapsed
Replications :  4 
           Time      Bias
qr           NA        NA
sqr.plug 474.63 0.0041846
sqr.boot     NA        NA
sgd.boot     NA        NA
sgd.rs       NA        NA
sgd.rs1s     NA        NA

 
479.057 sec elapsed
Replications :  5 
           Time       Bias
qr           NA         NA
sqr.plug 400.64 0.00089835
sqr.boot     NA         NA
sgd.boot     NA         NA
sgd.rs       NA         NA
sgd.rs1s     NA         NA

 
406.108 sec elapsed
Replications :  6 
           Time      Bias
qr           NA        NA
sqr.plug 399.92 0.0048584
sqr.boot     NA        NA
sgd.boot     NA        NA
sgd.rs       NA        NA
sgd.rs1s     NA        NA

 
402.515 sec elapsed
Replications :  7 
          Time      Bias
qr          NA        NA
sqr.plug 390.3 0.0052259
sqr.boot    NA        NA
sgd.boot    NA        NA
sgd.rs      NA        NA
sgd.rs1s    NA        NA

 
392.851 sec elapsed
Replications :  8 
           Time     Bias
qr           NA       NA
sqr.plug 392.92 0.001671
sqr.boot     NA       NA
sgd.boot     NA       NA
sgd.rs       NA       NA
sgd.rs1s     NA       NA

 
394.588 sec elapsed
Replications :  9 
           Time        Bias
qr           NA          NA
sqr.plug 395.46 -0.00041017
sqr.boot     NA          NA
sgd.boot     NA          NA
sgd.rs       NA          NA
sgd.rs1s     NA          NA

 
397.105 sec elapsed
Replications :  10 
           Time      Bias
qr           NA        NA
sqr.plug 393.92 -0.010297
sqr.boot     NA        NA
sgd.boot     NA        NA
sgd.rs       NA        NA
sgd.rs1s     NA        NA

 
395.574 sec elapsed
