------------------------ 
Sample Size =  100000 
dim of X    =  320 
# of rep    =  10 
------------------------ 
Replications :  1 
           Time        Bias
qr           NA          NA
sqr.plug 388.73 -0.00042052
sqr.boot     NA          NA
sgd.boot     NA          NA
sgd.rs       NA          NA
sgd.rs1s     NA          NA

 
390.421 sec elapsed
Replications :  2 
           Time       Bias
qr           NA         NA
sqr.plug 390.15 -0.0067311
sqr.boot     NA         NA
sgd.boot     NA         NA
sgd.rs       NA         NA
sgd.rs1s     NA         NA

 
391.756 sec elapsed
Replications :  3 
           Time       Bias
qr           NA         NA
sqr.plug 389.85 -0.0012475
sqr.boot     NA         NA
sgd.boot     NA         NA
sgd.rs       NA         NA
sgd.rs1s     NA         NA

 
391.456 sec elapsed
Replications :  4 
           Time       Bias
qr           NA         NA
sqr.plug 390.64 -0.0027845
sqr.boot     NA         NA
sgd.boot     NA         NA
sgd.rs       NA         NA
sgd.rs1s     NA         NA

 
392.292 sec elapsed
Replications :  5 
           Time      Bias
qr           NA        NA
sqr.plug 385.77 0.0053035
sqr.boot     NA        NA
sgd.boot     NA        NA
sgd.rs       NA        NA
sgd.rs1s     NA        NA

 
387.419 sec elapsed
Replications :  6 
          Time       Bias
qr          NA         NA
sqr.plug 388.7 0.00032322
sqr.boot    NA         NA
sgd.boot    NA         NA
sgd.rs      NA         NA
sgd.rs1s    NA         NA

 
390.358 sec elapsed
Replications :  7 
           Time      Bias
qr           NA        NA
sqr.plug 389.97 -0.002163
sqr.boot     NA        NA
sgd.boot     NA        NA
sgd.rs       NA        NA
sgd.rs1s     NA        NA

 
391.577 sec elapsed
Replications :  8 
           Time      Bias
qr           NA        NA
sqr.plug 390.31 0.0011568
sqr.boot     NA        NA
sgd.boot     NA        NA
sgd.rs       NA        NA
sgd.rs1s     NA        NA

 
391.947 sec elapsed
Replications :  9 
           Time       Bias
qr           NA         NA
sqr.plug 388.03 -0.0038651
sqr.boot     NA         NA
sgd.boot     NA         NA
sgd.rs       NA         NA
sgd.rs1s     NA         NA

 
389.656 sec elapsed
Replications :  10 
           Time       Bias
qr           NA         NA
sqr.plug 388.44 -0.0035252
sqr.boot     NA         NA
sgd.boot     NA         NA
sgd.rs       NA         NA
sgd.rs1s     NA         NA

 
390.083 sec elapsed
