------------------------ 
Sample Size =  100000 
dim of X    =  320 
# of rep    =  10 
------------------------ 
Replications :  1 
           Time      Bias
qr           NA        NA
sqr.plug 379.62 0.0019962
sqr.boot     NA        NA
sgd.boot     NA        NA
sgd.rs       NA        NA
sgd.rs1s     NA        NA

 
381.281 sec elapsed
Replications :  2 
           Time        Bias
qr           NA          NA
sqr.plug 383.67 -0.00066055
sqr.boot     NA          NA
sgd.boot     NA          NA
sgd.rs       NA          NA
sgd.rs1s     NA          NA

 
385.261 sec elapsed
Replications :  3 
           Time       Bias
qr           NA         NA
sqr.plug 381.93 0.00042469
sqr.boot     NA         NA
sgd.boot     NA         NA
sgd.rs       NA         NA
sgd.rs1s     NA         NA

 
383.555 sec elapsed
Replications :  4 
           Time       Bias
qr           NA         NA
sqr.plug 380.81 0.00076835
sqr.boot     NA         NA
sgd.boot     NA         NA
sgd.rs       NA         NA
sgd.rs1s     NA         NA

 
382.412 sec elapsed
Replications :  5 
           Time        Bias
qr           NA          NA
sqr.plug 384.34 -0.00054551
sqr.boot     NA          NA
sgd.boot     NA          NA
sgd.rs       NA          NA
sgd.rs1s     NA          NA

 
385.932 sec elapsed
Replications :  6 
           Time      Bias
qr           NA        NA
sqr.plug 382.04 0.0044358
sqr.boot     NA        NA
sgd.boot     NA        NA
sgd.rs       NA        NA
sgd.rs1s     NA        NA

 
383.652 sec elapsed
Replications :  7 
          Time       Bias
qr          NA         NA
sqr.plug 376.7 0.00016489
sqr.boot    NA         NA
sgd.boot    NA         NA
sgd.rs      NA         NA
sgd.rs1s    NA         NA

 
378.293 sec elapsed
Replications :  8 
           Time        Bias
qr           NA          NA
sqr.plug 376.76 -0.00069287
sqr.boot     NA          NA
sgd.boot     NA          NA
sgd.rs       NA          NA
sgd.rs1s     NA          NA

 
378.336 sec elapsed
Replications :  9 
           Time       Bias
qr           NA         NA
sqr.plug 377.63 -0.0051631
sqr.boot     NA         NA
sgd.boot     NA         NA
sgd.rs       NA         NA
sgd.rs1s     NA         NA

 
379.202 sec elapsed
Replications :  10 
           Time       Bias
qr           NA         NA
sqr.plug 376.34 -0.0080837
sqr.boot     NA         NA
sgd.boot     NA         NA
sgd.rs       NA         NA
sgd.rs1s     NA         NA

 
377.937 sec elapsed
