------------------------ 
Sample Size =  100000 
dim of X    =  320 
# of rep    =  10 
------------------------ 
Replications :  1 
           Time       Bias
qr           NA         NA
sqr.plug 469.59 -0.0010112
sqr.boot     NA         NA
sgd.boot     NA         NA
sgd.rs       NA         NA
sgd.rs1s     NA         NA

 
471.365 sec elapsed
Replications :  2 
           Time     Bias
qr           NA       NA
sqr.plug 476.97 0.003964
sqr.boot     NA       NA
sgd.boot     NA       NA
sgd.rs       NA       NA
sgd.rs1s     NA       NA

 
483.528 sec elapsed
Replications :  3 
           Time       Bias
qr           NA         NA
sqr.plug 475.72 -0.0069313
sqr.boot     NA         NA
sgd.boot     NA         NA
sgd.rs       NA         NA
sgd.rs1s     NA         NA

 
482.68 sec elapsed
Replications :  4 
           Time      Bias
qr           NA        NA
sqr.plug 474.33 0.0049379
sqr.boot     NA        NA
sgd.boot     NA        NA
sgd.rs       NA        NA
sgd.rs1s     NA        NA

 
481.645 sec elapsed
Replications :  5 
           Time     Bias
qr           NA       NA
sqr.plug 476.26 0.001945
sqr.boot     NA       NA
sgd.boot     NA       NA
sgd.rs       NA       NA
sgd.rs1s     NA       NA

 
482.857 sec elapsed
Replications :  6 
           Time      Bias
qr           NA        NA
sqr.plug 476.87 0.0018785
sqr.boot     NA        NA
sgd.boot     NA        NA
sgd.rs       NA        NA
sgd.rs1s     NA        NA

 
483.434 sec elapsed
Replications :  7 
           Time     Bias
qr           NA       NA
sqr.plug 476.74 0.001217
sqr.boot     NA       NA
sgd.boot     NA       NA
sgd.rs       NA       NA
sgd.rs1s     NA       NA

 
483.409 sec elapsed
Replications :  8 
           Time      Bias
qr           NA        NA
sqr.plug 477.49 0.0012938
sqr.boot     NA        NA
sgd.boot     NA        NA
sgd.rs       NA        NA
sgd.rs1s     NA        NA

 
484.077 sec elapsed
Replications :  9 
           Time      Bias
qr           NA        NA
sqr.plug 478.12 0.0058604
sqr.boot     NA        NA
sgd.boot     NA        NA
sgd.rs       NA        NA
sgd.rs1s     NA        NA

 
485.526 sec elapsed
Replications :  10 
           Time       Bias
qr           NA         NA
sqr.plug 473.91 0.00071787
sqr.boot     NA         NA
sgd.boot     NA         NA
sgd.rs       NA         NA
sgd.rs1s     NA         NA

 
480.535 sec elapsed
