------------------------ 
Sample Size =  100000 
dim of X    =  320 
# of rep    =  10 
------------------------ 
Replications :  1 
           Time       Bias
qr           NA         NA
sqr.plug 382.98 -0.0015251
sqr.boot     NA         NA
sgd.boot     NA         NA
sgd.rs       NA         NA
sgd.rs1s     NA         NA

 
384.608 sec elapsed
Replications :  2 
           Time      Bias
qr           NA        NA
sqr.plug 384.51 0.0013505
sqr.boot     NA        NA
sgd.boot     NA        NA
sgd.rs       NA        NA
sgd.rs1s     NA        NA

 
386.106 sec elapsed
Replications :  3 
           Time      Bias
qr           NA        NA
sqr.plug 385.03 0.0020223
sqr.boot     NA        NA
sgd.boot     NA        NA
sgd.rs       NA        NA
sgd.rs1s     NA        NA

 
386.623 sec elapsed
Replications :  4 
           Time      Bias
qr           NA        NA
sqr.plug 385.54 0.0046307
sqr.boot     NA        NA
sgd.boot     NA        NA
sgd.rs       NA        NA
sgd.rs1s     NA        NA

 
387.13 sec elapsed
Replications :  5 
           Time      Bias
qr           NA        NA
sqr.plug 383.04 0.0072331
sqr.boot     NA        NA
sgd.boot     NA        NA
sgd.rs       NA        NA
sgd.rs1s     NA        NA

 
384.64 sec elapsed
Replications :  6 
           Time       Bias
qr           NA         NA
sqr.plug 381.59 -0.0016188
sqr.boot     NA         NA
sgd.boot     NA         NA
sgd.rs       NA         NA
sgd.rs1s     NA         NA

 
383.182 sec elapsed
Replications :  7 
           Time      Bias
qr           NA        NA
sqr.plug 382.23 0.0027753
sqr.boot     NA        NA
sgd.boot     NA        NA
sgd.rs       NA        NA
sgd.rs1s     NA        NA

 
383.824 sec elapsed
Replications :  8 
           Time       Bias
qr           NA         NA
sqr.plug 377.81 -0.0022392
sqr.boot     NA         NA
sgd.boot     NA         NA
sgd.rs       NA         NA
sgd.rs1s     NA         NA

 
379.381 sec elapsed
Replications :  9 
           Time        Bias
qr           NA          NA
sqr.plug 375.48 -0.00047983
sqr.boot     NA          NA
sgd.boot     NA          NA
sgd.rs       NA          NA
sgd.rs1s     NA          NA

 
377.047 sec elapsed
Replications :  10 
           Time        Bias
qr           NA          NA
sqr.plug 376.68 -0.00043197
sqr.boot     NA          NA
sgd.boot     NA          NA
sgd.rs       NA          NA
sgd.rs1s     NA          NA

 
378.242 sec elapsed
