------------------------ 
Sample Size =  100000 
dim of X    =  320 
# of rep    =  10 
------------------------ 
Replications :  1 
           Time       Bias
qr           NA         NA
sqr.plug 386.18 -0.0016072
sqr.boot     NA         NA
sgd.boot     NA         NA
sgd.rs       NA         NA
sgd.rs1s     NA         NA

 
387.893 sec elapsed
Replications :  2 
           Time       Bias
qr           NA         NA
sqr.plug 386.17 -0.0047879
sqr.boot     NA         NA
sgd.boot     NA         NA
sgd.rs       NA         NA
sgd.rs1s     NA         NA

 
387.788 sec elapsed
Replications :  3 
           Time      Bias
qr           NA        NA
sqr.plug 387.18 0.0078452
sqr.boot     NA        NA
sgd.boot     NA        NA
sgd.rs       NA        NA
sgd.rs1s     NA        NA

 
388.785 sec elapsed
Replications :  4 
           Time        Bias
qr           NA          NA
sqr.plug 386.93 -0.00011607
sqr.boot     NA          NA
sgd.boot     NA          NA
sgd.rs       NA          NA
sgd.rs1s     NA          NA

 
388.556 sec elapsed
Replications :  5 
           Time      Bias
qr           NA        NA
sqr.plug 386.04 -0.003606
sqr.boot     NA        NA
sgd.boot     NA        NA
sgd.rs       NA        NA
sgd.rs1s     NA        NA

 
387.655 sec elapsed
Replications :  6 
           Time        Bias
qr           NA          NA
sqr.plug 383.59 -0.00041924
sqr.boot     NA          NA
sgd.boot     NA          NA
sgd.rs       NA          NA
sgd.rs1s     NA          NA

 
385.192 sec elapsed
Replications :  7 
           Time     Bias
qr           NA       NA
sqr.plug 385.68 0.002353
sqr.boot     NA       NA
sgd.boot     NA       NA
sgd.rs       NA       NA
sgd.rs1s     NA       NA

 
387.266 sec elapsed
Replications :  8 
           Time      Bias
qr           NA        NA
sqr.plug 383.52 0.0042096
sqr.boot     NA        NA
sgd.boot     NA        NA
sgd.rs       NA        NA
sgd.rs1s     NA        NA

 
385.112 sec elapsed
Replications :  9 
          Time      Bias
qr          NA        NA
sqr.plug 383.8 0.0055788
sqr.boot    NA        NA
sgd.boot    NA        NA
sgd.rs      NA        NA
sgd.rs1s    NA        NA

 
385.373 sec elapsed
Replications :  10 
           Time      Bias
qr           NA        NA
sqr.plug 383.92 0.0047399
sqr.boot     NA        NA
sgd.boot     NA        NA
sgd.rs       NA        NA
sgd.rs1s     NA        NA

 
385.563 sec elapsed
