------------------------ 
Sample Size =  100000 
dim of X    =  320 
# of rep    =  10 
------------------------ 
Replications :  1 
          Time      Bias
qr          NA        NA
sqr.plug 386.3 0.0032455
sqr.boot    NA        NA
sgd.boot    NA        NA
sgd.rs      NA        NA
sgd.rs1s    NA        NA

 
387.953 sec elapsed
Replications :  2 
           Time      Bias
qr           NA        NA
sqr.plug 384.94 0.0037118
sqr.boot     NA        NA
sgd.boot     NA        NA
sgd.rs       NA        NA
sgd.rs1s     NA        NA

 
386.575 sec elapsed
Replications :  3 
           Time       Bias
qr           NA         NA
sqr.plug 387.58 -0.0042468
sqr.boot     NA         NA
sgd.boot     NA         NA
sgd.rs       NA         NA
sgd.rs1s     NA         NA

 
389.197 sec elapsed
Replications :  4 
           Time       Bias
qr           NA         NA
sqr.plug 388.62 -0.0030469
sqr.boot     NA         NA
sgd.boot     NA         NA
sgd.rs       NA         NA
sgd.rs1s     NA         NA

 
390.249 sec elapsed
Replications :  5 
           Time       Bias
qr           NA         NA
sqr.plug 386.34 -0.0035364
sqr.boot     NA         NA
sgd.boot     NA         NA
sgd.rs       NA         NA
sgd.rs1s     NA         NA

 
387.959 sec elapsed
Replications :  6 
           Time       Bias
qr           NA         NA
sqr.plug 389.91 -0.0030456
sqr.boot     NA         NA
sgd.boot     NA         NA
sgd.rs       NA         NA
sgd.rs1s     NA         NA

 
391.532 sec elapsed
Replications :  7 
           Time       Bias
qr           NA         NA
sqr.plug 386.89 -0.0011158
sqr.boot     NA         NA
sgd.boot     NA         NA
sgd.rs       NA         NA
sgd.rs1s     NA         NA

 
388.499 sec elapsed
Replications :  8 
           Time        Bias
qr           NA          NA
sqr.plug 386.79 -0.00094161
sqr.boot     NA          NA
sgd.boot     NA          NA
sgd.rs       NA          NA
sgd.rs1s     NA          NA

 
388.397 sec elapsed
Replications :  9 
           Time      Bias
qr           NA        NA
sqr.plug 384.52 -0.004616
sqr.boot     NA        NA
sgd.boot     NA        NA
sgd.rs       NA        NA
sgd.rs1s     NA        NA

 
386.11 sec elapsed
Replications :  10 
           Time      Bias
qr           NA        NA
sqr.plug 384.24 0.0036993
sqr.boot     NA        NA
sgd.boot     NA        NA
sgd.rs       NA        NA
sgd.rs1s     NA        NA

 
385.826 sec elapsed
