------------------------ 
Sample Size =  100000 
dim of X    =  320 
# of rep    =  10 
------------------------ 
Replications :  1 
           Time      Bias
qr           NA        NA
sqr.plug 385.68 0.0032101
sqr.boot     NA        NA
sgd.boot     NA        NA
sgd.rs       NA        NA
sgd.rs1s     NA        NA

 
387.342 sec elapsed
Replications :  2 
           Time       Bias
qr           NA         NA
sqr.plug 389.98 -0.0013811
sqr.boot     NA         NA
sgd.boot     NA         NA
sgd.rs       NA         NA
sgd.rs1s     NA         NA

 
391.625 sec elapsed
Replications :  3 
           Time      Bias
qr           NA        NA
sqr.plug 384.77 0.0010796
sqr.boot     NA        NA
sgd.boot     NA        NA
sgd.rs       NA        NA
sgd.rs1s     NA        NA

 
386.4 sec elapsed
Replications :  4 
           Time      Bias
qr           NA        NA
sqr.plug 384.15 -0.001205
sqr.boot     NA        NA
sgd.boot     NA        NA
sgd.rs       NA        NA
sgd.rs1s     NA        NA

 
385.756 sec elapsed
Replications :  5 
         Time        Bias
qr         NA          NA
sqr.plug  391 -0.00069215
sqr.boot   NA          NA
sgd.boot   NA          NA
sgd.rs     NA          NA
sgd.rs1s   NA          NA

 
392.602 sec elapsed
Replications :  6 
           Time        Bias
qr           NA          NA
sqr.plug 385.76 -0.00083652
sqr.boot     NA          NA
sgd.boot     NA          NA
sgd.rs       NA          NA
sgd.rs1s     NA          NA

 
387.425 sec elapsed
Replications :  7 
           Time       Bias
qr           NA         NA
sqr.plug 380.31 -0.0010554
sqr.boot     NA         NA
sgd.boot     NA         NA
sgd.rs       NA         NA
sgd.rs1s     NA         NA

 
381.88 sec elapsed
Replications :  8 
           Time      Bias
qr           NA        NA
sqr.plug 385.63 -0.003439
sqr.boot     NA        NA
sgd.boot     NA        NA
sgd.rs       NA        NA
sgd.rs1s     NA        NA

 
387.245 sec elapsed
Replications :  9 
           Time      Bias
qr           NA        NA
sqr.plug 390.15 0.0051766
sqr.boot     NA        NA
sgd.boot     NA        NA
sgd.rs       NA        NA
sgd.rs1s     NA        NA

 
391.75 sec elapsed
Replications :  10 
           Time       Bias
qr           NA         NA
sqr.plug 387.73 -0.0024182
sqr.boot     NA         NA
sgd.boot     NA         NA
sgd.rs       NA         NA
sgd.rs1s     NA         NA

 
389.398 sec elapsed
