------------------------ 
Sample Size =  100000 
dim of X    =  320 
# of rep    =  10 
------------------------ 
Replications :  1 
           Time        Bias
qr           NA          NA
sqr.plug 519.54 -0.00050981
sqr.boot     NA          NA
sgd.boot     NA          NA
sgd.rs       NA          NA
sgd.rs1s     NA          NA

 
521.244 sec elapsed
Replications :  2 
           Time       Bias
qr           NA         NA
sqr.plug 521.63 -0.0024789
sqr.boot     NA         NA
sgd.boot     NA         NA
sgd.rs       NA         NA
sgd.rs1s     NA         NA

 
530.68 sec elapsed
Replications :  3 
           Time      Bias
qr           NA        NA
sqr.plug 452.15 0.0037783
sqr.boot     NA        NA
sgd.boot     NA        NA
sgd.rs       NA        NA
sgd.rs1s     NA        NA

 
460.214 sec elapsed
Replications :  4 
           Time      Bias
qr           NA        NA
sqr.plug 440.04 0.0044374
sqr.boot     NA        NA
sgd.boot     NA        NA
sgd.rs       NA        NA
sgd.rs1s     NA        NA

 
445.431 sec elapsed
Replications :  5 
          Time       Bias
qr          NA         NA
sqr.plug 443.5 -0.0022209
sqr.boot    NA         NA
sgd.boot    NA         NA
sgd.rs      NA         NA
sgd.rs1s    NA         NA

 
448.229 sec elapsed
Replications :  6 
           Time     Bias
qr           NA       NA
sqr.plug 442.08 0.001312
sqr.boot     NA       NA
sgd.boot     NA       NA
sgd.rs       NA       NA
sgd.rs1s     NA       NA

 
446.794 sec elapsed
Replications :  7 
           Time       Bias
qr           NA         NA
sqr.plug 462.26 -0.0048463
sqr.boot     NA         NA
sgd.boot     NA         NA
sgd.rs       NA         NA
sgd.rs1s     NA         NA

 
466.924 sec elapsed
Replications :  8 
           Time      Bias
qr           NA        NA
sqr.plug 461.25 0.0026895
sqr.boot     NA        NA
sgd.boot     NA        NA
sgd.rs       NA        NA
sgd.rs1s     NA        NA

 
466.505 sec elapsed
Replications :  9 
           Time      Bias
qr           NA        NA
sqr.plug 437.57 0.0053503
sqr.boot     NA        NA
sgd.boot     NA        NA
sgd.rs       NA        NA
sgd.rs1s     NA        NA

 
442.582 sec elapsed
Replications :  10 
           Time       Bias
qr           NA         NA
sqr.plug 445.57 -0.0016652
sqr.boot     NA         NA
sgd.boot     NA         NA
sgd.rs       NA         NA
sgd.rs1s     NA         NA

 
450.041 sec elapsed
