------------------------ 
Sample Size =  100000 
dim of X    =  320 
# of rep    =  10 
------------------------ 
Replications :  1 
           Time        Bias
qr           NA          NA
sqr.plug 474.77 -0.00005508
sqr.boot     NA          NA
sgd.boot     NA          NA
sgd.rs       NA          NA
sgd.rs1s     NA          NA

 
476.805 sec elapsed
Replications :  2 
           Time      Bias
qr           NA        NA
sqr.plug 554.49 0.0034194
sqr.boot     NA        NA
sgd.boot     NA        NA
sgd.rs       NA        NA
sgd.rs1s     NA        NA

 
561.922 sec elapsed
Replications :  3 
           Time      Bias
qr           NA        NA
sqr.plug 592.81 0.0022036
sqr.boot     NA        NA
sgd.boot     NA        NA
sgd.rs       NA        NA
sgd.rs1s     NA        NA

 
601.451 sec elapsed
Replications :  4 
           Time       Bias
qr           NA         NA
sqr.plug 540.12 -0.0078437
sqr.boot     NA         NA
sgd.boot     NA         NA
sgd.rs       NA         NA
sgd.rs1s     NA         NA

 
552.459 sec elapsed
Replications :  5 
           Time      Bias
qr           NA        NA
sqr.plug 555.41 -0.003021
sqr.boot     NA        NA
sgd.boot     NA        NA
sgd.rs       NA        NA
sgd.rs1s     NA        NA

 
564.642 sec elapsed
Replications :  6 
           Time      Bias
qr           NA        NA
sqr.plug 562.73 0.0027001
sqr.boot     NA        NA
sgd.boot     NA        NA
sgd.rs       NA        NA
sgd.rs1s     NA        NA

 
573.939 sec elapsed
Replications :  7 
           Time       Bias
qr           NA         NA
sqr.plug 540.85 -0.0023912
sqr.boot     NA         NA
sgd.boot     NA         NA
sgd.rs       NA         NA
sgd.rs1s     NA         NA

 
550.675 sec elapsed
Replications :  8 
           Time        Bias
qr           NA          NA
sqr.plug 544.99 -0.00056128
sqr.boot     NA          NA
sgd.boot     NA          NA
sgd.rs       NA          NA
sgd.rs1s     NA          NA

 
555.696 sec elapsed
Replications :  9 
           Time       Bias
qr           NA         NA
sqr.plug 577.36 -0.0010068
sqr.boot     NA         NA
sgd.boot     NA         NA
sgd.rs       NA         NA
sgd.rs1s     NA         NA

 
588.047 sec elapsed
Replications :  10 
           Time       Bias
qr           NA         NA
sqr.plug 598.74 -0.0025829
sqr.boot     NA         NA
sgd.boot     NA         NA
sgd.rs       NA         NA
sgd.rs1s     NA         NA

 
610.082 sec elapsed
