------------------------ 
Sample Size =  100000 
dim of X    =  320 
# of rep    =  10 
------------------------ 
Replications :  1 
           Time        Bias
qr           NA          NA
sqr.plug 386.51 -0.00093978
sqr.boot     NA          NA
sgd.boot     NA          NA
sgd.rs       NA          NA
sgd.rs1s     NA          NA

 
388.162 sec elapsed
Replications :  2 
           Time      Bias
qr           NA        NA
sqr.plug 386.21 0.0036464
sqr.boot     NA        NA
sgd.boot     NA        NA
sgd.rs       NA        NA
sgd.rs1s     NA        NA

 
387.839 sec elapsed
Replications :  3 
           Time      Bias
qr           NA        NA
sqr.plug 386.31 0.0079833
sqr.boot     NA        NA
sgd.boot     NA        NA
sgd.rs       NA        NA
sgd.rs1s     NA        NA

 
387.924 sec elapsed
Replications :  4 
           Time       Bias
qr           NA         NA
sqr.plug 386.25 -0.0067116
sqr.boot     NA         NA
sgd.boot     NA         NA
sgd.rs       NA         NA
sgd.rs1s     NA         NA

 
387.901 sec elapsed
Replications :  5 
           Time      Bias
qr           NA        NA
sqr.plug 386.68 0.0026236
sqr.boot     NA        NA
sgd.boot     NA        NA
sgd.rs       NA        NA
sgd.rs1s     NA        NA

 
388.34 sec elapsed
Replications :  6 
           Time      Bias
qr           NA        NA
sqr.plug 386.82 0.0011288
sqr.boot     NA        NA
sgd.boot     NA        NA
sgd.rs       NA        NA
sgd.rs1s     NA        NA

 
388.468 sec elapsed
Replications :  7 
           Time       Bias
qr           NA         NA
sqr.plug 384.41 -0.0086399
sqr.boot     NA         NA
sgd.boot     NA         NA
sgd.rs       NA         NA
sgd.rs1s     NA         NA

 
386.059 sec elapsed
Replications :  8 
           Time       Bias
qr           NA         NA
sqr.plug 386.78 -0.0004423
sqr.boot     NA         NA
sgd.boot     NA         NA
sgd.rs       NA         NA
sgd.rs1s     NA         NA

 
388.39 sec elapsed
Replications :  9 
           Time       Bias
qr           NA         NA
sqr.plug 386.84 -0.0040208
sqr.boot     NA         NA
sgd.boot     NA         NA
sgd.rs       NA         NA
sgd.rs1s     NA         NA

 
388.472 sec elapsed
Replications :  10 
           Time        Bias
qr           NA          NA
sqr.plug 385.59 -0.00025318
sqr.boot     NA          NA
sgd.boot     NA          NA
sgd.rs       NA          NA
sgd.rs1s     NA          NA

 
387.202 sec elapsed
