------------------------ 
Sample Size =  100000 
dim of X    =  320 
# of rep    =  10 
------------------------ 
Replications :  1 
             Time        Bias
qr        88.0343 -0.00580936
sqr.plug       NA          NA
sqr.boot 545.2193 -0.00496822
sgd.boot 187.5143 -0.04595803
sgd.rs    83.6681  0.00022327
sgd.rs1s   3.0321  0.00022327

 
912.021 sec elapsed
Replications :  2 
             Time       Bias
qr        83.9864 -0.0027052
sqr.plug       NA         NA
sqr.boot 415.4711 -0.0014697
sgd.boot 187.3894 -0.0714244
sgd.rs    81.7176  0.0153653
sgd.rs1s   2.7977  0.0153653

 
775.254 sec elapsed
Replications :  3 
             Time        Bias
qr        86.5003 -0.00068533
sqr.plug       NA          NA
sqr.boot 393.8675  0.00081284
sgd.boot 188.2724 -0.03024642
sgd.rs    79.4458 -0.00735161
sgd.rs1s   2.5794 -0.00735161

 
754.245 sec elapsed
Replications :  4 
             Time       Bias
qr        89.2209  0.0029854
sqr.plug       NA         NA
sqr.boot 390.2397  0.0027852
sgd.boot 189.3653 -0.0475876
sgd.rs    73.5138  0.0047939
sgd.rs1s   2.6919  0.0047939

 
748.714 sec elapsed
Replications :  5 
             Time       Bias
qr        86.8538 -0.0029330
sqr.plug       NA         NA
sqr.boot 410.7160 -0.0028681
sgd.boot 187.0514 -0.0534052
sgd.rs    71.4487  0.0130889
sgd.rs1s   2.5736  0.0130889

 
762.405 sec elapsed
Replications :  6 
             Time       Bias
qr        86.7700 -0.0064828
sqr.plug       NA         NA
sqr.boot 386.4572 -0.0056742
sgd.boot 189.1767 -0.0175211
sgd.rs    70.5045  0.0018119
sgd.rs1s   2.4497  0.0018119

 
738.884 sec elapsed
Replications :  7 
             Time       Bias
qr        88.1994 -0.0060912
sqr.plug       NA         NA
sqr.boot 400.2580 -0.0064650
sgd.boot 188.8597 -0.0952579
sgd.rs    71.1519 -0.0128793
sgd.rs1s   2.6158 -0.0128793

 
754.726 sec elapsed
Replications :  8 
            Time       Bias
qr        88.196 -0.0073538
sqr.plug      NA         NA
sqr.boot 368.062 -0.0084147
sgd.boot 189.248 -0.0167661
sgd.rs    71.144 -0.0079815
sgd.rs1s   2.403 -0.0079815

 
722.524 sec elapsed
Replications :  9 
             Time       Bias
qr        85.2680  0.0017159
sqr.plug       NA         NA
sqr.boot 369.3771  0.0011541
sgd.boot 189.7441 -0.0075142
sgd.rs    70.7540  0.0069755
sgd.rs1s   2.5224  0.0069755

 
721.196 sec elapsed
Replications :  10 
             Time       Bias
qr        88.3574 -0.0048289
sqr.plug       NA         NA
sqr.boot 393.2749 -0.0041823
sgd.boot 182.5375 -0.0660137
sgd.rs    66.4518 -0.0013638
sgd.rs1s   2.3489 -0.0013638

 
736.444 sec elapsed
