------------------------ 
Sample Size =  100000 
dim of X    =  320 
# of rep    =  10 
------------------------ 
Replications :  1 
            Time       Bias
qr        82.594 -0.0046184
sqr.plug      NA         NA
sqr.boot 574.564 -0.0056527
sgd.boot 182.090 -0.0398326
sgd.rs    65.352 -0.0080489
sgd.rs1s   3.054 -0.0080489

 
912.224 sec elapsed
Replications :  2 
             Time       Bias
qr        79.4833 -0.0017513
sqr.plug       NA         NA
sqr.boot 367.0064 -0.0025454
sgd.boot 184.1076 -0.0397537
sgd.rs    64.3845 -0.0028013
sgd.rs1s   2.8418 -0.0028013

 
701.584 sec elapsed
Replications :  3 
             Time       Bias
qr        78.7192  0.0018886
sqr.plug       NA         NA
sqr.boot 339.4471  0.0020928
sgd.boot 184.1139 -0.0264434
sgd.rs    65.6149 -0.0054043
sgd.rs1s   2.8595 -0.0054043

 
674.53 sec elapsed
Replications :  4 
             Time       Bias
qr        76.8264 -0.0081610
sqr.plug       NA         NA
sqr.boot 342.5439 -0.0070984
sgd.boot 183.9859 -0.0454266
sgd.rs    64.3206 -0.0071133
sgd.rs1s   2.7767 -0.0071133

 
674.169 sec elapsed
Replications :  5 
             Time        Bias
qr        76.7390 -0.00058228
sqr.plug       NA          NA
sqr.boot 372.8618 -0.00129485
sgd.boot 180.9300 -0.01104288
sgd.rs    63.3599  0.00672380
sgd.rs1s   2.4601  0.00672380

 
699.971 sec elapsed
Replications :  6 
             Time       Bias
qr        74.6147  0.0018358
sqr.plug       NA         NA
sqr.boot 342.0715  0.0018501
sgd.boot 182.5504 -0.0067885
sgd.rs    63.1855 -0.0114554
sgd.rs1s   2.2765 -0.0114554

 
667.955 sec elapsed
Replications :  7 
             Time       Bias
qr        77.3433 -0.0041281
sqr.plug       NA         NA
sqr.boot 336.1269 -0.0033255
sgd.boot 181.3795 -0.0512298
sgd.rs    63.8334  0.0073314
sgd.rs1s   2.5799  0.0073314

 
664.686 sec elapsed
Replications :  8 
             Time       Bias
qr        77.1134  0.0077033
sqr.plug       NA         NA
sqr.boot 365.6534  0.0069583
sgd.boot 183.1731 -0.0091202
sgd.rs    63.5390  0.0179055
sgd.rs1s   2.6206  0.0179055

 
695.522 sec elapsed
Replications :  9 
             Time       Bias
qr        78.5732 -0.0061858
sqr.plug       NA         NA
sqr.boot 337.6833 -0.0042736
sgd.boot 183.7052 -0.0866792
sgd.rs    64.3454  0.0106975
sgd.rs1s   2.8093  0.0106975

 
670.997 sec elapsed
Replications :  10 
             Time         Bias
qr        79.4385  0.000095498
sqr.plug       NA           NA
sqr.boot 378.9248  0.000244414
sgd.boot 184.3407 -0.020031144
sgd.rs    64.3932 -0.002932021
sgd.rs1s   2.5907 -0.002932021

 
713.477 sec elapsed
