------------------------ 
Sample Size =  100000 
dim of X    =  320 
# of rep    =  10 
------------------------ 
Replications :  1 
             Time       Bias
qr        86.4160 -0.0023383
sqr.plug       NA         NA
sqr.boot 443.6156 -0.0013785
sgd.boot 184.1463 -0.0096226
sgd.rs    83.9014 -0.0038563
sgd.rs1s   2.5408 -0.0038563

 
804.727 sec elapsed
Replications :  2 
             Time       Bias
qr        83.4848  0.0035679
sqr.plug       NA         NA
sqr.boot 397.5730  0.0036952
sgd.boot 185.1578 -0.0424809
sgd.rs    84.6048 -0.0056506
sgd.rs1s   2.5721 -0.0056506

 
756.934 sec elapsed
Replications :  3 
             Time        Bias
qr        84.6569  0.00040215
sqr.plug       NA          NA
sqr.boot 371.4088 -0.00016679
sgd.boot 185.7242  0.03145758
sgd.rs    80.0199  0.01307593
sgd.rs1s   2.3828  0.01307593

 
727.578 sec elapsed
Replications :  4 
             Time       Bias
qr        83.6144  0.0035446
sqr.plug       NA         NA
sqr.boot 369.9980  0.0042779
sgd.boot 186.4700 -0.0221518
sgd.rs    79.0299  0.0113175
sgd.rs1s   2.4026  0.0113175

 
724.85 sec elapsed
Replications :  5 
             Time       Bias
qr        84.0631  0.0020674
sqr.plug       NA         NA
sqr.boot 403.0218  0.0020937
sgd.boot 184.9885 -0.0567529
sgd.rs    70.7429  0.0052898
sgd.rs1s   2.2893  0.0052898

 
748.43 sec elapsed
Replications :  6 
             Time        Bias
qr        83.5566 -0.00215627
sqr.plug       NA          NA
sqr.boot 366.9800 -0.00089115
sgd.boot 185.5573 -0.08483976
sgd.rs    70.0225 -0.00644779
sgd.rs1s   2.3774 -0.00644779

 
711.826 sec elapsed
Replications :  7 
             Time        Bias
qr        82.9217 0.002768916
sqr.plug       NA          NA
sqr.boot 386.1345 0.003596379
sgd.boot 185.9734 0.000012701
sgd.rs    69.9211 0.001049100
sgd.rs1s   2.4246 0.001049100

 
730.789 sec elapsed
Replications :  8 
             Time        Bias
qr        84.0315 -0.01179156
sqr.plug       NA          NA
sqr.boot 367.9466 -0.01010579
sgd.boot 188.2318 -0.00074391
sgd.rs    70.8752 -0.01362182
sgd.rs1s   2.2553 -0.01362182

 
716.659 sec elapsed
Replications :  9 
             Time       Bias
qr        83.9226 -0.0046376
sqr.plug       NA         NA
sqr.boot 357.8352 -0.0036371
sgd.boot 187.0185  0.0032432
sgd.rs    70.0368 -0.0026644
sgd.rs1s   2.4756 -0.0026644

 
704.708 sec elapsed
Replications :  10 
             Time        Bias
qr        83.4647 -0.00030374
sqr.plug       NA          NA
sqr.boot 392.9840 -0.00118101
sgd.boot 187.0672 -0.06239561
sgd.rs    68.2207  0.00518931
sgd.rs1s   2.3599  0.00518931

 
737.583 sec elapsed
