------------------------ 
Sample Size =  100000 
dim of X    =  320 
# of rep    =  10 
------------------------ 
Replications :  1 
             Time         Bias
qr        86.8035  0.000732239
sqr.plug       NA           NA
sqr.boot 436.7653  0.000084547
sgd.boot 184.1506 -0.091615357
sgd.rs    84.7205  0.001943513
sgd.rs1s   2.5402  0.001943513

 
799.319 sec elapsed
Replications :  2 
             Time        Bias
qr        84.6289  0.00221255
sqr.plug       NA          NA
sqr.boot 393.0433  0.00274838
sgd.boot 184.1541 -0.00034839
sgd.rs    80.2301 -0.00172726
sgd.rs1s   2.5898 -0.00172726

 
748.244 sec elapsed
Replications :  3 
             Time       Bias
qr        81.9503  0.0031260
sqr.plug       NA         NA
sqr.boot 379.2225  0.0038864
sgd.boot 185.5087 -0.0245988
sgd.rs    80.3142  0.0036366
sgd.rs1s   2.4046  0.0036366

 
732.866 sec elapsed
Replications :  4 
             Time        Bias
qr        82.5865  0.00149132
sqr.plug       NA          NA
sqr.boot 374.2363  0.00077223
sgd.boot 185.8301 -0.03816919
sgd.rs    78.9962  0.00458236
sgd.rs1s   2.4476  0.00458236

 
727.521 sec elapsed
Replications :  5 
             Time       Bias
qr        84.7442  0.0015816
sqr.plug       NA         NA
sqr.boot 368.3896  0.0012371
sgd.boot 184.4969 -0.0031590
sgd.rs    77.3360  0.0029590
sgd.rs1s   2.5317  0.0029590

 
720.891 sec elapsed
Replications :  6 
             Time      Bias
qr        81.5726 0.0029657
sqr.plug       NA        NA
sqr.boot 371.1167 0.0025463
sgd.boot 185.1855 0.0110627
sgd.rs    72.3512 0.0070692
sgd.rs1s   2.4977 0.0070692

 
716.152 sec elapsed
Replications :  7 
             Time        Bias
qr        81.8705 -0.00223574
sqr.plug       NA          NA
sqr.boot 361.0832 -0.00329638
sgd.boot 184.7401 -0.05583445
sgd.rs    68.7363 -0.00045313
sgd.rs1s   2.4078 -0.00045313

 
702.318 sec elapsed
Replications :  8 
             Time       Bias
qr        84.1672 -0.0012888
sqr.plug       NA         NA
sqr.boot 378.0895 -0.0022324
sgd.boot 188.3403 -0.0697799
sgd.rs    69.0435  0.0028078
sgd.rs1s   2.3071  0.0028078

 
725.259 sec elapsed
Replications :  9 
             Time        Bias
qr        83.2536  0.00113241
sqr.plug       NA          NA
sqr.boot 362.4935  0.00036829
sgd.boot 187.5737 -0.02629238
sgd.rs    69.5866 -0.00051058
sgd.rs1s   2.4429 -0.00051058

 
708.777 sec elapsed
Replications :  10 
             Time       Bias
qr        83.3580 -0.0029884
sqr.plug       NA         NA
sqr.boot 366.4892 -0.0028673
sgd.boot 185.8900 -0.1018607
sgd.rs    68.3556  0.0022102
sgd.rs1s   2.4224  0.0022102

 
709.929 sec elapsed
