------------------------ 
Sample Size =  100000 
dim of X    =  320 
# of rep    =  10 
------------------------ 
Replications :  1 
            Time        Bias
qr        85.479 -0.00034596
sqr.plug      NA          NA
sqr.boot 442.836 -0.00096577
sgd.boot 185.090 -0.04683868
sgd.rs    84.730 -0.01060748
sgd.rs1s   2.551 -0.01060748

 
804.798 sec elapsed
Replications :  2 
             Time        Bias
qr        83.7130  0.00120342
sqr.plug       NA          NA
sqr.boot 402.9843  0.00127231
sgd.boot 185.1163  0.00701571
sgd.rs    84.2419 -0.00024729
sgd.rs1s   2.5448 -0.00024729

 
762.086 sec elapsed
Replications :  3 
             Time       Bias
qr        83.9938  0.0058900
sqr.plug       NA         NA
sqr.boot 380.9673  0.0062286
sgd.boot 186.3269 -0.0085463
sgd.rs    79.6326  0.0159923
sgd.rs1s   2.3265  0.0159923

 
736.672 sec elapsed
Replications :  4 
             Time       Bias
qr        83.5739 -0.0026307
sqr.plug       NA         NA
sqr.boot 373.0883 -0.0025761
sgd.boot 187.1125 -0.0281799
sgd.rs    78.0504  0.0027045
sgd.rs1s   2.3853  0.0027045

 
727.623 sec elapsed
Replications :  5 
             Time        Bias
qr        83.5345  0.00033543
sqr.plug       NA          NA
sqr.boot 400.1018 -0.00076321
sgd.boot 185.3474 -0.04974105
sgd.rs    71.4435  0.00588467
sgd.rs1s   2.4089  0.00588467

 
746.223 sec elapsed
Replications :  6 
             Time       Bias
qr        84.1235 -0.0060571
sqr.plug       NA         NA
sqr.boot 364.0224 -0.0066726
sgd.boot 185.7536 -0.0292053
sgd.rs    70.2809  0.0036697
sgd.rs1s   2.4026  0.0036697

 
709.949 sec elapsed
Replications :  7 
             Time       Bias
qr        85.1557 -0.0033980
sqr.plug       NA         NA
sqr.boot 397.5517 -0.0040040
sgd.boot 186.4166 -0.0623037
sgd.rs    70.1488 -0.0047606
sgd.rs1s   2.4023 -0.0047606

 
745.041 sec elapsed
Replications :  8 
            Time        Bias
qr        87.680  0.00106930
sqr.plug      NA          NA
sqr.boot 365.119  0.00058967
sgd.boot 189.361  0.02014960
sgd.rs    70.479 -0.00844429
sgd.rs1s   2.383 -0.00844429

 
718.367 sec elapsed
Replications :  9 
            Time        Bias
qr        87.376  0.00021698
sqr.plug      NA          NA
sqr.boot 364.541 -0.00073509
sgd.boot 187.153 -0.03361448
sgd.rs    70.677  0.00653891
sgd.rs1s   2.466  0.00653891

 
715.642 sec elapsed
Replications :  10 
             Time       Bias
qr        86.4895  0.0032275
sqr.plug       NA         NA
sqr.boot 393.5171  0.0015419
sgd.boot 186.7125 -0.0658930
sgd.rs    68.2831 -0.0053431
sgd.rs1s   2.3555 -0.0053431

 
740.876 sec elapsed
