------------------------ 
Sample Size =  100000 
dim of X    =  320 
# of rep    =  10 
------------------------ 
Replications :  1 
             Time        Bias
qr        86.8014  0.00027509
sqr.plug       NA          NA
sqr.boot 649.6741 -0.00005508
sgd.boot 186.6271 -0.01449572
sgd.rs    74.4231 -0.00809913
sgd.rs1s   3.2836 -0.00809913

 
1005.556 sec elapsed
Replications :  2 
             Time        Bias
qr        86.9841 -0.00183195
sqr.plug       NA          NA
sqr.boot 457.0802 -0.00078461
sgd.boot 185.1161 -0.06295325
sgd.rs    71.8105 -0.01699856
sgd.rs1s   2.8867 -0.01699856

 
807.936 sec elapsed
Replications :  3 
             Time        Bias
qr        85.4111 -0.00085605
sqr.plug       NA          NA
sqr.boot 351.4793  0.00035212
sgd.boot 185.6221  0.00110781
sgd.rs    71.9494  0.00108325
sgd.rs1s   2.9033  0.00108325

 
701.201 sec elapsed
Replications :  4 
             Time        Bias
qr        98.8641 -0.00059953
sqr.plug       NA          NA
sqr.boot 354.4983 -0.00019709
sgd.boot 185.3227 -0.02681109
sgd.rs    70.6276 -0.01273381
sgd.rs1s   2.8457 -0.01273381

 
716.086 sec elapsed
Replications :  5 
             Time       Bias
qr        83.3282  0.0050014
sqr.plug       NA         NA
sqr.boot 355.1595  0.0046905
sgd.boot 177.6274 -0.0813137
sgd.rs    71.6936  0.0016430
sgd.rs1s   2.9113  0.0016430

 
694.482 sec elapsed
Replications :  6 
             Time          Bias
qr        95.1591 -0.0035908488
sqr.plug       NA            NA
sqr.boot 358.4451 -0.0038241916
sgd.boot 188.2573 -0.0718061794
sgd.rs    71.9715 -0.0000070018
sgd.rs1s   2.8314 -0.0000070018

 
720.332 sec elapsed
Replications :  7 
             Time       Bias
qr        84.7367  0.0082546
sqr.plug       NA         NA
sqr.boot 350.5507  0.0078127
sgd.boot 187.3694 -0.0576509
sgd.rs    70.6835  0.0128877
sgd.rs1s   3.1081  0.0128877

 
700.234 sec elapsed
Replications :  8 
             Time        Bias
qr        85.3912  0.00804397
sqr.plug       NA          NA
sqr.boot 356.9242  0.00647867
sgd.boot 187.4482 -0.01166515
sgd.rs    70.1364  0.00092277
sgd.rs1s   2.8645  0.00092277

 
706.647 sec elapsed
Replications :  9 
             Time       Bias
qr        84.9407  0.0028972
sqr.plug       NA         NA
sqr.boot 353.3437  0.0024396
sgd.boot 187.0632 -0.0582302
sgd.rs    68.6142  0.0135821
sgd.rs1s   2.6724  0.0135821

 
700.472 sec elapsed
Replications :  10 
             Time        Bias
qr        84.0423 -0.00126701
sqr.plug       NA          NA
sqr.boot 348.9584 -0.00089782
sgd.boot 186.6042  0.02663360
sgd.rs    68.6874 -0.01493852
sgd.rs1s   2.6839 -0.01493852

 
694.747 sec elapsed
