------------------------ 
Sample Size =  100000 
dim of X    =  320 
# of rep    =  10 
------------------------ 
Replications :  1 
             Time      Bias
qr        78.1148 0.0048916
sqr.plug       NA        NA
sqr.boot 415.0252 0.0045814
sgd.boot 176.0657 0.0149502
sgd.rs    64.7210 0.0066708
sgd.rs1s   2.5151 0.0066708

 
740.462 sec elapsed
Replications :  2 
             Time       Bias
qr        76.7848  0.0049896
sqr.plug       NA         NA
sqr.boot 369.8121  0.0059916
sgd.boot 179.8646 -0.0516645
sgd.rs    65.2795  0.0072253
sgd.rs1s   2.5222  0.0072253

 
697.7 sec elapsed
Replications :  3 
             Time       Bias
qr        77.8500 0.00128627
sqr.plug       NA         NA
sqr.boot 341.3976 0.00139397
sgd.boot 179.9606 0.01704582
sgd.rs    64.6055 0.00085769
sgd.rs1s   2.3138 0.00085769

 
669.481 sec elapsed
Replications :  4 
             Time       Bias
qr        75.7381  0.0053557
sqr.plug       NA         NA
sqr.boot 341.3215  0.0050511
sgd.boot 180.3453 -0.0183861
sgd.rs    64.9896  0.0050014
sgd.rs1s   2.3729  0.0050014

 
668.105 sec elapsed
Replications :  5 
             Time       Bias
qr        77.3444 -0.0034788
sqr.plug       NA         NA
sqr.boot 344.1237 -0.0032875
sgd.boot 178.6304 -0.0215860
sgd.rs    64.7078  0.0010364
sgd.rs1s   2.3915  0.0010364

 
670.484 sec elapsed
Replications :  6 
             Time         Bias
qr        77.3935 -0.000044912
sqr.plug       NA           NA
sqr.boot 344.9610 -0.000291122
sgd.boot 179.8413 -0.077200954
sgd.rs    64.7980  0.000353790
sgd.rs1s   2.3841  0.000353790

 
672.677 sec elapsed
Replications :  7 
             Time       Bias
qr        77.3692 -0.0014825
sqr.plug       NA         NA
sqr.boot 340.0236 -0.0008007
sgd.boot 179.6072  0.0374442
sgd.rs    64.1649 -0.0013506
sgd.rs1s   2.3597 -0.0013506

 
666.884 sec elapsed
Replications :  8 
             Time       Bias
qr        75.9691 -0.0014419
sqr.plug       NA         NA
sqr.boot 340.4423 -0.0017687
sgd.boot 178.9980 -0.0052162
sgd.rs    66.4241 -0.0141154
sgd.rs1s   2.1477 -0.0141154

 
667.078 sec elapsed
Replications :  9 
             Time      Bias
qr        76.4644 0.0050301
sqr.plug       NA        NA
sqr.boot 344.7189 0.0038774
sgd.boot 179.1749 0.0103153
sgd.rs    66.2618 0.0040149
sgd.rs1s   2.1848 0.0040149

 
671.883 sec elapsed
Replications :  10 
            Time       Bias
qr        79.983 -0.0039551
sqr.plug      NA         NA
sqr.boot 341.684 -0.0038070
sgd.boot 179.776 -0.0355755
sgd.rs    66.350 -0.0043952
sgd.rs1s   2.276 -0.0043952

 
673.207 sec elapsed
