------------------------ 
Sample Size =  100000 
dim of X    =  320 
# of rep    =  10 
------------------------ 
Replications :  1 
             Time       Bias
qr        77.4144 -0.0021575
sqr.plug       NA         NA
sqr.boot 413.9476 -0.0015251
sgd.boot 179.2497  0.0043883
sgd.rs    65.5259 -0.0080560
sgd.rs1s   2.5409 -0.0080560

 
742.708 sec elapsed
Replications :  2 
             Time       Bias
qr        75.8604  0.0034530
sqr.plug       NA         NA
sqr.boot 372.3587  0.0039312
sgd.boot 180.4824 -0.0094521
sgd.rs    64.2888 -0.0028600
sgd.rs1s   2.5377 -0.0028600

 
698.981 sec elapsed
Replications :  3 
             Time      Bias
qr        88.7269 0.0036180
sqr.plug       NA        NA
sqr.boot 345.2200 0.0037584
sgd.boot 180.6462 0.0035842
sgd.rs    65.3536 0.0082044
sgd.rs1s   2.5991 0.0082044

 
685.802 sec elapsed
Replications :  4 
             Time       Bias
qr        78.3180 0.00011719
sqr.plug       NA         NA
sqr.boot 344.2209 0.00041405
sgd.boot 180.8352 0.00713303
sgd.rs    64.6503 0.00527211
sgd.rs1s   2.4129 0.00527211

 
673.734 sec elapsed
Replications :  5 
             Time        Bias
qr        75.8491 -0.00017977
sqr.plug       NA          NA
sqr.boot 345.0629 -0.00053869
sgd.boot 179.9251  0.00197464
sgd.rs    64.3572 -0.00584756
sgd.rs1s   2.3911 -0.00584756

 
670.902 sec elapsed
Replications :  6 
             Time        Bias
qr        78.1917 -0.00015863
sqr.plug       NA          NA
sqr.boot 341.5389  0.00058727
sgd.boot 180.3107  0.02678655
sgd.rs    66.5913 -0.00055942
sgd.rs1s   2.2898 -0.00055942

 
671.99 sec elapsed
Replications :  7 
             Time        Bias
qr        78.3022 -0.00149726
sqr.plug       NA          NA
sqr.boot 339.9824  0.00067019
sgd.boot 179.1229 -0.00254005
sgd.rs    66.1866  0.01197534
sgd.rs1s   2.2711  0.01197534

 
669.07 sec elapsed
Replications :  8 
            Time        Bias
qr        75.943 -0.00280246
sqr.plug      NA          NA
sqr.boot 340.212 -0.00259820
sgd.boot 181.735 -0.04401684
sgd.rs    66.027 -0.00035432
sgd.rs1s   2.259 -0.00035432

 
669.231 sec elapsed
Replications :  9 
             Time       Bias
qr        76.5879 -0.0028711
sqr.plug       NA         NA
sqr.boot 339.9528 -0.0022868
sgd.boot 178.4996 -0.0681173
sgd.rs    66.1213 -0.0072716
sgd.rs1s   2.2747 -0.0072716

 
666.642 sec elapsed
Replications :  10 
             Time       Bias
qr        78.3794  0.0025966
sqr.plug       NA         NA
sqr.boot 339.7586  0.0028656
sgd.boot 180.4311 -0.0241522
sgd.rs    66.1188 -0.0065417
sgd.rs1s   2.0734 -0.0065417

 
669.817 sec elapsed
