------------------------ 
Sample Size =  100000 
dim of X    =  320 
# of rep    =  10 
------------------------ 
Replications :  1 
             Time       Bias
qr        88.1333 -0.0029487
sqr.plug       NA         NA
sqr.boot 540.5806 -0.0022023
sgd.boot 187.2526  0.0027648
sgd.rs    80.6025  0.0023857
sgd.rs1s   2.9595  0.0023857

 
904.098 sec elapsed
Replications :  2 
             Time       Bias
qr        84.5164  0.0042688
sqr.plug       NA         NA
sqr.boot 414.3732  0.0041346
sgd.boot 184.3306 -0.0126487
sgd.rs    79.6782 -0.0073864
sgd.rs1s   2.5688 -0.0073864

 
769.239 sec elapsed
Replications :  3 
             Time       Bias
qr        83.8978 -0.0031321
sqr.plug       NA         NA
sqr.boot 388.7072 -0.0039794
sgd.boot 187.9921 -0.0694002
sgd.rs    79.6566 -0.0016830
sgd.rs1s   2.5377 -0.0016830

 
746.33 sec elapsed
Replications :  4 
             Time       Bias
qr        84.6666  0.0036582
sqr.plug       NA         NA
sqr.boot 381.2833  0.0036026
sgd.boot 187.8670 -0.0625417
sgd.rs    74.7395  0.0096435
sgd.rs1s   2.4906  0.0096435

 
734.527 sec elapsed
Replications :  5 
             Time        Bias
qr        82.4223 -0.00210178
sqr.plug       NA          NA
sqr.boot 382.3123 -0.00264591
sgd.boot 185.0270 -0.04130927
sgd.rs    72.4633 -0.00040229
sgd.rs1s   2.7179 -0.00040229

 
728.634 sec elapsed
Replications :  6 
            Time        Bias
qr        87.406 -0.00015832
sqr.plug      NA          NA
sqr.boot 382.243  0.00026719
sgd.boot 188.360 -0.12143662
sgd.rs    69.791 -0.01722700
sgd.rs1s   2.554 -0.01722700

 
733.995 sec elapsed
Replications :  7 
             Time       Bias
qr        86.3092  0.0049333
sqr.plug       NA         NA
sqr.boot 369.4347  0.0044527
sgd.boot 192.7878 -0.0740559
sgd.rs    68.8435 -0.0043016
sgd.rs1s   2.4282 -0.0043016

 
723.433 sec elapsed
Replications :  8 
             Time        Bias
qr        83.8801 -0.00147484
sqr.plug       NA          NA
sqr.boot 373.0640 -0.00096694
sgd.boot 187.7052 -0.05557962
sgd.rs    69.8045 -0.00524246
sgd.rs1s   2.4157 -0.00524246

 
720.311 sec elapsed
Replications :  9 
             Time       Bias
qr        82.1019  0.0063283
sqr.plug       NA         NA
sqr.boot 372.4667  0.0053058
sgd.boot 188.8340 -0.0303130
sgd.rs    69.6965  0.0119429
sgd.rs1s   2.5018  0.0119429

 
719.132 sec elapsed
Replications :  10 
             Time       Bias
qr        86.5544  0.0010293
sqr.plug       NA         NA
sqr.boot 369.7089  0.0013624
sgd.boot 183.2532 -0.0296694
sgd.rs    67.2515 -0.0010587
sgd.rs1s   2.3793 -0.0010587

 
712.518 sec elapsed
