------------------------ 
Sample Size =  100000 
dim of X    =  320 
# of rep    =  10 
------------------------ 
Replications :  1 
            Time       Bias
qr        81.779  0.0043355
sqr.plug      NA         NA
sqr.boot 639.844  0.0038375
sgd.boot 179.493 -0.0500358
sgd.rs    65.291  0.0089669
sgd.rs1s   3.230  0.0089669

 
974.3 sec elapsed
Replications :  2 
             Time         Bias
qr        79.6255 -0.000852091
sqr.plug       NA           NA
sqr.boot 445.6476 -0.000717394
sgd.boot 182.1554 -0.038025466
sgd.rs    65.0721 -0.000043559
sgd.rs1s   2.8261 -0.000043559

 
779.313 sec elapsed
Replications :  3 
             Time       Bias
qr        79.9216 -0.0039545
sqr.plug       NA         NA
sqr.boot 346.9928 -0.0034292
sgd.boot 181.4225 -0.0415643
sgd.rs    65.2159 -0.0111651
sgd.rs1s   2.8976 -0.0111651

 
680.274 sec elapsed
Replications :  4 
             Time       Bias
qr        79.8916  0.0051006
sqr.plug       NA         NA
sqr.boot 341.7854  0.0041249
sgd.boot 182.0647 -0.0314613
sgd.rs    64.6987  0.0091119
sgd.rs1s   2.8224  0.0091119

 
675.001 sec elapsed
Replications :  5 
             Time        Bias
qr        79.6605 -0.00527362
sqr.plug       NA          NA
sqr.boot 402.5828 -0.00475194
sgd.boot 181.1448  0.02059382
sgd.rs    64.0519  0.00090118
sgd.rs1s   2.9736  0.00090118

 
734.271 sec elapsed
Replications :  6 
             Time       Bias
qr        80.3533  0.0025573
sqr.plug       NA         NA
sqr.boot 342.4515  0.0031616
sgd.boot 182.3456 -0.0720864
sgd.rs    64.4653  0.0042839
sgd.rs1s   2.8377  0.0042839

 
676.31 sec elapsed
Replications :  7 
             Time        Bias
qr        79.8775 -0.00019538
sqr.plug       NA          NA
sqr.boot 340.9650  0.00057587
sgd.boot 181.5452 -0.02502127
sgd.rs    64.3578 -0.01023031
sgd.rs1s   2.9326 -0.01023031

 
673.421 sec elapsed
Replications :  8 
             Time       Bias
qr        78.1227 -0.0017387
sqr.plug       NA         NA
sqr.boot 337.9151 -0.0018552
sgd.boot 181.7969  0.0152732
sgd.rs    64.1087 -0.0042684
sgd.rs1s   2.9009 -0.0042684

 
668.576 sec elapsed
Replications :  9 
             Time       Bias
qr        80.6802 -0.0019275
sqr.plug       NA         NA
sqr.boot 339.9740 -0.0017422
sgd.boot 174.8892 -0.0505163
sgd.rs    64.3985 -0.0022206
sgd.rs1s   2.8816 -0.0022206

 
666.64 sec elapsed
Replications :  10 
             Time       Bias
qr        80.7594 -0.0050712
sqr.plug       NA         NA
sqr.boot 336.2432 -0.0033118
sgd.boot 181.7701 -0.0337897
sgd.rs    64.1464 -0.0164734
sgd.rs1s   2.8233 -0.0164734

 
669.565 sec elapsed
