------------------------ 
Sample Size =  100000 
dim of X    =  320 
# of rep    =  10 
------------------------ 
Replications :  1 
             Time        Bias
qr        78.0845  0.00300039
sqr.plug       NA          NA
sqr.boot 413.4009  0.00199621
sgd.boot 180.7447 -0.04973616
sgd.rs    64.2964 -0.00060542
sgd.rs1s   2.5174 -0.00060542

 
743.057 sec elapsed
Replications :  2 
             Time       Bias
qr        89.7201 -0.0081076
sqr.plug       NA         NA
sqr.boot 369.0176 -0.0081854
sgd.boot 181.7021 -0.0026834
sgd.rs    64.8452 -0.0080158
sgd.rs1s   2.3857 -0.0080158

 
711.064 sec elapsed
Replications :  3 
             Time       Bias
qr        78.7940  0.0041354
sqr.plug       NA         NA
sqr.boot 343.6023  0.0036802
sgd.boot 183.6644 -0.0717006
sgd.rs    64.5091  0.0214704
sgd.rs1s   2.2248  0.0214704

 
676.004 sec elapsed
Replications :  4 
             Time       Bias
qr        77.0770 -0.0010474
sqr.plug       NA         NA
sqr.boot 355.2330 -0.0011727
sgd.boot 182.3486 -0.1061696
sgd.rs    63.9556 -0.0029318
sgd.rs1s   2.4117 -0.0029318

 
684.303 sec elapsed
Replications :  5 
             Time       Bias
qr        78.3649 -0.0095899
sqr.plug       NA         NA
sqr.boot 337.5878 -0.0086917
sgd.boot 183.0850 -0.0789720
sgd.rs    64.5598 -0.0110445
sgd.rs1s   2.3592 -0.0110445

 
669.221 sec elapsed
Replications :  6 
             Time       Bias
qr        75.6934 -0.0011768
sqr.plug       NA         NA
sqr.boot 343.7630 -0.0011747
sgd.boot 183.3673 -0.0336146
sgd.rs    64.2323  0.0103803
sgd.rs1s   2.1992  0.0103803

 
672.549 sec elapsed
Replications :  7 
             Time       Bias
qr        78.8421 -0.0039539
sqr.plug       NA         NA
sqr.boot 344.3785 -0.0031245
sgd.boot 181.5634  0.0098108
sgd.rs    63.9948 -0.0125385
sgd.rs1s   2.3904 -0.0125385

 
674.569 sec elapsed
Replications :  8 
             Time       Bias
qr        75.9083 -0.0020842
sqr.plug       NA         NA
sqr.boot 341.8599 -0.0015710
sgd.boot 182.0413 -0.0397482
sgd.rs    66.1758  0.0104167
sgd.rs1s   2.3388  0.0104167

 
671.542 sec elapsed
Replications :  9 
             Time       Bias
qr        76.5037 -0.0042460
sqr.plug       NA         NA
sqr.boot 418.1937 -0.0054965
sgd.boot 182.6171 -0.0905927
sgd.rs    66.5820 -0.0172828
sgd.rs1s   2.8587 -0.0172828

 
750.015 sec elapsed
Replications :  10 
             Time       Bias
qr        78.0292  0.0057228
sqr.plug       NA         NA
sqr.boot 341.0101  0.0052838
sgd.boot 182.7760 -0.0154945
sgd.rs    65.8788 -0.0061075
sgd.rs1s   2.2287 -0.0061075

 
673.093 sec elapsed
