------------------------ 
Sample Size =  100000 
dim of X    =  320 
# of rep    =  10 
------------------------ 
Replications :  1 
             Time       Bias
qr        82.6007 -0.0047733
sqr.plug       NA         NA
sqr.boot 639.1790 -0.0052097
sgd.boot 181.1480 -0.0193078
sgd.rs    64.8993 -0.0011165
sgd.rs1s   3.2319 -0.0011165

 
975.688 sec elapsed
Replications :  2 
             Time       Bias
qr        79.5415 -0.0027798
sqr.plug       NA         NA
sqr.boot 449.7678 -0.0032059
sgd.boot 184.2139 -0.0279823
sgd.rs    64.6082 -0.0094507
sgd.rs1s   2.8324 -0.0094507

 
784.956 sec elapsed
Replications :  3 
             Time       Bias
qr        80.2559  0.0048933
sqr.plug       NA         NA
sqr.boot 341.7406  0.0048111
sgd.boot 183.7904 -0.0206750
sgd.rs    64.7538  0.0050388
sgd.rs1s   2.8807  0.0050388

 
677.148 sec elapsed
Replications :  4 
             Time        Bias
qr        78.5016 -0.00300206
sqr.plug       NA          NA
sqr.boot 340.6605 -0.00272491
sgd.boot 184.1368  0.00091839
sgd.rs    64.4635  0.01117930
sgd.rs1s   2.8243  0.01117930

 
674.373 sec elapsed
Replications :  5 
             Time       Bias
qr        78.2014 -0.0023753
sqr.plug       NA         NA
sqr.boot 400.9686 -0.0029035
sgd.boot 183.3124 -0.0170941
sgd.rs    64.6360  0.0048316
sgd.rs1s   2.9663  0.0048316

 
733.941 sec elapsed
Replications :  6 
             Time       Bias
qr        79.2511  0.0036116
sqr.plug       NA         NA
sqr.boot 342.3819  0.0032577
sgd.boot 184.0780 -0.0081530
sgd.rs    64.1717  0.0086870
sgd.rs1s   2.7756  0.0086870

 
676.425 sec elapsed
Replications :  7 
             Time       Bias
qr        81.2692  0.0019485
sqr.plug       NA         NA
sqr.boot 339.8724  0.0011994
sgd.boot 183.2770  0.0196078
sgd.rs    64.1546 -0.0063964
sgd.rs1s   2.9814 -0.0063964

 
675.435 sec elapsed
Replications :  8 
             Time       Bias
qr        79.3323 -0.0037917
sqr.plug       NA         NA
sqr.boot 337.0717 -0.0040844
sgd.boot 183.6261  0.0096083
sgd.rs    64.2211 -0.0080423
sgd.rs1s   2.8984 -0.0080423

 
670.836 sec elapsed
Replications :  9 
             Time       Bias
qr        80.9320 -0.0020568
sqr.plug       NA         NA
sqr.boot 337.0860 -0.0022203
sgd.boot 176.4230 -0.0845367
sgd.rs    64.2133  0.0044154
sgd.rs1s   2.9023  0.0044154

 
665.376 sec elapsed
Replications :  10 
             Time       Bias
qr        81.5491 -0.0031216
sqr.plug       NA         NA
sqr.boot 340.2806 -0.0040020
sgd.boot 183.8287 -0.0446467
sgd.rs    63.9419  0.0041025
sgd.rs1s   2.7185  0.0041025

 
676.112 sec elapsed
