------------------------ 
Sample Size =  100000 
dim of X    =  320 
# of rep    =  10 
------------------------ 
Replications :  1 
            Time       Bias
qr        84.624 -0.0020770
sqr.plug      NA         NA
sqr.boot 420.709 -0.0013887
sgd.boot 184.003 -0.0870447
sgd.rs    74.053 -0.0174224
sgd.rs1s   2.542 -0.0174224

 
770.127 sec elapsed
Replications :  2 
            Time       Bias
qr        84.113  0.0010148
sqr.plug      NA         NA
sqr.boot 378.077  0.0023982
sgd.boot 183.673 -0.0076536
sgd.rs    72.235  0.0082988
sgd.rs1s   2.537  0.0082988

 
724.19 sec elapsed
Replications :  3 
             Time       Bias
qr        95.3522  0.0036419
sqr.plug       NA         NA
sqr.boot 351.0939  0.0039566
sgd.boot 185.2283 -0.0201227
sgd.rs    72.1062  0.0013359
sgd.rs1s   2.5983  0.0013359

 
709.677 sec elapsed
Replications :  4 
             Time        Bias
qr        84.9267 -0.00183494
sqr.plug       NA          NA
sqr.boot 349.1075 -0.00110446
sgd.boot 184.8800 -0.04681162
sgd.rs    71.3492 -0.00077409
sgd.rs1s   2.4283 -0.00077409

 
695.992 sec elapsed
Replications :  5 
             Time       Bias
qr        81.2977  0.0017660
sqr.plug       NA         NA
sqr.boot 349.7504  0.0019581
sgd.boot 183.9199 -0.0621235
sgd.rs    71.1607  0.0094330
sgd.rs1s   2.2983  0.0094330

 
691.701 sec elapsed
Replications :  6 
             Time       Bias
qr        81.1560  0.0055176
sqr.plug       NA         NA
sqr.boot 349.7538  0.0045285
sgd.boot 183.7649 -0.0431045
sgd.rs    68.1445 -0.0026573
sgd.rs1s   2.4943 -0.0026573

 
688.651 sec elapsed
Replications :  7 
             Time        Bias
qr        82.0703 -0.00021281
sqr.plug       NA          NA
sqr.boot 347.4694 -0.00163737
sgd.boot 181.9976 -0.02193807
sgd.rs    67.9058 -0.00644618
sgd.rs1s   2.3375 -0.00644618

 
685.038 sec elapsed
Replications :  8 
             Time       Bias
qr        82.1450  0.0058670
sqr.plug       NA         NA
sqr.boot 369.3689  0.0055414
sgd.boot 185.6692 -0.1113187
sgd.rs    69.3435  0.0070148
sgd.rs1s   2.4801  0.0070148

 
712.316 sec elapsed
Replications :  9 
            Time       Bias
qr        93.806 -0.0038498
sqr.plug      NA         NA
sqr.boot 350.490 -0.0041529
sgd.boot 184.514 -0.0071460
sgd.rs    69.945 -0.0085606
sgd.rs1s   2.359 -0.0085606

 
704.416 sec elapsed
Replications :  10 
             Time       Bias
qr        81.3007  0.0035143
sqr.plug       NA         NA
sqr.boot 369.0589  0.0041211
sgd.boot 185.3644 -0.0721278
sgd.rs    68.2151 -0.0119977
sgd.rs1s   2.4588 -0.0119977

 
709.677 sec elapsed
