------------------------ 
Sample Size =  100000 
dim of X    =  320 
# of rep    =  10 
------------------------ 
Replications :  1 
             Time       Bias
qr        89.1070 -0.0032525
sqr.plug       NA         NA
sqr.boot 541.1163 -0.0040247
sgd.boot 187.4902 -0.0192492
sgd.rs    82.6341 -0.0039776
sgd.rs1s   2.9057 -0.0039776

 
907.815 sec elapsed
Replications :  2 
             Time        Bias
qr        85.5179 -0.00028687
sqr.plug       NA          NA
sqr.boot 404.6131 -0.00176343
sgd.boot 185.0641  0.01400857
sgd.rs    81.0638 -0.00551503
sgd.rs1s   2.7005 -0.00551503

 
762.881 sec elapsed
Replications :  3 
             Time       Bias
qr        86.1970 -0.0020784
sqr.plug       NA         NA
sqr.boot 377.9329 -0.0018311
sgd.boot 186.7524  0.0377545
sgd.rs    79.2387  0.0104064
sgd.rs1s   2.4112  0.0104064

 
735.974 sec elapsed
Replications :  4 
             Time       Bias
qr        85.0270 -0.0057075
sqr.plug       NA         NA
sqr.boot 372.4305 -0.0064902
sgd.boot 186.5932 -0.0228455
sgd.rs    72.3331 -0.0059590
sgd.rs1s   2.5159 -0.0059590

 
722.499 sec elapsed
Replications :  5 
             Time       Bias
qr        82.4891 -0.0040858
sqr.plug       NA         NA
sqr.boot 367.3704 -0.0049717
sgd.boot 185.6336 -0.1216410
sgd.rs    70.8295 -0.0046643
sgd.rs1s   2.4235 -0.0046643

 
712.103 sec elapsed
Replications :  6 
             Time       Bias
qr        82.1309  0.0013496
sqr.plug       NA         NA
sqr.boot 368.4069  0.0022607
sgd.boot 186.3458 -0.0121322
sgd.rs    68.9628  0.0044962
sgd.rs1s   2.5275  0.0044962

 
711.878 sec elapsed
Replications :  7 
            Time       Bias
qr        85.587 -0.0030096
sqr.plug      NA         NA
sqr.boot 369.872 -0.0034496
sgd.boot 187.143  0.0014700
sgd.rs    68.663  0.0033438
sgd.rs1s   2.460  0.0033438

 
717.381 sec elapsed
Replications :  8 
             Time       Bias
qr        84.8442 -0.0043111
sqr.plug       NA         NA
sqr.boot 362.5132 -0.0036876
sgd.boot 182.0179 -0.0623470
sgd.rs    67.9375 -0.0025833
sgd.rs1s   2.3682 -0.0025833

 
703.075 sec elapsed
Replications :  9 
             Time         Bias
qr        85.4095 -0.000125195
sqr.plug       NA           NA
sqr.boot 363.6874  0.000049378
sgd.boot 187.7885 -0.023833107
sgd.rs    68.2620  0.000524256
sgd.rs1s   2.6303  0.000524256

 
711.446 sec elapsed
Replications :  10 
             Time       Bias
qr        95.8402 -0.0049040
sqr.plug       NA         NA
sqr.boot 355.0345 -0.0065039
sgd.boot 182.6095 -0.0492547
sgd.rs    67.7723 -0.0131583
sgd.rs1s   2.2944 -0.0131583

 
706.984 sec elapsed
