------------------------ 
Sample Size =  100000 
dim of X    =  320 
# of rep    =  10 
------------------------ 
Replications :  1 
             Time       Bias
qr        85.5233  0.0031574
sqr.plug       NA         NA
sqr.boot 435.3530  0.0031519
sgd.boot 184.6706 -0.0160277
sgd.rs    83.7610  0.0065562
sgd.rs1s   2.6118  0.0065562

 
796.045 sec elapsed
Replications :  2 
             Time         Bias
qr        85.5048 -0.000182685
sqr.plug       NA           NA
sqr.boot 391.7809  0.000089836
sgd.boot 185.0082 -0.096386795
sgd.rs    79.6947 -0.011963627
sgd.rs1s   2.6425 -0.011963627

 
748.194 sec elapsed
Replications :  3 
             Time      Bias
qr        94.2868 0.0048420
sqr.plug       NA        NA
sqr.boot 371.1716 0.0043498
sgd.boot 185.9324 0.0105843
sgd.rs    81.3336 0.0112676
sgd.rs1s   2.6685 0.0112676

 
738.757 sec elapsed
Replications :  4 
             Time         Bias
qr        82.7733 -0.003146518
sqr.plug       NA           NA
sqr.boot 366.8665 -0.001935667
sgd.boot 186.0444 -0.013997141
sgd.rs    80.2923  0.000077867
sgd.rs1s   2.5203  0.000077867

 
721.917 sec elapsed
Replications :  5 
             Time       Bias
qr        84.8608 -0.0043516
sqr.plug       NA         NA
sqr.boot 405.8735 -0.0038162
sgd.boot 189.4441 -0.0285884
sgd.rs    79.6961 -0.0104461
sgd.rs1s   2.3399 -0.0104461

 
765.626 sec elapsed
Replications :  6 
             Time        Bias
qr        83.9296 -0.00275568
sqr.plug       NA          NA
sqr.boot 367.1740 -0.00283140
sgd.boot 186.3574 -0.05119791
sgd.rs    75.6526  0.00036242
sgd.rs1s   2.4628  0.00036242

 
718.915 sec elapsed
Replications :  7 
             Time        Bias
qr        80.9912  0.00027337
sqr.plug       NA          NA
sqr.boot 367.5314 -0.00188598
sgd.boot 185.4231  0.02075337
sgd.rs    74.8960 -0.00048147
sgd.rs1s   2.4116 -0.00048147

 
714.569 sec elapsed
Replications :  8 
             Time       Bias
qr        81.9031 0.00017376
sqr.plug       NA         NA
sqr.boot 366.9125 0.00153101
sgd.boot 186.5426 0.00343790
sgd.rs    73.8686 0.00372944
sgd.rs1s   2.5312 0.00372944

 
715.158 sec elapsed
Replications :  9 
            Time       Bias
qr        81.992  0.0047074
sqr.plug      NA         NA
sqr.boot 371.900  0.0048445
sgd.boot 186.260 -0.0146634
sgd.rs    72.653 -0.0061322
sgd.rs1s   2.437 -0.0061322

 
718.581 sec elapsed
Replications :  10 
             Time       Bias
qr        84.7648 -0.0017087
sqr.plug       NA         NA
sqr.boot 367.3692 -0.0012938
sgd.boot 186.3287 -0.0402374
sgd.rs    69.8309  0.0052757
sgd.rs1s   2.5469  0.0052757

 
714.164 sec elapsed
