------------------------ 
Sample Size =  100000 
dim of X    =  320 
# of rep    =  10 
------------------------ 
Replications :  1 
             Time        Bias
qr        83.4198  0.00017768
sqr.plug       NA          NA
sqr.boot 644.5700 -0.00042824
sgd.boot 181.2306 -0.00548729
sgd.rs    64.7991 -0.00892517
sgd.rs1s   3.1743 -0.00892517

 
981.765 sec elapsed
Replications :  2 
             Time      Bias
qr        79.9816 0.0059634
sqr.plug       NA        NA
sqr.boot 440.9898 0.0062550
sgd.boot 183.2553 0.0209848
sgd.rs    64.5241 0.0073403
sgd.rs1s   2.8267 0.0073403

 
775.586 sec elapsed
Replications :  3 
             Time        Bias
qr        78.8309 -0.00161893
sqr.plug       NA          NA
sqr.boot 339.9482 -0.00060827
sgd.boot 183.6071  0.02211106
sgd.rs    64.9089 -0.00377807
sgd.rs1s   2.8476 -0.00377807

 
673.909 sec elapsed
Replications :  4 
             Time        Bias
qr        78.1475  0.00102138
sqr.plug       NA          NA
sqr.boot 337.7404  0.00140400
sgd.boot 183.1512 -0.02818220
sgd.rs    64.2735  0.00051351
sgd.rs1s   2.8267  0.00051351

 
669.936 sec elapsed
Replications :  5 
             Time       Bias
qr        79.6782 -0.0017685
sqr.plug       NA         NA
sqr.boot 338.9907 -0.0014326
sgd.boot 182.9860 -0.0686784
sgd.rs    64.5025 -0.0082938
sgd.rs1s   2.9634 -0.0082938

 
672.926 sec elapsed
Replications :  6 
             Time        Bias
qr        94.1064 -0.00102541
sqr.plug       NA          NA
sqr.boot 343.5399 -0.00071869
sgd.boot 182.8005 -0.00745755
sgd.rs    64.3467  0.00780400
sgd.rs1s   2.8527  0.00780400

 
691.484 sec elapsed
Replications :  7 
             Time        Bias
qr        77.1816  0.00089825
sqr.plug       NA          NA
sqr.boot 348.1230  0.00179294
sgd.boot 183.0301 -0.05179621
sgd.rs    64.5441 -0.00139244
sgd.rs1s   2.8119 -0.00139244

 
679.556 sec elapsed
Replications :  8 
             Time       Bias
qr        91.4921  0.0048161
sqr.plug       NA         NA
sqr.boot 350.0170  0.0049157
sgd.boot 184.7143 -0.0387546
sgd.rs    64.0464  0.0107709
sgd.rs1s   2.8458  0.0107709

 
696.856 sec elapsed
Replications :  9 
             Time       Bias
qr        81.7428 -0.0004396
sqr.plug       NA         NA
sqr.boot 338.3338  0.0010009
sgd.boot 183.4454 -0.0165124
sgd.rs    64.8698  0.0068316
sgd.rs1s   2.5302  0.0068316

 
674.694 sec elapsed
Replications :  10 
            Time       Bias
qr        77.812 -0.0033702
sqr.plug      NA         NA
sqr.boot 341.911 -0.0034477
sgd.boot 182.999 -0.0380299
sgd.rs    64.044  0.0010412
sgd.rs1s   2.708  0.0010412

 
673.1 sec elapsed
