------------------------ 
Sample Size =  100000 
dim of X    =  20 
# of rep    =  10 
------------------------ 
Replications :  1 
           Time       Bias
qr           NA         NA
sqr.plug 126.55 -0.0013827
sqr.boot     NA         NA
sgd.boot     NA         NA
sgd.rs       NA         NA
sgd.rs1s     NA         NA

 
126.753 sec elapsed
Replications :  2 
           Time        Bias
qr           NA          NA
sqr.plug 126.23 -0.00046517
sqr.boot     NA          NA
sgd.boot     NA          NA
sgd.rs       NA          NA
sgd.rs1s     NA          NA

 
126.708 sec elapsed
Replications :  3 
           Time      Bias
qr           NA        NA
sqr.plug 126.45 0.0020375
sqr.boot     NA        NA
sgd.boot     NA        NA
sgd.rs       NA        NA
sgd.rs1s     NA        NA

 
126.937 sec elapsed
Replications :  4 
           Time        Bias
qr           NA          NA
sqr.plug 126.24 -0.00051022
sqr.boot     NA          NA
sgd.boot     NA          NA
sgd.rs       NA          NA
sgd.rs1s     NA          NA

 
126.694 sec elapsed
Replications :  5 
           Time       Bias
qr           NA         NA
sqr.plug 126.86 0.00038595
sqr.boot     NA         NA
sgd.boot     NA         NA
sgd.rs       NA         NA
sgd.rs1s     NA         NA

 
127.326 sec elapsed
Replications :  6 
           Time      Bias
qr           NA        NA
sqr.plug 126.43 0.0066129
sqr.boot     NA        NA
sgd.boot     NA        NA
sgd.rs       NA        NA
sgd.rs1s     NA        NA

 
126.885 sec elapsed
Replications :  7 
           Time      Bias
qr           NA        NA
sqr.plug 126.45 0.0065235
sqr.boot     NA        NA
sgd.boot     NA        NA
sgd.rs       NA        NA
sgd.rs1s     NA        NA

 
126.922 sec elapsed
Replications :  8 
           Time      Bias
qr           NA        NA
sqr.plug 126.39 0.0014714
sqr.boot     NA        NA
sgd.boot     NA        NA
sgd.rs       NA        NA
sgd.rs1s     NA        NA

 
126.852 sec elapsed
Replications :  9 
           Time       Bias
qr           NA         NA
sqr.plug 126.13 0.00034725
sqr.boot     NA         NA
sgd.boot     NA         NA
sgd.rs       NA         NA
sgd.rs1s     NA         NA

 
126.583 sec elapsed
Replications :  10 
           Time        Bias
qr           NA          NA
sqr.plug 126.39 -0.00019603
sqr.boot     NA          NA
sgd.boot     NA          NA
sgd.rs       NA          NA
sgd.rs1s     NA          NA

 
126.853 sec elapsed
