------------------------ 
Sample Size =  100000 
dim of X    =  20 
# of rep    =  10 
------------------------ 
Replications :  1 
           Time      Bias
qr           NA        NA
sqr.plug 244.66 -0.011283
sqr.boot     NA        NA
sgd.boot     NA        NA
sgd.rs       NA        NA
sgd.rs1s     NA        NA

 
244.915 sec elapsed
Replications :  2 
           Time     Bias
qr           NA       NA
sqr.plug 207.46 0.001738
sqr.boot     NA       NA
sgd.boot     NA       NA
sgd.rs       NA       NA
sgd.rs1s     NA       NA

 
220.196 sec elapsed
Replications :  3 
           Time       Bias
qr           NA         NA
sqr.plug 262.41 -0.0044794
sqr.boot     NA         NA
sgd.boot     NA         NA
sgd.rs       NA         NA
sgd.rs1s     NA         NA

 
271.033 sec elapsed
Replications :  4 
          Time      Bias
qr          NA        NA
sqr.plug 260.5 0.0044885
sqr.boot    NA        NA
sgd.boot    NA        NA
sgd.rs      NA        NA
sgd.rs1s    NA        NA

 
271.145 sec elapsed
Replications :  5 
           Time       Bias
qr           NA         NA
sqr.plug 277.57 -0.0049843
sqr.boot     NA         NA
sgd.boot     NA         NA
sgd.rs       NA         NA
sgd.rs1s     NA         NA

 
289.293 sec elapsed
Replications :  6 
          Time       Bias
qr          NA         NA
sqr.plug 255.3 -0.0023063
sqr.boot    NA         NA
sgd.boot    NA         NA
sgd.rs      NA         NA
sgd.rs1s    NA         NA

 
265.739 sec elapsed
Replications :  7 
           Time      Bias
qr           NA        NA
sqr.plug 246.59 0.0068877
sqr.boot     NA        NA
sgd.boot     NA        NA
sgd.rs       NA        NA
sgd.rs1s     NA        NA

 
256.29 sec elapsed
Replications :  8 
          Time       Bias
qr          NA         NA
sqr.plug 245.4 -0.0026779
sqr.boot    NA         NA
sgd.boot    NA         NA
sgd.rs      NA         NA
sgd.rs1s    NA         NA

 
254.84 sec elapsed
Replications :  9 
           Time       Bias
qr           NA         NA
sqr.plug 280.41 0.00055579
sqr.boot     NA         NA
sgd.boot     NA         NA
sgd.rs       NA         NA
sgd.rs1s     NA         NA

 
291.048 sec elapsed
Replications :  10 
           Time       Bias
qr           NA         NA
sqr.plug 285.68 -0.0011223
sqr.boot     NA         NA
sgd.boot     NA         NA
sgd.rs       NA         NA
sgd.rs1s     NA         NA

 
298.298 sec elapsed
