------------------------ 
Sample Size =  100000 
dim of X    =  20 
# of rep    =  10 
------------------------ 
Replications :  1 
           Time        Bias
qr           NA          NA
sqr.plug 118.03 -0.00022574
sqr.boot     NA          NA
sgd.boot     NA          NA
sgd.rs       NA          NA
sgd.rs1s     NA          NA

 
118.222 sec elapsed
Replications :  2 
           Time       Bias
qr           NA         NA
sqr.plug 117.73 -0.0043595
sqr.boot     NA         NA
sgd.boot     NA         NA
sgd.rs       NA         NA
sgd.rs1s     NA         NA

 
118.161 sec elapsed
Replications :  3 
           Time       Bias
qr           NA         NA
sqr.plug 118.17 -0.0041689
sqr.boot     NA         NA
sgd.boot     NA         NA
sgd.rs       NA         NA
sgd.rs1s     NA         NA

 
118.589 sec elapsed
Replications :  4 
           Time       Bias
qr           NA         NA
sqr.plug 117.63 -0.0017067
sqr.boot     NA         NA
sgd.boot     NA         NA
sgd.rs       NA         NA
sgd.rs1s     NA         NA

 
118.05 sec elapsed
Replications :  5 
          Time      Bias
qr          NA        NA
sqr.plug 117.8 0.0010264
sqr.boot    NA        NA
sgd.boot    NA        NA
sgd.rs      NA        NA
sgd.rs1s    NA        NA

 
118.231 sec elapsed
Replications :  6 
           Time      Bias
qr           NA        NA
sqr.plug 117.75 0.0024271
sqr.boot     NA        NA
sgd.boot     NA        NA
sgd.rs       NA        NA
sgd.rs1s     NA        NA

 
118.176 sec elapsed
Replications :  7 
           Time      Bias
qr           NA        NA
sqr.plug 118.07 -0.010403
sqr.boot     NA        NA
sgd.boot     NA        NA
sgd.rs       NA        NA
sgd.rs1s     NA        NA

 
118.493 sec elapsed
Replications :  8 
           Time      Bias
qr           NA        NA
sqr.plug 117.63 0.0018533
sqr.boot     NA        NA
sgd.boot     NA        NA
sgd.rs       NA        NA
sgd.rs1s     NA        NA

 
118.052 sec elapsed
Replications :  9 
           Time      Bias
qr           NA        NA
sqr.plug 117.79 0.0053179
sqr.boot     NA        NA
sgd.boot     NA        NA
sgd.rs       NA        NA
sgd.rs1s     NA        NA

 
118.215 sec elapsed
Replications :  10 
           Time      Bias
qr           NA        NA
sqr.plug 118.34 0.0017444
sqr.boot     NA        NA
sgd.boot     NA        NA
sgd.rs       NA        NA
sgd.rs1s     NA        NA

 
118.771 sec elapsed
