------------------------ 
Sample Size =  100000 
dim of X    =  20 
# of rep    =  10 
------------------------ 
Replications :  1 
           Time       Bias
qr           NA         NA
sqr.plug 160.81 -0.0035259
sqr.boot     NA         NA
sgd.boot     NA         NA
sgd.rs       NA         NA
sgd.rs1s     NA         NA

 
161.051 sec elapsed
Replications :  2 
           Time       Bias
qr           NA         NA
sqr.plug 169.15 -0.0023284
sqr.boot     NA         NA
sgd.boot     NA         NA
sgd.rs       NA         NA
sgd.rs1s     NA         NA

 
173.533 sec elapsed
Replications :  3 
           Time       Bias
qr           NA         NA
sqr.plug 147.41 -0.0019499
sqr.boot     NA         NA
sgd.boot     NA         NA
sgd.rs       NA         NA
sgd.rs1s     NA         NA

 
151.093 sec elapsed
Replications :  4 
         Time       Bias
qr         NA         NA
sqr.plug  183 -0.0023597
sqr.boot   NA         NA
sgd.boot   NA         NA
sgd.rs     NA         NA
sgd.rs1s   NA         NA

 
185.975 sec elapsed
Replications :  5 
           Time      Bias
qr           NA        NA
sqr.plug 184.71 0.0010769
sqr.boot     NA        NA
sgd.boot     NA        NA
sgd.rs       NA        NA
sgd.rs1s     NA        NA

 
188.721 sec elapsed
Replications :  6 
           Time      Bias
qr           NA        NA
sqr.plug 162.01 0.0023922
sqr.boot     NA        NA
sgd.boot     NA        NA
sgd.rs       NA        NA
sgd.rs1s     NA        NA

 
165.89 sec elapsed
Replications :  7 
          Time       Bias
qr          NA         NA
sqr.plug 165.2 -0.0032185
sqr.boot    NA         NA
sgd.boot    NA         NA
sgd.rs      NA         NA
sgd.rs1s    NA         NA

 
168.886 sec elapsed
Replications :  8 
           Time        Bias
qr           NA          NA
sqr.plug 154.95 -0.00052739
sqr.boot     NA          NA
sgd.boot     NA          NA
sgd.rs       NA          NA
sgd.rs1s     NA          NA

 
157.837 sec elapsed
Replications :  9 
           Time       Bias
qr           NA         NA
sqr.plug 179.79 -0.0030295
sqr.boot     NA         NA
sgd.boot     NA         NA
sgd.rs       NA         NA
sgd.rs1s     NA         NA

 
182.778 sec elapsed
Replications :  10 
           Time       Bias
qr           NA         NA
sqr.plug 165.75 -0.0023883
sqr.boot     NA         NA
sgd.boot     NA         NA
sgd.rs       NA         NA
sgd.rs1s     NA         NA

 
169.064 sec elapsed
