------------------------ 
Sample Size =  100000 
dim of X    =  20 
# of rep    =  10 
------------------------ 
Replications :  1 
           Time      Bias
qr           NA        NA
sqr.plug 245.61 0.0042729
sqr.boot     NA        NA
sgd.boot     NA        NA
sgd.rs       NA        NA
sgd.rs1s     NA        NA

 
245.839 sec elapsed
Replications :  2 
           Time      Bias
qr           NA        NA
sqr.plug 240.25 0.0086075
sqr.boot     NA        NA
sgd.boot     NA        NA
sgd.rs       NA        NA
sgd.rs1s     NA        NA

 
249.552 sec elapsed
Replications :  3 
           Time       Bias
qr           NA         NA
sqr.plug 295.44 -0.0068095
sqr.boot     NA         NA
sgd.boot     NA         NA
sgd.rs       NA         NA
sgd.rs1s     NA         NA

 
306.5 sec elapsed
Replications :  4 
           Time       Bias
qr           NA         NA
sqr.plug 254.33 -0.0038653
sqr.boot     NA         NA
sgd.boot     NA         NA
sgd.rs       NA         NA
sgd.rs1s     NA         NA

 
265.472 sec elapsed
Replications :  5 
           Time      Bias
qr           NA        NA
sqr.plug 236.44 0.0022779
sqr.boot     NA        NA
sgd.boot     NA        NA
sgd.rs       NA        NA
sgd.rs1s     NA        NA

 
246.061 sec elapsed
Replications :  6 
           Time       Bias
qr           NA         NA
sqr.plug 264.38 -0.0034152
sqr.boot     NA         NA
sgd.boot     NA         NA
sgd.rs       NA         NA
sgd.rs1s     NA         NA

 
273.429 sec elapsed
Replications :  7 
           Time       Bias
qr           NA         NA
sqr.plug 297.21 -0.0098478
sqr.boot     NA         NA
sgd.boot     NA         NA
sgd.rs       NA         NA
sgd.rs1s     NA         NA

 
311.305 sec elapsed
Replications :  8 
           Time       Bias
qr           NA         NA
sqr.plug 265.54 -0.0021417
sqr.boot     NA         NA
sgd.boot     NA         NA
sgd.rs       NA         NA
sgd.rs1s     NA         NA

 
278.216 sec elapsed
Replications :  9 
           Time       Bias
qr           NA         NA
sqr.plug 281.88 -0.0021952
sqr.boot     NA         NA
sgd.boot     NA         NA
sgd.rs       NA         NA
sgd.rs1s     NA         NA

 
295.103 sec elapsed
Replications :  10 
           Time       Bias
qr           NA         NA
sqr.plug 284.79 -0.0012794
sqr.boot     NA         NA
sgd.boot     NA         NA
sgd.rs       NA         NA
sgd.rs1s     NA         NA

 
296.239 sec elapsed
