------------------------ 
Sample Size =  100000 
dim of X    =  20 
# of rep    =  10 
------------------------ 
Replications :  1 
           Time       Bias
qr           NA         NA
sqr.plug 234.36 -0.0058578
sqr.boot     NA         NA
sgd.boot     NA         NA
sgd.rs       NA         NA
sgd.rs1s     NA         NA

 
234.698 sec elapsed
Replications :  2 
           Time      Bias
qr           NA        NA
sqr.plug 236.74 0.0020679
sqr.boot     NA        NA
sgd.boot     NA        NA
sgd.rs       NA        NA
sgd.rs1s     NA        NA

 
240.605 sec elapsed
Replications :  3 
           Time      Bias
qr           NA        NA
sqr.plug 234.81 0.0045489
sqr.boot     NA        NA
sgd.boot     NA        NA
sgd.rs       NA        NA
sgd.rs1s     NA        NA

 
239.311 sec elapsed
Replications :  4 
           Time       Bias
qr           NA         NA
sqr.plug 234.59 -0.0066497
sqr.boot     NA         NA
sgd.boot     NA         NA
sgd.rs       NA         NA
sgd.rs1s     NA         NA

 
238.922 sec elapsed
Replications :  5 
           Time       Bias
qr           NA         NA
sqr.plug 238.43 -0.0027231
sqr.boot     NA         NA
sgd.boot     NA         NA
sgd.rs       NA         NA
sgd.rs1s     NA         NA

 
242.779 sec elapsed
Replications :  6 
          Time      Bias
qr          NA        NA
sqr.plug 213.3 0.0015306
sqr.boot    NA        NA
sgd.boot    NA        NA
sgd.rs      NA        NA
sgd.rs1s    NA        NA

 
217.809 sec elapsed
Replications :  7 
           Time       Bias
qr           NA         NA
sqr.plug 233.68 -0.0059329
sqr.boot     NA         NA
sgd.boot     NA         NA
sgd.rs       NA         NA
sgd.rs1s     NA         NA

 
236.754 sec elapsed
Replications :  8 
           Time       Bias
qr           NA         NA
sqr.plug 228.46 -0.0071584
sqr.boot     NA         NA
sgd.boot     NA         NA
sgd.rs       NA         NA
sgd.rs1s     NA         NA

 
233.422 sec elapsed
Replications :  9 
          Time      Bias
qr          NA        NA
sqr.plug 238.8 0.0039343
sqr.boot    NA        NA
sgd.boot    NA        NA
sgd.rs      NA        NA
sgd.rs1s    NA        NA

 
242.583 sec elapsed
Replications :  10 
           Time      Bias
qr           NA        NA
sqr.plug 237.01 0.0016812
sqr.boot     NA        NA
sgd.boot     NA        NA
sgd.rs       NA        NA
sgd.rs1s     NA        NA

 
241.143 sec elapsed
