------------------------ 
Sample Size =  100000 
dim of X    =  20 
# of rep    =  10 
------------------------ 
Replications :  1 
           Time       Bias
qr           NA         NA
sqr.plug 154.44 0.00064693
sqr.boot     NA         NA
sgd.boot     NA         NA
sgd.rs       NA         NA
sgd.rs1s     NA         NA

 
154.678 sec elapsed
Replications :  2 
           Time       Bias
qr           NA         NA
sqr.plug 184.33 -0.0021098
sqr.boot     NA         NA
sgd.boot     NA         NA
sgd.rs       NA         NA
sgd.rs1s     NA         NA

 
187.223 sec elapsed
Replications :  3 
           Time       Bias
qr           NA         NA
sqr.plug 147.24 -0.0081923
sqr.boot     NA         NA
sgd.boot     NA         NA
sgd.rs       NA         NA
sgd.rs1s     NA         NA

 
150.531 sec elapsed
Replications :  4 
           Time      Bias
qr           NA        NA
sqr.plug 167.14 0.0065846
sqr.boot     NA        NA
sgd.boot     NA        NA
sgd.rs       NA        NA
sgd.rs1s     NA        NA

 
169.396 sec elapsed
Replications :  5 
           Time       Bias
qr           NA         NA
sqr.plug 168.02 -0.0014894
sqr.boot     NA         NA
sgd.boot     NA         NA
sgd.rs       NA         NA
sgd.rs1s     NA         NA

 
171.135 sec elapsed
Replications :  6 
           Time      Bias
qr           NA        NA
sqr.plug 158.84 0.0020926
sqr.boot     NA        NA
sgd.boot     NA        NA
sgd.rs       NA        NA
sgd.rs1s     NA        NA

 
161.97 sec elapsed
Replications :  7 
           Time       Bias
qr           NA         NA
sqr.plug 160.49 -0.0047111
sqr.boot     NA         NA
sgd.boot     NA         NA
sgd.rs       NA         NA
sgd.rs1s     NA         NA

 
163.83 sec elapsed
Replications :  8 
           Time       Bias
qr           NA         NA
sqr.plug 131.12 -0.0090367
sqr.boot     NA         NA
sgd.boot     NA         NA
sgd.rs       NA         NA
sgd.rs1s     NA         NA

 
133.28 sec elapsed
Replications :  9 
          Time      Bias
qr          NA        NA
sqr.plug 131.3 0.0017453
sqr.boot    NA        NA
sgd.boot    NA        NA
sgd.rs      NA        NA
sgd.rs1s    NA        NA

 
131.783 sec elapsed
Replications :  10 
           Time      Bias
qr           NA        NA
sqr.plug 131.01 0.0026543
sqr.boot     NA        NA
sgd.boot     NA        NA
sgd.rs       NA        NA
sgd.rs1s     NA        NA

 
131.49 sec elapsed
