------------------------ 
Sample Size =  100000 
dim of X    =  20 
# of rep    =  10 
------------------------ 
Replications :  1 
           Time      Bias
qr           NA        NA
sqr.plug 257.46 0.0015739
sqr.boot     NA        NA
sgd.boot     NA        NA
sgd.rs       NA        NA
sgd.rs1s     NA        NA

 
257.86 sec elapsed
Replications :  2 
           Time    Bias
qr           NA      NA
sqr.plug 248.13 0.00106
sqr.boot     NA      NA
sgd.boot     NA      NA
sgd.rs       NA      NA
sgd.rs1s     NA      NA

 
257.236 sec elapsed
Replications :  3 
           Time      Bias
qr           NA        NA
sqr.plug 278.28 0.0020754
sqr.boot     NA        NA
sgd.boot     NA        NA
sgd.rs       NA        NA
sgd.rs1s     NA        NA

 
288.984 sec elapsed
Replications :  4 
           Time      Bias
qr           NA        NA
sqr.plug 259.37 0.0014041
sqr.boot     NA        NA
sgd.boot     NA        NA
sgd.rs       NA        NA
sgd.rs1s     NA        NA

 
272.082 sec elapsed
Replications :  5 
           Time       Bias
qr           NA         NA
sqr.plug 243.48 0.00082745
sqr.boot     NA         NA
sgd.boot     NA         NA
sgd.rs       NA         NA
sgd.rs1s     NA         NA

 
254.005 sec elapsed
Replications :  6 
           Time        Bias
qr           NA          NA
sqr.plug 265.02 -0.00012907
sqr.boot     NA          NA
sgd.boot     NA          NA
sgd.rs       NA          NA
sgd.rs1s     NA          NA

 
276.786 sec elapsed
Replications :  7 
           Time       Bias
qr           NA         NA
sqr.plug 259.75 -0.0010502
sqr.boot     NA         NA
sgd.boot     NA         NA
sgd.rs       NA         NA
sgd.rs1s     NA         NA

 
270.311 sec elapsed
Replications :  8 
           Time       Bias
qr           NA         NA
sqr.plug 267.34 -0.0025383
sqr.boot     NA         NA
sgd.boot     NA         NA
sgd.rs       NA         NA
sgd.rs1s     NA         NA

 
277.672 sec elapsed
Replications :  9 
           Time       Bias
qr           NA         NA
sqr.plug 251.98 -0.0010286
sqr.boot     NA         NA
sgd.boot     NA         NA
sgd.rs       NA         NA
sgd.rs1s     NA         NA

 
263.491 sec elapsed
Replications :  10 
           Time       Bias
qr           NA         NA
sqr.plug 289.62 -0.0054198
sqr.boot     NA         NA
sgd.boot     NA         NA
sgd.rs       NA         NA
sgd.rs1s     NA         NA

 
299.326 sec elapsed
