------------------------ 
Sample Size =  100000 
dim of X    =  20 
# of rep    =  10 
------------------------ 
Replications :  1 
           Time       Bias
qr           NA         NA
sqr.plug 234.89 -0.0030997
sqr.boot     NA         NA
sgd.boot     NA         NA
sgd.rs       NA         NA
sgd.rs1s     NA         NA

 
235.197 sec elapsed
Replications :  2 
           Time       Bias
qr           NA         NA
sqr.plug 247.55 -0.0046939
sqr.boot     NA         NA
sgd.boot     NA         NA
sgd.rs       NA         NA
sgd.rs1s     NA         NA

 
261.233 sec elapsed
Replications :  3 
           Time       Bias
qr           NA         NA
sqr.plug 260.07 -0.0031101
sqr.boot     NA         NA
sgd.boot     NA         NA
sgd.rs       NA         NA
sgd.rs1s     NA         NA

 
271.689 sec elapsed
Replications :  4 
         Time      Bias
qr         NA        NA
sqr.plug  264 0.0014381
sqr.boot   NA        NA
sgd.boot   NA        NA
sgd.rs     NA        NA
sgd.rs1s   NA        NA

 
275.466 sec elapsed
Replications :  5 
           Time      Bias
qr           NA        NA
sqr.plug 280.29 0.0070247
sqr.boot     NA        NA
sgd.boot     NA        NA
sgd.rs       NA        NA
sgd.rs1s     NA        NA

 
292.599 sec elapsed
Replications :  6 
          Time     Bias
qr          NA       NA
sqr.plug 234.9 0.005234
sqr.boot    NA       NA
sgd.boot    NA       NA
sgd.rs      NA       NA
sgd.rs1s    NA       NA

 
243.869 sec elapsed
Replications :  7 
           Time      Bias
qr           NA        NA
sqr.plug 279.14 0.0030266
sqr.boot     NA        NA
sgd.boot     NA        NA
sgd.rs       NA        NA
sgd.rs1s     NA        NA

 
289.551 sec elapsed
Replications :  8 
           Time     Bias
qr           NA       NA
sqr.plug 239.94 0.004923
sqr.boot     NA       NA
sgd.boot     NA       NA
sgd.rs       NA       NA
sgd.rs1s     NA       NA

 
251.678 sec elapsed
Replications :  9 
           Time      Bias
qr           NA        NA
sqr.plug 281.45 0.0039154
sqr.boot     NA        NA
sgd.boot     NA        NA
sgd.rs       NA        NA
sgd.rs1s     NA        NA

 
294.643 sec elapsed
Replications :  10 
           Time       Bias
qr           NA         NA
sqr.plug 236.55 -0.0012473
sqr.boot     NA         NA
sgd.boot     NA         NA
sgd.rs       NA         NA
sgd.rs1s     NA         NA

 
247.438 sec elapsed
