------------------------ 
Sample Size =  100000 
dim of X    =  20 
# of rep    =  10 
------------------------ 
Replications :  1 
           Time      Bias
qr           NA        NA
sqr.plug 124.81 0.0056377
sqr.boot     NA        NA
sgd.boot     NA        NA
sgd.rs       NA        NA
sgd.rs1s     NA        NA

 
125.022 sec elapsed
Replications :  2 
           Time       Bias
qr           NA         NA
sqr.plug 124.68 -0.0098165
sqr.boot     NA         NA
sgd.boot     NA         NA
sgd.rs       NA         NA
sgd.rs1s     NA         NA

 
125.123 sec elapsed
Replications :  3 
           Time      Bias
qr           NA        NA
sqr.plug 124.89 0.0058838
sqr.boot     NA        NA
sgd.boot     NA        NA
sgd.rs       NA        NA
sgd.rs1s     NA        NA

 
125.346 sec elapsed
Replications :  4 
           Time       Bias
qr           NA         NA
sqr.plug 124.87 -0.0012293
sqr.boot     NA         NA
sgd.boot     NA         NA
sgd.rs       NA         NA
sgd.rs1s     NA         NA

 
125.328 sec elapsed
Replications :  5 
           Time      Bias
qr           NA        NA
sqr.plug 124.95 0.0019641
sqr.boot     NA        NA
sgd.boot     NA        NA
sgd.rs       NA        NA
sgd.rs1s     NA        NA

 
125.405 sec elapsed
Replications :  6 
           Time       Bias
qr           NA         NA
sqr.plug 124.86 -0.0031742
sqr.boot     NA         NA
sgd.boot     NA         NA
sgd.rs       NA         NA
sgd.rs1s     NA         NA

 
125.308 sec elapsed
Replications :  7 
           Time       Bias
qr           NA         NA
sqr.plug 124.76 -0.0077731
sqr.boot     NA         NA
sgd.boot     NA         NA
sgd.rs       NA         NA
sgd.rs1s     NA         NA

 
125.209 sec elapsed
Replications :  8 
           Time       Bias
qr           NA         NA
sqr.plug 124.65 -0.0054451
sqr.boot     NA         NA
sgd.boot     NA         NA
sgd.rs       NA         NA
sgd.rs1s     NA         NA

 
125.104 sec elapsed
Replications :  9 
           Time       Bias
qr           NA         NA
sqr.plug 123.98 -0.0059139
sqr.boot     NA         NA
sgd.boot     NA         NA
sgd.rs       NA         NA
sgd.rs1s     NA         NA

 
124.426 sec elapsed
Replications :  10 
           Time      Bias
qr           NA        NA
sqr.plug 124.19 0.0034269
sqr.boot     NA        NA
sgd.boot     NA        NA
sgd.rs       NA        NA
sgd.rs1s     NA        NA

 
124.643 sec elapsed
