------------------------ 
Sample Size =  100000 
dim of X    =  20 
# of rep    =  10 
------------------------ 
Replications :  1 
           Time       Bias
qr           NA         NA
sqr.plug 123.05 -0.0043121
sqr.boot     NA         NA
sgd.boot     NA         NA
sgd.rs       NA         NA
sgd.rs1s     NA         NA

 
123.251 sec elapsed
Replications :  2 
           Time       Bias
qr           NA         NA
sqr.plug 123.01 -0.0011156
sqr.boot     NA         NA
sgd.boot     NA         NA
sgd.rs       NA         NA
sgd.rs1s     NA         NA

 
123.465 sec elapsed
Replications :  3 
           Time      Bias
qr           NA        NA
sqr.plug 122.56 0.0010912
sqr.boot     NA        NA
sgd.boot     NA        NA
sgd.rs       NA        NA
sgd.rs1s     NA        NA

 
122.998 sec elapsed
Replications :  4 
           Time        Bias
qr           NA          NA
sqr.plug 122.19 -0.00015325
sqr.boot     NA          NA
sgd.boot     NA          NA
sgd.rs       NA          NA
sgd.rs1s     NA          NA

 
122.635 sec elapsed
Replications :  5 
           Time      Bias
qr           NA        NA
sqr.plug 122.19 0.0022287
sqr.boot     NA        NA
sgd.boot     NA        NA
sgd.rs       NA        NA
sgd.rs1s     NA        NA

 
122.628 sec elapsed
Replications :  6 
           Time       Bias
qr           NA         NA
sqr.plug 121.95 -0.0021169
sqr.boot     NA         NA
sgd.boot     NA         NA
sgd.rs       NA         NA
sgd.rs1s     NA         NA

 
122.418 sec elapsed
Replications :  7 
           Time       Bias
qr           NA         NA
sqr.plug 122.41 -0.0020196
sqr.boot     NA         NA
sgd.boot     NA         NA
sgd.rs       NA         NA
sgd.rs1s     NA         NA

 
122.851 sec elapsed
Replications :  8 
           Time        Bias
qr           NA          NA
sqr.plug 121.94 -0.00038033
sqr.boot     NA          NA
sgd.boot     NA          NA
sgd.rs       NA          NA
sgd.rs1s     NA          NA

 
122.382 sec elapsed
Replications :  9 
           Time      Bias
qr           NA        NA
sqr.plug 122.14 0.0025623
sqr.boot     NA        NA
sgd.boot     NA        NA
sgd.rs       NA        NA
sgd.rs1s     NA        NA

 
122.576 sec elapsed
Replications :  10 
           Time       Bias
qr           NA         NA
sqr.plug 123.15 -0.0063504
sqr.boot     NA         NA
sgd.boot     NA         NA
sgd.rs       NA         NA
sgd.rs1s     NA         NA

 
123.61 sec elapsed
