------------------------ 
Sample Size =  100000 
dim of X    =  20 
# of rep    =  10 
------------------------ 
Replications :  1 
           Time        Bias
qr           NA          NA
sqr.plug 122.43 -0.00040895
sqr.boot     NA          NA
sgd.boot     NA          NA
sgd.rs       NA          NA
sgd.rs1s     NA          NA

 
122.632 sec elapsed
Replications :  2 
           Time      Bias
qr           NA        NA
sqr.plug 122.81 0.0015719
sqr.boot     NA        NA
sgd.boot     NA        NA
sgd.rs       NA        NA
sgd.rs1s     NA        NA

 
123.251 sec elapsed
Replications :  3 
           Time      Bias
qr           NA        NA
sqr.plug 122.38 0.0077268
sqr.boot     NA        NA
sgd.boot     NA        NA
sgd.rs       NA        NA
sgd.rs1s     NA        NA

 
122.838 sec elapsed
Replications :  4 
           Time      Bias
qr           NA        NA
sqr.plug 122.82 0.0008493
sqr.boot     NA        NA
sgd.boot     NA        NA
sgd.rs       NA        NA
sgd.rs1s     NA        NA

 
123.281 sec elapsed
Replications :  5 
           Time       Bias
qr           NA         NA
sqr.plug 122.51 -0.0042479
sqr.boot     NA         NA
sgd.boot     NA         NA
sgd.rs       NA         NA
sgd.rs1s     NA         NA

 
122.974 sec elapsed
Replications :  6 
           Time      Bias
qr           NA        NA
sqr.plug 123.31 0.0024828
sqr.boot     NA        NA
sgd.boot     NA        NA
sgd.rs       NA        NA
sgd.rs1s     NA        NA

 
123.775 sec elapsed
Replications :  7 
           Time      Bias
qr           NA        NA
sqr.plug 122.56 0.0015556
sqr.boot     NA        NA
sgd.boot     NA        NA
sgd.rs       NA        NA
sgd.rs1s     NA        NA

 
123.021 sec elapsed
Replications :  8 
           Time        Bias
qr           NA          NA
sqr.plug 122.54 -0.00040949
sqr.boot     NA          NA
sgd.boot     NA          NA
sgd.rs       NA          NA
sgd.rs1s     NA          NA

 
122.998 sec elapsed
Replications :  9 
           Time       Bias
qr           NA         NA
sqr.plug 122.04 -0.0039525
sqr.boot     NA         NA
sgd.boot     NA         NA
sgd.rs       NA         NA
sgd.rs1s     NA         NA

 
122.485 sec elapsed
Replications :  10 
           Time      Bias
qr           NA        NA
sqr.plug 124.46 0.0027912
sqr.boot     NA        NA
sgd.boot     NA        NA
sgd.rs       NA        NA
sgd.rs1s     NA        NA

 
124.933 sec elapsed
