------------------------ 
Sample Size =  100000 
dim of X    =  20 
# of rep    =  10 
------------------------ 
Replications :  1 
           Time      Bias
qr           NA        NA
sqr.plug 296.82 -0.003161
sqr.boot     NA        NA
sgd.boot     NA        NA
sgd.rs       NA        NA
sgd.rs1s     NA        NA

 
297.121 sec elapsed
Replications :  2 
           Time        Bias
qr           NA          NA
sqr.plug 283.87 -0.00070989
sqr.boot     NA          NA
sgd.boot     NA          NA
sgd.rs       NA          NA
sgd.rs1s     NA          NA

 
294.683 sec elapsed
Replications :  3 
           Time       Bias
qr           NA         NA
sqr.plug 242.94 -0.0036949
sqr.boot     NA         NA
sgd.boot     NA         NA
sgd.rs       NA         NA
sgd.rs1s     NA         NA

 
253.229 sec elapsed
Replications :  4 
           Time       Bias
qr           NA         NA
sqr.plug 223.37 -0.0016761
sqr.boot     NA         NA
sgd.boot     NA         NA
sgd.rs       NA         NA
sgd.rs1s     NA         NA

 
235.107 sec elapsed
Replications :  5 
           Time    Bias
qr           NA      NA
sqr.plug 239.85 0.00493
sqr.boot     NA      NA
sgd.boot     NA      NA
sgd.rs       NA      NA
sgd.rs1s     NA      NA

 
247.979 sec elapsed
Replications :  6 
           Time       Bias
qr           NA         NA
sqr.plug 255.56 0.00062384
sqr.boot     NA         NA
sgd.boot     NA         NA
sgd.rs       NA         NA
sgd.rs1s     NA         NA

 
264.653 sec elapsed
Replications :  7 
           Time      Bias
qr           NA        NA
sqr.plug 245.36 0.0010148
sqr.boot     NA        NA
sgd.boot     NA        NA
sgd.rs       NA        NA
sgd.rs1s     NA        NA

 
253.36 sec elapsed
Replications :  8 
           Time       Bias
qr           NA         NA
sqr.plug 295.84 -0.0028467
sqr.boot     NA         NA
sgd.boot     NA         NA
sgd.rs       NA         NA
sgd.rs1s     NA         NA

 
305.085 sec elapsed
Replications :  9 
           Time       Bias
qr           NA         NA
sqr.plug 270.49 -0.0073192
sqr.boot     NA         NA
sgd.boot     NA         NA
sgd.rs       NA         NA
sgd.rs1s     NA         NA

 
278.997 sec elapsed
Replications :  10 
           Time      Bias
qr           NA        NA
sqr.plug 217.54 0.0011556
sqr.boot     NA        NA
sgd.boot     NA        NA
sgd.rs       NA        NA
sgd.rs1s     NA        NA

 
224.424 sec elapsed
