------------------------ 
Sample Size =  100000 
dim of X    =  20 
# of rep    =  10 
------------------------ 
Replications :  1 
           Time        Bias
qr           NA          NA
sqr.plug 117.56 -0.00060391
sqr.boot     NA          NA
sgd.boot     NA          NA
sgd.rs       NA          NA
sgd.rs1s     NA          NA

 
117.755 sec elapsed
Replications :  2 
           Time      Bias
qr           NA        NA
sqr.plug 117.43 0.0062312
sqr.boot     NA        NA
sgd.boot     NA        NA
sgd.rs       NA        NA
sgd.rs1s     NA        NA

 
117.862 sec elapsed
Replications :  3 
           Time       Bias
qr           NA         NA
sqr.plug 117.63 -0.0027134
sqr.boot     NA         NA
sgd.boot     NA         NA
sgd.rs       NA         NA
sgd.rs1s     NA         NA

 
118.054 sec elapsed
Replications :  4 
           Time       Bias
qr           NA         NA
sqr.plug 117.79 0.00053813
sqr.boot     NA         NA
sgd.boot     NA         NA
sgd.rs       NA         NA
sgd.rs1s     NA         NA

 
118.218 sec elapsed
Replications :  5 
          Time        Bias
qr          NA          NA
sqr.plug 117.8 -0.00055773
sqr.boot    NA          NA
sgd.boot    NA          NA
sgd.rs      NA          NA
sgd.rs1s    NA          NA

 
118.228 sec elapsed
Replications :  6 
           Time       Bias
qr           NA         NA
sqr.plug 117.78 -0.0013892
sqr.boot     NA         NA
sgd.boot     NA         NA
sgd.rs       NA         NA
sgd.rs1s     NA         NA

 
118.204 sec elapsed
Replications :  7 
           Time      Bias
qr           NA        NA
sqr.plug 117.74 0.0032078
sqr.boot     NA        NA
sgd.boot     NA        NA
sgd.rs       NA        NA
sgd.rs1s     NA        NA

 
118.162 sec elapsed
Replications :  8 
           Time        Bias
qr           NA          NA
sqr.plug 117.75 -0.00092871
sqr.boot     NA          NA
sgd.boot     NA          NA
sgd.rs       NA          NA
sgd.rs1s     NA          NA

 
118.177 sec elapsed
Replications :  9 
           Time       Bias
qr           NA         NA
sqr.plug 117.53 0.00040031
sqr.boot     NA         NA
sgd.boot     NA         NA
sgd.rs       NA         NA
sgd.rs1s     NA         NA

 
117.954 sec elapsed
Replications :  10 
           Time       Bias
qr           NA         NA
sqr.plug 117.74 -0.0019691
sqr.boot     NA         NA
sgd.boot     NA         NA
sgd.rs       NA         NA
sgd.rs1s     NA         NA

 
118.164 sec elapsed
