------------------------ 
Sample Size =  100000 
dim of X    =  20 
# of rep    =  10 
------------------------ 
Replications :  1 
           Time       Bias
qr           NA         NA
sqr.plug 126.63 0.00034848
sqr.boot     NA         NA
sgd.boot     NA         NA
sgd.rs       NA         NA
sgd.rs1s     NA         NA

 
126.834 sec elapsed
Replications :  2 
           Time      Bias
qr           NA        NA
sqr.plug 126.69 -0.004231
sqr.boot     NA        NA
sgd.boot     NA        NA
sgd.rs       NA        NA
sgd.rs1s     NA        NA

 
127.147 sec elapsed
Replications :  3 
           Time      Bias
qr           NA        NA
sqr.plug 126.81 -0.004796
sqr.boot     NA        NA
sgd.boot     NA        NA
sgd.rs       NA        NA
sgd.rs1s     NA        NA

 
127.267 sec elapsed
Replications :  4 
           Time       Bias
qr           NA         NA
sqr.plug 126.62 -0.0075163
sqr.boot     NA         NA
sgd.boot     NA         NA
sgd.rs       NA         NA
sgd.rs1s     NA         NA

 
127.076 sec elapsed
Replications :  5 
           Time       Bias
qr           NA         NA
sqr.plug 126.53 -0.0030825
sqr.boot     NA         NA
sgd.boot     NA         NA
sgd.rs       NA         NA
sgd.rs1s     NA         NA

 
127.009 sec elapsed
Replications :  6 
           Time        Bias
qr           NA          NA
sqr.plug 126.64 -0.00029269
sqr.boot     NA          NA
sgd.boot     NA          NA
sgd.rs       NA          NA
sgd.rs1s     NA          NA

 
127.1 sec elapsed
Replications :  7 
           Time         Bias
qr           NA           NA
sqr.plug 126.43 -0.000068597
sqr.boot     NA           NA
sgd.boot     NA           NA
sgd.rs       NA           NA
sgd.rs1s     NA           NA

 
126.897 sec elapsed
Replications :  8 
          Time       Bias
qr          NA         NA
sqr.plug 126.8 -0.0019446
sqr.boot    NA         NA
sgd.boot    NA         NA
sgd.rs      NA         NA
sgd.rs1s    NA         NA

 
127.253 sec elapsed
Replications :  9 
           Time       Bias
qr           NA         NA
sqr.plug 126.72 -0.0092764
sqr.boot     NA         NA
sgd.boot     NA         NA
sgd.rs       NA         NA
sgd.rs1s     NA         NA

 
127.174 sec elapsed
Replications :  10 
          Time      Bias
qr          NA        NA
sqr.plug 126.7 0.0030683
sqr.boot    NA        NA
sgd.boot    NA        NA
sgd.rs      NA        NA
sgd.rs1s    NA        NA

 
127.168 sec elapsed
