------------------------ 
Sample Size =  100000 
dim of X    =  20 
# of rep    =  10 
------------------------ 
Replications :  1 
           Time      Bias
qr           NA        NA
sqr.plug 221.59 0.0045289
sqr.boot     NA        NA
sgd.boot     NA        NA
sgd.rs       NA        NA
sgd.rs1s     NA        NA

 
221.849 sec elapsed
Replications :  2 
           Time        Bias
qr           NA          NA
sqr.plug 250.19 -0.00084424
sqr.boot     NA          NA
sgd.boot     NA          NA
sgd.rs       NA          NA
sgd.rs1s     NA          NA

 
262.473 sec elapsed
Replications :  3 
          Time      Bias
qr          NA        NA
sqr.plug 308.8 0.0036935
sqr.boot    NA        NA
sgd.boot    NA        NA
sgd.rs      NA        NA
sgd.rs1s    NA        NA

 
321.322 sec elapsed
Replications :  4 
           Time      Bias
qr           NA        NA
sqr.plug 282.22 0.0046331
sqr.boot     NA        NA
sgd.boot     NA        NA
sgd.rs       NA        NA
sgd.rs1s     NA        NA

 
295.048 sec elapsed
Replications :  5 
           Time      Bias
qr           NA        NA
sqr.plug 267.75 0.0036194
sqr.boot     NA        NA
sgd.boot     NA        NA
sgd.rs       NA        NA
sgd.rs1s     NA        NA

 
282.594 sec elapsed
Replications :  6 
           Time      Bias
qr           NA        NA
sqr.plug 273.17 0.0014429
sqr.boot     NA        NA
sgd.boot     NA        NA
sgd.rs       NA        NA
sgd.rs1s     NA        NA

 
285.445 sec elapsed
Replications :  7 
           Time      Bias
qr           NA        NA
sqr.plug 239.09 0.0078705
sqr.boot     NA        NA
sgd.boot     NA        NA
sgd.rs       NA        NA
sgd.rs1s     NA        NA

 
248.255 sec elapsed
Replications :  8 
           Time      Bias
qr           NA        NA
sqr.plug 259.05 0.0057126
sqr.boot     NA        NA
sgd.boot     NA        NA
sgd.rs       NA        NA
sgd.rs1s     NA        NA

 
269.906 sec elapsed
Replications :  9 
           Time       Bias
qr           NA         NA
sqr.plug 253.69 -0.0003347
sqr.boot     NA         NA
sgd.boot     NA         NA
sgd.rs       NA         NA
sgd.rs1s     NA         NA

 
265.199 sec elapsed
Replications :  10 
           Time      Bias
qr           NA        NA
sqr.plug 329.15 0.0023622
sqr.boot     NA        NA
sgd.boot     NA        NA
sgd.rs       NA        NA
sgd.rs1s     NA        NA

 
343.028 sec elapsed
