------------------------ 
Sample Size =  100000 
dim of X    =  20 
# of rep    =  10 
------------------------ 
Replications :  1 
          Time      Bias
qr          NA        NA
sqr.plug 280.2 0.0029113
sqr.boot    NA        NA
sgd.boot    NA        NA
sgd.rs      NA        NA
sgd.rs1s    NA        NA

 
280.544 sec elapsed
Replications :  2 
           Time       Bias
qr           NA         NA
sqr.plug 252.29 -0.0016212
sqr.boot     NA         NA
sgd.boot     NA         NA
sgd.rs       NA         NA
sgd.rs1s     NA         NA

 
264.122 sec elapsed
Replications :  3 
           Time      Bias
qr           NA        NA
sqr.plug 249.45 0.0082134
sqr.boot     NA        NA
sgd.boot     NA        NA
sgd.rs       NA        NA
sgd.rs1s     NA        NA

 
260.309 sec elapsed
Replications :  4 
           Time        Bias
qr           NA          NA
sqr.plug 238.49 -0.00020966
sqr.boot     NA          NA
sgd.boot     NA          NA
sgd.rs       NA          NA
sgd.rs1s     NA          NA

 
249.169 sec elapsed
Replications :  5 
           Time       Bias
qr           NA         NA
sqr.plug 295.16 -0.0045954
sqr.boot     NA         NA
sgd.boot     NA         NA
sgd.rs       NA         NA
sgd.rs1s     NA         NA

 
307.868 sec elapsed
Replications :  6 
           Time      Bias
qr           NA        NA
sqr.plug 296.59 0.0051691
sqr.boot     NA        NA
sgd.boot     NA        NA
sgd.rs       NA        NA
sgd.rs1s     NA        NA

 
309.301 sec elapsed
Replications :  7 
           Time       Bias
qr           NA         NA
sqr.plug 272.91 -0.0021805
sqr.boot     NA         NA
sgd.boot     NA         NA
sgd.rs       NA         NA
sgd.rs1s     NA         NA

 
283.803 sec elapsed
Replications :  8 
           Time     Bias
qr           NA       NA
sqr.plug 272.91 0.002457
sqr.boot     NA       NA
sgd.boot     NA       NA
sgd.rs       NA       NA
sgd.rs1s     NA       NA

 
285.273 sec elapsed
Replications :  9 
           Time       Bias
qr           NA         NA
sqr.plug 257.52 0.00073188
sqr.boot     NA         NA
sgd.boot     NA         NA
sgd.rs       NA         NA
sgd.rs1s     NA         NA

 
267.541 sec elapsed
Replications :  10 
           Time       Bias
qr           NA         NA
sqr.plug 240.96 -0.0024265
sqr.boot     NA         NA
sgd.boot     NA         NA
sgd.rs       NA         NA
sgd.rs1s     NA         NA

 
248.773 sec elapsed
