------------------------ 
Sample Size =  100000 
dim of X    =  20 
# of rep    =  10 
------------------------ 
Replications :  1 
           Time       Bias
qr           NA         NA
sqr.plug 234.23 -0.0012784
sqr.boot     NA         NA
sgd.boot     NA         NA
sgd.rs       NA         NA
sgd.rs1s     NA         NA

 
234.54 sec elapsed
Replications :  2 
           Time      Bias
qr           NA        NA
sqr.plug 215.73 0.0056794
sqr.boot     NA        NA
sgd.boot     NA        NA
sgd.rs       NA        NA
sgd.rs1s     NA        NA

 
226.723 sec elapsed
Replications :  3 
           Time       Bias
qr           NA         NA
sqr.plug 236.66 -0.0030926
sqr.boot     NA         NA
sgd.boot     NA         NA
sgd.rs       NA         NA
sgd.rs1s     NA         NA

 
246.872 sec elapsed
Replications :  4 
           Time       Bias
qr           NA         NA
sqr.plug 282.16 -0.0060754
sqr.boot     NA         NA
sgd.boot     NA         NA
sgd.rs       NA         NA
sgd.rs1s     NA         NA

 
290.539 sec elapsed
Replications :  5 
           Time       Bias
qr           NA         NA
sqr.plug 320.02 -0.0037458
sqr.boot     NA         NA
sgd.boot     NA         NA
sgd.rs       NA         NA
sgd.rs1s     NA         NA

 
332.099 sec elapsed
Replications :  6 
           Time       Bias
qr           NA         NA
sqr.plug 250.48 0.00036641
sqr.boot     NA         NA
sgd.boot     NA         NA
sgd.rs       NA         NA
sgd.rs1s     NA         NA

 
263.307 sec elapsed
Replications :  7 
           Time      Bias
qr           NA        NA
sqr.plug 225.12 0.0022606
sqr.boot     NA        NA
sgd.boot     NA        NA
sgd.rs       NA        NA
sgd.rs1s     NA        NA

 
235.684 sec elapsed
Replications :  8 
           Time      Bias
qr           NA        NA
sqr.plug 265.34 0.0049562
sqr.boot     NA        NA
sgd.boot     NA        NA
sgd.rs       NA        NA
sgd.rs1s     NA        NA

 
273.261 sec elapsed
Replications :  9 
           Time       Bias
qr           NA         NA
sqr.plug 288.45 0.00013415
sqr.boot     NA         NA
sgd.boot     NA         NA
sgd.rs       NA         NA
sgd.rs1s     NA         NA

 
298.759 sec elapsed
Replications :  10 
           Time      Bias
qr           NA        NA
sqr.plug 291.81 0.0055375
sqr.boot     NA        NA
sgd.boot     NA        NA
sgd.rs       NA        NA
sgd.rs1s     NA        NA

 
303.289 sec elapsed
