------------------------ 
Sample Size =  100000 
dim of X    =  20 
# of rep    =  10 
------------------------ 
Replications :  1 
           Time       Bias
qr           NA         NA
sqr.plug 130.15 -0.0071551
sqr.boot     NA         NA
sgd.boot     NA         NA
sgd.rs       NA         NA
sgd.rs1s     NA         NA

 
130.359 sec elapsed
Replications :  2 
           Time       Bias
qr           NA         NA
sqr.plug 164.52 0.00048293
sqr.boot     NA         NA
sgd.boot     NA         NA
sgd.rs       NA         NA
sgd.rs1s     NA         NA

 
165.074 sec elapsed
Replications :  3 
           Time      Bias
qr           NA        NA
sqr.plug 146.76 0.0039258
sqr.boot     NA        NA
sgd.boot     NA        NA
sgd.rs       NA        NA
sgd.rs1s     NA        NA

 
149.776 sec elapsed
Replications :  4 
           Time      Bias
qr           NA        NA
sqr.plug 142.88 0.0061315
sqr.boot     NA        NA
sgd.boot     NA        NA
sgd.rs       NA        NA
sgd.rs1s     NA        NA

 
144.238 sec elapsed
Replications :  5 
           Time       Bias
qr           NA         NA
sqr.plug 196.72 -0.0019955
sqr.boot     NA         NA
sgd.boot     NA         NA
sgd.rs       NA         NA
sgd.rs1s     NA         NA

 
198.158 sec elapsed
Replications :  6 
           Time       Bias
qr           NA         NA
sqr.plug 146.41 -0.0012772
sqr.boot     NA         NA
sgd.boot     NA         NA
sgd.rs       NA         NA
sgd.rs1s     NA         NA

 
150.276 sec elapsed
Replications :  7 
           Time      Bias
qr           NA        NA
sqr.plug 147.04 0.0029585
sqr.boot     NA        NA
sgd.boot     NA        NA
sgd.rs       NA        NA
sgd.rs1s     NA        NA

 
148.91 sec elapsed
Replications :  8 
           Time       Bias
qr           NA         NA
sqr.plug 145.77 0.00014614
sqr.boot     NA         NA
sgd.boot     NA         NA
sgd.rs       NA         NA
sgd.rs1s     NA         NA

 
147.553 sec elapsed
Replications :  9 
           Time      Bias
qr           NA        NA
sqr.plug 168.92 0.0037934
sqr.boot     NA        NA
sgd.boot     NA        NA
sgd.rs       NA        NA
sgd.rs1s     NA        NA

 
170.725 sec elapsed
Replications :  10 
           Time        Bias
qr           NA          NA
sqr.plug 150.19 -0.00020115
sqr.boot     NA          NA
sgd.boot     NA          NA
sgd.rs       NA          NA
sgd.rs1s     NA          NA

 
154.261 sec elapsed
