------------------------ 
Sample Size =  100000 
dim of X    =  20 
# of rep    =  10 
------------------------ 
Replications :  1 
           Time      Bias
qr           NA        NA
sqr.plug 125.32 0.0055324
sqr.boot     NA        NA
sgd.boot     NA        NA
sgd.rs       NA        NA
sgd.rs1s     NA        NA

 
125.517 sec elapsed
Replications :  2 
           Time      Bias
qr           NA        NA
sqr.plug 124.94 0.0011018
sqr.boot     NA        NA
sgd.boot     NA        NA
sgd.rs       NA        NA
sgd.rs1s     NA        NA

 
125.399 sec elapsed
Replications :  3 
           Time      Bias
qr           NA        NA
sqr.plug 124.82 0.0025843
sqr.boot     NA        NA
sgd.boot     NA        NA
sgd.rs       NA        NA
sgd.rs1s     NA        NA

 
125.27 sec elapsed
Replications :  4 
           Time       Bias
qr           NA         NA
sqr.plug 124.91 -0.0018813
sqr.boot     NA         NA
sgd.boot     NA         NA
sgd.rs       NA         NA
sgd.rs1s     NA         NA

 
125.355 sec elapsed
Replications :  5 
           Time      Bias
qr           NA        NA
sqr.plug 125.04 0.0011402
sqr.boot     NA        NA
sgd.boot     NA        NA
sgd.rs       NA        NA
sgd.rs1s     NA        NA

 
125.491 sec elapsed
Replications :  6 
           Time      Bias
qr           NA        NA
sqr.plug 125.11 0.0062966
sqr.boot     NA        NA
sgd.boot     NA        NA
sgd.rs       NA        NA
sgd.rs1s     NA        NA

 
125.562 sec elapsed
Replications :  7 
           Time       Bias
qr           NA         NA
sqr.plug 124.67 -0.0092739
sqr.boot     NA         NA
sgd.boot     NA         NA
sgd.rs       NA         NA
sgd.rs1s     NA         NA

 
125.12 sec elapsed
Replications :  8 
           Time      Bias
qr           NA        NA
sqr.plug 124.57 -0.001008
sqr.boot     NA        NA
sgd.boot     NA        NA
sgd.rs       NA        NA
sgd.rs1s     NA        NA

 
125.03 sec elapsed
Replications :  9 
           Time      Bias
qr           NA        NA
sqr.plug 124.65 0.0018382
sqr.boot     NA        NA
sgd.boot     NA        NA
sgd.rs       NA        NA
sgd.rs1s     NA        NA

 
125.107 sec elapsed
Replications :  10 
           Time       Bias
qr           NA         NA
sqr.plug 125.12 -0.0022975
sqr.boot     NA         NA
sgd.boot     NA         NA
sgd.rs       NA         NA
sgd.rs1s     NA         NA

 
125.576 sec elapsed
