------------------------ 
Sample Size =  100000 
dim of X    =  20 
# of rep    =  10 
------------------------ 
Replications :  1 
           Time       Bias
qr           NA         NA
sqr.plug 125.11 -0.0055472
sqr.boot     NA         NA
sgd.boot     NA         NA
sgd.rs       NA         NA
sgd.rs1s     NA         NA

 
125.303 sec elapsed
Replications :  2 
           Time        Bias
qr           NA          NA
sqr.plug 124.99 -0.00032867
sqr.boot     NA          NA
sgd.boot     NA          NA
sgd.rs       NA          NA
sgd.rs1s     NA          NA

 
125.445 sec elapsed
Replications :  3 
           Time      Bias
qr           NA        NA
sqr.plug 125.13 0.0023776
sqr.boot     NA        NA
sgd.boot     NA        NA
sgd.rs       NA        NA
sgd.rs1s     NA        NA

 
125.587 sec elapsed
Replications :  4 
           Time        Bias
qr           NA          NA
sqr.plug 124.28 -0.00075023
sqr.boot     NA          NA
sgd.boot     NA          NA
sgd.rs       NA          NA
sgd.rs1s     NA          NA

 
124.735 sec elapsed
Replications :  5 
           Time       Bias
qr           NA         NA
sqr.plug 124.33 -0.0019231
sqr.boot     NA         NA
sgd.boot     NA         NA
sgd.rs       NA         NA
sgd.rs1s     NA         NA

 
124.781 sec elapsed
Replications :  6 
           Time      Bias
qr           NA        NA
sqr.plug 124.79 -0.002996
sqr.boot     NA        NA
sgd.boot     NA        NA
sgd.rs       NA        NA
sgd.rs1s     NA        NA

 
125.242 sec elapsed
Replications :  7 
           Time       Bias
qr           NA         NA
sqr.plug 124.67 0.00026891
sqr.boot     NA         NA
sgd.boot     NA         NA
sgd.rs       NA         NA
sgd.rs1s     NA         NA

 
125.114 sec elapsed
Replications :  8 
           Time      Bias
qr           NA        NA
sqr.plug 124.02 0.0092216
sqr.boot     NA        NA
sgd.boot     NA        NA
sgd.rs       NA        NA
sgd.rs1s     NA        NA

 
124.471 sec elapsed
Replications :  9 
           Time      Bias
qr           NA        NA
sqr.plug 124.28 0.0028706
sqr.boot     NA        NA
sgd.boot     NA        NA
sgd.rs       NA        NA
sgd.rs1s     NA        NA

 
124.725 sec elapsed
Replications :  10 
           Time      Bias
qr           NA        NA
sqr.plug 124.48 0.0017656
sqr.boot     NA        NA
sgd.boot     NA        NA
sgd.rs       NA        NA
sgd.rs1s     NA        NA

 
124.934 sec elapsed
