------------------------ 
Sample Size =  100000 
dim of X    =  20 
# of rep    =  10 
------------------------ 
Replications :  1 
           Time       Bias
qr           NA         NA
sqr.plug 325.63 -0.0040387
sqr.boot     NA         NA
sgd.boot     NA         NA
sgd.rs       NA         NA
sgd.rs1s     NA         NA

 
325.898 sec elapsed
Replications :  2 
           Time      Bias
qr           NA        NA
sqr.plug 305.14 0.0018149
sqr.boot     NA        NA
sgd.boot     NA        NA
sgd.rs       NA        NA
sgd.rs1s     NA        NA

 
317.068 sec elapsed
Replications :  3 
           Time       Bias
qr           NA         NA
sqr.plug 298.71 -0.0010818
sqr.boot     NA         NA
sgd.boot     NA         NA
sgd.rs       NA         NA
sgd.rs1s     NA         NA

 
307.213 sec elapsed
Replications :  4 
           Time        Bias
qr           NA          NA
sqr.plug 268.41 -0.00086184
sqr.boot     NA          NA
sgd.boot     NA          NA
sgd.rs       NA          NA
sgd.rs1s     NA          NA

 
275.538 sec elapsed
Replications :  5 
           Time      Bias
qr           NA        NA
sqr.plug 237.94 0.0025923
sqr.boot     NA        NA
sgd.boot     NA        NA
sgd.rs       NA        NA
sgd.rs1s     NA        NA

 
246.873 sec elapsed
Replications :  6 
           Time       Bias
qr           NA         NA
sqr.plug 264.64 -0.0026853
sqr.boot     NA         NA
sgd.boot     NA         NA
sgd.rs       NA         NA
sgd.rs1s     NA         NA

 
273.94 sec elapsed
Replications :  7 
           Time       Bias
qr           NA         NA
sqr.plug 273.52 -0.0089785
sqr.boot     NA         NA
sgd.boot     NA         NA
sgd.rs       NA         NA
sgd.rs1s     NA         NA

 
284.345 sec elapsed
Replications :  8 
           Time      Bias
qr           NA        NA
sqr.plug 251.65 0.0018737
sqr.boot     NA        NA
sgd.boot     NA        NA
sgd.rs       NA        NA
sgd.rs1s     NA        NA

 
261.623 sec elapsed
Replications :  9 
           Time      Bias
qr           NA        NA
sqr.plug 300.66 0.0046421
sqr.boot     NA        NA
sgd.boot     NA        NA
sgd.rs       NA        NA
sgd.rs1s     NA        NA

 
311.295 sec elapsed
Replications :  10 
           Time      Bias
qr           NA        NA
sqr.plug 260.35 0.0048887
sqr.boot     NA        NA
sgd.boot     NA        NA
sgd.rs       NA        NA
sgd.rs1s     NA        NA

 
274.12 sec elapsed
