------------------------ 
Sample Size =  100000 
dim of X    =  20 
# of rep    =  10 
------------------------ 
Replications :  1 
           Time         Bias
qr           NA           NA
sqr.plug 280.72 -0.000022608
sqr.boot     NA           NA
sgd.boot     NA           NA
sgd.rs       NA           NA
sgd.rs1s     NA           NA

 
281.031 sec elapsed
Replications :  2 
           Time      Bias
qr           NA        NA
sqr.plug 246.94 -0.001295
sqr.boot     NA        NA
sgd.boot     NA        NA
sgd.rs       NA        NA
sgd.rs1s     NA        NA

 
255.433 sec elapsed
Replications :  3 
           Time       Bias
qr           NA         NA
sqr.plug 270.06 0.00043995
sqr.boot     NA         NA
sgd.boot     NA         NA
sgd.rs       NA         NA
sgd.rs1s     NA         NA

 
283.097 sec elapsed
Replications :  4 
           Time   Bias
qr           NA     NA
sqr.plug 242.99 0.0006
sqr.boot     NA     NA
sgd.boot     NA     NA
sgd.rs       NA     NA
sgd.rs1s     NA     NA

 
253.801 sec elapsed
Replications :  5 
           Time      Bias
qr           NA        NA
sqr.plug 293.51 0.0023638
sqr.boot     NA        NA
sgd.boot     NA        NA
sgd.rs       NA        NA
sgd.rs1s     NA        NA

 
304.55 sec elapsed
Replications :  6 
           Time      Bias
qr           NA        NA
sqr.plug 270.48 0.0024132
sqr.boot     NA        NA
sgd.boot     NA        NA
sgd.rs       NA        NA
sgd.rs1s     NA        NA

 
280.404 sec elapsed
Replications :  7 
           Time      Bias
qr           NA        NA
sqr.plug 265.96 0.0021645
sqr.boot     NA        NA
sgd.boot     NA        NA
sgd.rs       NA        NA
sgd.rs1s     NA        NA

 
273.893 sec elapsed
Replications :  8 
           Time       Bias
qr           NA         NA
sqr.plug 238.88 -0.0044812
sqr.boot     NA         NA
sgd.boot     NA         NA
sgd.rs       NA         NA
sgd.rs1s     NA         NA

 
248.783 sec elapsed
Replications :  9 
           Time        Bias
qr           NA          NA
sqr.plug 263.21 -0.00090009
sqr.boot     NA          NA
sgd.boot     NA          NA
sgd.rs       NA          NA
sgd.rs1s     NA          NA

 
273.954 sec elapsed
Replications :  10 
           Time       Bias
qr           NA         NA
sqr.plug 229.46 -0.0035976
sqr.boot     NA         NA
sgd.boot     NA         NA
sgd.rs       NA         NA
sgd.rs1s     NA         NA

 
240.833 sec elapsed
