------------------------ 
Sample Size =  1000000 
dim of X    =  160 
# of rep    =  10 
------------------------ 
Replications :  1 
             Time        Bias
qr        184.204 -0.00065680
sqr.plug       NA          NA
sqr.boot 2257.420 -0.00058396
sgd.boot 1115.368 -0.00373992
sgd.rs    118.371 -0.00051292
sgd.rs1s   12.112 -0.00051292

 
3701.146 sec elapsed
Replications :  2 
             Time       Bias
qr        183.545 -0.0013470
sqr.plug       NA         NA
sqr.boot 2153.432 -0.0012998
sgd.boot 1126.117 -0.0019637
sgd.rs    119.229 -0.0014835
sgd.rs1s   11.331 -0.0014835

 
3606.786 sec elapsed
Replications :  3 
             Time        Bias
qr        184.064  0.00072773
sqr.plug       NA          NA
sqr.boot 2041.632  0.00075212
sgd.boot 1119.765 -0.00065950
sgd.rs    118.848  0.00169366
sgd.rs1s   11.042  0.00169366

 
3488.583 sec elapsed
Replications :  4 
             Time       Bias
qr        180.241 0.00079726
sqr.plug       NA         NA
sqr.boot 2042.503 0.00068442
sgd.boot 1089.589 0.00126860
sgd.rs    119.584 0.00172174
sgd.rs1s   10.926 0.00172174

 
3455.861 sec elapsed
Replications :  5 
             Time        Bias
qr        179.035 -0.00098929
sqr.plug       NA          NA
sqr.boot 2029.122 -0.00086035
sgd.boot 1082.172 -0.00100880
sgd.rs    117.074 -0.00017068
sgd.rs1s   10.935 -0.00017068

 
3431.354 sec elapsed
Replications :  6 
             Time         Bias
qr        177.243  0.000251443
sqr.plug       NA           NA
sqr.boot 1992.118  0.000070751
sgd.boot 1092.059 -0.002172781
sgd.rs    117.993  0.000794912
sgd.rs1s   10.882  0.000794912

 
3403.303 sec elapsed
Replications :  7 
             Time        Bias
qr        174.451 -0.00036369
sqr.plug       NA          NA
sqr.boot 1981.960 -0.00022351
sgd.boot 1114.313 -0.00131963
sgd.rs    117.277  0.00045165
sgd.rs1s   11.081  0.00045165

 
3411.841 sec elapsed
Replications :  8 
             Time         Bias
qr        173.779 -0.000742305
sqr.plug       NA           NA
sqr.boot 2212.942 -0.000632498
sgd.boot 1129.341 -0.002503310
sgd.rs    124.488 -0.000064959
sgd.rs1s   13.372 -0.000064959

 
3666.932 sec elapsed
Replications :  9 
             Time        Bias
qr        196.189 0.000287173
sqr.plug       NA          NA
sqr.boot 2269.320 0.000051661
sgd.boot 1094.746 0.000476701
sgd.rs    123.216 0.000502226
sgd.rs1s   12.396 0.000502226

 
3710.562 sec elapsed
Replications :  10 
             Time        Bias
qr        186.051 -0.00177090
sqr.plug       NA          NA
sqr.boot 1845.596 -0.00174432
sgd.boot 1155.843  0.00019408
sgd.rs    122.057 -0.00281712
sgd.rs1s   11.094 -0.00281712

 
3334.319 sec elapsed
