------------------------ 
Sample Size =  1000000 
dim of X    =  160 
# of rep    =  10 
------------------------ 
Replications :  1 
             Time       Bias
qr        209.284 0.00120698
sqr.plug       NA         NA
sqr.boot 2624.929 0.00098185
sgd.boot 1111.448 0.00048554
sgd.rs    125.415 0.00019902
sgd.rs1s   13.899 0.00019902

 
4100.107 sec elapsed
Replications :  2 
             Time        Bias
qr        205.823  0.00068357
sqr.plug       NA          NA
sqr.boot 2302.540  0.00051144
sgd.boot 1120.332 -0.00094745
sgd.rs    123.418 -0.00123268
sgd.rs1s   12.597 -0.00123268

 
3779.464 sec elapsed
Replications :  3 
             Time        Bias
qr        190.347 -0.00096854
sqr.plug       NA          NA
sqr.boot 2086.888 -0.00122664
sgd.boot 1091.376 -0.00295615
sgd.rs    119.589 -0.00143399
sgd.rs1s   11.081 -0.00143399

 
3513.398 sec elapsed
Replications :  4 
             Time        Bias
qr        183.824 -0.00058847
sqr.plug       NA          NA
sqr.boot 1938.658 -0.00053425
sgd.boot 1084.397  0.00098319
sgd.rs    114.420 -0.00147367
sgd.rs1s   10.542 -0.00147367

 
3344.829 sec elapsed
Replications :  5 
             Time          Bias
qr        170.154 -0.0003794124
sqr.plug       NA            NA
sqr.boot 1813.677 -0.0005747797
sgd.boot 1118.901 -0.0000035476
sgd.rs    114.070 -0.0006276238
sgd.rs1s   10.337 -0.0006276238

 
3240.024 sec elapsed
Replications :  6 
            Time       Bias
qr        162.99 0.00115722
sqr.plug      NA         NA
sqr.boot 1810.32 0.00109881
sgd.boot 1117.08 0.00014134
sgd.rs    114.27 0.00221599
sgd.rs1s   10.45 0.00221599

 
3227.864 sec elapsed
Replications :  7 
             Time        Bias
qr        165.607 -0.00097869
sqr.plug       NA          NA
sqr.boot 1792.471 -0.00074864
sgd.boot 1119.549 -0.00133625
sgd.rs    113.601  0.00070365
sgd.rs1s   10.049  0.00070365

 
3214.009 sec elapsed
Replications :  8 
             Time       Bias
qr        163.967 0.00023450
sqr.plug       NA         NA
sqr.boot 1790.184 0.00015196
sgd.boot 1079.017 0.00012202
sgd.rs    113.599 0.00114231
sgd.rs1s   10.022 0.00114231

 
3169.215 sec elapsed
Replications :  9 
             Time        Bias
qr        166.481  0.00136512
sqr.plug       NA          NA
sqr.boot 2021.538  0.00145830
sgd.boot 1083.288 -0.00017585
sgd.rs    114.661  0.00137933
sgd.rs1s   10.869  0.00137933

 
3409.571 sec elapsed
Replications :  10 
              Time        Bias
qr        160.2757 -0.00078654
sqr.plug        NA          NA
sqr.boot 1677.9396 -0.00076978
sgd.boot 1108.4851 -0.00074233
sgd.rs    112.6767 -0.00072039
sgd.rs1s    9.9142 -0.00072039

 
3081.894 sec elapsed
