------------------------ 
Sample Size =  1000000 
dim of X    =  160 
# of rep    =  10 
------------------------ 
Replications :  1 
             Time        Bias
qr        171.585  0.00106861
sqr.plug       NA          NA
sqr.boot 2348.170  0.00102532
sgd.boot 1134.271 -0.00209427
sgd.rs    128.757  0.00035778
sgd.rs1s   12.065  0.00035778

 
3808.771 sec elapsed
Replications :  2 
             Time        Bias
qr        200.391  0.00038703
sqr.plug       NA          NA
sqr.boot 2023.579  0.00002995
sgd.boot 1135.156 -0.00138178
sgd.rs    127.448 -0.00084605
sgd.rs1s   12.283 -0.00084605

 
3513.725 sec elapsed
Replications :  3 
             Time       Bias
qr        190.103 -0.0011065
sqr.plug       NA         NA
sqr.boot 2001.433 -0.0011682
sgd.boot 1125.705 -0.0015042
sgd.rs    128.064 -0.0001691
sgd.rs1s   12.114 -0.0001691

 
3471.51 sec elapsed
Replications :  4 
             Time       Bias
qr        194.915 0.00155555
sqr.plug       NA         NA
sqr.boot 2021.543 0.00150294
sgd.boot 1104.692 0.00119668
sgd.rs    129.996 0.00023665
sgd.rs1s   12.641 0.00023665

 
3477.955 sec elapsed
Replications :  5 
             Time        Bias
qr        187.864 -0.00205956
sqr.plug       NA          NA
sqr.boot 2037.455 -0.00202318
sgd.boot 1103.528 -0.00319170
sgd.rs    129.962 -0.00033357
sgd.rs1s   13.323 -0.00033357

 
3486.901 sec elapsed
Replications :  6 
             Time        Bias
qr        202.071 -0.00059241
sqr.plug       NA          NA
sqr.boot 2055.762 -0.00047832
sgd.boot 1104.538 -0.00255327
sgd.rs    130.231 -0.00071577
sgd.rs1s   13.048 -0.00071577

 
3520.413 sec elapsed
Replications :  7 
             Time       Bias
qr        186.920 -0.0006047
sqr.plug       NA         NA
sqr.boot 2058.684 -0.0007214
sgd.boot 1132.500 -0.0021017
sgd.rs    130.966 -0.0017451
sgd.rs1s   13.729 -0.0017451

 
3537.853 sec elapsed
Replications :  8 
             Time      Bias
qr        200.260 0.0020325
sqr.plug       NA        NA
sqr.boot 2028.188 0.0019700
sgd.boot 1123.004 0.0028639
sgd.rs    126.882 0.0020840
sgd.rs1s   11.819 0.0020840

 
3505.047 sec elapsed
Replications :  9 
             Time       Bias
qr        198.001 -0.0018806
sqr.plug       NA         NA
sqr.boot 2479.013 -0.0017028
sgd.boot 1098.616 -0.0033191
sgd.rs    127.936 -0.0022337
sgd.rs1s   13.621 -0.0022337

 
3931.835 sec elapsed
Replications :  10 
             Time       Bias
qr        198.202 0.00262724
sqr.plug       NA         NA
sqr.boot 1909.894 0.00264335
sgd.boot 1120.607 0.00032947
sgd.rs    125.809 0.00226123
sgd.rs1s   10.309 0.00226123

 
3379.609 sec elapsed
