------------------------ 
Sample Size =  1000000 
dim of X    =  160 
# of rep    =  10 
------------------------ 
Replications :  1 
             Time        Bias
qr        183.043 -0.00019276
sqr.plug       NA          NA
sqr.boot 2514.815  0.00013582
sgd.boot 1111.288 -0.00047343
sgd.rs    118.885  0.00061963
sgd.rs1s   11.809  0.00061963

 
3953.768 sec elapsed
Replications :  2 
             Time         Bias
qr        160.367 -0.000236366
sqr.plug       NA           NA
sqr.boot 1967.325 -0.000064361
sgd.boot 1138.450 -0.001820612
sgd.rs    125.873  0.000275549
sgd.rs1s   10.928  0.000275549

 
3416.142 sec elapsed
Replications :  3 
             Time        Bias
qr        177.387 -0.00214779
sqr.plug       NA          NA
sqr.boot 2010.351 -0.00193195
sgd.boot 1121.509 -0.00364832
sgd.rs    122.498 -0.00071059
sgd.rs1s   11.579 -0.00071059

 
3456.467 sec elapsed
Replications :  4 
             Time       Bias
qr        180.628 0.00109246
sqr.plug       NA         NA
sqr.boot 1991.343 0.00110706
sgd.boot 1131.109 0.00040995
sgd.rs    119.996 0.00218839
sgd.rs1s   10.825 0.00218839

 
3447.664 sec elapsed
Replications :  5 
             Time      Bias
qr        177.938 0.0016337
sqr.plug       NA        NA
sqr.boot 2121.871 0.0016561
sgd.boot 1125.300 0.0010869
sgd.rs    121.252 0.0023024
sgd.rs1s   12.926 0.0023024

 
3572.359 sec elapsed
Replications :  6 
             Time        Bias
qr        193.289 -0.00035740
sqr.plug       NA          NA
sqr.boot 2273.193 -0.00049161
sgd.boot 1089.575  0.00086234
sgd.rs    119.700 -0.00020432
sgd.rs1s   11.993 -0.00020432

 
3702.759 sec elapsed
Replications :  7 
             Time         Bias
qr        177.740 -0.000150028
sqr.plug       NA           NA
sqr.boot 1820.316 -0.000012072
sgd.boot 1097.438 -0.001947051
sgd.rs    121.581  0.000286388
sgd.rs1s   11.759  0.000286388

 
3242.622 sec elapsed
Replications :  8 
             Time         Bias
qr        190.496  0.000023378
sqr.plug       NA           NA
sqr.boot 2211.947  0.000040393
sgd.boot 1115.096 -0.001647551
sgd.rs    122.419 -0.000470621
sgd.rs1s   14.367 -0.000470621

 
3669.09 sec elapsed
Replications :  9 
             Time       Bias
qr        194.915 -0.0011800
sqr.plug       NA         NA
sqr.boot 1856.526 -0.0012347
sgd.boot 1112.268 -0.0022399
sgd.rs    123.241 -0.0017404
sgd.rs1s   12.483 -0.0017404

 
3313.397 sec elapsed
Replications :  10 
             Time        Bias
qr        185.591  0.00118380
sqr.plug       NA          NA
sqr.boot 2274.676  0.00111466
sgd.boot 1148.194 -0.00133002
sgd.rs    124.891  0.00039698
sgd.rs1s   12.853  0.00039698

 
3760.174 sec elapsed
