------------------------ 
Sample Size =  1000000 
dim of X    =  160 
# of rep    =  10 
------------------------ 
Replications :  1 
             Time        Bias
qr        188.097 -0.00029232
sqr.plug       NA          NA
sqr.boot 3162.282 -0.00014402
sgd.boot 1127.511 -0.00209576
sgd.rs    124.853  0.00031548
sgd.rs1s   17.027  0.00031548

 
4636.211 sec elapsed
Replications :  2 
             Time       Bias
qr        186.515 0.00058723
sqr.plug       NA         NA
sqr.boot 2389.783 0.00073428
sgd.boot 1134.547 0.00088053
sgd.rs    122.723 0.00049455
sgd.rs1s   15.396 0.00049455

 
3865.332 sec elapsed
Replications :  3 
             Time       Bias
qr        186.447 0.00092000
sqr.plug       NA         NA
sqr.boot 2263.384 0.00074152
sgd.boot 1128.716 0.00123096
sgd.rs    122.566 0.00017353
sgd.rs1s   14.078 0.00017353

 
3731.345 sec elapsed
Replications :  4 
             Time        Bias
qr        186.491  0.00121331
sqr.plug       NA          NA
sqr.boot 2293.185  0.00113560
sgd.boot 1103.686 -0.00050494
sgd.rs    120.591  0.00119807
sgd.rs1s   14.556  0.00119807

 
3734.324 sec elapsed
Replications :  5 
             Time        Bias
qr        183.270  0.00051373
sqr.plug       NA          NA
sqr.boot 2269.057  0.00058229
sgd.boot 1100.566 -0.00114765
sgd.rs    124.829  0.00122360
sgd.rs1s   14.061  0.00122360

 
3707.778 sec elapsed
Replications :  6 
             Time        Bias
qr        188.931 -0.00092222
sqr.plug       NA          NA
sqr.boot 2136.741 -0.00071639
sgd.boot 1097.479 -0.00190536
sgd.rs    118.850 -0.00238667
sgd.rs1s   13.787 -0.00238667

 
3570.945 sec elapsed
Replications :  7 
            Time         Bias
qr        179.39 -0.000263576
sqr.plug      NA           NA
sqr.boot 2154.00 -0.000245370
sgd.boot 1127.44  0.000076425
sgd.rs    117.74 -0.000228307
sgd.rs1s   14.47 -0.000228307

 
3607.796 sec elapsed
Replications :  8 
            Time       Bias
qr        174.50 -0.0015387
sqr.plug      NA         NA
sqr.boot 2152.61 -0.0015076
sgd.boot 1112.39 -0.0014985
sgd.rs    118.02 -0.0022776
sgd.rs1s   13.86 -0.0022776

 
3585.721 sec elapsed
Replications :  9 
             Time        Bias
qr        178.949 -0.00095446
sqr.plug       NA          NA
sqr.boot 3222.189 -0.00087034
sgd.boot 1092.513 -0.00188477
sgd.rs    119.570 -0.00060133
sgd.rs1s   15.531 -0.00060133

 
4644.054 sec elapsed
Replications :  10 
             Time        Bias
qr        164.658 -0.00082976
sqr.plug       NA          NA
sqr.boot 1745.474 -0.00082139
sgd.boot 1122.697 -0.00190750
sgd.rs    118.240 -0.00142849
sgd.rs1s   13.654 -0.00142849

 
3180.473 sec elapsed
