------------------------ 
Sample Size =  1000000 
dim of X    =  160 
# of rep    =  10 
------------------------ 
Replications :  1 
            Time        Bias
qr        207.04 -0.00106860
sqr.plug      NA          NA
sqr.boot 2631.41 -0.00091487
sgd.boot 1113.40 -0.00248704
sgd.rs    128.83 -0.00183183
sgd.rs1s   14.32 -0.00183183

 
4110.248 sec elapsed
Replications :  2 
             Time        Bias
qr        206.080 -0.00080471
sqr.plug       NA          NA
sqr.boot 2357.541 -0.00062955
sgd.boot 1132.593  0.00028425
sgd.rs    124.563  0.00009458
sgd.rs1s   12.264  0.00009458

 
3848.327 sec elapsed
Replications :  3 
             Time        Bias
qr        195.127 0.002136855
sqr.plug       NA          NA
sqr.boot 2075.265 0.002192741
sgd.boot 1099.375 0.000036732
sgd.rs    121.220 0.000327932
sgd.rs1s   11.988 0.000327932

 
3517.808 sec elapsed
Replications :  4 
            Time       Bias
qr        188.08 -0.0011706
sqr.plug      NA         NA
sqr.boot 1931.49 -0.0011200
sgd.boot 1084.80 -0.0025149
sgd.rs    117.37 -0.0010343
sgd.rs1s   10.14 -0.0010343

 
3345.474 sec elapsed
Replications :  5 
             Time        Bias
qr        192.152  0.00072511
sqr.plug       NA          NA
sqr.boot 1819.002  0.00079685
sgd.boot 1073.500 -0.00043283
sgd.rs    115.498  0.00112611
sgd.rs1s   10.302  0.00112611

 
3223.513 sec elapsed
Replications :  6 
             Time        Bias
qr        169.134  0.00099635
sqr.plug       NA          NA
sqr.boot 1822.338  0.00069652
sgd.boot 1091.472 -0.00307949
sgd.rs    116.143  0.00019013
sgd.rs1s   10.646  0.00019013

 
3223.364 sec elapsed
Replications :  7 
             Time        Bias
qr        168.324 -0.00019936
sqr.plug       NA          NA
sqr.boot 1809.925 -0.00034401
sgd.boot 1111.958 -0.00142245
sgd.rs    115.365 -0.00033586
sgd.rs1s   10.293 -0.00033586

 
3228.674 sec elapsed
Replications :  8 
              Time      Bias
qr        163.5736 0.0011790
sqr.plug        NA        NA
sqr.boot 1802.4889 0.0013808
sgd.boot 1117.1521 0.0019108
sgd.rs    113.7266 0.0010599
sgd.rs1s    9.9529 0.0010599

 
3219.253 sec elapsed
Replications :  9 
              Time        Bias
qr        161.9381 -0.00069405
sqr.plug        NA          NA
sqr.boot 1803.9129 -0.00067605
sgd.boot 1082.8239 -0.00058835
sgd.rs    113.2017 -0.00064136
sgd.rs1s    9.9288 -0.00064136

 
3184.088 sec elapsed
Replications :  10 
             Time        Bias
qr        157.888 -0.00081110
sqr.plug       NA          NA
sqr.boot 2038.321 -0.00063099
sgd.boot 1086.082 -0.00187252
sgd.rs    114.009 -0.00034613
sgd.rs1s   10.684 -0.00034613

 
3419.649 sec elapsed
