------------------------ 
Sample Size =  1000000 
dim of X    =  160 
# of rep    =  10 
------------------------ 
Replications :  1 
            Time        Bias
qr        185.18 -0.00072672
sqr.plug      NA          NA
sqr.boot 2369.51 -0.00096746
sgd.boot 1122.93 -0.00027584
sgd.rs    122.49 -0.00076730
sgd.rs1s   14.60 -0.00076730

 
3829.432 sec elapsed
Replications :  2 
             Time        Bias
qr        177.871  0.00066385
sqr.plug       NA          NA
sqr.boot 1960.206  0.00067197
sgd.boot 1121.510 -0.00172589
sgd.rs    118.236  0.00014427
sgd.rs1s   13.843  0.00014427

 
3406.425 sec elapsed
Replications :  3 
             Time        Bias
qr        171.843 -0.00042968
sqr.plug       NA          NA
sqr.boot 1839.104 -0.00054679
sgd.boot 1111.530 -0.00244430
sgd.rs    116.444 -0.00019489
sgd.rs1s   12.017 -0.00019489

 
3266.395 sec elapsed
Replications :  4 
             Time        Bias
qr        174.743  0.00180979
sqr.plug       NA          NA
sqr.boot 1820.442  0.00146033
sgd.boot 1085.711 -0.00022444
sgd.rs    114.279  0.00152588
sgd.rs1s   10.223  0.00152588

 
3218.687 sec elapsed
Replications :  5 
             Time         Bias
qr        169.370  0.000014014
sqr.plug       NA           NA
sqr.boot 1766.056  0.000168556
sgd.boot 1028.717 -0.000272879
sgd.rs    113.531 -0.000890360
sgd.rs1s   10.123 -0.000890360

 
3101.108 sec elapsed
Replications :  6 
             Time        Bias
qr        166.581  0.00085445
sqr.plug       NA          NA
sqr.boot 1739.415  0.00074940
sgd.boot 1023.330 -0.00045326
sgd.rs    113.478  0.00069950
sgd.rs1s   10.114  0.00069950

 
3065.354 sec elapsed
Replications :  7 
             Time       Bias
qr        155.025 0.00037031
sqr.plug       NA         NA
sqr.boot 1743.871 0.00062966
sgd.boot 1029.275 0.00056690
sgd.rs    114.202 0.00069994
sgd.rs1s   10.561 0.00069994

 
3065.643 sec elapsed
Replications :  8 
              Time        Bias
qr        161.9701 -0.00094035
sqr.plug        NA          NA
sqr.boot 1747.7894 -0.00094244
sgd.boot 1029.1850 -0.00150993
sgd.rs    113.6879 -0.00040566
sgd.rs1s    9.8838 -0.00040566

 
3074.871 sec elapsed
Replications :  9 
             Time        Bias
qr        160.225 -0.00045660
sqr.plug       NA          NA
sqr.boot 1984.374 -0.00069987
sgd.boot 1081.781 -0.00151559
sgd.rs    113.830 -0.00075721
sgd.rs1s   10.609 -0.00075721

 
3363.388 sec elapsed
Replications :  10 
             Time        Bias
qr        159.160  0.00053701
sqr.plug       NA          NA
sqr.boot 1655.307  0.00058618
sgd.boot 1089.817 -0.00070036
sgd.rs    114.878  0.00032524
sgd.rs1s   11.163  0.00032524

 
3043.502 sec elapsed
