------------------------ 
Sample Size =  1000000 
dim of X    =  160 
# of rep    =  10 
------------------------ 
Replications :  1 
            Time        Bias
qr        165.02 -0.00089034
sqr.plug      NA          NA
sqr.boot 1953.53 -0.00076103
sgd.boot 1076.66 -0.00374249
sgd.rs    114.92  0.00040797
sgd.rs1s   11.55  0.00040797

 
3334.99 sec elapsed
Replications :  2 
             Time        Bias
qr        162.456 -0.00098097
sqr.plug       NA          NA
sqr.boot 1845.258 -0.00103281
sgd.boot 1118.084 -0.00497687
sgd.rs    115.144 -0.00079683
sgd.rs1s   10.923 -0.00079683

 
3264.715 sec elapsed
Replications :  3 
              Time       Bias
qr        162.2935 -0.0015020
sqr.plug        NA         NA
sqr.boot 1746.9913 -0.0013435
sgd.boot 1081.4938 -0.0052536
sgd.rs    113.5063 -0.0015803
sgd.rs1s    9.9786 -0.0015803

 
3127.035 sec elapsed
Replications :  4 
              Time       Bias
qr        158.5730 0.00257618
sqr.plug        NA         NA
sqr.boot 1678.2510 0.00263659
sgd.boot 1112.3004 0.00044591
sgd.rs    113.9423 0.00173474
sgd.rs1s    9.8938 0.00173474

 
3085.273 sec elapsed
Replications :  5 
             Time        Bias
qr        160.733 -0.00048778
sqr.plug       NA          NA
sqr.boot 1724.394 -0.00031072
sgd.boot 1026.922 -0.00300177
sgd.rs    114.623 -0.00029821
sgd.rs1s   10.133 -0.00029821

 
3049.135 sec elapsed
Replications :  6 
             Time      Bias
qr        160.459 0.0015923
sqr.plug       NA        NA
sqr.boot 1728.734 0.0014423
sgd.boot 1073.573 0.0028854
sgd.rs    114.222 0.0014339
sgd.rs1s   10.153 0.0014339

 
3099.541 sec elapsed
Replications :  7 
              Time       Bias
qr        157.2403 -0.0019409
sqr.plug        NA         NA
sqr.boot 1705.4812 -0.0019065
sgd.boot 1107.7209 -0.0027880
sgd.rs    113.7931 -0.0034645
sgd.rs1s    9.9922 -0.0034645

 
3106.395 sec elapsed
Replications :  8 
              Time       Bias
qr        158.9901  0.0022447
sqr.plug        NA         NA
sqr.boot 1697.6440  0.0021921
sgd.boot 1105.1308 -0.0010570
sgd.rs    113.3426  0.0016454
sgd.rs1s    9.8291  0.0016454

 
3097.02 sec elapsed
Replications :  9 
            Time        Bias
qr        159.72  0.00023127
sqr.plug      NA          NA
sqr.boot 1930.21  0.00029826
sgd.boot 1106.60 -0.00138218
sgd.rs    114.01  0.00132625
sgd.rs1s   10.55  0.00132625

 
3333.41 sec elapsed
Replications :  10 
              Time       Bias
qr        158.4512  0.0007723
sqr.plug        NA         NA
sqr.boot 1607.0966  0.0008665
sgd.boot 1117.6903 -0.0011297
sgd.rs    113.2898  0.0011846
sgd.rs1s    9.8334  0.0011846

 
3018.856 sec elapsed
