------------------------ 
Sample Size =  1000000 
dim of X    =  160 
# of rep    =  10 
------------------------ 
Replications :  1 
            Time        Bias
qr        171.41 -0.00146457
sqr.plug      NA          NA
sqr.boot 2054.43 -0.00143338
sgd.boot 1082.56 -0.00146302
sgd.rs    114.17 -0.00040188
sgd.rs1s   11.35 -0.00040188

 
3447.279 sec elapsed
Replications :  2 
            Time        Bias
qr        181.42 -0.00095355
sqr.plug      NA          NA
sqr.boot 1937.95 -0.00115211
sgd.boot 1119.37 -0.00346953
sgd.rs    115.34  0.00037910
sgd.rs1s   11.17  0.00037910

 
3378.242 sec elapsed
Replications :  3 
             Time       Bias
qr        161.020 0.00012126
sqr.plug       NA         NA
sqr.boot 1842.289 0.00014800
sgd.boot 1087.549 0.00072034
sgd.rs    113.673 0.00059850
sgd.rs1s   10.576 0.00059850

 
3227.995 sec elapsed
Replications :  4 
             Time       Bias
qr        164.308 -0.0010129
sqr.plug       NA         NA
sqr.boot 1827.422 -0.0011027
sgd.boot 1086.107 -0.0022227
sgd.rs    113.624 -0.0038332
sgd.rs1s   10.864 -0.0038332

 
3214.956 sec elapsed
Replications :  5 
              Time        Bias
qr        160.3982 -0.00131337
sqr.plug        NA          NA
sqr.boot 1789.1797 -0.00072807
sgd.boot 1112.0165 -0.00263934
sgd.rs    113.3344  0.00177986
sgd.rs1s    9.9589  0.00177986

 
3197.217 sec elapsed
Replications :  6 
             Time       Bias
qr        159.682 -0.0015857
sqr.plug       NA         NA
sqr.boot 1783.126 -0.0012721
sgd.boot 1116.096 -0.0044296
sgd.rs    113.802 -0.0005796
sgd.rs1s   10.237 -0.0005796

 
3195.327 sec elapsed
Replications :  7 
             Time        Bias
qr        159.574 -0.00056727
sqr.plug       NA          NA
sqr.boot 1834.860 -0.00077659
sgd.boot 1115.954 -0.00260830
sgd.rs    113.627 -0.00178548
sgd.rs1s   10.077 -0.00178548

 
3246.262 sec elapsed
Replications :  8 
              Time       Bias
qr        159.8840 -0.0024736
sqr.plug        NA         NA
sqr.boot 1784.9198 -0.0020868
sgd.boot 1082.6234 -0.0037293
sgd.rs    112.8206 -0.0016261
sgd.rs1s    9.8973 -0.0016261

 
3162.271 sec elapsed
Replications :  9 
             Time        Bias
qr        162.834 -0.00016422
sqr.plug       NA          NA
sqr.boot 2003.446 -0.00023437
sgd.boot 1084.917 -0.00066080
sgd.rs    114.557 -0.00031134
sgd.rs1s   10.756 -0.00031134

 
3388.879 sec elapsed
Replications :  10 
            Time        Bias
qr        160.73  0.00086478
sqr.plug      NA          NA
sqr.boot 1687.76  0.00087583
sgd.boot 1120.02 -0.00125876
sgd.rs    113.93  0.00119062
sgd.rs1s   10.22  0.00119062

 
3105.144 sec elapsed
