------------------------ 
Sample Size =  1000000 
dim of X    =  160 
# of rep    =  10 
------------------------ 
Replications :  1 
             Time        Bias
qr        211.494 -0.00065755
sqr.plug       NA          NA
sqr.boot 3058.428 -0.00066314
sgd.boot 1138.801 -0.00245432
sgd.rs    122.555  0.00010840
sgd.rs1s   13.486  0.00010840

 
4558.696 sec elapsed
Replications :  2 
             Time        Bias
qr        218.164  0.00088117
sqr.plug       NA          NA
sqr.boot 2923.405  0.00082506
sgd.boot 1142.930 -0.00062243
sgd.rs    118.034  0.00136983
sgd.rs1s   12.862  0.00136983

 
4429.159 sec elapsed
Replications :  3 
             Time        Bias
qr        215.192  0.00154770
sqr.plug       NA          NA
sqr.boot 2809.226  0.00140783
sgd.boot 1137.119 -0.00119962
sgd.rs    122.200 -0.00037981
sgd.rs1s   10.528 -0.00037981

 
4307.914 sec elapsed
Replications :  4 
             Time        Bias
qr        218.805 -0.00066573
sqr.plug       NA          NA
sqr.boot 2724.487 -0.00050372
sgd.boot 1091.580 -0.00359268
sgd.rs    114.934 -0.00204245
sgd.rs1s   11.571 -0.00204245

 
4174.289 sec elapsed
Replications :  5 
             Time        Bias
qr        187.190 -0.00101032
sqr.plug       NA          NA
sqr.boot 2488.301 -0.00101328
sgd.boot 1091.442 -0.00321447
sgd.rs    119.332 -0.00071064
sgd.rs1s   10.483 -0.00071064

 
3909.841 sec elapsed
Replications :  6 
             Time         Bias
qr        203.978 -0.000141789
sqr.plug       NA           NA
sqr.boot 2766.822 -0.000085217
sgd.boot 1114.632 -0.001992535
sgd.rs    120.178  0.000388288
sgd.rs1s   11.265  0.000388288

 
4230.165 sec elapsed
Replications :  7 
             Time        Bias
qr        204.630 -0.00041167
sqr.plug       NA          NA
sqr.boot 2713.685 -0.00021304
sgd.boot 1114.031 -0.00167832
sgd.rs    118.360 -0.00037839
sgd.rs1s   12.415 -0.00037839

 
4176.527 sec elapsed
Replications :  8 
             Time         Bias
qr        186.711 -0.000626845
sqr.plug       NA           NA
sqr.boot 2733.052 -0.000427154
sgd.boot 1126.569 -0.001200838
sgd.rs    118.776 -0.000080644
sgd.rs1s   12.524 -0.000080644

 
4190.609 sec elapsed
Replications :  9 
             Time        Bias
qr        215.873 -0.00153485
sqr.plug       NA          NA
sqr.boot 2922.727 -0.00146044
sgd.boot 1091.080 -0.00211501
sgd.rs    116.117  0.00054099
sgd.rs1s   12.414  0.00054099

 
4371.635 sec elapsed
Replications :  10 
             Time        Bias
qr        194.922 -0.00090809
sqr.plug       NA          NA
sqr.boot 2299.400 -0.00092040
sgd.boot 1128.760 -0.00338014
sgd.rs    119.185 -0.00091145
sgd.rs1s   11.366 -0.00091145

 
3766.717 sec elapsed
