------------------------ 
Sample Size =  10000000 
dim of X    =  160 
# of rep    =  10 
------------------------ 
Replications :  1 
             Time        Bias
qr        1436.69 -0.00063867
sqr.plug       NA          NA
sqr.boot 21785.95 -0.00059467
sgd.boot 10162.87 -0.00054595
sgd.rs         NA          NA
sgd.rs1s   151.31 -0.00068736

 
33666.798 sec elapsed
Replications :  2 
             Time        Bias
qr        1425.89 0.000075839
sqr.plug       NA          NA
sqr.boot 23847.47 0.000017318
sgd.boot 10078.96 0.000040889
sgd.rs         NA          NA
sgd.rs1s   150.34 0.000195195

 
35635.485 sec elapsed
Replications :  3 
             Time         Bias
qr        1279.86  0.000225098
sqr.plug       NA           NA
sqr.boot 22235.21  0.000117487
sgd.boot 10060.12 -0.000292131
sgd.rs         NA           NA
sgd.rs1s   145.28  0.000051767

 
33844.298 sec elapsed
Replications :  4 
             Time       Bias
qr        1286.08 0.00029503
sqr.plug       NA         NA
sqr.boot 21343.10 0.00027152
sgd.boot 10014.21 0.00019188
sgd.rs         NA         NA
sgd.rs1s   118.52 0.00012268

 
32881.449 sec elapsed
Replications :  5 
             Time       Bias
qr        1206.13 0.00036217
sqr.plug       NA         NA
sqr.boot 28118.54 0.00037207
sgd.boot 10198.38 0.00036026
sgd.rs         NA         NA
sgd.rs1s   117.93 0.00036226

 
39759.138 sec elapsed
Replications :  6 
             Time       Bias
qr        1235.20 0.00079279
sqr.plug       NA         NA
sqr.boot 21211.82 0.00074728
sgd.boot  9994.81 0.00057936
sgd.rs         NA         NA
sgd.rs1s   116.95 0.00064463

 
32674.266 sec elapsed
Replications :  7 
             Time       Bias
qr        1191.15 0.00070270
sqr.plug       NA         NA
sqr.boot 28958.62 0.00070526
sgd.boot  9971.88 0.00060643
sgd.rs         NA         NA
sgd.rs1s   116.54 0.00071080

 
40353.05 sec elapsed
Replications :  8 
             Time        Bias
qr        1202.70 0.000065182
sqr.plug       NA          NA
sqr.boot 21551.86 0.000089065
sgd.boot 10050.91 0.000194143
sgd.rs         NA          NA
sgd.rs1s   124.33 0.000100164

 
33044.861 sec elapsed
Replications :  9 
             Time        Bias
qr        1297.83  0.00030967
sqr.plug       NA          NA
sqr.boot 32485.74  0.00030520
sgd.boot 10696.81 -0.00030350
sgd.rs         NA          NA
sgd.rs1s   170.93  0.00023582

 
44773.862 sec elapsed
Replications :  10 
             Time         Bias
qr        1621.42 -0.000025344
sqr.plug       NA           NA
sqr.boot 25757.23 -0.000058971
sgd.boot 10348.78 -0.000400719
sgd.rs         NA           NA
sgd.rs1s   144.78 -0.000108864

 
38003.958 sec elapsed
