------------------------ 
Sample Size =  10000000 
dim of X    =  160 
# of rep    =  10 
------------------------ 
Replications :  1 
             Time       Bias
qr        1454.51 0.00034431
sqr.plug       NA         NA
sqr.boot 26125.15 0.00033764
sgd.boot 10583.91 0.00046712
sgd.rs    1208.31 0.00023385
sgd.rs1s   148.09 0.00023385

 
39647.348 sec elapsed
Replications :  2 
             Time         Bias
qr        1383.99 -0.000098763
sqr.plug       NA           NA
sqr.boot 24745.02 -0.000137633
sgd.boot 10702.38 -0.000117936
sgd.rs    1265.80 -0.000289338
sgd.rs1s   159.41 -0.000289338

 
38390.884 sec elapsed
Replications :  3 
             Time        Bias
qr        1449.05 -0.00026873
sqr.plug       NA          NA
sqr.boot 24109.10 -0.00028779
sgd.boot 10891.65 -0.00022512
sgd.rs    1202.59 -0.00027427
sgd.rs1s   157.06 -0.00027427

 
37944.643 sec elapsed
Replications :  4 
            Time         Bias
qr        1392.3 -0.000054314
sqr.plug      NA           NA
sqr.boot 25538.1 -0.000006844
sgd.boot 11034.3 -0.000191900
sgd.rs    1217.0  0.000233954
sgd.rs1s   151.9  0.000233954

 
39469.21 sec elapsed
Replications :  5 
             Time        Bias
qr        1374.45 -0.00084877
sqr.plug       NA          NA
sqr.boot 23671.43 -0.00086606
sgd.boot 10711.06 -0.00112255
sgd.rs    1218.49 -0.00131498
sgd.rs1s   153.19 -0.00131498

 
37261.153 sec elapsed
Replications :  6 
             Time       Bias
qr        1420.97 0.00039099
sqr.plug       NA         NA
sqr.boot 24314.89 0.00036296
sgd.boot 10875.60 0.00015670
sgd.rs    1268.21 0.00051128
sgd.rs1s   164.78 0.00051128

 
38181.578 sec elapsed
Replications :  7 
             Time        Bias
qr        1436.37 -0.00052703
sqr.plug       NA          NA
sqr.boot 27846.69 -0.00057733
sgd.boot 11162.60 -0.00057668
sgd.rs    1241.73 -0.00073377
sgd.rs1s   170.18 -0.00073377

 
41996.123 sec elapsed
Replications :  8 
            Time        Bias
qr        1488.3 -0.00074144
sqr.plug      NA          NA
sqr.boot 26463.6 -0.00069740
sgd.boot 11248.2 -0.00083398
sgd.rs    1233.3 -0.00075681
sgd.rs1s   162.7 -0.00075681

 
40735.92 sec elapsed
Replications :  9 
             Time       Bias
qr        1450.21 0.00026766
sqr.plug       NA         NA
sqr.boot 25225.57 0.00027569
sgd.boot 10960.60 0.00038522
sgd.rs    1188.03 0.00021159
sgd.rs1s   152.14 0.00021159

 
39112.147 sec elapsed
Replications :  10 
             Time        Bias
qr        1337.54  0.00023196
sqr.plug       NA          NA
sqr.boot 26896.42  0.00023951
sgd.boot 11006.24 -0.00015057
sgd.rs    1233.90  0.00013239
sgd.rs1s   172.03  0.00013239

 
40781.007 sec elapsed
