------------------------ 
Sample Size =  10000000 
dim of X    =  160 
# of rep    =  10 
------------------------ 
Replications :  1 
             Time       Bias
qr        1228.73 0.00025090
sqr.plug       NA         NA
sqr.boot 25587.45 0.00025342
sgd.boot 11308.29 0.00034240
sgd.rs    1257.94 0.00030493
sgd.rs1s   151.29 0.00030493

 
39653.115 sec elapsed
Replications :  2 
            Time        Bias
qr        1669.5 -0.00031629
sqr.plug      NA          NA
sqr.boot 30324.4 -0.00037908
sgd.boot 12067.4 -0.00015663
sgd.rs    1238.6 -0.00034099
sgd.rs1s   144.8 -0.00034099

 
45570.938 sec elapsed
Replications :  3 
             Time       Bias
qr        1632.55 0.00073490
sqr.plug       NA         NA
sqr.boot 30312.46 0.00076925
sgd.boot 12074.56 0.00060001
sgd.rs    1244.44 0.00092617
sgd.rs1s   152.37 0.00092617

 
45543.385 sec elapsed
Replications :  4 
             Time       Bias
qr        1647.61 0.00022550
sqr.plug       NA         NA
sqr.boot 28825.04 0.00016750
sgd.boot 11851.51 0.00014825
sgd.rs    1242.75 0.00017563
sgd.rs1s   148.32 0.00017563

 
43840.658 sec elapsed
Replications :  5 
             Time       Bias
qr        1620.03 0.00066509
sqr.plug       NA         NA
sqr.boot 29074.00 0.00073492
sgd.boot 11594.35 0.00063344
sgd.rs    1209.50 0.00053996
sgd.rs1s   145.98 0.00053996

 
43768.365 sec elapsed
Replications :  6 
             Time         Bias
qr        1532.06 -0.000092686
sqr.plug       NA           NA
sqr.boot 24983.01 -0.000114141
sgd.boot 11256.02 -0.000422883
sgd.rs    1177.49 -0.000081736
sgd.rs1s   126.35 -0.000081736

 
39196.34 sec elapsed
Replications :  7 
             Time        Bias
qr        1386.19 0.000082385
sqr.plug       NA          NA
sqr.boot 24997.83 0.000075631
sgd.boot 11256.17 0.000027105
sgd.rs    1179.03 0.000158830
sgd.rs1s   130.14 0.000158830

 
39069.351 sec elapsed
Replications :  8 
             Time        Bias
qr        1409.13 0.000186080
sqr.plug       NA          NA
sqr.boot 25046.81 0.000151548
sgd.boot 10936.06 0.000129903
sgd.rs    1173.68 0.000066942
sgd.rs1s   130.04 0.000066942

 
38816.02 sec elapsed
Replications :  9 
             Time        Bias
qr        1408.29 0.000164769
sqr.plug       NA          NA
sqr.boot 22461.50 0.000187076
sgd.boot 10651.80 0.000279141
sgd.rs    1115.53 0.000005819
sgd.rs1s   115.96 0.000005819

 
35872.945 sec elapsed
Replications :  10 
             Time         Bias
qr        1233.98 -0.000221508
sqr.plug       NA           NA
sqr.boot 21233.01 -0.000238285
sgd.boot 10330.27 -0.000094269
sgd.rs    1116.98 -0.000117748
sgd.rs1s   116.75 -0.000117748

 
34146.376 sec elapsed
