------------------------ 
Sample Size =  10000000 
dim of X    =  160 
# of rep    =  10 
------------------------ 
Replications :  1 
            Time         Bias
qr        1293.5  0.000043632
sqr.plug      NA           NA
sqr.boot 22871.7 -0.000131899
sgd.boot 10831.3  0.000053488
sgd.rs    1171.3 -0.000153029
sgd.rs1s   124.9 -0.000153029

 
36414.157 sec elapsed
Replications :  2 
             Time         Bias
qr        1352.25  0.000077306
sqr.plug       NA           NA
sqr.boot 23474.54  0.000046065
sgd.boot 10909.62 -0.000048736
sgd.rs    1173.81  0.000292610
sgd.rs1s   126.97  0.000292610

 
37160.669 sec elapsed
Replications :  3 
             Time        Bias
qr        1355.68 -0.00054207
sqr.plug       NA          NA
sqr.boot 23367.66 -0.00060043
sgd.boot 11152.01 -0.00074552
sgd.rs    1171.96 -0.00030950
sgd.rs1s   125.18 -0.00030950

 
37295.927 sec elapsed
Replications :  4 
             Time       Bias
qr        1348.10 0.00069213
sqr.plug       NA         NA
sqr.boot 23473.10 0.00069552
sgd.boot 11141.17 0.00073446
sgd.rs    1164.47 0.00075774
sgd.rs1s   133.49 0.00075774

 
37385.9 sec elapsed
Replications :  5 
            Time        Bias
qr        1361.8 0.000321999
sqr.plug      NA          NA
sqr.boot 22472.3 0.000351831
sgd.boot 10809.4 0.000046442
sgd.rs    1170.8 0.000216564
sgd.rs1s   122.2 0.000216564

 
36060.083 sec elapsed
Replications :  6 
             Time          Bias
qr        1256.11 -0.0000076458
sqr.plug       NA            NA
sqr.boot 22269.00 -0.0000983592
sgd.boot 11079.57 -0.0007164015
sgd.rs    1182.54 -0.0002028889
sgd.rs1s   123.64 -0.0002028889

 
36032.285 sec elapsed
Replications :  7 
             Time        Bias
qr        1420.23 0.000349238
sqr.plug       NA          NA
sqr.boot 22547.97 0.000394115
sgd.boot 11117.55 0.000069626
sgd.rs    1184.48 0.000364801
sgd.rs1s   123.75 0.000364801

 
36516.444 sec elapsed
Replications :  8 
             Time         Bias
qr        1301.57 -0.000130920
sqr.plug       NA           NA
sqr.boot 22252.04 -0.000111449
sgd.boot 10847.83 -0.000099843
sgd.rs    1160.86 -0.000293635
sgd.rs1s   122.92 -0.000293635

 
35806.568 sec elapsed
Replications :  9 
             Time       Bias
qr        1275.88 0.00044063
sqr.plug       NA         NA
sqr.boot 22172.14 0.00044512
sgd.boot 11074.03 0.00018899
sgd.rs    1170.42 0.00046394
sgd.rs1s   123.46 0.00046394

 
35936.739 sec elapsed
Replications :  10 
             Time         Bias
qr        1299.84 -0.000208422
sqr.plug       NA           NA
sqr.boot 22661.78 -0.000153545
sgd.boot 11145.55 -0.000187768
sgd.rs    1178.50  0.000035493
sgd.rs1s   123.75  0.000035493

 
36530.817 sec elapsed
