------------------------ 
Sample Size =  10000000 
dim of X    =  160 
# of rep    =  10 
------------------------ 
Replications :  1 
             Time        Bias
qr        1602.82 -0.00023945
sqr.plug       NA          NA
sqr.boot 34345.14 -0.00025374
sgd.boot 10519.86 -0.00042196
sgd.rs         NA          NA
sgd.rs1s   206.93 -0.00023264

 
46816.129 sec elapsed
Replications :  2 
             Time       Bias
qr        1620.10 0.00035774
sqr.plug       NA         NA
sqr.boot 33883.09 0.00035541
sgd.boot 10385.58 0.00021795
sgd.rs         NA         NA
sgd.rs1s   178.14 0.00054683

 
46218.287 sec elapsed
Replications :  3 
             Time        Bias
qr        1572.05 -0.00027145
sqr.plug       NA          NA
sqr.boot 34234.21 -0.00028711
sgd.boot 10509.40 -0.00015355
sgd.rs         NA          NA
sgd.rs1s   185.13 -0.00019931

 
46647.28 sec elapsed
Replications :  4 
             Time       Bias
qr        1522.34 0.00021226
sqr.plug       NA         NA
sqr.boot 32534.95 0.00036738
sgd.boot 10482.87 0.00022311
sgd.rs         NA         NA
sgd.rs1s   180.44 0.00059988

 
44867.804 sec elapsed
Replications :  5 
             Time         Bias
qr        1486.01 -0.000029934
sqr.plug       NA           NA
sqr.boot 29119.90 -0.000094642
sgd.boot 10486.51 -0.000378311
sgd.rs         NA           NA
sgd.rs1s   176.62 -0.000043246

 
41410.765 sec elapsed
Replications :  6 
             Time        Bias
qr        1468.76 -0.00136312
sqr.plug       NA          NA
sqr.boot 29997.26 -0.00134644
sgd.boot 10320.20 -0.00164951
sgd.rs         NA          NA
sgd.rs1s   170.83 -0.00087441

 
42098.755 sec elapsed
Replications :  7 
             Time         Bias
qr        1437.63  0.000099821
sqr.plug       NA           NA
sqr.boot 31522.40  0.000133950
sgd.boot 10452.37 -0.000124974
sgd.rs         NA           NA
sgd.rs1s   193.28  0.000122277

 
43747.602 sec elapsed
Replications :  8 
             Time         Bias
qr        1752.84  0.000059696
sqr.plug       NA           NA
sqr.boot 37417.84  0.000093710
sgd.boot 11094.02 -0.000144468
sgd.rs         NA           NA
sgd.rs1s   194.14 -0.000400298

 
50609.407 sec elapsed
Replications :  9 
             Time       Bias
qr        1731.04 0.00048036
sqr.plug       NA         NA
sqr.boot 36606.05 0.00043932
sgd.boot 10602.88 0.00015086
sgd.rs         NA         NA
sgd.rs1s   190.58 0.00020823

 
49283.812 sec elapsed
Replications :  10 
             Time       Bias
qr        1538.85 0.00052084
sqr.plug       NA         NA
sqr.boot 33054.32 0.00049999
sgd.boot 10528.01 0.00049334
sgd.rs         NA         NA
sgd.rs1s   183.17 0.00060207

 
45454.321 sec elapsed
