------------------------ 
Sample Size =  100000 
dim of X    =  10 
No. Rep.    =  10 
Total Time  =  32.385 
------------------------ 
            Runtime Coverage CI Length   RMSE   Bias    Sys
QR           0.9134        1    0.0155 0.0022 0.0008 32.385
CONV-PLUG        NA       NA        NA     NA     NA  0.100
CONV-BOOT   16.7152        1    0.0152 0.0021 0.0008  0.000
SGD-Boot    14.5944        1    0.0167 0.0021 0.0005  0.000
SGD-RS       0.1037        1    0.0186 0.0025 0.0009  0.000
SGD-RS-SUBS  0.0583        1    0.0186 0.0025 0.0009  0.000


             Runtime Coverage CI Length   RMSE    Bias    Sys
QR           555.0617   1.0000    0.0049 0.0014  0.0000 5130.2
CONV-PLUG          NA       NA        NA     NA      NA    2.7
CONV-BOOT   3542.0267   1.0000    0.0048 0.0012  0.0000    0.0
SGD-Boot     936.2331   0.9000    0.0097 0.0018 -0.0014    0.0
SGD-RS        88.5439   1.0000    0.0075 0.0011 -0.0003    0.0
SGD-RS-SUBS    8.3687   8.3687   -0.0003 0.0011 -0.0003    0.0


------------------------ 
Sample Size =  1000000 
dim of X    =  80 
No. Rep.    =  10 
Total Time  =  2351.9 
Memory      =  1444735240 
------------------------ 
              Runtime Coverage CI Length   RMSE   Bias    Sys
QR           154.7507   1.0000    0.0049 0.0014 0.0008 2351.9
CONV-PLUG          NA       NA        NA     NA     NA    1.4
CONV-BOOT   1739.3775   1.0000    0.0047 0.0013 0.0008    0.0
SGD-Boot     429.3300   1.0000    0.0061 0.0012 0.0001    0.0
SGD-RS        24.4682   0.9000    0.0087 0.0013 0.0007    0.0
SGD-RS-SUBS    4.0062   4.0062    0.0007 0.0013 0.0007    0.0
