------------------------ 
Sample Size =  100000 
dim of X    =  20 
# of rep    =  10 
------------------------ 
Replications :  1 
             Time      Bias
qr        1.96071 0.0079134
sqr.plug       NA        NA
sqr.boot 46.84884 0.0074750
sgd.boot 23.60901 0.0066255
sgd.rs    0.46687 0.0059027
sgd.rs1s  0.13891 0.0059027

 
73.221 sec elapsed
Replications :  2 
             Time         Bias
qr        1.37645  0.001074136
sqr.plug       NA           NA
sqr.boot 46.36002  0.002111613
sgd.boot 23.60640 -0.000015072
sgd.rs    0.46582  0.004717083
sgd.rs1s  0.14338  0.004717083

 
72.098 sec elapsed
Replications :  3 
             Time        Bias
qr        1.50454  0.00090285
sqr.plug       NA          NA
sqr.boot 45.87478  0.00068303
sgd.boot 23.86300 -0.00010081
sgd.rs    0.42234  0.00100820
sgd.rs1s  0.13374  0.00100820

 
71.952 sec elapsed
Replications :  4 
             Time       Bias
qr        1.33036 -0.0076727
sqr.plug       NA         NA
sqr.boot 45.63122 -0.0076370
sgd.boot 23.72791 -0.0090201
sgd.rs    0.42647 -0.0067544
sgd.rs1s  0.12407 -0.0067544

 
71.393 sec elapsed
Replications :  5 
             Time       Bias
qr        1.35028 -0.0024989
sqr.plug       NA         NA
sqr.boot 44.27670 -0.0024084
sgd.boot 23.63106 -0.0048641
sgd.rs    0.42791 -0.0021858
sgd.rs1s  0.12437 -0.0021858

 
69.969 sec elapsed
Replications :  6 
             Time        Bias
qr        1.36541 -0.00085886
sqr.plug       NA          NA
sqr.boot 43.11369 -0.00055098
sgd.boot 23.80533 -0.00470860
sgd.rs    0.42010 -0.00104988
sgd.rs1s  0.12429 -0.00104988

 
68.99 sec elapsed
Replications :  7 
             Time       Bias
qr        1.35752 -0.0064199
sqr.plug       NA         NA
sqr.boot 42.10337 -0.0070500
sgd.boot 23.84791 -0.0073986
sgd.rs    0.43305 -0.0083237
sgd.rs1s  0.12427 -0.0083237

 
68.024 sec elapsed
Replications :  8 
             Time        Bias
qr        1.34754  0.00100285
sqr.plug       NA          NA
sqr.boot 40.24119  0.00071403
sgd.boot 24.15881 -0.00074380
sgd.rs    0.43847 -0.00213886
sgd.rs1s  0.12363 -0.00213886

 
66.47 sec elapsed
Replications :  9 
             Time      Bias
qr        1.33183 0.0065655
sqr.plug       NA        NA
sqr.boot 37.90972 0.0074386
sgd.boot 24.37983 0.0057807
sgd.rs    0.44091 0.0071101
sgd.rs1s  0.12749 0.0071101

 
64.349 sec elapsed
Replications :  10 
             Time      Bias
qr        1.36126 0.0036787
sqr.plug       NA        NA
sqr.boot 34.95911 0.0037860
sgd.boot 24.61414 0.0045998
sgd.rs    0.44978 0.0048001
sgd.rs1s  0.14045 0.0048001

 
61.683 sec elapsed
