------------------------ 
Sample Size =  100000 
dim of X    =  20 
# of rep    =  10 
------------------------ 
Replications :  1 
             Time        Bias
qr        1.88421  0.00038295
sqr.plug       NA          NA
sqr.boot 29.52079  0.00010014
sgd.boot 23.70538  0.00125915
sgd.rs    0.48522 -0.00010234
sgd.rs1s  0.15009 -0.00010234

 
55.934 sec elapsed
Replications :  2 
             Time       Bias
qr        1.39404 -0.0078296
sqr.plug       NA         NA
sqr.boot 29.30568 -0.0075924
sgd.boot 23.78527 -0.0068798
sgd.rs    0.46937 -0.0092921
sgd.rs1s  0.16453 -0.0092921

 
55.265 sec elapsed
Replications :  3 
             Time      Bias
qr        1.62179 0.0028195
sqr.plug       NA        NA
sqr.boot 29.36975 0.0027911
sgd.boot 23.73765 0.0018076
sgd.rs    0.43989 0.0030717
sgd.rs1s  0.14205 0.0030717

 
55.46 sec elapsed
Replications :  4 
             Time       Bias
qr        1.52532 0.00027761
sqr.plug       NA         NA
sqr.boot 29.59636 0.00121268
sgd.boot 23.72357 0.00086821
sgd.rs    0.41576 0.00286270
sgd.rs1s  0.27478 0.00286270

 
55.695 sec elapsed
Replications :  5 
             Time      Bias
qr        1.44824 0.0048432
sqr.plug       NA        NA
sqr.boot 29.73782 0.0047407
sgd.boot 23.83727 0.0044128
sgd.rs    0.41947 0.0022241
sgd.rs1s  0.13892 0.0022241

 
55.73 sec elapsed
Replications :  6 
             Time      Bias
qr        1.22335 0.0019088
sqr.plug       NA        NA
sqr.boot 29.72617 0.0019326
sgd.boot 23.83521 0.0019582
sgd.rs    0.42771 0.0011796
sgd.rs1s  0.13437 0.0011796

 
55.509 sec elapsed
Replications :  7 
             Time         Bias
qr        1.34722  0.000011427
sqr.plug       NA           NA
sqr.boot 29.69798  0.000478236
sgd.boot 23.78824  0.002122561
sgd.rs    0.44925 -0.000971424
sgd.rs1s  0.13991 -0.000971424

 
55.568 sec elapsed
Replications :  8 
             Time        Bias
qr        1.07627  0.00171159
sqr.plug       NA          NA
sqr.boot 29.75224  0.00203191
sgd.boot 23.95372 -0.00012947
sgd.rs    0.42696  0.00326655
sgd.rs1s  0.13720  0.00326655

 
55.506 sec elapsed
Replications :  9 
             Time      Bias
qr        1.43153 0.0035933
sqr.plug       NA        NA
sqr.boot 29.90574 0.0037662
sgd.boot 23.66194 0.0028300
sgd.rs    0.42927 0.0014959
sgd.rs1s  0.14632 0.0014959

 
55.723 sec elapsed
Replications :  10 
             Time      Bias
qr        1.09444 0.0062879
sqr.plug       NA        NA
sqr.boot 29.86441 0.0057830
sgd.boot 23.85971 0.0049748
sgd.rs    0.42828 0.0089374
sgd.rs1s  0.13564 0.0089374

 
55.677 sec elapsed
