------------------------ 
Sample Size =  100000 
dim of X    =  20 
# of rep    =  10 
------------------------ 
Replications :  1 
             Time      Bias
qr        2.09685 0.0076393
sqr.plug       NA        NA
sqr.boot 42.01006 0.0085231
sgd.boot 23.63328 0.0075217
sgd.rs    0.49335 0.0076804
sgd.rs1s  0.15778 0.0076804

 
68.574 sec elapsed
Replications :  2 
             Time      Bias
qr        2.03815 0.0097024
sqr.plug       NA        NA
sqr.boot 40.78026 0.0100438
sgd.boot 23.47268 0.0076667
sgd.rs    0.44157 0.0063182
sgd.rs1s  0.13963 0.0063182

 
67.025 sec elapsed
Replications :  3 
             Time       Bias
qr        1.40737 -0.0010299
sqr.plug       NA         NA
sqr.boot 42.67455 -0.0011865
sgd.boot 23.67448 -0.0010725
sgd.rs    0.44352 -0.0023203
sgd.rs1s  0.14850 -0.0023203

 
68.51 sec elapsed
Replications :  4 
             Time       Bias
qr        1.67265 0.00048091
sqr.plug       NA         NA
sqr.boot 40.84008 0.00110575
sgd.boot 23.53966 0.00106460
sgd.rs    0.41003 0.00049840
sgd.rs1s  0.15230 0.00049840

 
66.775 sec elapsed
Replications :  5 
             Time        Bias
qr        1.81845 -0.00077616
sqr.plug       NA          NA
sqr.boot 48.60028 -0.00149650
sgd.boot 23.73379  0.00110508
sgd.rs    0.39558 -0.00138497
sgd.rs1s  0.14748 -0.00138497

 
74.853 sec elapsed
Replications :  6 
             Time        Bias
qr        1.29168 -0.00243443
sqr.plug       NA          NA
sqr.boot 42.16177 -0.00128030
sgd.boot 24.08647 -0.00140271
sgd.rs    0.45471  0.00075926
sgd.rs1s  0.14354  0.00075926

 
68.302 sec elapsed
Replications :  7 
             Time      Bias
qr        1.59487 0.0045973
sqr.plug       NA        NA
sqr.boot 41.18446 0.0052130
sgd.boot 23.55508 0.0057786
sgd.rs    0.43670 0.0064885
sgd.rs1s  0.14917 0.0064885

 
67.077 sec elapsed
Replications :  8 
             Time        Bias
qr        1.61960 -0.00142352
sqr.plug       NA          NA
sqr.boot 48.00195 -0.00135802
sgd.boot 23.29681 -0.00140572
sgd.rs    0.47574  0.00041796
sgd.rs1s  0.13658  0.00041796

 
73.687 sec elapsed
Replications :  9 
             Time      Bias
qr        1.20367 0.0068592
sqr.plug       NA        NA
sqr.boot 42.17093 0.0067933
sgd.boot 23.94650 0.0061688
sgd.rs    0.44896 0.0040035
sgd.rs1s  0.13767 0.0040035

 
68.055 sec elapsed
Replications :  10 
             Time      Bias
qr        1.28688 0.0016810
sqr.plug       NA        NA
sqr.boot 40.56347 0.0019263
sgd.boot 23.45920 0.0020568
sgd.rs    0.43387 0.0013366
sgd.rs1s  0.13841 0.0013366

 
66.045 sec elapsed
