------------------------ 
Sample Size =  100000 
dim of X    =  20 
# of rep    =  10 
------------------------ 
Replications :  1 
             Time      Bias
qr        1.74436 0.0026035
sqr.plug       NA        NA
sqr.boot 27.06562 0.0029074
sgd.boot 23.62659 0.0023187
sgd.rs    0.44184 0.0040796
sgd.rs1s  0.13662 0.0040796

 
53.184 sec elapsed
Replications :  2 
             Time      Bias
qr        1.32582 0.0059382
sqr.plug       NA        NA
sqr.boot 26.48499 0.0063387
sgd.boot 23.30647 0.0050103
sgd.rs    0.44262 0.0062886
sgd.rs1s  0.13947 0.0062886

 
51.845 sec elapsed
Replications :  3 
             Time       Bias
qr        1.46508 -0.0029462
sqr.plug       NA         NA
sqr.boot 27.13561 -0.0031914
sgd.boot 23.13540 -0.0079537
sgd.rs    0.40868 -0.0045418
sgd.rs1s  0.13245 -0.0045418

 
52.427 sec elapsed
Replications :  4 
             Time       Bias
qr        1.28052 0.00102849
sqr.plug       NA         NA
sqr.boot 26.98584 0.00052489
sgd.boot 23.08940 0.00310233
sgd.rs    0.39426 0.00184120
sgd.rs1s  0.12527 0.00184120

 
52.024 sec elapsed
Replications :  5 
             Time       Bias
qr        1.24331 -0.0033900
sqr.plug       NA         NA
sqr.boot 26.65324 -0.0024323
sgd.boot 23.10368 -0.0027179
sgd.rs    0.39885 -0.0024149
sgd.rs1s  0.12225 -0.0024149

 
51.679 sec elapsed
Replications :  6 
             Time      Bias
qr        1.28366 0.0056350
sqr.plug       NA        NA
sqr.boot 26.68034 0.0060881
sgd.boot 23.14702 0.0034731
sgd.rs    0.40573 0.0048776
sgd.rs1s  0.12268 0.0048776

 
51.799 sec elapsed
Replications :  7 
             Time      Bias
qr        1.23897 0.0058543
sqr.plug       NA        NA
sqr.boot 26.84220 0.0058017
sgd.boot 23.07695 0.0089405
sgd.rs    0.40243 0.0039311
sgd.rs1s  0.12152 0.0039311

 
51.838 sec elapsed
Replications :  8 
             Time       Bias
qr        1.22926 -0.0044420
sqr.plug       NA         NA
sqr.boot 26.71529 -0.0046520
sgd.boot 23.07041 -0.0067632
sgd.rs    0.39467 -0.0070951
sgd.rs1s  0.12146 -0.0070951

 
51.686 sec elapsed
Replications :  9 
             Time       Bias
qr        1.59707 0.00035337
sqr.plug       NA         NA
sqr.boot 26.35879 0.00119379
sgd.boot 23.07971 0.00251679
sgd.rs    0.42552 0.00120753
sgd.rs1s  0.12998 0.00120753

 
51.751 sec elapsed
Replications :  10 
             Time        Bias
qr        1.17177 -0.00056014
sqr.plug       NA          NA
sqr.boot 27.08459  0.00003908
sgd.boot 22.95879 -0.00191264
sgd.rs    0.41681 -0.00126629
sgd.rs1s  0.12586 -0.00126629

 
51.909 sec elapsed
