------------------------ 
Sample Size =  100000 
dim of X    =  20 
# of rep    =  10 
------------------------ 
Replications :  1 
             Time       Bias
qr        2.39607 -0.0016660
sqr.plug       NA         NA
sqr.boot 47.29203 -0.0011576
sgd.boot 23.45976 -0.0016404
sgd.rs    0.47767 -0.0012114
sgd.rs1s  0.15105 -0.0012114

 
73.965 sec elapsed
Replications :  2 
             Time      Bias
qr        1.97712 0.0040201
sqr.plug       NA        NA
sqr.boot 46.83485 0.0041742
sgd.boot 23.34104 0.0037708
sgd.rs    0.44969 0.0036884
sgd.rs1s  0.15325 0.0036884

 
72.909 sec elapsed
Replications :  3 
             Time       Bias
qr        2.03350 -0.0068276
sqr.plug       NA         NA
sqr.boot 46.60040 -0.0069563
sgd.boot 23.63148 -0.0062272
sgd.rs    0.44078 -0.0060351
sgd.rs1s  0.14194 -0.0060351

 
73.016 sec elapsed
Replications :  4 
             Time       Bias
qr        1.63991 -0.0036264
sqr.plug       NA         NA
sqr.boot 46.49776 -0.0030870
sgd.boot 23.45867 -0.0041924
sgd.rs    0.42900 -0.0013447
sgd.rs1s  0.14952 -0.0013447

 
72.34 sec elapsed
Replications :  5 
             Time      Bias
qr        1.55925 0.0049554
sqr.plug       NA        NA
sqr.boot 45.51395 0.0046591
sgd.boot 23.17337 0.0020800
sgd.rs    0.46079 0.0063579
sgd.rs1s  0.12818 0.0063579

 
70.992 sec elapsed
Replications :  6 
             Time         Bias
qr        1.26092  0.000116413
sqr.plug       NA           NA
sqr.boot 45.47400  0.000071032
sgd.boot 23.60040 -0.002992897
sgd.rs    0.48708  0.000777043
sgd.rs1s  0.13281  0.000777043

 
71.294 sec elapsed
Replications :  7 
             Time      Bias
qr        1.28232 0.0055255
sqr.plug       NA        NA
sqr.boot 44.83226 0.0051667
sgd.boot 23.33025 0.0075437
sgd.rs    0.41943 0.0035677
sgd.rs1s  0.12816 0.0035677

 
70.15 sec elapsed
Replications :  8 
             Time       Bias
qr        1.28873 -0.0024506
sqr.plug       NA         NA
sqr.boot 44.33171 -0.0028426
sgd.boot 23.69094 -0.0031305
sgd.rs    0.45375 -0.0014399
sgd.rs1s  0.13259 -0.0014399

 
70.236 sec elapsed
Replications :  9 
             Time      Bias
qr        1.29811 0.0021790
sqr.plug       NA        NA
sqr.boot 43.67218 0.0030435
sgd.boot 23.38688 0.0042621
sgd.rs    0.43484 0.0018695
sgd.rs1s  0.12514 0.0018695

 
69.085 sec elapsed
Replications :  10 
             Time      Bias
qr        1.25614 0.0026559
sqr.plug       NA        NA
sqr.boot 41.71233 0.0031201
sgd.boot 23.81864 0.0020867
sgd.rs    0.42130 0.0044380
sgd.rs1s  0.13764 0.0044380

 
67.673 sec elapsed
