------------------------ 
Sample Size =  100000 
dim of X    =  20 
# of rep    =  10 
------------------------ 
Replications :  1 
             Time       Bias
qr        2.35210 -0.0010086
sqr.plug       NA         NA
sqr.boot 47.89425 -0.0012784
sgd.boot 23.52634  0.0002322
sgd.rs    0.48836  0.0013230
sgd.rs1s  0.14998  0.0013230

 
74.597 sec elapsed
Replications :  2 
             Time      Bias
qr        2.06814 0.0039201
sqr.plug       NA        NA
sqr.boot 46.79347 0.0037052
sgd.boot 23.34762 0.0037084
sgd.rs    0.45256 0.0060281
sgd.rs1s  0.14711 0.0060281

 
72.961 sec elapsed
Replications :  3 
             Time        Bias
qr        2.05103  0.00034310
sqr.plug       NA          NA
sqr.boot 46.93084  0.00034053
sgd.boot 23.15857 -0.00121969
sgd.rs    0.43273  0.00055759
sgd.rs1s  0.14019  0.00055759

 
72.878 sec elapsed
Replications :  4 
             Time       Bias
qr        1.52733 -0.0060924
sqr.plug       NA         NA
sqr.boot 46.47696 -0.0055887
sgd.boot 23.30311 -0.0069383
sgd.rs    0.41174 -0.0039219
sgd.rs1s  0.13887 -0.0039219

 
72.027 sec elapsed
Replications :  5 
             Time       Bias
qr        1.45430 -0.0079528
sqr.plug       NA         NA
sqr.boot 46.07818 -0.0070394
sgd.boot 23.09675 -0.0075446
sgd.rs    0.47674 -0.0073049
sgd.rs1s  0.12812 -0.0073049

 
71.388 sec elapsed
Replications :  6 
             Time      Bias
qr        1.16822 0.0024756
sqr.plug       NA        NA
sqr.boot 46.49474 0.0021977
sgd.boot 23.33924 0.0013906
sgd.rs    0.45478 0.0018864
sgd.rs1s  0.12628 0.0018864

 
71.912 sec elapsed
Replications :  7 
             Time         Bias
qr        1.18327 -0.000038911
sqr.plug       NA           NA
sqr.boot 46.06411 -0.000148139
sgd.boot 23.25159 -0.002068376
sgd.rs    0.43355 -0.003307490
sgd.rs1s  0.12925 -0.003307490

 
71.222 sec elapsed
Replications :  8 
             Time       Bias
qr        1.01286 -0.0022528
sqr.plug       NA         NA
sqr.boot 45.71863 -0.0032507
sgd.boot 23.49543 -0.0023753
sgd.rs    0.45000 -0.0041756
sgd.rs1s  0.12362 -0.0041756

 
71.119 sec elapsed
Replications :  9 
             Time       Bias
qr        1.35200 -0.0041162
sqr.plug       NA         NA
sqr.boot 45.40515 -0.0046529
sgd.boot 23.51999 -0.0032245
sgd.rs    0.45067 -0.0010765
sgd.rs1s  0.12493 -0.0010765

 
71.01 sec elapsed
Replications :  10 
             Time       Bias
qr        1.34712 -0.0049201
sqr.plug       NA         NA
sqr.boot 44.29898 -0.0050985
sgd.boot 23.79628 -0.0051836
sgd.rs    0.44678 -0.0059796
sgd.rs1s  0.11937 -0.0059796

 
70.161 sec elapsed
