------------------------ 
Sample Size =  100000 
dim of X    =  20 
# of rep    =  10 
------------------------ 
Replications :  1 
             Time        Bias
qr        1.90170 -0.00186656
sqr.plug       NA          NA
sqr.boot 42.74496 -0.00193266
sgd.boot 23.70102 -0.00311856
sgd.rs    0.47774 -0.00033531
sgd.rs1s  0.14748 -0.00033531

 
69.182 sec elapsed
Replications :  2 
             Time       Bias
qr        1.54418 -0.0084082
sqr.plug       NA         NA
sqr.boot 41.69399 -0.0084295
sgd.boot 23.69326 -0.0084181
sgd.rs    0.44783 -0.0085549
sgd.rs1s  0.14498 -0.0085549

 
67.672 sec elapsed
Replications :  3 
             Time       Bias
qr        1.58097 0.00171774
sqr.plug       NA         NA
sqr.boot 42.53374 0.00247356
sgd.boot 24.39576 0.00058115
sgd.rs    0.42893 0.00305805
sgd.rs1s  0.15720 0.00305805

 
69.248 sec elapsed
Replications :  4 
             Time      Bias
qr        1.71955 0.0010420
sqr.plug       NA        NA
sqr.boot 41.76463 0.0013894
sgd.boot 24.25373 0.0027357
sgd.rs    0.43903 0.0011080
sgd.rs1s  0.14297 0.0011080

 
68.478 sec elapsed
Replications :  5 
             Time        Bias
qr        1.94685  0.00230520
sqr.plug       NA          NA
sqr.boot 48.87096  0.00209519
sgd.boot 23.58275 -0.00077166
sgd.rs    0.44153  0.00381329
sgd.rs1s  0.12671  0.00381329

 
75.141 sec elapsed
Replications :  6 
             Time      Bias
qr        1.45229 0.0028886
sqr.plug       NA        NA
sqr.boot 42.95998 0.0027137
sgd.boot 23.81705 0.0021042
sgd.rs    0.45642 0.0013806
sgd.rs1s  0.14652 0.0013806

 
68.993 sec elapsed
Replications :  7 
             Time      Bias
qr        1.99461 0.0013211
sqr.plug       NA        NA
sqr.boot 40.90754 0.0021126
sgd.boot 23.91255 0.0010844
sgd.rs    0.45507 0.0012885
sgd.rs1s  0.15868 0.0012885

 
67.604 sec elapsed
Replications :  8 
             Time        Bias
qr        2.08465  0.00198232
sqr.plug       NA          NA
sqr.boot 47.61855  0.00096395
sgd.boot 24.84531 -0.00289737
sgd.rs    0.48851 -0.00228014
sgd.rs1s  0.14911 -0.00228014

 
75.365 sec elapsed
Replications :  9 
             Time        Bias
qr        1.58108 -0.00076583
sqr.plug       NA          NA
sqr.boot 42.79486 -0.00096304
sgd.boot 23.93988 -0.00349791
sgd.rs    0.46818 -0.00341978
sgd.rs1s  0.16642 -0.00341978

 
69.117 sec elapsed
Replications :  10 
             Time       Bias
qr        2.28710 -0.0084684
sqr.plug       NA         NA
sqr.boot 38.91479 -0.0085229
sgd.boot 23.55552 -0.0080845
sgd.rs    0.46968 -0.0133690
sgd.rs1s  0.14425 -0.0133690

 
65.554 sec elapsed
