------------------------ 
Sample Size =  100000 
dim of X    =  20 
# of rep    =  10 
------------------------ 
Replications :  1 
             Time       Bias
qr        2.54000  0.0017844
sqr.plug       NA         NA
sqr.boot 40.71028  0.0022074
sgd.boot 23.98699 -0.0013548
sgd.rs    0.48881  0.0011342
sgd.rs1s  0.14865  0.0011342

 
68.073 sec elapsed
Replications :  2 
             Time         Bias
qr        1.75198 -0.000172851
sqr.plug       NA           NA
sqr.boot 40.55476 -0.000024486
sgd.boot 23.37794  0.001557564
sgd.rs    0.49126  0.002931348
sgd.rs1s  0.15484  0.002931348

 
66.48 sec elapsed
Replications :  3 
             Time       Bias
qr        2.08159 -0.0013937
sqr.plug       NA         NA
sqr.boot 40.09785 -0.0011883
sgd.boot 23.67137 -0.0049485
sgd.rs    0.44073 -0.0020925
sgd.rs1s  0.13448 -0.0020925

 
66.596 sec elapsed
Replications :  4 
             Time      Bias
qr        1.36985 0.0042899
sqr.plug       NA        NA
sqr.boot 40.83444 0.0036028
sgd.boot 23.40885 0.0015796
sgd.rs    0.46132 0.0037759
sgd.rs1s  0.15457 0.0037759

 
66.384 sec elapsed
Replications :  5 
             Time      Bias
qr        1.54381 0.0037454
sqr.plug       NA        NA
sqr.boot 39.76988 0.0033445
sgd.boot 23.79331 0.0023565
sgd.rs    0.44937 0.0036848
sgd.rs1s  0.12547 0.0036848

 
65.839 sec elapsed
Replications :  6 
             Time        Bias
qr        1.36240  0.00056664
sqr.plug       NA          NA
sqr.boot 38.90548  0.00026737
sgd.boot 23.92292  0.00060179
sgd.rs    0.46793 -0.00148422
sgd.rs1s  0.14154 -0.00148422

 
65.151 sec elapsed
Replications :  7 
             Time        Bias
qr        1.37893 -0.00356476
sqr.plug       NA          NA
sqr.boot 42.79606 -0.00361165
sgd.boot 23.40973 -0.00287657
sgd.rs    0.43401  0.00033022
sgd.rs1s  0.14187  0.00033022

 
68.325 sec elapsed
Replications :  8 
             Time       Bias
qr        1.63910 -0.0048514
sqr.plug       NA         NA
sqr.boot 47.62745 -0.0048892
sgd.boot 24.26109 -0.0072816
sgd.rs    0.42048 -0.0075902
sgd.rs1s  0.12457 -0.0075902

 
74.227 sec elapsed
Replications :  9 
             Time        Bias
qr        1.10556 -0.00061406
sqr.plug       NA          NA
sqr.boot 37.23963 -0.00103629
sgd.boot 24.28768 -0.00412454
sgd.rs    0.46994 -0.00504856
sgd.rs1s  0.14028 -0.00504856

 
63.396 sec elapsed
Replications :  10 
             Time      Bias
qr        1.32800 0.0065422
sqr.plug       NA        NA
sqr.boot 43.76828 0.0070882
sgd.boot 23.47694 0.0062751
sgd.rs    0.45126 0.0054289
sgd.rs1s  0.12009 0.0054289

 
69.303 sec elapsed
