------------------------ 
Sample Size =  100000 
dim of X    =  20 
# of rep    =  10 
------------------------ 
Replications :  1 
             Time       Bias
qr        2.52851 0.00504125
sqr.plug       NA         NA
sqr.boot 41.18488 0.00446024
sgd.boot 24.19336 0.00077601
sgd.rs    0.48878 0.00249608
sgd.rs1s  0.15363 0.00249608

 
68.746 sec elapsed
Replications :  2 
             Time       Bias
qr        1.83251 -0.0045371
sqr.plug       NA         NA
sqr.boot 40.90587 -0.0044452
sgd.boot 23.24310 -0.0043266
sgd.rs    0.43959 -0.0030404
sgd.rs1s  0.15757 -0.0030404

 
66.728 sec elapsed
Replications :  3 
             Time      Bias
qr        1.95004 0.0046346
sqr.plug       NA        NA
sqr.boot 40.61203 0.0049423
sgd.boot 23.68927 0.0042894
sgd.rs    0.42754 0.0024032
sgd.rs1s  0.13234 0.0024032

 
66.975 sec elapsed
Replications :  4 
             Time      Bias
qr        1.80089 0.0041807
sqr.plug       NA        NA
sqr.boot 40.81470 0.0043344
sgd.boot 23.57911 0.0027694
sgd.rs    0.46584 0.0068963
sgd.rs1s  0.16374 0.0068963

 
66.989 sec elapsed
Replications :  5 
             Time       Bias
qr        1.98265 -0.0068708
sqr.plug       NA         NA
sqr.boot 39.41791 -0.0066123
sgd.boot 23.76251 -0.0107128
sgd.rs    0.51312 -0.0080117
sgd.rs1s  0.15569 -0.0080117

 
66.254 sec elapsed
Replications :  6 
             Time       Bias
qr        1.48287 0.00196937
sqr.plug       NA         NA
sqr.boot 39.37101 0.00158035
sgd.boot 23.94146 0.00095349
sgd.rs    0.47916 0.00070343
sgd.rs1s  0.16130 0.00070343

 
65.809 sec elapsed
Replications :  7 
             Time       Bias
qr        1.97463 -0.0061979
sqr.plug       NA         NA
sqr.boot 42.04905 -0.0058834
sgd.boot 23.86874 -0.0077918
sgd.rs    0.45952 -0.0039719
sgd.rs1s  0.16874 -0.0039719

 
68.964 sec elapsed
Replications :  8 
             Time      Bias
qr        2.42039 0.0064429
sqr.plug       NA        NA
sqr.boot 47.31126 0.0057634
sgd.boot 23.84847 0.0037237
sgd.rs    0.46735 0.0044413
sgd.rs1s  0.15439 0.0044413

 
74.398 sec elapsed
Replications :  9 
             Time      Bias
qr        1.75160 0.0043752
sqr.plug       NA        NA
sqr.boot 37.85892 0.0041445
sgd.boot 24.60951 0.0049439
sgd.rs    0.46129 0.0046919
sgd.rs1s  0.15968 0.0046919

 
64.991 sec elapsed
Replications :  10 
             Time       Bias
qr        2.10252 -0.0047742
sqr.plug       NA         NA
sqr.boot 41.68528 -0.0033126
sgd.boot 23.47212 -0.0038602
sgd.rs    0.43625 -0.0034539
sgd.rs1s  0.14404 -0.0034539

 
68.02 sec elapsed
