------------------------ 
Sample Size =  100000 
dim of X    =  20 
# of rep    =  10 
------------------------ 
Replications :  1 
             Time       Bias
qr        2.28585 -0.0073889
sqr.plug       NA         NA
sqr.boot 41.60099 -0.0071551
sgd.boot 23.61545 -0.0098539
sgd.rs    0.46367 -0.0074541
sgd.rs1s  0.15430 -0.0074541

 
68.327 sec elapsed
Replications :  2 
             Time        Bias
qr        1.76917  0.00131118
sqr.plug       NA          NA
sqr.boot 40.64617  0.00109302
sgd.boot 23.72330  0.00140494
sgd.rs    0.43001 -0.00065551
sgd.rs1s  0.33013 -0.00065551

 
67.059 sec elapsed
Replications :  3 
             Time       Bias
qr        1.38560 -0.0013252
sqr.plug       NA         NA
sqr.boot 41.60945 -0.0015457
sgd.boot 23.50007 -0.0031948
sgd.rs    0.45309  0.0029514
sgd.rs1s  0.14326  0.0029514

 
67.245 sec elapsed
Replications :  4 
             Time        Bias
qr        1.53463 -0.00256972
sqr.plug       NA          NA
sqr.boot 40.32379 -0.00262150
sgd.boot 23.85183 -0.00250824
sgd.rs    0.43159  0.00023084
sgd.rs1s  0.12939  0.00023084

 
66.428 sec elapsed
Replications :  5 
             Time       Bias
qr        1.28688 -0.0071443
sqr.plug       NA         NA
sqr.boot 42.02474 -0.0064114
sgd.boot 23.41418 -0.0055390
sgd.rs    0.44690 -0.0039705
sgd.rs1s  0.15234 -0.0039705

 
67.486 sec elapsed
Replications :  6 
             Time      Bias
qr        1.56184 0.0051401
sqr.plug       NA        NA
sqr.boot 48.25308 0.0053926
sgd.boot 23.91934 0.0042684
sgd.rs    0.46178 0.0052275
sgd.rs1s  0.13631 0.0052275

 
74.506 sec elapsed
Replications :  7 
             Time        Bias
qr        1.69384 -0.00130913
sqr.plug       NA          NA
sqr.boot 38.93005 -0.00197171
sgd.boot 23.88638  0.00060024
sgd.rs    0.46477 -0.00403825
sgd.rs1s  0.14033 -0.00403825

 
65.28 sec elapsed
Replications :  8 
             Time      Bias
qr        1.62483 0.0031171
sqr.plug       NA        NA
sqr.boot 44.08473 0.0033594
sgd.boot 23.60871 0.0023440
sgd.rs    0.44482 0.0048937
sgd.rs1s  0.14009 0.0048937

 
70.068 sec elapsed
Replications :  9 
             Time      Bias
qr        1.35075 0.0018200
sqr.plug       NA        NA
sqr.boot 47.67006 0.0019190
sgd.boot 23.81534 0.0018830
sgd.rs    0.40570 0.0040627
sgd.rs1s  0.12522 0.0040627

 
73.528 sec elapsed
Replications :  10 
             Time      Bias
qr        1.26117 0.0050255
sqr.plug       NA        NA
sqr.boot 37.40387 0.0054006
sgd.boot 23.95719 0.0047247
sgd.rs    0.44471 0.0069417
sgd.rs1s  0.13907 0.0069417

 
63.36 sec elapsed
