------------------------ 
Sample Size =  100000 
dim of X    =  80 
# of rep    =  10 
------------------------ 
Replications :  1 
           Time       Bias
qr           NA         NA
sqr.plug 290.64 -0.0040077
sqr.boot     NA         NA
sgd.boot     NA         NA
sgd.rs       NA         NA
sgd.rs1s     NA         NA

 
291.907 sec elapsed
Replications :  2 
           Time       Bias
qr           NA         NA
sqr.plug 347.27 -0.0016621
sqr.boot     NA         NA
sgd.boot     NA         NA
sgd.rs       NA         NA
sgd.rs1s     NA         NA

 
360.03 sec elapsed
Replications :  3 
           Time      Bias
qr           NA        NA
sqr.plug 340.24 0.0009925
sqr.boot     NA        NA
sgd.boot     NA        NA
sgd.rs       NA        NA
sgd.rs1s     NA        NA

 
350.622 sec elapsed
Replications :  4 
           Time       Bias
qr           NA         NA
sqr.plug 324.75 -0.0054437
sqr.boot     NA         NA
sgd.boot     NA         NA
sgd.rs       NA         NA
sgd.rs1s     NA         NA

 
339.246 sec elapsed
Replications :  5 
           Time        Bias
qr           NA          NA
sqr.plug 363.61 -0.00066078
sqr.boot     NA          NA
sgd.boot     NA          NA
sgd.rs       NA          NA
sgd.rs1s     NA          NA

 
376.012 sec elapsed
Replications :  6 
           Time       Bias
qr           NA         NA
sqr.plug 327.11 -0.0046776
sqr.boot     NA         NA
sgd.boot     NA         NA
sgd.rs       NA         NA
sgd.rs1s     NA         NA

 
339.761 sec elapsed
Replications :  7 
          Time       Bias
qr          NA         NA
sqr.plug 372.4 -0.0042303
sqr.boot    NA         NA
sgd.boot    NA         NA
sgd.rs      NA         NA
sgd.rs1s    NA         NA

 
384.014 sec elapsed
Replications :  8 
           Time      Bias
qr           NA        NA
sqr.plug 284.92 0.0063355
sqr.boot     NA        NA
sgd.boot     NA        NA
sgd.rs       NA        NA
sgd.rs1s     NA        NA

 
296.496 sec elapsed
Replications :  9 
           Time       Bias
qr           NA         NA
sqr.plug 351.95 -0.0042836
sqr.boot     NA         NA
sgd.boot     NA         NA
sgd.rs       NA         NA
sgd.rs1s     NA         NA

 
360.53 sec elapsed
Replications :  10 
          Time       Bias
qr          NA         NA
sqr.plug 407.7 -0.0036775
sqr.boot    NA         NA
sgd.boot    NA         NA
sgd.rs      NA         NA
sgd.rs1s    NA         NA

 
420.381 sec elapsed
