------------------------ 
Sample Size =  100000 
dim of X    =  80 
# of rep    =  10 
------------------------ 
Replications :  1 
           Time       Bias
qr           NA         NA
sqr.plug 251.27 -0.0054525
sqr.boot     NA         NA
sgd.boot     NA         NA
sgd.rs       NA         NA
sgd.rs1s     NA         NA

 
252.004 sec elapsed
Replications :  2 
          Time       Bias
qr          NA         NA
sqr.plug 273.3 0.00038471
sqr.boot    NA         NA
sgd.boot    NA         NA
sgd.rs      NA         NA
sgd.rs1s    NA         NA

 
278.522 sec elapsed
Replications :  3 
           Time       Bias
qr           NA         NA
sqr.plug 275.75 -0.0061711
sqr.boot     NA         NA
sgd.boot     NA         NA
sgd.rs       NA         NA
sgd.rs1s     NA         NA

 
280.686 sec elapsed
Replications :  4 
          Time      Bias
qr          NA        NA
sqr.plug 278.2 0.0029362
sqr.boot    NA        NA
sgd.boot    NA        NA
sgd.rs      NA        NA
sgd.rs1s    NA        NA

 
283.091 sec elapsed
Replications :  5 
           Time       Bias
qr           NA         NA
sqr.plug 276.39 -0.0020157
sqr.boot     NA         NA
sgd.boot     NA         NA
sgd.rs       NA         NA
sgd.rs1s     NA         NA

 
281.281 sec elapsed
Replications :  6 
           Time        Bias
qr           NA          NA
sqr.plug 277.14 -0.00082401
sqr.boot     NA          NA
sgd.boot     NA          NA
sgd.rs       NA          NA
sgd.rs1s     NA          NA

 
282.04 sec elapsed
Replications :  7 
           Time       Bias
qr           NA         NA
sqr.plug 276.75 -0.0014715
sqr.boot     NA         NA
sgd.boot     NA         NA
sgd.rs       NA         NA
sgd.rs1s     NA         NA

 
281.631 sec elapsed
Replications :  8 
           Time       Bias
qr           NA         NA
sqr.plug 277.42 -0.0041268
sqr.boot     NA         NA
sgd.boot     NA         NA
sgd.rs       NA         NA
sgd.rs1s     NA         NA

 
282.301 sec elapsed
Replications :  9 
           Time      Bias
qr           NA        NA
sqr.plug 277.71 0.0010591
sqr.boot     NA        NA
sgd.boot     NA        NA
sgd.rs       NA        NA
sgd.rs1s     NA        NA

 
282.61 sec elapsed
Replications :  10 
          Time     Bias
qr          NA       NA
sqr.plug 276.5 0.002429
sqr.boot    NA       NA
sgd.boot    NA       NA
sgd.rs      NA       NA
sgd.rs1s    NA       NA

 
281.394 sec elapsed
