------------------------ 
Sample Size =  100000 
dim of X    =  80 
# of rep    =  10 
------------------------ 
Replications :  1 
           Time      Bias
qr           NA        NA
sqr.plug 305.02 0.0046166
sqr.boot     NA        NA
sgd.boot     NA        NA
sgd.rs       NA        NA
sgd.rs1s     NA        NA

 
306.288 sec elapsed
Replications :  2 
           Time       Bias
qr           NA         NA
sqr.plug 277.39 -0.0032381
sqr.boot     NA         NA
sgd.boot     NA         NA
sgd.rs       NA         NA
sgd.rs1s     NA         NA

 
286.877 sec elapsed
Replications :  3 
           Time     Bias
qr           NA       NA
sqr.plug 323.49 0.001933
sqr.boot     NA       NA
sgd.boot     NA       NA
sgd.rs       NA       NA
sgd.rs1s     NA       NA

 
330.939 sec elapsed
Replications :  4 
           Time      Bias
qr           NA        NA
sqr.plug 329.82 0.0021064
sqr.boot     NA        NA
sgd.boot     NA        NA
sgd.rs       NA        NA
sgd.rs1s     NA        NA

 
338.236 sec elapsed
Replications :  5 
           Time       Bias
qr           NA         NA
sqr.plug 339.22 -0.0015466
sqr.boot     NA         NA
sgd.boot     NA         NA
sgd.rs       NA         NA
sgd.rs1s     NA         NA

 
346.989 sec elapsed
Replications :  6 
           Time      Bias
qr           NA        NA
sqr.plug 409.17 0.0037679
sqr.boot     NA        NA
sgd.boot     NA        NA
sgd.rs       NA        NA
sgd.rs1s     NA        NA

 
418.163 sec elapsed
Replications :  7 
           Time        Bias
qr           NA          NA
sqr.plug 300.08 -0.00090343
sqr.boot     NA          NA
sgd.boot     NA          NA
sgd.rs       NA          NA
sgd.rs1s     NA          NA

 
312.077 sec elapsed
Replications :  8 
           Time       Bias
qr           NA         NA
sqr.plug 293.12 0.00078535
sqr.boot     NA         NA
sgd.boot     NA         NA
sgd.rs       NA         NA
sgd.rs1s     NA         NA

 
298.215 sec elapsed
Replications :  9 
           Time      Bias
qr           NA        NA
sqr.plug 297.39 0.0031603
sqr.boot     NA        NA
sgd.boot     NA        NA
sgd.rs       NA        NA
sgd.rs1s     NA        NA

 
303.18 sec elapsed
Replications :  10 
           Time       Bias
qr           NA         NA
sqr.plug 331.67 -0.0019557
sqr.boot     NA         NA
sgd.boot     NA         NA
sgd.rs       NA         NA
sgd.rs1s     NA         NA

 
335.98 sec elapsed
