------------------------ 
Sample Size =  100000 
dim of X    =  80 
# of rep    =  10 
------------------------ 
Replications :  1 
           Time       Bias
qr           NA         NA
sqr.plug 244.87 -0.0048116
sqr.boot     NA         NA
sgd.boot     NA         NA
sgd.rs       NA         NA
sgd.rs1s     NA         NA

 
245.601 sec elapsed
Replications :  2 
           Time       Bias
qr           NA         NA
sqr.plug 273.51 -0.0022333
sqr.boot     NA         NA
sgd.boot     NA         NA
sgd.rs       NA         NA
sgd.rs1s     NA         NA

 
278.352 sec elapsed
Replications :  3 
           Time      Bias
qr           NA        NA
sqr.plug 274.58 0.0054722
sqr.boot     NA        NA
sgd.boot     NA        NA
sgd.rs       NA        NA
sgd.rs1s     NA        NA

 
279.359 sec elapsed
Replications :  4 
           Time       Bias
qr           NA         NA
sqr.plug 274.23 -0.0024683
sqr.boot     NA         NA
sgd.boot     NA         NA
sgd.rs       NA         NA
sgd.rs1s     NA         NA

 
279.056 sec elapsed
Replications :  5 
           Time      Bias
qr           NA        NA
sqr.plug 274.85 0.0035457
sqr.boot     NA        NA
sgd.boot     NA        NA
sgd.rs       NA        NA
sgd.rs1s     NA        NA

 
279.676 sec elapsed
Replications :  6 
          Time     Bias
qr          NA       NA
sqr.plug 273.8 0.004828
sqr.boot    NA       NA
sgd.boot    NA       NA
sgd.rs      NA       NA
sgd.rs1s    NA       NA

 
278.893 sec elapsed
Replications :  7 
           Time      Bias
qr           NA        NA
sqr.plug 273.79 0.0037951
sqr.boot     NA        NA
sgd.boot     NA        NA
sgd.rs       NA        NA
sgd.rs1s     NA        NA

 
278.61 sec elapsed
Replications :  8 
           Time       Bias
qr           NA         NA
sqr.plug 273.16 0.00054442
sqr.boot     NA         NA
sgd.boot     NA         NA
sgd.rs       NA         NA
sgd.rs1s     NA         NA

 
277.98 sec elapsed
Replications :  9 
           Time       Bias
qr           NA         NA
sqr.plug 273.52 -0.0038579
sqr.boot     NA         NA
sgd.boot     NA         NA
sgd.rs       NA         NA
sgd.rs1s     NA         NA

 
278.337 sec elapsed
Replications :  10 
           Time      Bias
qr           NA        NA
sqr.plug 273.18 0.0019215
sqr.boot     NA        NA
sgd.boot     NA        NA
sgd.rs       NA        NA
sgd.rs1s     NA        NA

 
277.998 sec elapsed
