------------------------ 
Sample Size =  100000 
dim of X    =  80 
# of rep    =  10 
------------------------ 
Replications :  1 
           Time     Bias
qr           NA       NA
sqr.plug 321.82 0.001858
sqr.boot     NA       NA
sgd.boot     NA       NA
sgd.rs       NA       NA
sgd.rs1s     NA       NA

 
322.985 sec elapsed
Replications :  2 
           Time         Bias
qr           NA           NA
sqr.plug 383.81 -0.000046107
sqr.boot     NA           NA
sgd.boot     NA           NA
sgd.rs       NA           NA
sgd.rs1s     NA           NA

 
397.395 sec elapsed
Replications :  3 
           Time       Bias
qr           NA         NA
sqr.plug 329.44 -0.0013197
sqr.boot     NA         NA
sgd.boot     NA         NA
sgd.rs       NA         NA
sgd.rs1s     NA         NA

 
339.319 sec elapsed
Replications :  4 
           Time       Bias
qr           NA         NA
sqr.plug 348.13 -0.0012945
sqr.boot     NA         NA
sgd.boot     NA         NA
sgd.rs       NA         NA
sgd.rs1s     NA         NA

 
359.197 sec elapsed
Replications :  5 
           Time        Bias
qr           NA          NA
sqr.plug 346.17 -0.00015631
sqr.boot     NA          NA
sgd.boot     NA          NA
sgd.rs       NA          NA
sgd.rs1s     NA          NA

 
356.624 sec elapsed
Replications :  6 
           Time       Bias
qr           NA         NA
sqr.plug 340.74 0.00088993
sqr.boot     NA         NA
sgd.boot     NA         NA
sgd.rs       NA         NA
sgd.rs1s     NA         NA

 
351.512 sec elapsed
Replications :  7 
           Time       Bias
qr           NA         NA
sqr.plug 354.88 -0.0013874
sqr.boot     NA         NA
sgd.boot     NA         NA
sgd.rs       NA         NA
sgd.rs1s     NA         NA

 
368.521 sec elapsed
Replications :  8 
           Time      Bias
qr           NA        NA
sqr.plug 399.33 0.0019718
sqr.boot     NA        NA
sgd.boot     NA        NA
sgd.rs       NA        NA
sgd.rs1s     NA        NA

 
410.227 sec elapsed
Replications :  9 
           Time      Bias
qr           NA        NA
sqr.plug 314.13 0.0090197
sqr.boot     NA        NA
sgd.boot     NA        NA
sgd.rs       NA        NA
sgd.rs1s     NA        NA

 
327.238 sec elapsed
Replications :  10 
           Time       Bias
qr           NA         NA
sqr.plug 302.17 -0.0017302
sqr.boot     NA         NA
sgd.boot     NA         NA
sgd.rs       NA         NA
sgd.rs1s     NA         NA

 
312.392 sec elapsed
