------------------------ 
Sample Size =  100000 
dim of X    =  80 
# of rep    =  10 
------------------------ 
Replications :  1 
           Time      Bias
qr           NA        NA
sqr.plug 336.61 0.0030107
sqr.boot     NA        NA
sgd.boot     NA        NA
sgd.rs       NA        NA
sgd.rs1s     NA        NA

 
337.691 sec elapsed
Replications :  2 
          Time      Bias
qr          NA        NA
sqr.plug 319.7 0.0013428
sqr.boot    NA        NA
sgd.boot    NA        NA
sgd.rs      NA        NA
sgd.rs1s    NA        NA

 
328.284 sec elapsed
Replications :  3 
           Time      Bias
qr           NA        NA
sqr.plug 326.06 0.0037804
sqr.boot     NA        NA
sgd.boot     NA        NA
sgd.rs       NA        NA
sgd.rs1s     NA        NA

 
337.107 sec elapsed
Replications :  4 
           Time       Bias
qr           NA         NA
sqr.plug 339.53 -0.0041805
sqr.boot     NA         NA
sgd.boot     NA         NA
sgd.rs       NA         NA
sgd.rs1s     NA         NA

 
353.919 sec elapsed
Replications :  5 
           Time       Bias
qr           NA         NA
sqr.plug 347.45 -0.0047348
sqr.boot     NA         NA
sgd.boot     NA         NA
sgd.rs       NA         NA
sgd.rs1s     NA         NA

 
358.831 sec elapsed
Replications :  6 
           Time       Bias
qr           NA         NA
sqr.plug 318.94 -0.0018056
sqr.boot     NA         NA
sgd.boot     NA         NA
sgd.rs       NA         NA
sgd.rs1s     NA         NA

 
330.359 sec elapsed
Replications :  7 
           Time     Bias
qr           NA       NA
sqr.plug 306.07 0.001403
sqr.boot     NA       NA
sgd.boot     NA       NA
sgd.rs       NA       NA
sgd.rs1s     NA       NA

 
318.014 sec elapsed
Replications :  8 
           Time      Bias
qr           NA        NA
sqr.plug 325.32 0.0019526
sqr.boot     NA        NA
sgd.boot     NA        NA
sgd.rs       NA        NA
sgd.rs1s     NA        NA

 
337.236 sec elapsed
Replications :  9 
           Time       Bias
qr           NA         NA
sqr.plug 292.39 -0.0014716
sqr.boot     NA         NA
sgd.boot     NA         NA
sgd.rs       NA         NA
sgd.rs1s     NA         NA

 
303.829 sec elapsed
Replications :  10 
           Time      Bias
qr           NA        NA
sqr.plug 308.88 0.0054137
sqr.boot     NA        NA
sgd.boot     NA        NA
sgd.rs       NA        NA
sgd.rs1s     NA        NA

 
320.583 sec elapsed
