------------------------ 
Sample Size =  100000 
dim of X    =  80 
# of rep    =  10 
------------------------ 
Replications :  1 
          Time       Bias
qr          NA         NA
sqr.plug 370.8 0.00058353
sqr.boot    NA         NA
sgd.boot    NA         NA
sgd.rs      NA         NA
sgd.rs1s    NA         NA

 
372.204 sec elapsed
Replications :  2 
           Time      Bias
qr           NA        NA
sqr.plug 350.64 0.0068104
sqr.boot     NA        NA
sgd.boot     NA        NA
sgd.rs       NA        NA
sgd.rs1s     NA        NA

 
359.974 sec elapsed
Replications :  3 
           Time      Bias
qr           NA        NA
sqr.plug 309.35 0.0044273
sqr.boot     NA        NA
sgd.boot     NA        NA
sgd.rs       NA        NA
sgd.rs1s     NA        NA

 
317.493 sec elapsed
Replications :  4 
           Time      Bias
qr           NA        NA
sqr.plug 311.23 0.0022615
sqr.boot     NA        NA
sgd.boot     NA        NA
sgd.rs       NA        NA
sgd.rs1s     NA        NA

 
317.792 sec elapsed
Replications :  5 
           Time       Bias
qr           NA         NA
sqr.plug 329.66 -0.0031711
sqr.boot     NA         NA
sgd.boot     NA         NA
sgd.rs       NA         NA
sgd.rs1s     NA         NA

 
337.192 sec elapsed
Replications :  6 
           Time       Bias
qr           NA         NA
sqr.plug 319.17 0.00068428
sqr.boot     NA         NA
sgd.boot     NA         NA
sgd.rs       NA         NA
sgd.rs1s     NA         NA

 
329.551 sec elapsed
Replications :  7 
           Time        Bias
qr           NA          NA
sqr.plug 335.86 -0.00056205
sqr.boot     NA          NA
sgd.boot     NA          NA
sgd.rs       NA          NA
sgd.rs1s     NA          NA

 
345.97 sec elapsed
Replications :  8 
           Time       Bias
qr           NA         NA
sqr.plug 300.86 -0.0022566
sqr.boot     NA         NA
sgd.boot     NA         NA
sgd.rs       NA         NA
sgd.rs1s     NA         NA

 
311.553 sec elapsed
Replications :  9 
          Time       Bias
qr          NA         NA
sqr.plug 304.6 -0.0015394
sqr.boot    NA         NA
sgd.boot    NA         NA
sgd.rs      NA         NA
sgd.rs1s    NA         NA

 
310.426 sec elapsed
Replications :  10 
           Time     Bias
qr           NA       NA
sqr.plug 311.52 -0.00565
sqr.boot     NA       NA
sgd.boot     NA       NA
sgd.rs       NA       NA
sgd.rs1s     NA       NA

 
318.339 sec elapsed
