------------------------ 
Sample Size =  100000 
dim of X    =  80 
# of rep    =  10 
------------------------ 
Replications :  1 
           Time       Bias
qr           NA         NA
sqr.plug 259.46 -0.0035591
sqr.boot     NA         NA
sgd.boot     NA         NA
sgd.rs       NA         NA
sgd.rs1s     NA         NA

 
260.218 sec elapsed
Replications :  2 
           Time       Bias
qr           NA         NA
sqr.plug 286.29 -0.0018816
sqr.boot     NA         NA
sgd.boot     NA         NA
sgd.rs       NA         NA
sgd.rs1s     NA         NA

 
291.642 sec elapsed
Replications :  3 
           Time      Bias
qr           NA        NA
sqr.plug 286.62 0.0057723
sqr.boot     NA        NA
sgd.boot     NA        NA
sgd.rs       NA        NA
sgd.rs1s     NA        NA

 
292.266 sec elapsed
Replications :  4 
           Time      Bias
qr           NA        NA
sqr.plug 286.21 0.0033105
sqr.boot     NA        NA
sgd.boot     NA        NA
sgd.rs       NA        NA
sgd.rs1s     NA        NA

 
291.579 sec elapsed
Replications :  5 
           Time       Bias
qr           NA         NA
sqr.plug 287.03 -0.0037784
sqr.boot     NA         NA
sgd.boot     NA         NA
sgd.rs       NA         NA
sgd.rs1s     NA         NA

 
292.697 sec elapsed
Replications :  6 
           Time      Bias
qr           NA        NA
sqr.plug 285.67 0.0035618
sqr.boot     NA        NA
sgd.boot     NA        NA
sgd.rs       NA        NA
sgd.rs1s     NA        NA

 
290.999 sec elapsed
Replications :  7 
           Time      Bias
qr           NA        NA
sqr.plug 287.11 0.0064308
sqr.boot     NA        NA
sgd.boot     NA        NA
sgd.rs       NA        NA
sgd.rs1s     NA        NA

 
292.474 sec elapsed
Replications :  8 
           Time      Bias
qr           NA        NA
sqr.plug 285.88 0.0026325
sqr.boot     NA        NA
sgd.boot     NA        NA
sgd.rs       NA        NA
sgd.rs1s     NA        NA

 
291.218 sec elapsed
Replications :  9 
           Time      Bias
qr           NA        NA
sqr.plug 286.76 0.0055782
sqr.boot     NA        NA
sgd.boot     NA        NA
sgd.rs       NA        NA
sgd.rs1s     NA        NA

 
292.097 sec elapsed
Replications :  10 
           Time      Bias
qr           NA        NA
sqr.plug 286.89 0.0022905
sqr.boot     NA        NA
sgd.boot     NA        NA
sgd.rs       NA        NA
sgd.rs1s     NA        NA

 
292.255 sec elapsed
