------------------------ 
Sample Size =  100000 
dim of X    =  80 
# of rep    =  10 
------------------------ 
Replications :  1 
           Time      Bias
qr           NA        NA
sqr.plug 247.29 0.0013041
sqr.boot     NA        NA
sgd.boot     NA        NA
sgd.rs       NA        NA
sgd.rs1s     NA        NA

 
248.139 sec elapsed
Replications :  2 
           Time       Bias
qr           NA         NA
sqr.plug 273.38 -0.0057498
sqr.boot     NA         NA
sgd.boot     NA         NA
sgd.rs       NA         NA
sgd.rs1s     NA         NA

 
278.152 sec elapsed
Replications :  3 
           Time      Bias
qr           NA        NA
sqr.plug 273.19 -0.001249
sqr.boot     NA        NA
sgd.boot     NA        NA
sgd.rs       NA        NA
sgd.rs1s     NA        NA

 
277.992 sec elapsed
Replications :  4 
           Time      Bias
qr           NA        NA
sqr.plug 273.35 0.0043911
sqr.boot     NA        NA
sgd.boot     NA        NA
sgd.rs       NA        NA
sgd.rs1s     NA        NA

 
278.14 sec elapsed
Replications :  5 
           Time       Bias
qr           NA         NA
sqr.plug 272.42 0.00092298
sqr.boot     NA         NA
sgd.boot     NA         NA
sgd.rs       NA         NA
sgd.rs1s     NA         NA

 
277.183 sec elapsed
Replications :  6 
           Time        Bias
qr           NA          NA
sqr.plug 272.63 -0.00055131
sqr.boot     NA          NA
sgd.boot     NA          NA
sgd.rs       NA          NA
sgd.rs1s     NA          NA

 
277.393 sec elapsed
Replications :  7 
           Time      Bias
qr           NA        NA
sqr.plug 272.94 0.0048971
sqr.boot     NA        NA
sgd.boot     NA        NA
sgd.rs       NA        NA
sgd.rs1s     NA        NA

 
277.694 sec elapsed
Replications :  8 
           Time       Bias
qr           NA         NA
sqr.plug 273.72 -0.0013853
sqr.boot     NA         NA
sgd.boot     NA         NA
sgd.rs       NA         NA
sgd.rs1s     NA         NA

 
278.486 sec elapsed
Replications :  9 
           Time        Bias
qr           NA          NA
sqr.plug 269.19 -0.00012836
sqr.boot     NA          NA
sgd.boot     NA          NA
sgd.rs       NA          NA
sgd.rs1s     NA          NA

 
273.96 sec elapsed
Replications :  10 
           Time        Bias
qr           NA          NA
sqr.plug 272.22 -0.00042089
sqr.boot     NA          NA
sgd.boot     NA          NA
sgd.rs       NA          NA
sgd.rs1s     NA          NA

 
276.993 sec elapsed
