------------------------ 
Sample Size =  100000 
dim of X    =  80 
# of rep    =  10 
------------------------ 
Replications :  1 
           Time       Bias
qr           NA         NA
sqr.plug 256.33 -0.0031215
sqr.boot     NA         NA
sgd.boot     NA         NA
sgd.rs       NA         NA
sgd.rs1s     NA         NA

 
257.101 sec elapsed
Replications :  2 
           Time      Bias
qr           NA        NA
sqr.plug 281.69 -0.000988
sqr.boot     NA        NA
sgd.boot     NA        NA
sgd.rs       NA        NA
sgd.rs1s     NA        NA

 
286.471 sec elapsed
Replications :  3 
           Time      Bias
qr           NA        NA
sqr.plug 282.28 -0.003925
sqr.boot     NA        NA
sgd.boot     NA        NA
sgd.rs       NA        NA
sgd.rs1s     NA        NA

 
287.085 sec elapsed
Replications :  4 
           Time      Bias
qr           NA        NA
sqr.plug 281.99 0.0011752
sqr.boot     NA        NA
sgd.boot     NA        NA
sgd.rs       NA        NA
sgd.rs1s     NA        NA

 
286.795 sec elapsed
Replications :  5 
           Time       Bias
qr           NA         NA
sqr.plug 281.65 0.00010305
sqr.boot     NA         NA
sgd.boot     NA         NA
sgd.rs       NA         NA
sgd.rs1s     NA         NA

 
286.45 sec elapsed
Replications :  6 
         Time       Bias
qr         NA         NA
sqr.plug  282 -0.0059276
sqr.boot   NA         NA
sgd.boot   NA         NA
sgd.rs     NA         NA
sgd.rs1s   NA         NA

 
286.805 sec elapsed
Replications :  7 
           Time     Bias
qr           NA       NA
sqr.plug 283.08 0.003776
sqr.boot     NA       NA
sgd.boot     NA       NA
sgd.rs       NA       NA
sgd.rs1s     NA       NA

 
288.143 sec elapsed
Replications :  8 
           Time     Bias
qr           NA       NA
sqr.plug 282.99 0.000676
sqr.boot     NA       NA
sgd.boot     NA       NA
sgd.rs       NA       NA
sgd.rs1s     NA       NA

 
287.808 sec elapsed
Replications :  9 
           Time      Bias
qr           NA        NA
sqr.plug 281.98 0.0040112
sqr.boot     NA        NA
sgd.boot     NA        NA
sgd.rs       NA        NA
sgd.rs1s     NA        NA

 
286.794 sec elapsed
Replications :  10 
           Time      Bias
qr           NA        NA
sqr.plug 282.46 0.0033568
sqr.boot     NA        NA
sgd.boot     NA        NA
sgd.rs       NA        NA
sgd.rs1s     NA        NA

 
287.273 sec elapsed
