------------------------ 
Sample Size =  100000 
dim of X    =  80 
# of rep    =  10 
------------------------ 
Replications :  1 
           Time      Bias
qr           NA        NA
sqr.plug 275.53 0.0088207
sqr.boot     NA        NA
sgd.boot     NA        NA
sgd.rs       NA        NA
sgd.rs1s     NA        NA

 
276.304 sec elapsed
Replications :  2 
           Time       Bias
qr           NA         NA
sqr.plug 276.24 -0.0010188
sqr.boot     NA         NA
sgd.boot     NA         NA
sgd.rs       NA         NA
sgd.rs1s     NA         NA

 
281.154 sec elapsed
Replications :  3 
           Time      Bias
qr           NA        NA
sqr.plug 274.51 0.0016951
sqr.boot     NA        NA
sgd.boot     NA        NA
sgd.rs       NA        NA
sgd.rs1s     NA        NA

 
279.387 sec elapsed
Replications :  4 
           Time       Bias
qr           NA         NA
sqr.plug 274.61 -0.0027838
sqr.boot     NA         NA
sgd.boot     NA         NA
sgd.rs       NA         NA
sgd.rs1s     NA         NA

 
279.797 sec elapsed
Replications :  5 
         Time        Bias
qr         NA          NA
sqr.plug  275 -0.00016226
sqr.boot   NA          NA
sgd.boot   NA          NA
sgd.rs     NA          NA
sgd.rs1s   NA          NA

 
279.867 sec elapsed
Replications :  6 
           Time      Bias
qr           NA        NA
sqr.plug 275.55 -0.010883
sqr.boot     NA        NA
sgd.boot     NA        NA
sgd.rs       NA        NA
sgd.rs1s     NA        NA

 
280.425 sec elapsed
Replications :  7 
           Time       Bias
qr           NA         NA
sqr.plug 274.73 -0.0017603
sqr.boot     NA         NA
sgd.boot     NA         NA
sgd.rs       NA         NA
sgd.rs1s     NA         NA

 
279.933 sec elapsed
Replications :  8 
           Time       Bias
qr           NA         NA
sqr.plug 274.79 -0.0028385
sqr.boot     NA         NA
sgd.boot     NA         NA
sgd.rs       NA         NA
sgd.rs1s     NA         NA

 
279.647 sec elapsed
Replications :  9 
           Time        Bias
qr           NA          NA
sqr.plug 274.42 -0.00063224
sqr.boot     NA          NA
sgd.boot     NA          NA
sgd.rs       NA          NA
sgd.rs1s     NA          NA

 
279.288 sec elapsed
Replications :  10 
           Time       Bias
qr           NA         NA
sqr.plug 274.98 0.00084369
sqr.boot     NA         NA
sgd.boot     NA         NA
sgd.rs       NA         NA
sgd.rs1s     NA         NA

 
279.841 sec elapsed
