------------------------ 
Sample Size =  100000 
dim of X    =  80 
# of rep    =  10 
------------------------ 
Replications :  1 
           Time       Bias
qr           NA         NA
sqr.plug 263.73 0.00066078
sqr.boot     NA         NA
sgd.boot     NA         NA
sgd.rs       NA         NA
sgd.rs1s     NA         NA

 
264.514 sec elapsed
Replications :  2 
           Time      Bias
qr           NA        NA
sqr.plug 290.65 0.0020434
sqr.boot     NA        NA
sgd.boot     NA        NA
sgd.rs       NA        NA
sgd.rs1s     NA        NA

 
296.379 sec elapsed
Replications :  3 
           Time       Bias
qr           NA         NA
sqr.plug 290.81 0.00066874
sqr.boot     NA         NA
sgd.boot     NA         NA
sgd.rs       NA         NA
sgd.rs1s     NA         NA

 
296.499 sec elapsed
Replications :  4 
           Time      Bias
qr           NA        NA
sqr.plug 289.45 0.0051372
sqr.boot     NA        NA
sgd.boot     NA        NA
sgd.rs       NA        NA
sgd.rs1s     NA        NA

 
295.143 sec elapsed
Replications :  5 
           Time      Bias
qr           NA        NA
sqr.plug 289.31 0.0018231
sqr.boot     NA        NA
sgd.boot     NA        NA
sgd.rs       NA        NA
sgd.rs1s     NA        NA

 
295.641 sec elapsed
Replications :  6 
           Time      Bias
qr           NA        NA
sqr.plug 291.49 -0.001798
sqr.boot     NA        NA
sgd.boot     NA        NA
sgd.rs       NA        NA
sgd.rs1s     NA        NA

 
297.185 sec elapsed
Replications :  7 
           Time       Bias
qr           NA         NA
sqr.plug 290.19 -0.0047834
sqr.boot     NA         NA
sgd.boot     NA         NA
sgd.rs       NA         NA
sgd.rs1s     NA         NA

 
295.862 sec elapsed
Replications :  8 
           Time      Bias
qr           NA        NA
sqr.plug 289.28 -0.003816
sqr.boot     NA        NA
sgd.boot     NA        NA
sgd.rs       NA        NA
sgd.rs1s     NA        NA

 
294.944 sec elapsed
Replications :  9 
           Time      Bias
qr           NA        NA
sqr.plug 289.25 0.0072652
sqr.boot     NA        NA
sgd.boot     NA        NA
sgd.rs       NA        NA
sgd.rs1s     NA        NA

 
295.3 sec elapsed
Replications :  10 
           Time      Bias
qr           NA        NA
sqr.plug 290.54 0.0038759
sqr.boot     NA        NA
sgd.boot     NA        NA
sgd.rs       NA        NA
sgd.rs1s     NA        NA

 
296.244 sec elapsed
