------------------------ 
Sample Size =  100000 
dim of X    =  80 
# of rep    =  10 
------------------------ 
Replications :  1 
           Time       Bias
qr           NA         NA
sqr.plug 289.82 -0.0013853
sqr.boot     NA         NA
sgd.boot     NA         NA
sgd.rs       NA         NA
sgd.rs1s     NA         NA

 
291.014 sec elapsed
Replications :  2 
           Time      Bias
qr           NA        NA
sqr.plug 279.78 0.0049983
sqr.boot     NA        NA
sgd.boot     NA        NA
sgd.rs       NA        NA
sgd.rs1s     NA        NA

 
286.56 sec elapsed
Replications :  3 
           Time       Bias
qr           NA         NA
sqr.plug 341.01 -0.0042116
sqr.boot     NA         NA
sgd.boot     NA         NA
sgd.rs       NA         NA
sgd.rs1s     NA         NA

 
348.365 sec elapsed
Replications :  4 
           Time      Bias
qr           NA        NA
sqr.plug 322.31 0.0031921
sqr.boot     NA        NA
sgd.boot     NA        NA
sgd.rs       NA        NA
sgd.rs1s     NA        NA

 
334.263 sec elapsed
Replications :  5 
           Time      Bias
qr           NA        NA
sqr.plug 318.57 0.0069776
sqr.boot     NA        NA
sgd.boot     NA        NA
sgd.rs       NA        NA
sgd.rs1s     NA        NA

 
327.456 sec elapsed
Replications :  6 
           Time      Bias
qr           NA        NA
sqr.plug 351.73 0.0029832
sqr.boot     NA        NA
sgd.boot     NA        NA
sgd.rs       NA        NA
sgd.rs1s     NA        NA

 
363.563 sec elapsed
Replications :  7 
           Time      Bias
qr           NA        NA
sqr.plug 342.65 0.0010953
sqr.boot     NA        NA
sgd.boot     NA        NA
sgd.rs       NA        NA
sgd.rs1s     NA        NA

 
353.115 sec elapsed
Replications :  8 
           Time      Bias
qr           NA        NA
sqr.plug 313.71 0.0013823
sqr.boot     NA        NA
sgd.boot     NA        NA
sgd.rs       NA        NA
sgd.rs1s     NA        NA

 
325.875 sec elapsed
Replications :  9 
           Time      Bias
qr           NA        NA
sqr.plug 337.49 0.0028869
sqr.boot     NA        NA
sgd.boot     NA        NA
sgd.rs       NA        NA
sgd.rs1s     NA        NA

 
347.386 sec elapsed
Replications :  10 
           Time        Bias
qr           NA          NA
sqr.plug 379.99 -0.00003137
sqr.boot     NA          NA
sgd.boot     NA          NA
sgd.rs       NA          NA
sgd.rs1s     NA          NA

 
387.89 sec elapsed
