------------------------ 
Sample Size =  100000 
dim of X    =  80 
# of rep    =  10 
------------------------ 
Replications :  1 
           Time      Bias
qr           NA        NA
sqr.plug 245.39 0.0046629
sqr.boot     NA        NA
sgd.boot     NA        NA
sgd.rs       NA        NA
sgd.rs1s     NA        NA

 
246.459 sec elapsed
Replications :  2 
           Time       Bias
qr           NA         NA
sqr.plug 244.94 0.00086652
sqr.boot     NA         NA
sgd.boot     NA         NA
sgd.rs       NA         NA
sgd.rs1s     NA         NA

 
249.773 sec elapsed
Replications :  3 
          Time        Bias
qr          NA          NA
sqr.plug 267.3 0.000032567
sqr.boot    NA          NA
sgd.boot    NA          NA
sgd.rs      NA          NA
sgd.rs1s    NA          NA

 
272.039 sec elapsed
Replications :  4 
           Time      Bias
qr           NA        NA
sqr.plug 268.95 0.0010413
sqr.boot     NA        NA
sgd.boot     NA        NA
sgd.rs       NA        NA
sgd.rs1s     NA        NA

 
273.681 sec elapsed
Replications :  5 
           Time       Bias
qr           NA         NA
sqr.plug 269.64 -0.0019364
sqr.boot     NA         NA
sgd.boot     NA         NA
sgd.rs       NA         NA
sgd.rs1s     NA         NA

 
274.373 sec elapsed
Replications :  6 
           Time      Bias
qr           NA        NA
sqr.plug 270.71 -0.002305
sqr.boot     NA        NA
sgd.boot     NA        NA
sgd.rs       NA        NA
sgd.rs1s     NA        NA

 
275.744 sec elapsed
Replications :  7 
           Time        Bias
qr           NA          NA
sqr.plug 272.36 -0.00096337
sqr.boot     NA          NA
sgd.boot     NA          NA
sgd.rs       NA          NA
sgd.rs1s     NA          NA

 
277.107 sec elapsed
Replications :  8 
           Time      Bias
qr           NA        NA
sqr.plug 272.05 0.0028589
sqr.boot     NA        NA
sgd.boot     NA        NA
sgd.rs       NA        NA
sgd.rs1s     NA        NA

 
276.792 sec elapsed
Replications :  9 
           Time      Bias
qr           NA        NA
sqr.plug 269.52 0.0013011
sqr.boot     NA        NA
sgd.boot     NA        NA
sgd.rs       NA        NA
sgd.rs1s     NA        NA

 
274.237 sec elapsed
Replications :  10 
           Time       Bias
qr           NA         NA
sqr.plug 271.71 -0.0010357
sqr.boot     NA         NA
sgd.boot     NA         NA
sgd.rs       NA         NA
sgd.rs1s     NA         NA

 
276.41 sec elapsed
