------------------------ 
Sample Size =  100000 
dim of X    =  80 
# of rep    =  10 
------------------------ 
Replications :  1 
           Time       Bias
qr           NA         NA
sqr.plug 257.16 0.00065696
sqr.boot     NA         NA
sgd.boot     NA         NA
sgd.rs       NA         NA
sgd.rs1s     NA         NA

 
257.914 sec elapsed
Replications :  2 
           Time        Bias
qr           NA          NA
sqr.plug 255.94 -0.00083403
sqr.boot     NA          NA
sgd.boot     NA          NA
sgd.rs       NA          NA
sgd.rs1s     NA          NA

 
261.462 sec elapsed
Replications :  3 
           Time      Bias
qr           NA        NA
sqr.plug 283.07 0.0022839
sqr.boot     NA        NA
sgd.boot     NA        NA
sgd.rs       NA        NA
sgd.rs1s     NA        NA

 
288.586 sec elapsed
Replications :  4 
           Time        Bias
qr           NA          NA
sqr.plug 282.84 -0.00066916
sqr.boot     NA          NA
sgd.boot     NA          NA
sgd.rs       NA          NA
sgd.rs1s     NA          NA

 
288.982 sec elapsed
Replications :  5 
           Time       Bias
qr           NA         NA
sqr.plug 282.32 -0.0026958
sqr.boot     NA         NA
sgd.boot     NA         NA
sgd.rs       NA         NA
sgd.rs1s     NA         NA

 
287.84 sec elapsed
Replications :  6 
           Time     Bias
qr           NA       NA
sqr.plug 282.38 0.001715
sqr.boot     NA       NA
sgd.boot     NA       NA
sgd.rs       NA       NA
sgd.rs1s     NA       NA

 
287.878 sec elapsed
Replications :  7 
           Time       Bias
qr           NA         NA
sqr.plug 282.55 -0.0024884
sqr.boot     NA         NA
sgd.boot     NA         NA
sgd.rs       NA         NA
sgd.rs1s     NA         NA

 
288.096 sec elapsed
Replications :  8 
           Time      Bias
qr           NA        NA
sqr.plug 282.37 0.0015863
sqr.boot     NA        NA
sgd.boot     NA        NA
sgd.rs       NA        NA
sgd.rs1s     NA        NA

 
288.261 sec elapsed
Replications :  9 
           Time       Bias
qr           NA         NA
sqr.plug 282.99 -0.0020134
sqr.boot     NA         NA
sgd.boot     NA         NA
sgd.rs       NA         NA
sgd.rs1s     NA         NA

 
288.476 sec elapsed
Replications :  10 
           Time       Bias
qr           NA         NA
sqr.plug 282.35 0.00043607
sqr.boot     NA         NA
sgd.boot     NA         NA
sgd.rs       NA         NA
sgd.rs1s     NA         NA

 
287.858 sec elapsed
