------------------------ 
Sample Size =  100000 
dim of X    =  80 
# of rep    =  10 
------------------------ 
Replications :  1 
           Time      Bias
qr           NA        NA
sqr.plug 242.61 0.0018153
sqr.boot     NA        NA
sgd.boot     NA        NA
sgd.rs       NA        NA
sgd.rs1s     NA        NA

 
243.353 sec elapsed
Replications :  2 
           Time      Bias
qr           NA        NA
sqr.plug 246.31 -0.001044
sqr.boot     NA        NA
sgd.boot     NA        NA
sgd.rs       NA        NA
sgd.rs1s     NA        NA

 
251.106 sec elapsed
Replications :  3 
           Time      Bias
qr           NA        NA
sqr.plug 262.53 0.0030161
sqr.boot     NA        NA
sgd.boot     NA        NA
sgd.rs       NA        NA
sgd.rs1s     NA        NA

 
267.395 sec elapsed
Replications :  4 
           Time       Bias
qr           NA         NA
sqr.plug 273.16 -0.0053949
sqr.boot     NA         NA
sgd.boot     NA         NA
sgd.rs       NA         NA
sgd.rs1s     NA         NA

 
278.28 sec elapsed
Replications :  5 
           Time       Bias
qr           NA         NA
sqr.plug 272.59 0.00096882
sqr.boot     NA         NA
sgd.boot     NA         NA
sgd.rs       NA         NA
sgd.rs1s     NA         NA

 
277.438 sec elapsed
Replications :  6 
           Time      Bias
qr           NA        NA
sqr.plug 272.27 0.0010194
sqr.boot     NA        NA
sgd.boot     NA        NA
sgd.rs       NA        NA
sgd.rs1s     NA        NA

 
277.571 sec elapsed
Replications :  7 
           Time      Bias
qr           NA        NA
sqr.plug 271.68 0.0010292
sqr.boot     NA        NA
sgd.boot     NA        NA
sgd.rs       NA        NA
sgd.rs1s     NA        NA

 
276.538 sec elapsed
Replications :  8 
           Time       Bias
qr           NA         NA
sqr.plug 272.58 -0.0032317
sqr.boot     NA         NA
sgd.boot     NA         NA
sgd.rs       NA         NA
sgd.rs1s     NA         NA

 
277.718 sec elapsed
Replications :  9 
           Time       Bias
qr           NA         NA
sqr.plug 272.58 -0.0026301
sqr.boot     NA         NA
sgd.boot     NA         NA
sgd.rs       NA         NA
sgd.rs1s     NA         NA

 
277.419 sec elapsed
Replications :  10 
           Time       Bias
qr           NA         NA
sqr.plug 270.96 -0.0022539
sqr.boot     NA         NA
sgd.boot     NA         NA
sgd.rs       NA         NA
sgd.rs1s     NA         NA

 
276.072 sec elapsed
