------------------------ 
Sample Size =  100000 
dim of X    =  80 
# of rep    =  10 
------------------------ 
Replications :  1 
           Time       Bias
qr           NA         NA
sqr.plug 242.26 -0.0043254
sqr.boot     NA         NA
sgd.boot     NA         NA
sgd.rs       NA         NA
sgd.rs1s     NA         NA

 
243.172 sec elapsed
Replications :  2 
           Time        Bias
qr           NA          NA
sqr.plug 263.82 -0.00093295
sqr.boot     NA          NA
sgd.boot     NA          NA
sgd.rs       NA          NA
sgd.rs1s     NA          NA

 
268.445 sec elapsed
Replications :  3 
           Time       Bias
qr           NA         NA
sqr.plug 266.02 -0.0043688
sqr.boot     NA         NA
sgd.boot     NA         NA
sgd.rs       NA         NA
sgd.rs1s     NA         NA

 
270.626 sec elapsed
Replications :  4 
           Time       Bias
qr           NA         NA
sqr.plug 265.32 -0.0020368
sqr.boot     NA         NA
sgd.boot     NA         NA
sgd.rs       NA         NA
sgd.rs1s     NA         NA

 
269.939 sec elapsed
Replications :  5 
           Time      Bias
qr           NA        NA
sqr.plug 265.55 0.0056424
sqr.boot     NA        NA
sgd.boot     NA        NA
sgd.rs       NA        NA
sgd.rs1s     NA        NA

 
270.176 sec elapsed
Replications :  6 
           Time       Bias
qr           NA         NA
sqr.plug 266.47 -0.0010932
sqr.boot     NA         NA
sgd.boot     NA         NA
sgd.rs       NA         NA
sgd.rs1s     NA         NA

 
271.11 sec elapsed
Replications :  7 
           Time       Bias
qr           NA         NA
sqr.plug 266.58 -0.0060914
sqr.boot     NA         NA
sgd.boot     NA         NA
sgd.rs       NA         NA
sgd.rs1s     NA         NA

 
271.164 sec elapsed
Replications :  8 
           Time       Bias
qr           NA         NA
sqr.plug 266.06 -0.0052418
sqr.boot     NA         NA
sgd.boot     NA         NA
sgd.rs       NA         NA
sgd.rs1s     NA         NA

 
270.69 sec elapsed
Replications :  9 
           Time       Bias
qr           NA         NA
sqr.plug 265.26 -0.0025974
sqr.boot     NA         NA
sgd.boot     NA         NA
sgd.rs       NA         NA
sgd.rs1s     NA         NA

 
269.881 sec elapsed
Replications :  10 
           Time      Bias
qr           NA        NA
sqr.plug 265.53 0.0083335
sqr.boot     NA        NA
sgd.boot     NA        NA
sgd.rs       NA        NA
sgd.rs1s     NA        NA

 
270.166 sec elapsed
