------------------------ 
Sample Size =  100000 
dim of X    =  80 
# of rep    =  10 
------------------------ 
Replications :  1 
           Time       Bias
qr           NA         NA
sqr.plug 255.03 0.00071112
sqr.boot     NA         NA
sgd.boot     NA         NA
sgd.rs       NA         NA
sgd.rs1s     NA         NA

 
255.787 sec elapsed
Replications :  2 
           Time       Bias
qr           NA         NA
sqr.plug 279.66 -0.0030589
sqr.boot     NA         NA
sgd.boot     NA         NA
sgd.rs       NA         NA
sgd.rs1s     NA         NA

 
284.967 sec elapsed
Replications :  3 
           Time       Bias
qr           NA         NA
sqr.plug 281.74 -0.0027216
sqr.boot     NA         NA
sgd.boot     NA         NA
sgd.rs       NA         NA
sgd.rs1s     NA         NA

 
287.194 sec elapsed
Replications :  4 
           Time       Bias
qr           NA         NA
sqr.plug 280.36 -0.0026047
sqr.boot     NA         NA
sgd.boot     NA         NA
sgd.rs       NA         NA
sgd.rs1s     NA         NA

 
285.797 sec elapsed
Replications :  5 
           Time       Bias
qr           NA         NA
sqr.plug 271.54 -0.0027019
sqr.boot     NA         NA
sgd.boot     NA         NA
sgd.rs       NA         NA
sgd.rs1s     NA         NA

 
276.922 sec elapsed
Replications :  6 
           Time       Bias
qr           NA         NA
sqr.plug 280.17 0.00031657
sqr.boot     NA         NA
sgd.boot     NA         NA
sgd.rs       NA         NA
sgd.rs1s     NA         NA

 
285.885 sec elapsed
Replications :  7 
           Time       Bias
qr           NA         NA
sqr.plug 276.25 -0.0040582
sqr.boot     NA         NA
sgd.boot     NA         NA
sgd.rs       NA         NA
sgd.rs1s     NA         NA

 
282.026 sec elapsed
Replications :  8 
           Time      Bias
qr           NA        NA
sqr.plug 277.46 0.0025103
sqr.boot     NA        NA
sgd.boot     NA        NA
sgd.rs       NA        NA
sgd.rs1s     NA        NA

 
282.816 sec elapsed
Replications :  9 
           Time      Bias
qr           NA        NA
sqr.plug 280.33 0.0045598
sqr.boot     NA        NA
sgd.boot     NA        NA
sgd.rs       NA        NA
sgd.rs1s     NA        NA

 
285.674 sec elapsed
Replications :  10 
           Time       Bias
qr           NA         NA
sqr.plug 282.04 -0.0027811
sqr.boot     NA         NA
sgd.boot     NA         NA
sgd.rs       NA         NA
sgd.rs1s     NA         NA

 
287.423 sec elapsed
