------------------------ 
Sample Size =  100000 
dim of X    =  80 
# of rep    =  10 
------------------------ 
Replications :  1 
           Time      Bias
qr           NA        NA
sqr.plug 244.27 0.0011675
sqr.boot     NA        NA
sgd.boot     NA        NA
sgd.rs       NA        NA
sgd.rs1s     NA        NA

 
245.133 sec elapsed
Replications :  2 
           Time     Bias
qr           NA       NA
sqr.plug 269.64 0.004888
sqr.boot     NA       NA
sgd.boot     NA       NA
sgd.rs       NA       NA
sgd.rs1s     NA       NA

 
274.316 sec elapsed
Replications :  3 
           Time       Bias
qr           NA         NA
sqr.plug 272.96 -0.0071356
sqr.boot     NA         NA
sgd.boot     NA         NA
sgd.rs       NA         NA
sgd.rs1s     NA         NA

 
277.666 sec elapsed
Replications :  4 
           Time       Bias
qr           NA         NA
sqr.plug 267.95 -0.0062449
sqr.boot     NA         NA
sgd.boot     NA         NA
sgd.rs       NA         NA
sgd.rs1s     NA         NA

 
272.627 sec elapsed
Replications :  5 
           Time     Bias
qr           NA       NA
sqr.plug 268.98 0.002279
sqr.boot     NA       NA
sgd.boot     NA       NA
sgd.rs       NA       NA
sgd.rs1s     NA       NA

 
273.667 sec elapsed
Replications :  6 
           Time      Bias
qr           NA        NA
sqr.plug 269.28 0.0019406
sqr.boot     NA        NA
sgd.boot     NA        NA
sgd.rs       NA        NA
sgd.rs1s     NA        NA

 
273.984 sec elapsed
Replications :  7 
           Time       Bias
qr           NA         NA
sqr.plug 269.59 0.00072321
sqr.boot     NA         NA
sgd.boot     NA         NA
sgd.rs       NA         NA
sgd.rs1s     NA         NA

 
274.706 sec elapsed
Replications :  8 
           Time      Bias
qr           NA        NA
sqr.plug 269.51 0.0060918
sqr.boot     NA        NA
sgd.boot     NA        NA
sgd.rs       NA        NA
sgd.rs1s     NA        NA

 
274.203 sec elapsed
Replications :  9 
           Time      Bias
qr           NA        NA
sqr.plug 269.43 0.0055599
sqr.boot     NA        NA
sgd.boot     NA        NA
sgd.rs       NA        NA
sgd.rs1s     NA        NA

 
274.136 sec elapsed
Replications :  10 
           Time      Bias
qr           NA        NA
sqr.plug 269.17 0.0055171
sqr.boot     NA        NA
sgd.boot     NA        NA
sgd.rs       NA        NA
sgd.rs1s     NA        NA

 
274.117 sec elapsed
