------------------------ 
Sample Size =  100000 
dim of X    =  80 
# of rep    =  10 
------------------------ 
Replications :  1 
           Time      Bias
qr           NA        NA
sqr.plug 258.37 0.0039591
sqr.boot     NA        NA
sgd.boot     NA        NA
sgd.rs       NA        NA
sgd.rs1s     NA        NA

 
259.297 sec elapsed
Replications :  2 
           Time      Bias
qr           NA        NA
sqr.plug 231.77 0.0030228
sqr.boot     NA        NA
sgd.boot     NA        NA
sgd.rs       NA        NA
sgd.rs1s     NA        NA

 
235.31 sec elapsed
Replications :  3 
           Time      Bias
qr           NA        NA
sqr.plug 239.16 0.0004193
sqr.boot     NA        NA
sgd.boot     NA        NA
sgd.rs       NA        NA
sgd.rs1s     NA        NA

 
242.654 sec elapsed
Replications :  4 
           Time       Bias
qr           NA         NA
sqr.plug 242.91 -0.0061149
sqr.boot     NA         NA
sgd.boot     NA         NA
sgd.rs       NA         NA
sgd.rs1s     NA         NA

 
246.148 sec elapsed
Replications :  5 
           Time       Bias
qr           NA         NA
sqr.plug 252.63 -0.0025673
sqr.boot     NA         NA
sgd.boot     NA         NA
sgd.rs       NA         NA
sgd.rs1s     NA         NA

 
255.931 sec elapsed
Replications :  6 
           Time       Bias
qr           NA         NA
sqr.plug 287.99 -0.0057057
sqr.boot     NA         NA
sgd.boot     NA         NA
sgd.rs       NA         NA
sgd.rs1s     NA         NA

 
294.133 sec elapsed
Replications :  7 
           Time        Bias
qr           NA          NA
sqr.plug 284.91 -0.00081423
sqr.boot     NA          NA
sgd.boot     NA          NA
sgd.rs       NA          NA
sgd.rs1s     NA          NA

 
290.924 sec elapsed
Replications :  8 
           Time     Bias
qr           NA       NA
sqr.plug 280.24 0.008636
sqr.boot     NA       NA
sgd.boot     NA       NA
sgd.rs       NA       NA
sgd.rs1s     NA       NA

 
286.473 sec elapsed
Replications :  9 
           Time        Bias
qr           NA          NA
sqr.plug 278.43 -0.00049995
sqr.boot     NA          NA
sgd.boot     NA          NA
sgd.rs       NA          NA
sgd.rs1s     NA          NA

 
284.096 sec elapsed
Replications :  10 
           Time        Bias
qr           NA          NA
sqr.plug 314.45 -0.00065642
sqr.boot     NA          NA
sgd.boot     NA          NA
sgd.rs       NA          NA
sgd.rs1s     NA          NA

 
320.681 sec elapsed
