------------------------ 
Sample Size =  100000 
dim of X    =  80 
# of rep    =  10 
------------------------ 
Replications :  1 
           Time       Bias
qr           NA         NA
sqr.plug 250.35 -0.0021449
sqr.boot     NA         NA
sgd.boot     NA         NA
sgd.rs       NA         NA
sgd.rs1s     NA         NA

 
251.12 sec elapsed
Replications :  2 
           Time      Bias
qr           NA        NA
sqr.plug 275.35 0.0015007
sqr.boot     NA        NA
sgd.boot     NA        NA
sgd.rs       NA        NA
sgd.rs1s     NA        NA

 
280.459 sec elapsed
Replications :  3 
           Time      Bias
qr           NA        NA
sqr.plug 277.57 0.0018027
sqr.boot     NA        NA
sgd.boot     NA        NA
sgd.rs       NA        NA
sgd.rs1s     NA        NA

 
282.414 sec elapsed
Replications :  4 
           Time       Bias
qr           NA         NA
sqr.plug 277.11 -0.0036682
sqr.boot     NA         NA
sgd.boot     NA         NA
sgd.rs       NA         NA
sgd.rs1s     NA         NA

 
281.924 sec elapsed
Replications :  5 
           Time      Bias
qr           NA        NA
sqr.plug 276.32 0.0064332
sqr.boot     NA        NA
sgd.boot     NA        NA
sgd.rs       NA        NA
sgd.rs1s     NA        NA

 
281.157 sec elapsed
Replications :  6 
           Time       Bias
qr           NA         NA
sqr.plug 276.17 -0.0020771
sqr.boot     NA         NA
sgd.boot     NA         NA
sgd.rs       NA         NA
sgd.rs1s     NA         NA

 
281.274 sec elapsed
Replications :  7 
          Time       Bias
qr          NA         NA
sqr.plug 276.2 -0.0029827
sqr.boot    NA         NA
sgd.boot    NA         NA
sgd.rs      NA         NA
sgd.rs1s    NA         NA

 
281.011 sec elapsed
Replications :  8 
          Time       Bias
qr          NA         NA
sqr.plug 276.4 -0.0055368
sqr.boot    NA         NA
sgd.boot    NA         NA
sgd.rs      NA         NA
sgd.rs1s    NA         NA

 
281.234 sec elapsed
Replications :  9 
           Time       Bias
qr           NA         NA
sqr.plug 276.96 0.00067986
sqr.boot     NA         NA
sgd.boot     NA         NA
sgd.rs       NA         NA
sgd.rs1s     NA         NA

 
281.805 sec elapsed
Replications :  10 
           Time      Bias
qr           NA        NA
sqr.plug 276.26 0.0042325
sqr.boot     NA        NA
sgd.boot     NA        NA
sgd.rs       NA        NA
sgd.rs1s     NA        NA

 
281.566 sec elapsed
