------------------------ 
Sample Size =  100000 
dim of X    =  80 
# of rep    =  10 
------------------------ 
Replications :  1 
           Time       Bias
qr           NA         NA
sqr.plug 256.63 -0.0022059
sqr.boot     NA         NA
sgd.boot     NA         NA
sgd.rs       NA         NA
sgd.rs1s     NA         NA

 
257.38 sec elapsed
Replications :  2 
           Time      Bias
qr           NA        NA
sqr.plug 256.37 0.0012028
sqr.boot     NA        NA
sgd.boot     NA        NA
sgd.rs       NA        NA
sgd.rs1s     NA        NA

 
261.654 sec elapsed
Replications :  3 
           Time       Bias
qr           NA         NA
sqr.plug 280.64 -0.0027274
sqr.boot     NA         NA
sgd.boot     NA         NA
sgd.rs       NA         NA
sgd.rs1s     NA         NA

 
285.886 sec elapsed
Replications :  4 
           Time      Bias
qr           NA        NA
sqr.plug 280.67 0.0037646
sqr.boot     NA        NA
sgd.boot     NA        NA
sgd.rs       NA        NA
sgd.rs1s     NA        NA

 
285.916 sec elapsed
Replications :  5 
           Time       Bias
qr           NA         NA
sqr.plug 280.35 -0.0041182
sqr.boot     NA         NA
sgd.boot     NA         NA
sgd.rs       NA         NA
sgd.rs1s     NA         NA

 
285.92 sec elapsed
Replications :  6 
           Time     Bias
qr           NA       NA
sqr.plug 280.25 0.001839
sqr.boot     NA       NA
sgd.boot     NA       NA
sgd.rs       NA       NA
sgd.rs1s     NA       NA

 
285.79 sec elapsed
Replications :  7 
           Time      Bias
qr           NA        NA
sqr.plug 281.51 -0.001664
sqr.boot     NA        NA
sgd.boot     NA        NA
sgd.rs       NA        NA
sgd.rs1s     NA        NA

 
287.321 sec elapsed
Replications :  8 
           Time      Bias
qr           NA        NA
sqr.plug 280.88 0.0041792
sqr.boot     NA        NA
sgd.boot     NA        NA
sgd.rs       NA        NA
sgd.rs1s     NA        NA

 
286.133 sec elapsed
Replications :  9 
           Time      Bias
qr           NA        NA
sqr.plug 283.53 0.0022568
sqr.boot     NA        NA
sgd.boot     NA        NA
sgd.rs       NA        NA
sgd.rs1s     NA        NA

 
288.787 sec elapsed
Replications :  10 
           Time       Bias
qr           NA         NA
sqr.plug 284.51 -0.0040442
sqr.boot     NA         NA
sgd.boot     NA         NA
sgd.rs       NA         NA
sgd.rs1s     NA         NA

 
289.802 sec elapsed
