------------------------ 
Sample Size =  100000 
dim of X    =  80 
# of rep    =  10 
------------------------ 
Replications :  1 
           Time      Bias
qr           NA        NA
sqr.plug 274.11 0.0044754
sqr.boot     NA        NA
sgd.boot     NA        NA
sgd.rs       NA        NA
sgd.rs1s     NA        NA

 
274.953 sec elapsed
Replications :  2 
         Time       Bias
qr         NA         NA
sqr.plug  288 -0.0046286
sqr.boot   NA         NA
sgd.boot   NA         NA
sgd.rs     NA         NA
sgd.rs1s   NA         NA

 
296.189 sec elapsed
Replications :  3 
           Time       Bias
qr           NA         NA
sqr.plug 275.53 -0.0070362
sqr.boot     NA         NA
sgd.boot     NA         NA
sgd.rs       NA         NA
sgd.rs1s     NA         NA

 
285.364 sec elapsed
Replications :  4 
           Time      Bias
qr           NA        NA
sqr.plug 386.66 0.0075845
sqr.boot     NA        NA
sgd.boot     NA        NA
sgd.rs       NA        NA
sgd.rs1s     NA        NA

 
397.158 sec elapsed
Replications :  5 
           Time       Bias
qr           NA         NA
sqr.plug 336.23 0.00020431
sqr.boot     NA         NA
sgd.boot     NA         NA
sgd.rs       NA         NA
sgd.rs1s     NA         NA

 
345.341 sec elapsed
Replications :  6 
           Time        Bias
qr           NA          NA
sqr.plug 344.17 -0.00093023
sqr.boot     NA          NA
sgd.boot     NA          NA
sgd.rs       NA          NA
sgd.rs1s     NA          NA

 
355.402 sec elapsed
Replications :  7 
           Time      Bias
qr           NA        NA
sqr.plug 366.07 0.0018112
sqr.boot     NA        NA
sgd.boot     NA        NA
sgd.rs       NA        NA
sgd.rs1s     NA        NA

 
376.086 sec elapsed
Replications :  8 
           Time      Bias
qr           NA        NA
sqr.plug 308.48 0.0013627
sqr.boot     NA        NA
sgd.boot     NA        NA
sgd.rs       NA        NA
sgd.rs1s     NA        NA

 
317.833 sec elapsed
Replications :  9 
           Time      Bias
qr           NA        NA
sqr.plug 254.62 0.0020424
sqr.boot     NA        NA
sgd.boot     NA        NA
sgd.rs       NA        NA
sgd.rs1s     NA        NA

 
265.85 sec elapsed
Replications :  10 
          Time      Bias
qr          NA        NA
sqr.plug 333.7 0.0010429
sqr.boot    NA        NA
sgd.boot    NA        NA
sgd.rs      NA        NA
sgd.rs1s    NA        NA

 
341.671 sec elapsed
