------------------------ 
Sample Size =  100000 
dim of X    =  80 
# of rep    =  10 
------------------------ 
Replications :  1 
           Time     Bias
qr           NA       NA
sqr.plug 311.15 0.002452
sqr.boot     NA       NA
sgd.boot     NA       NA
sgd.rs       NA       NA
sgd.rs1s     NA       NA

 
312.277 sec elapsed
Replications :  2 
           Time      Bias
qr           NA        NA
sqr.plug 307.44 0.0027577
sqr.boot     NA        NA
sgd.boot     NA        NA
sgd.rs       NA        NA
sgd.rs1s     NA        NA

 
315.44 sec elapsed
Replications :  3 
           Time       Bias
qr           NA         NA
sqr.plug 325.54 -0.0021136
sqr.boot     NA         NA
sgd.boot     NA         NA
sgd.rs       NA         NA
sgd.rs1s     NA         NA

 
334.774 sec elapsed
Replications :  4 
           Time      Bias
qr           NA        NA
sqr.plug 327.93 0.0075319
sqr.boot     NA        NA
sgd.boot     NA        NA
sgd.rs       NA        NA
sgd.rs1s     NA        NA

 
337.785 sec elapsed
Replications :  5 
           Time       Bias
qr           NA         NA
sqr.plug 303.88 -0.0059951
sqr.boot     NA         NA
sgd.boot     NA         NA
sgd.rs       NA         NA
sgd.rs1s     NA         NA

 
315.213 sec elapsed
Replications :  6 
           Time      Bias
qr           NA        NA
sqr.plug 321.09 -0.002549
sqr.boot     NA        NA
sgd.boot     NA        NA
sgd.rs       NA        NA
sgd.rs1s     NA        NA

 
329.48 sec elapsed
Replications :  7 
           Time       Bias
qr           NA         NA
sqr.plug 321.49 0.00088459
sqr.boot     NA         NA
sgd.boot     NA         NA
sgd.rs       NA         NA
sgd.rs1s     NA         NA

 
331.917 sec elapsed
Replications :  8 
           Time       Bias
qr           NA         NA
sqr.plug 339.51 0.00010868
sqr.boot     NA         NA
sgd.boot     NA         NA
sgd.rs       NA         NA
sgd.rs1s     NA         NA

 
350.753 sec elapsed
Replications :  9 
           Time      Bias
qr           NA        NA
sqr.plug 307.79 0.0014246
sqr.boot     NA        NA
sgd.boot     NA        NA
sgd.rs       NA        NA
sgd.rs1s     NA        NA

 
317.088 sec elapsed
Replications :  10 
           Time       Bias
qr           NA         NA
sqr.plug 282.29 -0.0033726
sqr.boot     NA         NA
sgd.boot     NA         NA
sgd.rs       NA         NA
sgd.rs1s     NA         NA

 
290.097 sec elapsed
