------------------------ 
Sample Size =  100000 
dim of X    =  80 
# of rep    =  10 
------------------------ 
Replications :  1 
          Time      Bias
qr          NA        NA
sqr.plug 249.8 0.0047627
sqr.boot    NA        NA
sgd.boot    NA        NA
sgd.rs      NA        NA
sgd.rs1s    NA        NA

 
250.538 sec elapsed
Replications :  2 
           Time       Bias
qr           NA         NA
sqr.plug 273.75 -0.0052973
sqr.boot     NA         NA
sgd.boot     NA         NA
sgd.rs       NA         NA
sgd.rs1s     NA         NA

 
278.778 sec elapsed
Replications :  3 
          Time       Bias
qr          NA         NA
sqr.plug 274.8 -0.0063273
sqr.boot    NA         NA
sgd.boot    NA         NA
sgd.rs      NA         NA
sgd.rs1s    NA         NA

 
279.798 sec elapsed
Replications :  4 
           Time       Bias
qr           NA         NA
sqr.plug 272.88 -0.0030895
sqr.boot     NA         NA
sgd.boot     NA         NA
sgd.rs       NA         NA
sgd.rs1s     NA         NA

 
277.877 sec elapsed
Replications :  5 
           Time     Bias
qr           NA       NA
sqr.plug 275.24 0.007333
sqr.boot     NA       NA
sgd.boot     NA       NA
sgd.rs       NA       NA
sgd.rs1s     NA       NA

 
280.264 sec elapsed
Replications :  6 
           Time       Bias
qr           NA         NA
sqr.plug 274.63 -0.0055884
sqr.boot     NA         NA
sgd.boot     NA         NA
sgd.rs       NA         NA
sgd.rs1s     NA         NA

 
279.643 sec elapsed
Replications :  7 
          Time       Bias
qr          NA         NA
sqr.plug 273.6 -0.0036314
sqr.boot    NA         NA
sgd.boot    NA         NA
sgd.rs      NA         NA
sgd.rs1s    NA         NA

 
278.912 sec elapsed
Replications :  8 
           Time       Bias
qr           NA         NA
sqr.plug 273.86 -0.0064319
sqr.boot     NA         NA
sgd.boot     NA         NA
sgd.rs       NA         NA
sgd.rs1s     NA         NA

 
278.91 sec elapsed
Replications :  9 
           Time         Bias
qr           NA           NA
sqr.plug 272.49 -0.000033816
sqr.boot     NA           NA
sgd.boot     NA           NA
sgd.rs       NA           NA
sgd.rs1s     NA           NA

 
277.48 sec elapsed
Replications :  10 
           Time      Bias
qr           NA        NA
sqr.plug 274.47 0.0026824
sqr.boot     NA        NA
sgd.boot     NA        NA
sgd.rs       NA        NA
sgd.rs1s     NA        NA

 
279.46 sec elapsed
