------------------------ 
Sample Size =  100000 
dim of X    =  80 
# of rep    =  10 
------------------------ 
Replications :  1 
           Time      Bias
qr           NA        NA
sqr.plug 258.06 0.0011277
sqr.boot     NA        NA
sgd.boot     NA        NA
sgd.rs       NA        NA
sgd.rs1s     NA        NA

 
258.829 sec elapsed
Replications :  2 
           Time     Bias
qr           NA       NA
sqr.plug 284.19 0.002894
sqr.boot     NA       NA
sgd.boot     NA       NA
sgd.rs       NA       NA
sgd.rs1s     NA       NA

 
289.958 sec elapsed
Replications :  3 
           Time      Bias
qr           NA        NA
sqr.plug 282.85 0.0013835
sqr.boot     NA        NA
sgd.boot     NA        NA
sgd.rs       NA        NA
sgd.rs1s     NA        NA

 
288.583 sec elapsed
Replications :  4 
           Time       Bias
qr           NA         NA
sqr.plug 283.42 -0.0024645
sqr.boot     NA         NA
sgd.boot     NA         NA
sgd.rs       NA         NA
sgd.rs1s     NA         NA

 
289.479 sec elapsed
Replications :  5 
           Time        Bias
qr           NA          NA
sqr.plug 289.43 -0.00017806
sqr.boot     NA          NA
sgd.boot     NA          NA
sgd.rs       NA          NA
sgd.rs1s     NA          NA

 
295.22 sec elapsed
Replications :  6 
          Time       Bias
qr          NA         NA
sqr.plug 289.4 -0.0064213
sqr.boot    NA         NA
sgd.boot    NA         NA
sgd.rs      NA         NA
sgd.rs1s    NA         NA

 
295.485 sec elapsed
Replications :  7 
           Time       Bias
qr           NA         NA
sqr.plug 288.95 -0.0066888
sqr.boot     NA         NA
sgd.boot     NA         NA
sgd.rs       NA         NA
sgd.rs1s     NA         NA

 
294.694 sec elapsed
Replications :  8 
           Time      Bias
qr           NA        NA
sqr.plug 289.51 0.0031213
sqr.boot     NA        NA
sgd.boot     NA        NA
sgd.rs       NA        NA
sgd.rs1s     NA        NA

 
295.239 sec elapsed
Replications :  9 
           Time    Bias
qr           NA      NA
sqr.plug 289.01 0.00412
sqr.boot     NA      NA
sgd.boot     NA      NA
sgd.rs       NA      NA
sgd.rs1s     NA      NA

 
295.133 sec elapsed
Replications :  10 
           Time      Bias
qr           NA        NA
sqr.plug 289.42 0.0022597
sqr.boot     NA        NA
sgd.boot     NA        NA
sgd.rs       NA        NA
sgd.rs1s     NA        NA

 
295.192 sec elapsed
