------------------------ 
Sample Size =  1000000 
dim of X    =  80 
# of rep    =  10 
------------------------ 
Replications :  1 
              Time        Bias
qr         49.1764  0.00012847
sqr.plug        NA          NA
sqr.boot 1054.7445 -0.00010262
sgd.boot  531.2546 -0.00064406
sgd.rs     35.7741 -0.00108056
sgd.rs1s    5.7416 -0.00108056

 
1684.222 sec elapsed
Replications :  2 
              Time        Bias
qr         49.5891 0.000336768
sqr.plug        NA          NA
sqr.boot 1000.8887 0.000387961
sgd.boot  538.2984 0.001338505
sgd.rs     35.7533 0.000094132
sgd.rs1s    5.5103 0.000094132

 
1637.075 sec elapsed
Replications :  3 
            Time        Bias
qr        48.465 -0.00018926
sqr.plug      NA          NA
sqr.boot 859.616  0.00011969
sgd.boot 449.782 -0.00019346
sgd.rs    35.775  0.00102983
sgd.rs1s   5.282  0.00102983

 
1405.819 sec elapsed
Replications :  4 
             Time       Bias
qr        47.3906 -0.0017833
sqr.plug       NA         NA
sqr.boot 891.4429 -0.0019581
sgd.boot 446.0368 -0.0014356
sgd.rs    35.4259 -0.0022361
sgd.rs1s   5.4251 -0.0022361

 
1432.419 sec elapsed
Replications :  5 
            Time       Bias
qr        44.572 -0.0024281
sqr.plug      NA         NA
sqr.boot 863.989 -0.0024616
sgd.boot 449.579 -0.0036245
sgd.rs    35.425 -0.0030835
sgd.rs1s   5.272 -0.0030835

 
1405.614 sec elapsed
Replications :  6 
             Time        Bias
qr        47.0102 -0.00061358
sqr.plug       NA          NA
sqr.boot 940.6004 -0.00068476
sgd.boot 449.3231 -0.00100500
sgd.rs    35.6337 -0.00066764
sgd.rs1s   5.5203 -0.00066764

 
1484.764 sec elapsed
Replications :  7 
             Time       Bias
qr        45.6921 -0.0030813
sqr.plug       NA         NA
sqr.boot 837.4672 -0.0030489
sgd.boot 449.1726 -0.0031443
sgd.rs    34.8354 -0.0020678
sgd.rs1s   4.8445 -0.0020678

 
1378.597 sec elapsed
Replications :  8 
            Time       Bias
qr        45.910 0.00151262
sqr.plug      NA         NA
sqr.boot 914.776 0.00145217
sgd.boot 448.470 0.00038680
sgd.rs    35.010 0.00016428
sgd.rs1s   5.077 0.00016428

 
1455.734 sec elapsed
Replications :  9 
             Time         Bias
qr        45.8898 -0.000052867
sqr.plug       NA           NA
sqr.boot 906.8910 -0.000206954
sgd.boot 445.2228  0.000505093
sgd.rs    34.9022 -0.000319544
sgd.rs1s   5.1113 -0.000319544

 
1444.653 sec elapsed
Replications :  10 
             Time       Bias
qr        45.3680 0.00127932
sqr.plug       NA         NA
sqr.boot 795.0792 0.00107859
sgd.boot 447.6188 0.00071356
sgd.rs    34.9957 0.00090407
sgd.rs1s   4.9873 0.00090407

 
1334.599 sec elapsed
