------------------------ 
Sample Size =  1000000 
dim of X    =  80 
# of rep    =  10 
------------------------ 
Replications :  1 
              Time        Bias
qr         50.4095  0.00034259
sqr.plug        NA          NA
sqr.boot 1089.9549  0.00022280
sgd.boot  528.1321 -0.00061844
sgd.rs     33.0400 -0.00086421
sgd.rs1s    5.8076 -0.00086421

 
1714.976 sec elapsed
Replications :  2 
              Time       Bias
qr         49.8823 0.00121912
sqr.plug        NA         NA
sqr.boot 1060.1964 0.00127303
sgd.boot  529.7999 0.00075392
sgd.rs     33.1651 0.00094433
sgd.rs1s    5.6759 0.00094433

 
1685.878 sec elapsed
Replications :  3 
             Time        Bias
qr        49.4548 -0.00062187
sqr.plug       NA          NA
sqr.boot 909.0057 -0.00096416
sgd.boot 532.4730 -0.00153283
sgd.rs    33.3064 -0.00072892
sgd.rs1s   5.6027 -0.00072892

 
1536.831 sec elapsed
Replications :  4 
            Time        Bias
qr        48.503 -0.00048872
sqr.plug      NA          NA
sqr.boot 957.684 -0.00044189
sgd.boot 527.303 -0.00122379
sgd.rs    33.027 -0.00104747
sgd.rs1s   5.680 -0.00104747

 
1578.859 sec elapsed
Replications :  5 
             Time        Bias
qr        46.9222 -0.00042397
sqr.plug       NA          NA
sqr.boot 905.4457 -0.00058608
sgd.boot 447.8966 -0.00088647
sgd.rs    33.1313  0.00094847
sgd.rs1s   5.3682  0.00094847

 
1445.499 sec elapsed
Replications :  6 
            Time         Bias
qr        49.157 -0.000716092
sqr.plug      NA           NA
sqr.boot 972.733 -0.000643423
sgd.boot 447.191 -0.001377601
sgd.rs    33.035  0.000090458
sgd.rs1s   5.583  0.000090458

 
1514.399 sec elapsed
Replications :  7 
             Time        Bias
qr        46.2707  0.00023459
sqr.plug       NA          NA
sqr.boot 867.8554  0.00012817
sgd.boot 447.0762 -0.00034300
sgd.rs    32.5984 -0.00013755
sgd.rs1s   5.3823 -0.00013755

 
1405.879 sec elapsed
Replications :  8 
            Time         Bias
qr        47.088 -0.000071066
sqr.plug      NA           NA
sqr.boot 882.685  0.000337239
sgd.boot 447.478  0.000552736
sgd.rs    32.728  0.000975249
sgd.rs1s   5.424  0.000975249

 
1422.108 sec elapsed
Replications :  9 
             Time        Bias
qr        48.4294 -0.00095585
sqr.plug       NA          NA
sqr.boot 944.4555 -0.00108377
sgd.boot 446.8029 -0.00155073
sgd.rs    32.9384 -0.00105113
sgd.rs1s   5.5673 -0.00105113

 
1484.988 sec elapsed
Replications :  10 
             Time        Bias
qr        46.9328 -0.00035783
sqr.plug       NA          NA
sqr.boot 896.3560 -0.00052042
sgd.boot 446.2980 -0.00094491
sgd.rs    32.5028 -0.00106368
sgd.rs1s   5.2308 -0.00106368

 
1434.151 sec elapsed
