------------------------ 
Sample Size =  1000000 
dim of X    =  80 
# of rep    =  10 
------------------------ 
Replications :  1 
              Time        Bias
qr         48.4053 -0.00171742
sqr.plug        NA          NA
sqr.boot 1071.7717 -0.00169028
sgd.boot  524.1055 -0.00121095
sgd.rs     33.0150 -0.00084665
sgd.rs1s    5.7461 -0.00084665

 
1690.494 sec elapsed
Replications :  2 
              Time         Bias
qr         48.3174  0.000992473
sqr.plug        NA           NA
sqr.boot 1035.2821  0.001003845
sgd.boot  446.0362 -0.000098612
sgd.rs     32.9891  0.001910318
sgd.rs1s    5.4944  0.001910318

 
1574.972 sec elapsed
Replications :  3 
             Time       Bias
qr        46.0728 0.00138941
sqr.plug       NA         NA
sqr.boot 872.9436 0.00135657
sgd.boot 446.5387 0.00070175
sgd.rs    32.8396 0.00141197
sgd.rs1s   5.3125 0.00141197

 
1410.413 sec elapsed
Replications :  4 
             Time        Bias
qr        45.3137 -0.00014391
sqr.plug       NA          NA
sqr.boot 973.2874 -0.00022352
sgd.boot 446.7080 -0.00125352
sgd.rs    32.6595 -0.00149073
sgd.rs1s   5.2849 -0.00149073

 
1509.778 sec elapsed
Replications :  5 
             Time       Bias
qr        45.3820 0.00198301
sqr.plug       NA         NA
sqr.boot 881.5839 0.00181032
sgd.boot 447.0122 0.00057074
sgd.rs    32.5580 0.00116855
sgd.rs1s   5.1808 0.00116855

 
1418.297 sec elapsed
Replications :  6 
             Time      Bias
qr        45.5281 0.0019497
sqr.plug       NA        NA
sqr.boot 989.5794 0.0015041
sgd.boot 446.6917 0.0014075
sgd.rs    33.1222 0.0008059
sgd.rs1s   5.4978 0.0008059

 
1526.978 sec elapsed
Replications :  7 
             Time       Bias
qr        45.2971 0.00078690
sqr.plug       NA         NA
sqr.boot 932.3424 0.00070148
sgd.boot 446.8908 0.00054390
sgd.rs    32.6687 0.00023851
sgd.rs1s   5.2399 0.00023851

 
1469.179 sec elapsed
Replications :  8 
             Time        Bias
qr        45.0946 -0.00067323
sqr.plug       NA          NA
sqr.boot 875.5240 -0.00085004
sgd.boot 446.6663 -0.00257711
sgd.rs    32.4739 -0.00117134
sgd.rs1s   5.1582 -0.00117134

 
1411.629 sec elapsed
Replications :  9 
             Time        Bias
qr        44.6176 -0.00040277
sqr.plug       NA          NA
sqr.boot 880.6818 -0.00043841
sgd.boot 446.0482 -0.00158678
sgd.rs    32.3426 -0.00061713
sgd.rs1s   4.9844 -0.00061713

 
1415.307 sec elapsed
Replications :  10 
             Time       Bias
qr        45.7622 -0.0016711
sqr.plug       NA         NA
sqr.boot 934.5319 -0.0017515
sgd.boot 446.4683 -0.0023592
sgd.rs    32.6134 -0.0021776
sgd.rs1s   5.1102 -0.0021776

 
1471.016 sec elapsed
