------------------------ 
Sample Size =  1000000 
dim of X    =  80 
# of rep    =  10 
------------------------ 
Replications :  1 
              Time        Bias
qr         67.8904 -0.00131462
sqr.plug        NA          NA
sqr.boot 1748.8898 -0.00125677
sgd.boot  546.6323 -0.00145192
sgd.rs     38.2909 -0.00041067
sgd.rs1s    8.4817 -0.00041067

 
2419.879 sec elapsed
Replications :  2 
              Time        Bias
qr         63.6718 -0.00055302
sqr.plug        NA          NA
sqr.boot 1680.3251 -0.00045378
sgd.boot  469.2008 -0.00127757
sgd.rs     37.9564 -0.00063351
sgd.rs1s    7.3258 -0.00063351

 
2267.447 sec elapsed
Replications :  3 
             Time        Bias
qr        56.2156 -0.00075642
sqr.plug       NA          NA
sqr.boot 988.8873 -0.00078539
sgd.boot 470.1026 -0.00034656
sgd.rs    37.9711 -0.00136916
sgd.rs1s   6.7289 -0.00136916

 
1568.529 sec elapsed
Replications :  4 
              Time        Bias
qr         55.6847 -0.00032647
sqr.plug        NA          NA
sqr.boot 1231.3409 -0.00037672
sgd.boot  470.4825 -0.00108204
sgd.rs     37.7630 -0.00010080
sgd.rs1s    6.9036 -0.00010080

 
1810.001 sec elapsed
Replications :  5 
             Time         Bias
qr        52.3288 -0.000023857
sqr.plug       NA           NA
sqr.boot 973.8862 -0.000046530
sgd.boot 472.5618 -0.000505645
sgd.rs    37.3081 -0.000663290
sgd.rs1s   6.8938 -0.000663290

 
1551.029 sec elapsed
Replications :  6 
              Time        Bias
qr         55.1881 -0.00064864
sqr.plug        NA          NA
sqr.boot 1321.3333 -0.00016899
sgd.boot  472.1290 -0.00066269
sgd.rs     37.6349  0.00047350
sgd.rs1s    7.5206  0.00047350

 
1901.822 sec elapsed
Replications :  7 
             Time        Bias
qr        49.1032 0.000010332
sqr.plug       NA          NA
sqr.boot 923.9774 0.000097149
sgd.boot 465.0660 0.000665096
sgd.rs    35.7431 0.001068995
sgd.rs1s   6.7161 0.001068995

 
1488.53 sec elapsed
Replications :  8 
              Time       Bias
qr         53.7303 0.00184024
sqr.plug        NA         NA
sqr.boot 1290.8196 0.00176068
sgd.boot  470.4679 0.00038699
sgd.rs     35.8942 0.00136700
sgd.rs1s    7.3333 0.00136700

 
1865.977 sec elapsed
Replications :  9 
              Time        Bias
qr         53.6995 -0.00176133
sqr.plug        NA          NA
sqr.boot 1154.1981 -0.00165317
sgd.boot  470.0778 -0.00045406
sgd.rs     36.1192 -0.00147056
sgd.rs1s    7.2403 -0.00147056

 
1729.702 sec elapsed
Replications :  10 
             Time      Bias
qr        57.1486 0.0014427
sqr.plug       NA        NA
sqr.boot 883.5803 0.0012940
sgd.boot 472.7183 0.0019945
sgd.rs    36.5133 0.0015915
sgd.rs1s   7.0624 0.0015915

 
1465.296 sec elapsed
