------------------------ 
Sample Size =  1000000 
dim of X    =  80 
# of rep    =  10 
------------------------ 
Replications :  1 
              Time       Bias
qr         54.1258 -0.0015767
sqr.plug        NA         NA
sqr.boot 1088.0567 -0.0015572
sgd.boot  531.4449 -0.0020425
sgd.rs     44.3447 -0.0014111
sgd.rs1s    5.8576 -0.0014111

 
1731.579 sec elapsed
Replications :  2 
              Time       Bias
qr         50.6550 0.00095235
sqr.plug        NA         NA
sqr.boot 1097.9070 0.00093915
sgd.boot  533.1901 0.00058417
sgd.rs     35.5631 0.00067821
sgd.rs1s    5.8131 0.00067821

 
1730.087 sec elapsed
Replications :  3 
             Time        Bias
qr        51.6050 -0.00055943
sqr.plug       NA          NA
sqr.boot 938.5186 -0.00027092
sgd.boot 535.6443 -0.00075909
sgd.rs    35.7488  0.00041304
sgd.rs1s   5.5928  0.00041304

 
1573.988 sec elapsed
Replications :  4 
             Time         Bias
qr        51.1344  0.000092584
sqr.plug       NA           NA
sqr.boot 979.3793 -0.000072444
sgd.boot 530.7273 -0.000528127
sgd.rs    35.6481 -0.000840283
sgd.rs1s   5.7013 -0.000840283

 
1609.27 sec elapsed
Replications :  5 
             Time         Bias
qr        49.9085  0.000092002
sqr.plug       NA           NA
sqr.boot 894.8172 -0.000109877
sgd.boot 531.0132 -0.001176703
sgd.rs    35.3566 -0.000638535
sgd.rs1s   5.4777 -0.000638535

 
1523.302 sec elapsed
Replications :  6 
             Time        Bias
qr        51.9268  0.00065799
sqr.plug       NA          NA
sqr.boot 997.8635  0.00033369
sgd.boot 453.8981 -0.00040722
sgd.rs    35.9153 -0.00042114
sgd.rs1s   5.7611 -0.00042114

 
1552.08 sec elapsed
Replications :  7 
             Time       Bias
qr        51.5396 -0.0016488
sqr.plug       NA         NA
sqr.boot 938.6150 -0.0017273
sgd.boot 453.2939 -0.0020035
sgd.rs    35.5454 -0.0020542
sgd.rs1s   5.1524 -0.0020542

 
1490.876 sec elapsed
Replications :  8 
             Time        Bias
qr        50.5979 -0.00082087
sqr.plug       NA          NA
sqr.boot 908.0351 -0.00044893
sgd.boot 453.3213 -0.00083717
sgd.rs    35.1776 -0.00034154
sgd.rs1s   5.1441 -0.00034154

 
1459.002 sec elapsed
Replications :  9 
             Time      Bias
qr        48.2806 0.0013326
sqr.plug       NA        NA
sqr.boot 890.3444 0.0015862
sgd.boot 452.7570 0.0013905
sgd.rs    34.9609 0.0012322
sgd.rs1s   5.0213 0.0012322

 
1438.054 sec elapsed
Replications :  10 
              Time        Bias
qr         48.7484  0.00020468
sqr.plug        NA          NA
sqr.boot 1003.5727  0.00029542
sgd.boot  452.9918 -0.00108171
sgd.rs     35.2281 -0.00074676
sgd.rs1s    5.1823 -0.00074676

 
1552.365 sec elapsed
