------------------------ 
Sample Size =  1000000 
dim of X    =  80 
# of rep    =  10 
------------------------ 
Replications :  1 
              Time         Bias
qr         48.7372 -0.000097477
sqr.plug        NA           NA
sqr.boot 1050.2819  0.000098829
sgd.boot  529.2501  0.000446395
sgd.rs     32.7868 -0.001087397
sgd.rs1s    5.6727 -0.001087397

 
1674.091 sec elapsed
Replications :  2 
              Time      Bias
qr         46.0833 0.0012402
sqr.plug        NA        NA
sqr.boot 1055.4475 0.0013627
sgd.boot  529.0600 0.0011571
sgd.rs     32.8115 0.0010126
sgd.rs1s    5.4727 0.0010126

 
1675.708 sec elapsed
Replications :  3 
            Time        Bias
qr        47.883 -0.00063059
sqr.plug      NA          NA
sqr.boot 875.957 -0.00046926
sgd.boot 531.814 -0.00092581
sgd.rs    33.063 -0.00111296
sgd.rs1s   5.458 -0.00111296

 
1500.949 sec elapsed
Replications :  4 
            Time        Bias
qr        45.577 -0.00061114
sqr.plug      NA          NA
sqr.boot 913.996 -0.00009168
sgd.boot 529.970 -0.00020797
sgd.rs    32.848  0.00109336
sgd.rs1s   5.536  0.00109336

 
1534.507 sec elapsed
Replications :  5 
             Time      Bias
qr        46.0865 0.0021724
sqr.plug       NA        NA
sqr.boot 847.2667 0.0024072
sgd.boot 529.3039 0.0030201
sgd.rs    32.2602 0.0019010
sgd.rs1s   4.9836 0.0019010

 
1466.556 sec elapsed
Replications :  6 
             Time        Bias
qr        45.7273 -0.00031600
sqr.plug       NA          NA
sqr.boot 949.6038 -0.00029307
sgd.boot 531.1825 -0.00193382
sgd.rs    32.7436 -0.00077383
sgd.rs1s   5.2452 -0.00077383

 
1571.117 sec elapsed
Replications :  7 
             Time        Bias
qr        44.8284 -0.00246730
sqr.plug       NA          NA
sqr.boot 854.1254 -0.00219196
sgd.boot 531.3640 -0.00193013
sgd.rs    32.2944 -0.00093347
sgd.rs1s   4.8823 -0.00093347

 
1474.138 sec elapsed
Replications :  8 
             Time       Bias
qr        46.2264 -0.0015552
sqr.plug       NA         NA
sqr.boot 961.8242 -0.0013497
sgd.boot 532.3365 -0.0015642
sgd.rs    32.5875 -0.0016113
sgd.rs1s   5.2988 -0.0016113

 
1584.834 sec elapsed
Replications :  9 
             Time        Bias
qr        45.0605  0.00034856
sqr.plug       NA          NA
sqr.boot 879.3667  0.00045770
sgd.boot 532.3798 -0.00045667
sgd.rs    32.4946  0.00077590
sgd.rs1s   5.0657  0.00077590

 
1501.15 sec elapsed
Replications :  10 
             Time      Bias
qr        46.4609 0.0016237
sqr.plug       NA        NA
sqr.boot 905.7629 0.0015690
sgd.boot 450.8300 0.0022502
sgd.rs    32.5131 0.0010272
sgd.rs1s   5.1069 0.0010272

 
1447.264 sec elapsed
