------------------------ 
Sample Size =  1000000 
dim of X    =  80 
# of rep    =  10 
------------------------ 
Replications :  1 
             Time        Bias
qr         60.942  0.00086640
sqr.plug       NA          NA
sqr.boot 1733.644  0.00093503
sgd.boot  543.922 -0.00023806
sgd.rs     36.107  0.00076371
sgd.rs1s    8.189  0.00076371

 
2392.372 sec elapsed
Replications :  2 
              Time         Bias
qr         59.6284  0.000607602
sqr.plug        NA           NA
sqr.boot 1608.5627  0.000039374
sgd.boot  542.8620 -0.000279498
sgd.rs     35.6022  0.000263778
sgd.rs1s    7.6481  0.000263778

 
2263.516 sec elapsed
Replications :  3 
             Time       Bias
qr        55.7899 -0.0015392
sqr.plug       NA         NA
sqr.boot 933.0542 -0.0014295
sgd.boot 464.2256 -0.0013960
sgd.rs    35.5141 -0.0018531
sgd.rs1s   7.5462 -0.0018531

 
1504.951 sec elapsed
Replications :  4 
              Time        Bias
qr         54.6086 -0.00176557
sqr.plug        NA          NA
sqr.boot 1594.8982 -0.00188267
sgd.boot  464.9288 -0.00097494
sgd.rs     38.6825 -0.00208159
sgd.rs1s    8.4278 -0.00208159

 
2170.037 sec elapsed
Replications :  5 
              Time       Bias
qr         60.8299 0.00069249
sqr.plug        NA         NA
sqr.boot 1210.3397 0.00049300
sgd.boot  465.3131 0.00020275
sgd.rs     35.3764 0.00121360
sgd.rs1s    7.2036 0.00121360

 
1788.612 sec elapsed
Replications :  6 
              Time         Bias
qr         61.0681 -0.000550788
sqr.plug        NA           NA
sqr.boot 1303.7861 -0.000507229
sgd.boot  463.0829 -0.003299285
sgd.rs     36.1380  0.000044145
sgd.rs1s    7.0045  0.000044145

 
1879.605 sec elapsed
Replications :  7 
              Time       Bias
qr         53.5038 -0.0016341
sqr.plug        NA         NA
sqr.boot 1122.3571 -0.0014410
sgd.boot  463.1426 -0.0010319
sgd.rs     34.9505 -0.0014734
sgd.rs1s    6.4264 -0.0014734

 
1688.519 sec elapsed
Replications :  8 
              Time        Bias
qr         53.0653  0.00025495
sqr.plug        NA          NA
sqr.boot 1113.2132  0.00031896
sgd.boot  462.2433 -0.00096070
sgd.rs     35.0422  0.00034343
sgd.rs1s    6.4505  0.00034343

 
1677.784 sec elapsed
Replications :  9 
              Time       Bias
qr         53.3493 -0.0016720
sqr.plug        NA         NA
sqr.boot 1423.4544 -0.0015301
sgd.boot  465.0988 -0.0019054
sgd.rs     35.1135 -0.0012678
sgd.rs1s    7.5508 -0.0012678

 
1993.13 sec elapsed
Replications :  10 
             Time      Bias
qr        52.9175 0.0012669
sqr.plug       NA        NA
sqr.boot 935.8127 0.0016376
sgd.boot 465.6418 0.0019836
sgd.rs    37.7733 0.0020955
sgd.rs1s   7.3645 0.0020955

 
1507.979 sec elapsed
