------------------------ 
Sample Size =  1000000 
dim of X    =  80 
# of rep    =  10 
------------------------ 
Replications :  1 
              Time      Bias
qr         46.9145 0.0010426
sqr.plug        NA        NA
sqr.boot 1010.8610 0.0011567
sgd.boot  529.0989 0.0012119
sgd.rs     32.9958 0.0015355
sgd.rs1s    5.7873 0.0015355

 
1633.161 sec elapsed
Replications :  2 
              Time        Bias
qr         45.9758 -0.00024773
sqr.plug        NA          NA
sqr.boot 1052.6344 -0.00045345
sgd.boot  446.9674 -0.00115814
sgd.rs     33.0125 -0.00151240
sgd.rs1s    5.5321 -0.00151240

 
1591.111 sec elapsed
Replications :  3 
             Time        Bias
qr        46.0793 -0.00047696
sqr.plug       NA          NA
sqr.boot 847.4439 -0.00064533
sgd.boot 447.8948 -0.00133907
sgd.rs    32.9981 -0.00035713
sgd.rs1s   5.3585 -0.00035713

 
1386.669 sec elapsed
Replications :  4 
             Time       Bias
qr        44.8225 -0.0012204
sqr.plug       NA         NA
sqr.boot 961.5228 -0.0015577
sgd.boot 446.5446 -0.0013294
sgd.rs    32.9653 -0.0020977
sgd.rs1s   5.3952 -0.0020977

 
1497.887 sec elapsed
Replications :  5 
             Time       Bias
qr        44.0315 -0.0020569
sqr.plug       NA         NA
sqr.boot 845.6648 -0.0019173
sgd.boot 446.4025 -0.0023679
sgd.rs    32.6568 -0.0017657
sgd.rs1s   5.2458 -0.0017657

 
1380.577 sec elapsed
Replications :  6 
             Time       Bias
qr        44.7093 0.00081369
sqr.plug       NA         NA
sqr.boot 948.4684 0.00071671
sgd.boot 446.0986 0.00023867
sgd.rs    33.4372 0.00029457
sgd.rs1s   5.1974 0.00029457

 
1484.501 sec elapsed
Replications :  7 
             Time        Bias
qr        43.9752 -0.00028401
sqr.plug       NA          NA
sqr.boot 827.3942 -0.00017484
sgd.boot 445.9922 -0.00030206
sgd.rs    32.6800 -0.00015635
sgd.rs1s   5.1308 -0.00015635

 
1361.868 sec elapsed
Replications :  8 
             Time        Bias
qr        43.9429 -0.00075515
sqr.plug       NA          NA
sqr.boot 926.5452 -0.00067411
sgd.boot 445.6129 -0.00099254
sgd.rs    32.6489  0.00030608
sgd.rs1s   5.0915  0.00030608

 
1460.425 sec elapsed
Replications :  9 
              Time        Bias
qr         45.8935 -0.00169897
sqr.plug        NA          NA
sqr.boot 1034.6229 -0.00145054
sgd.boot  446.4178 -0.00114384
sgd.rs     33.0244 -0.00045029
sgd.rs1s    5.4639 -0.00045029

 
1572.053 sec elapsed
Replications :  10 
             Time      Bias
qr        45.8281 0.0024398
sqr.plug       NA        NA
sqr.boot 849.0891 0.0024243
sgd.boot 445.6895 0.0013350
sgd.rs    32.5970 0.0022807
sgd.rs1s   5.1547 0.0022807

 
1385.1 sec elapsed
