------------------------ 
Sample Size =  1000000 
dim of X    =  80 
# of rep    =  10 
------------------------ 
Replications :  1 
              Time        Bias
qr         62.0490 -0.00089561
sqr.plug        NA          NA
sqr.boot 1669.5793 -0.00065445
sgd.boot  540.1531 -0.00079534
sgd.rs     37.5515 -0.00134855
sgd.rs1s    9.1784 -0.00134855

 
2327.894 sec elapsed
Replications :  2 
              Time          Bias
qr         65.9946  0.0001822077
sqr.plug        NA            NA
sqr.boot 1678.0950  0.0000972253
sgd.boot  463.2477 -0.0002484419
sgd.rs     35.9903  0.0000004949
sgd.rs1s    7.3807  0.0000004949

 
2260.026 sec elapsed
Replications :  3 
              Time         Bias
qr         55.4522  0.000047215
sqr.plug        NA           NA
sqr.boot 1003.4558 -0.000213060
sgd.boot  466.4070 -0.000897661
sgd.rs     35.8453 -0.000942650
sgd.rs1s    7.5192 -0.000942650

 
1577.228 sec elapsed
Replications :  4 
             Time        Bias
qr         56.156 -0.00020863
sqr.plug       NA          NA
sqr.boot 1474.876 -0.00010105
sgd.boot  465.007 -0.00129329
sgd.rs     36.886 -0.00115301
sgd.rs1s    8.207 -0.00115301

 
2049.412 sec elapsed
Replications :  5 
             Time       Bias
qr         57.650 0.00178110
sqr.plug       NA         NA
sqr.boot 1299.257 0.00157028
sgd.boot  465.373 0.00077649
sgd.rs     34.984 0.00151603
sgd.rs1s    7.017 0.00151603

 
1873.545 sec elapsed
Replications :  6 
              Time         Bias
qr         56.4257  0.000030084
sqr.plug        NA           NA
sqr.boot 1159.5194  0.000131309
sgd.boot  462.7680  0.000223633
sgd.rs     34.8995 -0.000533501
sgd.rs1s    6.8822 -0.000533501

 
1729 sec elapsed
Replications :  7 
             Time      Bias
qr        53.3368 0.0030883
sqr.plug       NA        NA
sqr.boot 973.0902 0.0033589
sgd.boot 463.3780 0.0031092
sgd.rs    34.6406 0.0029342
sgd.rs1s   6.6835 0.0029342

 
1539.325 sec elapsed
Replications :  8 
             Time       Bias
qr        54.2548 0.00057814
sqr.plug       NA         NA
sqr.boot 919.1278 0.00061549
sgd.boot 465.4203 0.00062845
sgd.rs    35.0187 0.00047946
sgd.rs1s   7.1769 0.00047946

 
1489.058 sec elapsed
Replications :  9 
              Time      Bias
qr         55.4796 0.0018912
sqr.plug        NA        NA
sqr.boot 1685.8526 0.0018908
sgd.boot  466.0444 0.0013970
sgd.rs     36.1319 0.0024568
sgd.rs1s    7.9806 0.0024568

 
2260.202 sec elapsed
Replications :  10 
             Time       Bias
qr        58.2853 0.00133235
sqr.plug       NA         NA
sqr.boot 929.8868 0.00136242
sgd.boot 446.3167 0.00095895
sgd.rs    34.0281 0.00195641
sgd.rs1s   6.2889 0.00195641

 
1483.341 sec elapsed
