------------------------ 
Sample Size =  1000000 
dim of X    =  80 
# of rep    =  10 
------------------------ 
Replications :  1 
              Time         Bias
qr         50.5201  0.000011672
sqr.plug        NA           NA
sqr.boot 1048.0582  0.000366685
sgd.boot  529.3736 -0.000363453
sgd.rs     35.7333  0.000965772
sgd.rs1s    5.8303  0.000965772

 
1677.214 sec elapsed
Replications :  2 
              Time         Bias
qr         49.9914  0.000916531
sqr.plug        NA           NA
sqr.boot 1031.7583  0.000986175
sgd.boot  531.3071 -0.000093529
sgd.rs     35.7271 -0.000113471
sgd.rs1s    5.5525 -0.000113471

 
1661.496 sec elapsed
Replications :  3 
             Time         Bias
qr        49.6159  0.000063937
sqr.plug       NA           NA
sqr.boot 901.0858  0.000172118
sgd.boot 530.9794  0.000679259
sgd.rs    35.8680 -0.000270611
sgd.rs1s   5.4724 -0.000270611

 
1529.981 sec elapsed
Replications :  4 
             Time       Bias
qr        47.4665 0.00118824
sqr.plug       NA         NA
sqr.boot 968.3644 0.00126888
sgd.boot 449.4395 0.00061521
sgd.rs    35.5272 0.00134258
sgd.rs1s   5.1972 0.00134258

 
1512.629 sec elapsed
Replications :  5 
             Time        Bias
qr        47.4602 -0.00022735
sqr.plug       NA          NA
sqr.boot 899.0899 -0.00022151
sgd.boot 448.3361  0.00082103
sgd.rs    35.1786 -0.00115905
sgd.rs1s   5.2241 -0.00115905

 
1441.941 sec elapsed
Replications :  6 
             Time       Bias
qr        48.2086 0.00020985
sqr.plug       NA         NA
sqr.boot 923.8888 0.00048607
sgd.boot 449.2149 0.00091853
sgd.rs    35.6776 0.00028252
sgd.rs1s   5.4956 0.00028252

 
1469.127 sec elapsed
Replications :  7 
             Time         Bias
qr        47.7987  0.000083707
sqr.plug       NA           NA
sqr.boot 854.9352  0.000215331
sgd.boot 448.5034 -0.000334153
sgd.rs    35.3605  0.001042397
sgd.rs1s   5.3745  0.001042397

 
1398.753 sec elapsed
Replications :  8 
             Time        Bias
qr        47.5709 -0.00015974
sqr.plug       NA          NA
sqr.boot 922.0533  0.00014402
sgd.boot 448.6309 -0.00101314
sgd.rs    35.2965  0.00101087
sgd.rs1s   4.9079  0.00101087

 
1465.211 sec elapsed
Replications :  9 
              Time       Bias
qr         48.4655 -0.0011157
sqr.plug        NA         NA
sqr.boot 1046.3203 -0.0011710
sgd.boot  448.7852 -0.0019558
sgd.rs     35.6264 -0.0015175
sgd.rs1s    5.5847 -0.0015175

 
1591.491 sec elapsed
Replications :  10 
             Time       Bias
qr        48.6097 0.00154988
sqr.plug       NA         NA
sqr.boot 880.0256 0.00152893
sgd.boot 448.4324 0.00041136
sgd.rs    35.4249 0.00070947
sgd.rs1s   5.2311 0.00070947

 
1424.541 sec elapsed
