------------------------ 
Sample Size =  1000000 
dim of X    =  40 
# of rep    =  10 
------------------------ 
Replications :  1 
             Time       Bias
qr        17.7533 -0.0025959
sqr.plug       NA         NA
sqr.boot 511.0517 -0.0024499
sgd.boot 288.0542 -0.0027149
sgd.rs    10.5778 -0.0029201
sgd.rs1s   2.8596 -0.0029201

 
834.715 sec elapsed
Replications :  2 
             Time       Bias
qr        16.8054 0.00131987
sqr.plug       NA         NA
sqr.boot 512.3067 0.00142628
sgd.boot 288.3429 0.00112831
sgd.rs    10.7388 0.00077726
sgd.rs1s   2.8732 0.00077726

 
835.062 sec elapsed
Replications :  3 
             Time        Bias
qr        16.4960 -0.00027830
sqr.plug       NA          NA
sqr.boot 452.1430 -0.00030520
sgd.boot 288.0271 -0.00040422
sgd.rs    10.6719 -0.00046901
sgd.rs1s   2.5945 -0.00046901

 
773.82 sec elapsed
Replications :  4 
             Time        Bias
qr        16.4437 -0.00010131
sqr.plug       NA          NA
sqr.boot 508.2106 -0.00014659
sgd.boot 290.7697 -0.00012167
sgd.rs    10.4149 -0.00026484
sgd.rs1s   2.5524 -0.00026484

 
832.106 sec elapsed
Replications :  5 
             Time        Bias
qr        16.3994 -0.00078128
sqr.plug       NA          NA
sqr.boot 485.8118 -0.00067556
sgd.boot 289.7657 -0.00083199
sgd.rs    10.5056 -0.00048464
sgd.rs1s   2.6163 -0.00048464

 
808.79 sec elapsed
Replications :  6 
             Time          Bias
qr        16.2221  0.0000046946
sqr.plug       NA            NA
sqr.boot 479.9869  0.0000544546
sgd.boot 290.5161 -0.0000121091
sgd.rs    10.3739  0.0001039386
sgd.rs1s   2.5387  0.0001039386

 
803.383 sec elapsed
Replications :  7 
            Time       Bias
qr        16.862 -0.0018145
sqr.plug      NA         NA
sqr.boot 483.590 -0.0018421
sgd.boot 290.150 -0.0020445
sgd.rs    10.560 -0.0011307
sgd.rs1s   2.537 -0.0011307

 
807.439 sec elapsed
Replications :  8 
             Time       Bias
qr        16.5144 0.00080863
sqr.plug       NA         NA
sqr.boot 480.7601 0.00085507
sgd.boot 290.7124 0.00043544
sgd.rs    10.4133 0.00062182
sgd.rs1s   2.5462 0.00062182

 
804.667 sec elapsed
Replications :  9 
             Time        Bias
qr        16.4232 -0.00066494
sqr.plug       NA          NA
sqr.boot 479.5224 -0.00065096
sgd.boot 290.2871 -0.00035971
sgd.rs    10.3795 -0.00046030
sgd.rs1s   2.6274 -0.00046030

 
802.922 sec elapsed
Replications :  10 
             Time       Bias
qr        16.3752 0.00045567
sqr.plug       NA         NA
sqr.boot 536.9602 0.00024702
sgd.boot 291.0590 0.00086400
sgd.rs    10.6715 0.00104750
sgd.rs1s   2.8595 0.00104750

 
861.62 sec elapsed
