------------------------ 
Sample Size =  1000000 
dim of X    =  40 
# of rep    =  10 
------------------------ 
Replications :  1 
             Time       Bias
qr        25.7285 0.00093468
sqr.plug       NA         NA
sqr.boot 754.9039 0.00072380
sgd.boot 297.7246 0.00045483
sgd.rs    11.9741 0.00043407
sgd.rs1s   3.3809 0.00043407

 
1098.945 sec elapsed
Replications :  2 
            Time       Bias
qr        23.882 -0.0023758
sqr.plug      NA         NA
sqr.boot 757.937 -0.0023518
sgd.boot 298.124 -0.0028080
sgd.rs    11.835 -0.0022877
sgd.rs1s   3.121 -0.0022877

 
1099.446 sec elapsed
Replications :  3 
             Time        Bias
qr        22.9578 -0.00029464
sqr.plug       NA          NA
sqr.boot 675.5834 -0.00028430
sgd.boot 296.7699 -0.00077920
sgd.rs    11.2742 -0.00021190
sgd.rs1s   2.8513 -0.00021190

 
1013.711 sec elapsed
Replications :  4 
             Time        Bias
qr        22.3945 -0.00088237
sqr.plug       NA          NA
sqr.boot 708.4602 -0.00063640
sgd.boot 296.4613 -0.00094821
sgd.rs    11.2619 -0.00072990
sgd.rs1s   2.9952 -0.00072990

 
1045.672 sec elapsed
Replications :  5 
             Time        Bias
qr        21.4830 -0.00047187
sqr.plug       NA          NA
sqr.boot 673.3803 -0.00049015
sgd.boot 295.2751 -0.00091685
sgd.rs    11.1088 -0.00037334
sgd.rs1s   2.9335 -0.00037334

 
1008.364 sec elapsed
Replications :  6 
             Time      Bias
qr        21.7309 0.0021970
sqr.plug       NA        NA
sqr.boot 712.8499 0.0023342
sgd.boot 296.9730 0.0022835
sgd.rs    11.1341 0.0024642
sgd.rs1s   3.0145 0.0024642

 
1049.86 sec elapsed
Replications :  7 
             Time        Bias
qr        21.9627 -0.00056291
sqr.plug       NA          NA
sqr.boot 673.8056 -0.00047532
sgd.boot 296.2463 -0.00107186
sgd.rs    11.2137 -0.00089421
sgd.rs1s   2.7723 -0.00089421

 
1010.143 sec elapsed
Replications :  8 
             Time      Bias
qr        22.4703 0.0012002
sqr.plug       NA        NA
sqr.boot 703.9204 0.0013375
sgd.boot 297.9584 0.0014362
sgd.rs    11.2307 0.0018065
sgd.rs1s   2.8589 0.0018065

 
1042.486 sec elapsed
Replications :  9 
             Time       Bias
qr        21.6500 0.00114520
sqr.plug       NA         NA
sqr.boot 672.5008 0.00111588
sgd.boot 296.8725 0.00068362
sgd.rs    11.0999 0.00105862
sgd.rs1s   2.6567 0.00105862

 
1008.926 sec elapsed
Replications :  10 
             Time       Bias
qr        22.3415 0.00082920
sqr.plug       NA         NA
sqr.boot 701.8298 0.00074101
sgd.boot 296.3004 0.00025045
sgd.rs    11.2511 0.00090791
sgd.rs1s   3.0302 0.00090791

 
1038.802 sec elapsed
