------------------------ 
Sample Size =  1000000 
dim of X    =  40 
# of rep    =  10 
------------------------ 
Replications :  1 
             Time        Bias
qr        31.4489 -0.00020663
sqr.plug       NA          NA
sqr.boot 783.1673 -0.00032009
sgd.boot 301.0343 -0.00042645
sgd.rs    11.6582  0.00020453
sgd.rs1s   4.0297  0.00020453

 
1137.348 sec elapsed
Replications :  2 
            Time       Bias
qr        22.342 0.00031793
sqr.plug      NA         NA
sqr.boot 715.157 0.00050875
sgd.boot 298.894 0.00064283
sgd.rs    11.941 0.00091852
sgd.rs1s   4.412 0.00091852

 
1057.781 sec elapsed
Replications :  3 
             Time       Bias
qr        22.8554 0.00039165
sqr.plug       NA         NA
sqr.boot 487.1166 0.00060429
sgd.boot 300.2617 0.00037494
sgd.rs    11.5408 0.00065814
sgd.rs1s   3.1895 0.00065814

 
830.225 sec elapsed
Replications :  4 
             Time       Bias
qr        21.4736 0.00085040
sqr.plug       NA         NA
sqr.boot 615.8951 0.00082456
sgd.boot 300.0211 0.00107841
sgd.rs    11.7309 0.00137403
sgd.rs1s   3.4435 0.00137403

 
957.393 sec elapsed
Replications :  5 
             Time        Bias
qr        22.3586 -0.00055383
sqr.plug       NA          NA
sqr.boot 617.1586 -0.00021379
sgd.boot 300.6314 -0.00027988
sgd.rs    11.6184  0.00063528
sgd.rs1s   3.3784  0.00063528

 
959.892 sec elapsed
Replications :  6 
             Time       Bias
qr        20.9971 0.00046446
sqr.plug       NA         NA
sqr.boot 608.9681 0.00060947
sgd.boot 295.0850 0.00056742
sgd.rs    11.0617 0.00192666
sgd.rs1s   3.3466 0.00192666

 
944.261 sec elapsed
Replications :  7 
             Time        Bias
qr        21.8037 -0.00038759
sqr.plug       NA          NA
sqr.boot 614.5569 -0.00065367
sgd.boot 313.5962 -0.00070297
sgd.rs    13.1613 -0.00148849
sgd.rs1s   3.9029 -0.00148849

 
972 sec elapsed
Replications :  8 
             Time       Bias
qr        28.9043 -0.0011786
sqr.plug       NA         NA
sqr.boot 810.1293 -0.0012124
sgd.boot 319.3314 -0.0010710
sgd.rs    12.9480 -0.0012861
sgd.rs1s   3.8336 -0.0012861

 
1180.245 sec elapsed
Replications :  9 
             Time        Bias
qr        28.4407 0.000597375
sqr.plug       NA          NA
sqr.boot 811.0977 0.000558977
sgd.boot 319.9509 0.000024862
sgd.rs    12.9185 0.000054529
sgd.rs1s   4.1396 0.000054529

 
1181.802 sec elapsed
Replications :  10 
              Time        Bias
qr         29.8185  0.00107885
sqr.plug        NA          NA
sqr.boot 1068.1350  0.00076836
sgd.boot  309.9108  0.00035605
sgd.rs     12.7853 -0.00033564
sgd.rs1s    4.8663 -0.00033564

 
1431.043 sec elapsed
