------------------------ 
Sample Size =  1000000 
dim of X    =  40 
# of rep    =  10 
------------------------ 
Replications :  1 
            Time        Bias
qr        25.369 -0.00064699
sqr.plug      NA          NA
sqr.boot 784.231 -0.00020060
sgd.boot 308.761 -0.00092882
sgd.rs    12.602  0.00028864
sgd.rs1s   4.390  0.00028864

 
1141.112 sec elapsed
Replications :  2 
            Time        Bias
qr        24.322 -0.00062229
sqr.plug      NA          NA
sqr.boot 803.764 -0.00086464
sgd.boot 306.657 -0.00147388
sgd.rs    12.664 -0.00164270
sgd.rs1s   4.378 -0.00164270

 
1156.963 sec elapsed
Replications :  3 
             Time        Bias
qr        21.3243 -0.00091951
sqr.plug       NA          NA
sqr.boot 504.6210 -0.00065945
sgd.boot 318.3261 -0.00035713
sgd.rs    12.4721 -0.00042340
sgd.rs1s   3.4396 -0.00042340

 
865.083 sec elapsed
Replications :  4 
             Time       Bias
qr        23.3183 -0.0016354
sqr.plug       NA         NA
sqr.boot 612.8182 -0.0017139
sgd.boot 313.3437 -0.0017599
sgd.rs    12.0757 -0.0010194
sgd.rs1s   3.4271 -0.0010194

 
969.534 sec elapsed
Replications :  5 
             Time         Bias
qr        20.4884  0.000239120
sqr.plug       NA           NA
sqr.boot 502.5192  0.000022943
sgd.boot 315.6647 -0.000478148
sgd.rs    12.0510 -0.000655929
sgd.rs1s   3.2787 -0.000655929

 
858.546 sec elapsed
Replications :  6 
             Time         Bias
qr        22.2957 -0.000456163
sqr.plug       NA           NA
sqr.boot 503.7096 -0.000263277
sgd.boot 301.4469 -0.000092539
sgd.rs    11.5527 -0.000292682
sgd.rs1s   3.3787 -0.000292682

 
846.964 sec elapsed
Replications :  7 
             Time       Bias
qr        21.1730 0.00118766
sqr.plug       NA         NA
sqr.boot 493.0324 0.00103647
sgd.boot 295.8586 0.00062113
sgd.rs    11.9623 0.00061327
sgd.rs1s   3.1633 0.00061327

 
829.757 sec elapsed
Replications :  8 
             Time      Bias
qr        21.4141 0.0027036
sqr.plug       NA        NA
sqr.boot 578.2565 0.0026820
sgd.boot 296.4698 0.0028006
sgd.rs    11.6808 0.0019981
sgd.rs1s   3.2262 0.0019981

 
915.458 sec elapsed
Replications :  9 
             Time      Bias
qr        18.8615 0.0019349
sqr.plug       NA        NA
sqr.boot 494.8181 0.0019347
sgd.boot 302.1193 0.0020540
sgd.rs    11.4991 0.0021704
sgd.rs1s   3.1052 0.0021704

 
834.902 sec elapsed
Replications :  10 
             Time       Bias
qr        21.8982 -0.0016586
sqr.plug       NA         NA
sqr.boot 607.2031 -0.0015050
sgd.boot 299.5227 -0.0015666
sgd.rs    11.8747 -0.0016712
sgd.rs1s   3.7013 -0.0016712

 
948.767 sec elapsed
