------------------------ 
Sample Size =  1000000 
dim of X    =  40 
# of rep    =  10 
------------------------ 
Replications :  1 
             Time       Bias
qr        31.2742 0.00134432
sqr.plug       NA         NA
sqr.boot 785.9954 0.00135304
sgd.boot 301.6391 0.00064440
sgd.rs    11.6282 0.00070705
sgd.rs1s   3.9921 0.00070705

 
1140.52 sec elapsed
Replications :  2 
             Time       Bias
qr        22.6644 -0.0017189
sqr.plug       NA         NA
sqr.boot 722.8803 -0.0014380
sgd.boot 301.5865 -0.0021178
sgd.rs    12.4565 -0.0016544
sgd.rs1s   4.1999 -0.0016544

 
1068.913 sec elapsed
Replications :  3 
             Time      Bias
qr        22.5108 0.0013398
sqr.plug       NA        NA
sqr.boot 488.5095 0.0016200
sgd.boot 301.4573 0.0011923
sgd.rs    11.3529 0.0016262
sgd.rs1s   3.1626 0.0016262

 
832.008 sec elapsed
Replications :  4 
             Time       Bias
qr        22.8377 0.00060421
sqr.plug       NA         NA
sqr.boot 691.3145 0.00042371
sgd.boot 300.9466 0.00025305
sgd.rs    11.6045 0.00093864
sgd.rs1s   3.6232 0.00093864

 
1034.971 sec elapsed
Replications :  5 
             Time       Bias
qr        20.2691 0.00061515
sqr.plug       NA         NA
sqr.boot 487.8467 0.00044929
sgd.boot 300.9814 0.00020800
sgd.rs    11.0156 0.00064898
sgd.rs1s   3.1869 0.00064898

 
827.84 sec elapsed
Replications :  6 
             Time        Bias
qr        21.2136 -0.00050845
sqr.plug       NA          NA
sqr.boot 740.1021 -0.00061217
sgd.boot 301.1142 -0.00030282
sgd.rs    11.5766 -0.00074004
sgd.rs1s   3.7684 -0.00074004

 
1082.457 sec elapsed
Replications :  7 
             Time        Bias
qr        21.1863 -0.00114103
sqr.plug       NA          NA
sqr.boot 486.5064 -0.00113351
sgd.boot 309.8094 -0.00060878
sgd.rs    12.9871 -0.00067515
sgd.rs1s   3.9521 -0.00067515

 
839.79 sec elapsed
Replications :  8 
             Time        Bias
qr        28.6466 -0.00116212
sqr.plug       NA          NA
sqr.boot 820.6873 -0.00116878
sgd.boot 320.1891 -0.00130253
sgd.rs    12.6028 -0.00054141
sgd.rs1s   3.6973 -0.00054141

 
1191.218 sec elapsed
Replications :  9 
             Time        Bias
qr        27.9538 0.000611082
sqr.plug       NA          NA
sqr.boot 817.2593 0.000670371
sgd.boot 320.1339 0.000064604
sgd.rs    12.6830 0.000143995
sgd.rs1s   4.2858 0.000143995

 
1187.591 sec elapsed
Replications :  10 
              Time        Bias
qr         29.4085  0.00047226
sqr.plug        NA          NA
sqr.boot 1069.7039  0.00037818
sgd.boot  311.1423 -0.00068259
sgd.rs     12.4378 -0.00067020
sgd.rs1s    4.4247 -0.00067020

 
1432.533 sec elapsed
