------------------------ 
Sample Size =  1000000 
dim of X    =  40 
# of rep    =  10 
------------------------ 
Replications :  1 
             Time        Bias
qr        25.3632 0.000490687
sqr.plug       NA          NA
sqr.boot 878.6056 0.000672164
sgd.boot 301.3963 0.000057959
sgd.rs    11.9586 0.001096430
sgd.rs1s   4.2328 0.001096430

 
1227.204 sec elapsed
Replications :  2 
             Time      Bias
qr        23.5298 0.0019584
sqr.plug       NA        NA
sqr.boot 879.1696 0.0020601
sgd.boot 300.9994 0.0017183
sgd.rs    12.1839 0.0021470
sgd.rs1s   4.3563 0.0021470

 
1225.382 sec elapsed
Replications :  3 
             Time         Bias
qr        20.6443  0.000029034
sqr.plug       NA           NA
sqr.boot 495.3145 -0.000040904
sgd.boot 300.3622 -0.000433494
sgd.rs    11.5460 -0.001009865
sgd.rs1s   3.2737 -0.001009865

 
836.021 sec elapsed
Replications :  4 
             Time      Bias
qr        22.3832 0.0020756
sqr.plug       NA        NA
sqr.boot 637.4696 0.0019974
sgd.boot 300.1505 0.0017530
sgd.rs    11.2926 0.0014076
sgd.rs1s   3.5853 0.0014076

 
979.504 sec elapsed
Replications :  5 
             Time          Bias
qr        20.6692 -0.0004807697
sqr.plug       NA            NA
sqr.boot 490.8675 -0.0004295168
sgd.boot 299.5089 -0.0013804938
sgd.rs    11.2417  0.0000049889
sgd.rs1s   3.3495  0.0000049889

 
830.255 sec elapsed
Replications :  6 
             Time       Bias
qr        21.3120 0.00035875
sqr.plug       NA         NA
sqr.boot 623.1956 0.00038867
sgd.boot 299.8456 0.00091613
sgd.rs    11.3349 0.00052395
sgd.rs1s   3.3293 0.00052395

 
963.613 sec elapsed
Replications :  7 
             Time       Bias
qr        20.2690 -0.0033323
sqr.plug       NA         NA
sqr.boot 489.7634 -0.0033941
sgd.boot 299.5218 -0.0034811
sgd.rs    11.6797 -0.0034312
sgd.rs1s   3.2177 -0.0034312

 
829.036 sec elapsed
Replications :  8 
             Time        Bias
qr        22.3730  0.00082159
sqr.plug       NA          NA
sqr.boot 628.1215  0.00078712
sgd.boot 300.3378  0.00058991
sgd.rs    11.5248 -0.00034056
sgd.rs1s   3.5759 -0.00034056

 
970.558 sec elapsed
Replications :  9 
             Time      Bias
qr        19.8549 0.0017483
sqr.plug       NA        NA
sqr.boot 493.7594 0.0016483
sgd.boot 301.2912 0.0015439
sgd.rs    11.7114 0.0018109
sgd.rs1s   3.3376 0.0018109

 
834.543 sec elapsed
Replications :  10 
             Time       Bias
qr        21.0690 -0.0012642
sqr.plug       NA         NA
sqr.boot 496.1134 -0.0012175
sgd.boot 300.4577 -0.0018291
sgd.rs    11.4886 -0.0016223
sgd.rs1s   3.5979 -0.0016223

 
837.533 sec elapsed
