------------------------ 
Sample Size =  1000000 
dim of X    =  40 
# of rep    =  10 
------------------------ 
Replications :  1 
             Time      Bias
qr        25.3345 0.0011054
sqr.plug       NA        NA
sqr.boot 759.6766 0.0010377
sgd.boot 301.3558 0.0011207
sgd.rs    11.9590 0.0012669
sgd.rs1s   4.0577 0.0012669

 
1108.072 sec elapsed
Replications :  2 
             Time         Bias
qr        23.6350  0.000081301
sqr.plug       NA           NA
sqr.boot 750.9916 -0.000072495
sgd.boot 302.2503 -0.000479855
sgd.rs    12.2738 -0.001027238
sgd.rs1s   4.1245 -0.001027238

 
1098.361 sec elapsed
Replications :  3 
             Time       Bias
qr        20.5541 0.00050005
sqr.plug       NA         NA
sqr.boot 498.8201 0.00048982
sgd.boot 301.3028 0.00077637
sgd.rs    11.5615 0.00078219
sgd.rs1s   3.2267 0.00078219

 
840.271 sec elapsed
Replications :  4 
             Time         Bias
qr        22.7569 -0.000373010
sqr.plug       NA           NA
sqr.boot 630.7587 -0.000167333
sgd.boot 301.7494 -0.000587512
sgd.rs    11.3777 -0.000036925
sgd.rs1s   3.3447 -0.000036925

 
974.423 sec elapsed
Replications :  5 
             Time       Bias
qr        19.3711 0.00047056
sqr.plug       NA         NA
sqr.boot 499.7210 0.00046895
sgd.boot 301.7334 0.00024955
sgd.rs    11.4006 0.00066323
sgd.rs1s   3.1954 0.00066323

 
839.986 sec elapsed
Replications :  6 
             Time       Bias
qr        21.3104 0.00020162
sqr.plug       NA         NA
sqr.boot 621.1666 0.00029912
sgd.boot 301.8723 0.00022463
sgd.rs    11.5697 0.00088072
sgd.rs1s   3.3409 0.00088072

 
963.909 sec elapsed
Replications :  7 
             Time       Bias
qr        19.9689 0.00142360
sqr.plug       NA         NA
sqr.boot 497.8900 0.00140959
sgd.boot 295.4789 0.00094868
sgd.rs    11.1981 0.00189391
sgd.rs1s   2.9175 0.00189391

 
831.982 sec elapsed
Replications :  8 
             Time       Bias
qr        22.8220 -0.0011178
sqr.plug       NA         NA
sqr.boot 598.7340 -0.0011859
sgd.boot 302.8674 -0.0011548
sgd.rs    11.4391 -0.0011773
sgd.rs1s   3.3885 -0.0011773

 
943.859 sec elapsed
Replications :  9 
             Time       Bias
qr        20.3200 0.00093977
sqr.plug       NA         NA
sqr.boot 492.4643 0.00069303
sgd.boot 295.4628 0.00021622
sgd.rs    11.1095 0.00043773
sgd.rs1s   3.0414 0.00043773

 
826.827 sec elapsed
Replications :  10 
             Time        Bias
qr        21.7095 -0.00054125
sqr.plug       NA          NA
sqr.boot 622.7388 -0.00041450
sgd.boot 298.8867  0.00010421
sgd.rs    11.6643 -0.00040305
sgd.rs1s   3.7248 -0.00040305

 
963.106 sec elapsed
