------------------------ 
Sample Size =  1000000 
dim of X    =  40 
# of rep    =  10 
------------------------ 
Replications :  1 
             Time       Bias
qr        21.6625 0.00083818
sqr.plug       NA         NA
sqr.boot 641.6020 0.00092832
sgd.boot 296.9437 0.00017697
sgd.rs    11.6042 0.00105134
sgd.rs1s   3.8389 0.00105134

 
980.71 sec elapsed
Replications :  2 
             Time        Bias
qr        23.6035 -0.00019229
sqr.plug       NA          NA
sqr.boot 663.4207 -0.00012294
sgd.boot 297.8054 -0.00027461
sgd.rs    11.8768 -0.00013851
sgd.rs1s   4.0508 -0.00013851

 
1005.71 sec elapsed
Replications :  3 
             Time        Bias
qr        20.3438 -0.00080829
sqr.plug       NA          NA
sqr.boot 512.8475 -0.00080521
sgd.boot 299.2606 -0.00171589
sgd.rs    11.2511 -0.00074324
sgd.rs1s   3.0894 -0.00074324

 
851.612 sec elapsed
Replications :  4 
             Time       Bias
qr        21.7976 -0.0012329
sqr.plug       NA         NA
sqr.boot 563.9100 -0.0013242
sgd.boot 295.9703 -0.0012375
sgd.rs    11.1948 -0.0023484
sgd.rs1s   3.4269 -0.0023484

 
900.767 sec elapsed
Replications :  5 
             Time        Bias
qr        19.3288 -0.00029479
sqr.plug       NA          NA
sqr.boot 482.6808 -0.00022277
sgd.boot 295.2956 -0.00060206
sgd.rs    10.4660 -0.00122276
sgd.rs1s   2.6387 -0.00122276

 
814.777 sec elapsed
Replications :  6 
             Time      Bias
qr        18.4101 0.0015277
sqr.plug       NA        NA
sqr.boot 536.7095 0.0013580
sgd.boot 294.1091 0.0010876
sgd.rs    10.3399 0.0019404
sgd.rs1s   2.7193 0.0019404

 
866.398 sec elapsed
Replications :  7 
             Time        Bias
qr        18.5461 -0.00081413
sqr.plug       NA          NA
sqr.boot 488.6134 -0.00081012
sgd.boot 298.5836 -0.00016546
sgd.rs    10.4797  0.00032000
sgd.rs1s   2.5527  0.00032000

 
822.891 sec elapsed
Replications :  8 
             Time      Bias
qr        18.6545 0.0020122
sqr.plug       NA        NA
sqr.boot 580.8509 0.0017543
sgd.boot 299.7216 0.0017930
sgd.rs    11.1826 0.0017732
sgd.rs1s   3.4276 0.0017732

 
918.104 sec elapsed
Replications :  9 
             Time       Bias
qr        20.1337 0.00146057
sqr.plug       NA         NA
sqr.boot 542.1636 0.00143081
sgd.boot 298.0970 0.00147420
sgd.rs    11.5072 0.00095738
sgd.rs1s   3.3931 0.00095738

 
879.978 sec elapsed
Replications :  10 
             Time        Bias
qr        21.6593 -0.00046692
sqr.plug       NA          NA
sqr.boot 473.6037 -0.00046384
sgd.boot 294.3974 -0.00056144
sgd.rs    10.9036  0.00036565
sgd.rs1s   3.3211  0.00036565

 
808.588 sec elapsed
