------------------------ 
Sample Size =  1000000 
dim of X    =  40 
# of rep    =  10 
------------------------ 
Replications :  1 
             Time       Bias
qr        24.9741 -0.0016208
sqr.plug       NA         NA
sqr.boot 722.1859 -0.0015017
sgd.boot 307.6205 -0.0015180
sgd.rs    12.2814 -0.0013705
sgd.rs1s   4.0026 -0.0013705

 
1076.631 sec elapsed
Replications :  2 
             Time       Bias
qr        23.4104 -0.0015808
sqr.plug       NA         NA
sqr.boot 814.6554 -0.0015285
sgd.boot 306.1491 -0.0020527
sgd.rs    12.8073 -0.0018236
sgd.rs1s   4.1593 -0.0018236

 
1166.276 sec elapsed
Replications :  3 
             Time         Bias
qr        21.3558 -0.000353766
sqr.plug       NA           NA
sqr.boot 492.7325  0.000028801
sgd.boot 317.3013 -0.000138160
sgd.rs    12.6691  0.000958020
sgd.rs1s   3.4071  0.000958020

 
852.454 sec elapsed
Replications :  4 
             Time      Bias
qr        22.5535 0.0016763
sqr.plug       NA        NA
sqr.boot 610.7112 0.0018340
sgd.boot 311.4324 0.0020042
sgd.rs    11.9919 0.0018622
sgd.rs1s   3.3827 0.0018622

 
964.829 sec elapsed
Replications :  5 
             Time        Bias
qr        21.6861  0.00052812
sqr.plug       NA          NA
sqr.boot 610.2157  0.00055202
sgd.boot 315.8200  0.00042561
sgd.rs    12.1049 -0.00045230
sgd.rs1s   3.2101 -0.00045230

 
967.618 sec elapsed
Replications :  6 
             Time       Bias
qr        21.4394 0.00063801
sqr.plug       NA         NA
sqr.boot 588.6839 0.00087242
sgd.boot 300.8368 0.00053630
sgd.rs    11.3730 0.00091198
sgd.rs1s   3.3077 0.00091198

 
930.449 sec elapsed
Replications :  7 
             Time        Bias
qr        22.6298 -0.00033371
sqr.plug       NA          NA
sqr.boot 556.3697  0.00011191
sgd.boot 292.0678  0.00041555
sgd.rs    11.6991  0.00019434
sgd.rs1s   3.3979  0.00019434

 
890.849 sec elapsed
Replications :  8 
             Time       Bias
qr        22.5073 0.00049411
sqr.plug       NA         NA
sqr.boot 582.8049 0.00039889
sgd.boot 302.3032 0.00016870
sgd.rs    11.8110 0.00032708
sgd.rs1s   3.2084 0.00032708

 
927.302 sec elapsed
Replications :  9 
             Time       Bias
qr        21.7984 0.00196108
sqr.plug       NA         NA
sqr.boot 606.0490 0.00202530
sgd.boot 301.7137 0.00098593
sgd.rs    11.8837 0.00113549
sgd.rs1s   3.5223 0.00113549

 
949.65 sec elapsed
Replications :  10 
             Time       Bias
qr        23.3101 0.00010077
sqr.plug       NA         NA
sqr.boot 801.7731 0.00040377
sgd.boot 300.7963 0.00023067
sgd.rs    12.1992 0.00011757
sgd.rs1s   4.0254 0.00011757

 
1146.884 sec elapsed
