------------------------ 
Sample Size =  1000000 
dim of X    =  40 
# of rep    =  10 
------------------------ 
Replications :  1 
             Time       Bias
qr        18.3088 -0.0013994
sqr.plug       NA         NA
sqr.boot 546.2611 -0.0016708
sgd.boot 288.9896 -0.0012357
sgd.rs    10.7760 -0.0014895
sgd.rs1s   2.9657 -0.0014895

 
871.937 sec elapsed
Replications :  2 
             Time        Bias
qr        17.4778 -0.00035843
sqr.plug       NA          NA
sqr.boot 549.7638 -0.00014391
sgd.boot 290.9824 -0.00072476
sgd.rs    10.5031 -0.00043324
sgd.rs1s   3.0005 -0.00043324

 
875.799 sec elapsed
Replications :  3 
             Time         Bias
qr        16.8900  0.000033088
sqr.plug       NA           NA
sqr.boot 458.0317 -0.000262467
sgd.boot 288.5796 -0.000653299
sgd.rs    10.3528 -0.000913522
sgd.rs1s   2.4913 -0.000913522

 
780.347 sec elapsed
Replications :  4 
             Time        Bias
qr        17.1021 0.000997779
sqr.plug       NA          NA
sqr.boot 491.5563 0.000617010
sgd.boot 288.8083 0.000064998
sgd.rs    10.4313 0.000226532
sgd.rs1s   2.6359 0.000226532

 
814.521 sec elapsed
Replications :  5 
             Time       Bias
qr        16.5311 -0.0023208
sqr.plug       NA         NA
sqr.boot 458.7802 -0.0021283
sgd.boot 287.8226 -0.0029827
sgd.rs    10.2315 -0.0027698
sgd.rs1s   2.5865 -0.0027698

 
779.84 sec elapsed
Replications :  6 
             Time       Bias
qr        16.7810 0.00083901
sqr.plug       NA         NA
sqr.boot 490.8182 0.00047341
sgd.boot 289.1254 0.00013872
sgd.rs    10.1964 0.00040437
sgd.rs1s   2.6553 0.00040437

 
813.541 sec elapsed
Replications :  7 
             Time         Bias
qr        17.2636  0.000134706
sqr.plug       NA           NA
sqr.boot 465.7267 -0.000027450
sgd.boot 287.6894 -0.000845145
sgd.rs    10.4477  0.000086735
sgd.rs1s   2.5778  0.000086735

 
787.627 sec elapsed
Replications :  8 
            Time       Bias
qr        16.985 -0.0012217
sqr.plug      NA         NA
sqr.boot 488.780 -0.0013895
sgd.boot 289.450 -0.0019717
sgd.rs    10.265 -0.0020995
sgd.rs1s   2.589 -0.0020995

 
811.967 sec elapsed
Replications :  9 
            Time       Bias
qr        16.675 0.00072885
sqr.plug      NA         NA
sqr.boot 488.528 0.00081089
sgd.boot 288.515 0.00077496
sgd.rs    10.251 0.00099928
sgd.rs1s   2.583 0.00099928

 
810.459 sec elapsed
Replications :  10 
             Time         Bias
qr        16.9004 -0.000103911
sqr.plug       NA           NA
sqr.boot 457.2410 -0.000021676
sgd.boot 290.3130 -0.000182570
sgd.rs    10.0861  0.000275059
sgd.rs1s   2.6738  0.000275059

 
780.96 sec elapsed
