------------------------ 
Sample Size =  100000 
dim of X    =  40 
# of rep    =  10 
------------------------ 
Replications :  1 
           Time      Bias
qr           NA        NA
sqr.plug 237.11 0.0020193
sqr.boot     NA        NA
sgd.boot     NA        NA
sgd.rs       NA        NA
sgd.rs1s     NA        NA

 
237.532 sec elapsed
Replications :  2 
           Time       Bias
qr           NA         NA
sqr.plug 258.51 -0.0019585
sqr.boot     NA         NA
sgd.boot     NA         NA
sgd.rs       NA         NA
sgd.rs1s     NA         NA

 
266.709 sec elapsed
Replications :  3 
          Time       Bias
qr          NA         NA
sqr.plug 273.2 -0.0051198
sqr.boot    NA         NA
sgd.boot    NA         NA
sgd.rs      NA         NA
sgd.rs1s    NA         NA

 
283.103 sec elapsed
Replications :  4 
           Time      Bias
qr           NA        NA
sqr.plug 300.89 0.0028899
sqr.boot     NA        NA
sgd.boot     NA        NA
sgd.rs       NA        NA
sgd.rs1s     NA        NA

 
311.803 sec elapsed
Replications :  5 
           Time      Bias
qr           NA        NA
sqr.plug 202.73 0.0040567
sqr.boot     NA        NA
sgd.boot     NA        NA
sgd.rs       NA        NA
sgd.rs1s     NA        NA

 
213.592 sec elapsed
Replications :  6 
           Time       Bias
qr           NA         NA
sqr.plug 307.49 -0.0035842
sqr.boot     NA         NA
sgd.boot     NA         NA
sgd.rs       NA         NA
sgd.rs1s     NA         NA

 
316.63 sec elapsed
Replications :  7 
           Time      Bias
qr           NA        NA
sqr.plug 256.61 0.0023118
sqr.boot     NA        NA
sgd.boot     NA        NA
sgd.rs       NA        NA
sgd.rs1s     NA        NA

 
265.976 sec elapsed
Replications :  8 
           Time       Bias
qr           NA         NA
sqr.plug 258.54 -0.0035175
sqr.boot     NA         NA
sgd.boot     NA         NA
sgd.rs       NA         NA
sgd.rs1s     NA         NA

 
268.321 sec elapsed
Replications :  9 
           Time       Bias
qr           NA         NA
sqr.plug 323.72 0.00050842
sqr.boot     NA         NA
sgd.boot     NA         NA
sgd.rs       NA         NA
sgd.rs1s     NA         NA

 
331.982 sec elapsed
Replications :  10 
           Time       Bias
qr           NA         NA
sqr.plug 318.98 -0.0012277
sqr.boot     NA         NA
sgd.boot     NA         NA
sgd.rs       NA         NA
sgd.rs1s     NA         NA

 
328.081 sec elapsed
