------------------------ 
Sample Size =  100000 
dim of X    =  40 
# of rep    =  10 
------------------------ 
Replications :  1 
           Time       Bias
qr           NA         NA
sqr.plug 288.44 0.00019811
sqr.boot     NA         NA
sgd.boot     NA         NA
sgd.rs       NA         NA
sgd.rs1s     NA         NA

 
288.917 sec elapsed
Replications :  2 
           Time       Bias
qr           NA         NA
sqr.plug 316.19 -0.0012263
sqr.boot     NA         NA
sgd.boot     NA         NA
sgd.rs       NA         NA
sgd.rs1s     NA         NA

 
328.692 sec elapsed
Replications :  3 
           Time      Bias
qr           NA        NA
sqr.plug 274.69 0.0060141
sqr.boot     NA        NA
sgd.boot     NA        NA
sgd.rs       NA        NA
sgd.rs1s     NA        NA

 
286.295 sec elapsed
Replications :  4 
           Time      Bias
qr           NA        NA
sqr.plug 268.76 -0.004488
sqr.boot     NA        NA
sgd.boot     NA        NA
sgd.rs       NA        NA
sgd.rs1s     NA        NA

 
278.883 sec elapsed
Replications :  5 
           Time      Bias
qr           NA        NA
sqr.plug 295.38 -0.002786
sqr.boot     NA        NA
sgd.boot     NA        NA
sgd.rs       NA        NA
sgd.rs1s     NA        NA

 
307.205 sec elapsed
Replications :  6 
           Time       Bias
qr           NA         NA
sqr.plug 261.04 0.00068846
sqr.boot     NA         NA
sgd.boot     NA         NA
sgd.rs       NA         NA
sgd.rs1s     NA         NA

 
272.338 sec elapsed
Replications :  7 
           Time        Bias
qr           NA          NA
sqr.plug 290.66 -0.00064887
sqr.boot     NA          NA
sgd.boot     NA          NA
sgd.rs       NA          NA
sgd.rs1s     NA          NA

 
300.829 sec elapsed
Replications :  8 
          Time       Bias
qr          NA         NA
sqr.plug 286.7 -0.0021385
sqr.boot    NA         NA
sgd.boot    NA         NA
sgd.rs      NA         NA
sgd.rs1s    NA         NA

 
298.081 sec elapsed
Replications :  9 
           Time       Bias
qr           NA         NA
sqr.plug 292.29 -0.0053915
sqr.boot     NA         NA
sgd.boot     NA         NA
sgd.rs       NA         NA
sgd.rs1s     NA         NA

 
303.126 sec elapsed
Replications :  10 
           Time        Bias
qr           NA          NA
sqr.plug 292.63 -0.00034989
sqr.boot     NA          NA
sgd.boot     NA          NA
sgd.rs       NA          NA
sgd.rs1s     NA          NA

 
307.246 sec elapsed
