------------------------ 
Sample Size =  100000 
dim of X    =  40 
# of rep    =  10 
------------------------ 
Replications :  1 
           Time       Bias
qr           NA         NA
sqr.plug 244.23 -0.0036688
sqr.boot     NA         NA
sgd.boot     NA         NA
sgd.rs       NA         NA
sgd.rs1s     NA         NA

 
244.901 sec elapsed
Replications :  2 
           Time      Bias
qr           NA        NA
sqr.plug 244.52 0.0024402
sqr.boot     NA        NA
sgd.boot     NA        NA
sgd.rs       NA        NA
sgd.rs1s     NA        NA

 
255.398 sec elapsed
Replications :  3 
           Time       Bias
qr           NA         NA
sqr.plug 233.45 0.00019521
sqr.boot     NA         NA
sgd.boot     NA         NA
sgd.rs       NA         NA
sgd.rs1s     NA         NA

 
244.843 sec elapsed
Replications :  4 
           Time       Bias
qr           NA         NA
sqr.plug 271.63 -0.0064298
sqr.boot     NA         NA
sgd.boot     NA         NA
sgd.rs       NA         NA
sgd.rs1s     NA         NA

 
284.312 sec elapsed
Replications :  5 
          Time      Bias
qr          NA        NA
sqr.plug 277.3 0.0013418
sqr.boot    NA        NA
sgd.boot    NA        NA
sgd.rs      NA        NA
sgd.rs1s    NA        NA

 
288.202 sec elapsed
Replications :  6 
           Time     Bias
qr           NA       NA
sqr.plug 269.82 0.013662
sqr.boot     NA       NA
sgd.boot     NA       NA
sgd.rs       NA       NA
sgd.rs1s     NA       NA

 
281.764 sec elapsed
Replications :  7 
           Time      Bias
qr           NA        NA
sqr.plug 261.41 0.0028244
sqr.boot     NA        NA
sgd.boot     NA        NA
sgd.rs       NA        NA
sgd.rs1s     NA        NA

 
272.88 sec elapsed
Replications :  8 
           Time       Bias
qr           NA         NA
sqr.plug 269.73 0.00022605
sqr.boot     NA         NA
sgd.boot     NA         NA
sgd.rs       NA         NA
sgd.rs1s     NA         NA

 
280.46 sec elapsed
Replications :  9 
           Time      Bias
qr           NA        NA
sqr.plug 220.27 0.0011686
sqr.boot     NA        NA
sgd.boot     NA        NA
sgd.rs       NA        NA
sgd.rs1s     NA        NA

 
229.438 sec elapsed
Replications :  10 
           Time       Bias
qr           NA         NA
sqr.plug 280.69 -0.0040392
sqr.boot     NA         NA
sgd.boot     NA         NA
sgd.rs       NA         NA
sgd.rs1s     NA         NA

 
289.909 sec elapsed
