------------------------ 
Sample Size =  100000 
dim of X    =  40 
# of rep    =  10 
------------------------ 
Replications :  1 
           Time       Bias
qr           NA         NA
sqr.plug 269.49 -0.0045029
sqr.boot     NA         NA
sgd.boot     NA         NA
sgd.rs       NA         NA
sgd.rs1s     NA         NA

 
270.185 sec elapsed
Replications :  2 
           Time       Bias
qr           NA         NA
sqr.plug 269.02 -0.0023838
sqr.boot     NA         NA
sgd.boot     NA         NA
sgd.rs       NA         NA
sgd.rs1s     NA         NA

 
279.307 sec elapsed
Replications :  3 
           Time      Bias
qr           NA        NA
sqr.plug 254.33 0.0027646
sqr.boot     NA        NA
sgd.boot     NA        NA
sgd.rs       NA        NA
sgd.rs1s     NA        NA

 
264.419 sec elapsed
Replications :  4 
           Time       Bias
qr           NA         NA
sqr.plug 273.83 -0.0027454
sqr.boot     NA         NA
sgd.boot     NA         NA
sgd.rs       NA         NA
sgd.rs1s     NA         NA

 
282.748 sec elapsed
Replications :  5 
           Time       Bias
qr           NA         NA
sqr.plug 246.96 -0.0031119
sqr.boot     NA         NA
sgd.boot     NA         NA
sgd.rs       NA         NA
sgd.rs1s     NA         NA

 
257.033 sec elapsed
Replications :  6 
           Time      Bias
qr           NA        NA
sqr.plug 286.29 0.0065054
sqr.boot     NA        NA
sgd.boot     NA        NA
sgd.rs       NA        NA
sgd.rs1s     NA        NA

 
297.372 sec elapsed
Replications :  7 
           Time      Bias
qr           NA        NA
sqr.plug 286.04 0.0059949
sqr.boot     NA        NA
sgd.boot     NA        NA
sgd.rs       NA        NA
sgd.rs1s     NA        NA

 
296.22 sec elapsed
Replications :  8 
           Time      Bias
qr           NA        NA
sqr.plug 286.91 0.0080577
sqr.boot     NA        NA
sgd.boot     NA        NA
sgd.rs       NA        NA
sgd.rs1s     NA        NA

 
298.138 sec elapsed
Replications :  9 
           Time      Bias
qr           NA        NA
sqr.plug 251.52 0.0036286
sqr.boot     NA        NA
sgd.boot     NA        NA
sgd.rs       NA        NA
sgd.rs1s     NA        NA

 
262.875 sec elapsed
Replications :  10 
           Time       Bias
qr           NA         NA
sqr.plug 257.68 -0.0022193
sqr.boot     NA         NA
sgd.boot     NA         NA
sgd.rs       NA         NA
sgd.rs1s     NA         NA

 
269.547 sec elapsed
