------------------------ 
Sample Size =  100000 
dim of X    =  40 
# of rep    =  10 
------------------------ 
Replications :  1 
           Time        Bias
qr           NA          NA
sqr.plug 276.35 0.000081091
sqr.boot     NA          NA
sgd.boot     NA          NA
sgd.rs       NA          NA
sgd.rs1s     NA          NA

 
276.947 sec elapsed
Replications :  2 
           Time       Bias
qr           NA         NA
sqr.plug 276.69 0.00032363
sqr.boot     NA         NA
sgd.boot     NA         NA
sgd.rs       NA         NA
sgd.rs1s     NA         NA

 
288.919 sec elapsed
Replications :  3 
           Time      Bias
qr           NA        NA
sqr.plug 267.91 0.0015125
sqr.boot     NA        NA
sgd.boot     NA        NA
sgd.rs       NA        NA
sgd.rs1s     NA        NA

 
279.271 sec elapsed
Replications :  4 
           Time       Bias
qr           NA         NA
sqr.plug 274.85 -0.0062854
sqr.boot     NA         NA
sgd.boot     NA         NA
sgd.rs       NA         NA
sgd.rs1s     NA         NA

 
286.728 sec elapsed
Replications :  5 
           Time       Bias
qr           NA         NA
sqr.plug 296.82 -0.0020013
sqr.boot     NA         NA
sgd.boot     NA         NA
sgd.rs       NA         NA
sgd.rs1s     NA         NA

 
308.442 sec elapsed
Replications :  6 
           Time       Bias
qr           NA         NA
sqr.plug 304.03 0.00084529
sqr.boot     NA         NA
sgd.boot     NA         NA
sgd.rs       NA         NA
sgd.rs1s     NA         NA

 
315.659 sec elapsed
Replications :  7 
           Time        Bias
qr           NA          NA
sqr.plug 278.92 -0.00035847
sqr.boot     NA          NA
sgd.boot     NA          NA
sgd.rs       NA          NA
sgd.rs1s     NA          NA

 
289.672 sec elapsed
Replications :  8 
          Time        Bias
qr          NA          NA
sqr.plug 279.6 -0.00014158
sqr.boot    NA          NA
sgd.boot    NA          NA
sgd.rs      NA          NA
sgd.rs1s    NA          NA

 
294.068 sec elapsed
Replications :  9 
           Time       Bias
qr           NA         NA
sqr.plug 292.47 -0.0032202
sqr.boot     NA         NA
sgd.boot     NA         NA
sgd.rs       NA         NA
sgd.rs1s     NA         NA

 
303.655 sec elapsed
Replications :  10 
           Time      Bias
qr           NA        NA
sqr.plug 205.59 0.0013691
sqr.boot     NA        NA
sgd.boot     NA        NA
sgd.rs       NA        NA
sgd.rs1s     NA        NA

 
215.735 sec elapsed
