------------------------ 
Sample Size =  100000 
dim of X    =  40 
# of rep    =  10 
------------------------ 
Replications :  1 
           Time       Bias
qr           NA         NA
sqr.plug 231.11 -0.0028432
sqr.boot     NA         NA
sgd.boot     NA         NA
sgd.rs       NA         NA
sgd.rs1s     NA         NA

 
231.764 sec elapsed
Replications :  2 
           Time       Bias
qr           NA         NA
sqr.plug 267.43 0.00002948
sqr.boot     NA         NA
sgd.boot     NA         NA
sgd.rs       NA         NA
sgd.rs1s     NA         NA

 
281.878 sec elapsed
Replications :  3 
           Time      Bias
qr           NA        NA
sqr.plug 249.93 0.0014434
sqr.boot     NA        NA
sgd.boot     NA        NA
sgd.rs       NA        NA
sgd.rs1s     NA        NA

 
261.134 sec elapsed
Replications :  4 
           Time       Bias
qr           NA         NA
sqr.plug 258.53 -0.0058908
sqr.boot     NA         NA
sgd.boot     NA         NA
sgd.rs       NA         NA
sgd.rs1s     NA         NA

 
269.603 sec elapsed
Replications :  5 
           Time      Bias
qr           NA        NA
sqr.plug 255.38 0.0009805
sqr.boot     NA        NA
sgd.boot     NA        NA
sgd.rs       NA        NA
sgd.rs1s     NA        NA

 
266.767 sec elapsed
Replications :  6 
           Time       Bias
qr           NA         NA
sqr.plug 255.49 -0.0018727
sqr.boot     NA         NA
sgd.boot     NA         NA
sgd.rs       NA         NA
sgd.rs1s     NA         NA

 
265.928 sec elapsed
Replications :  7 
           Time      Bias
qr           NA        NA
sqr.plug 260.96 0.0017941
sqr.boot     NA        NA
sgd.boot     NA        NA
sgd.rs       NA        NA
sgd.rs1s     NA        NA

 
271.87 sec elapsed
Replications :  8 
           Time     Bias
qr           NA       NA
sqr.plug 231.45 0.001767
sqr.boot     NA       NA
sgd.boot     NA       NA
sgd.rs       NA       NA
sgd.rs1s     NA       NA

 
241.277 sec elapsed
Replications :  9 
           Time       Bias
qr           NA         NA
sqr.plug 262.49 -0.0031855
sqr.boot     NA         NA
sgd.boot     NA         NA
sgd.rs       NA         NA
sgd.rs1s     NA         NA

 
273.153 sec elapsed
Replications :  10 
           Time      Bias
qr           NA        NA
sqr.plug 253.27 0.0015646
sqr.boot     NA        NA
sgd.boot     NA        NA
sgd.rs       NA        NA
sgd.rs1s     NA        NA

 
264.534 sec elapsed
