------------------------ 
Sample Size =  100000 
dim of X    =  40 
# of rep    =  10 
------------------------ 
Replications :  1 
           Time       Bias
qr           NA         NA
sqr.plug 242.85 -0.0045475
sqr.boot     NA         NA
sgd.boot     NA         NA
sgd.rs       NA         NA
sgd.rs1s     NA         NA

 
243.573 sec elapsed
Replications :  2 
           Time        Bias
qr           NA          NA
sqr.plug 263.78 -0.00026562
sqr.boot     NA          NA
sgd.boot     NA          NA
sgd.rs       NA          NA
sgd.rs1s     NA          NA

 
273.307 sec elapsed
Replications :  3 
           Time       Bias
qr           NA         NA
sqr.plug 246.97 -0.0058638
sqr.boot     NA         NA
sgd.boot     NA         NA
sgd.rs       NA         NA
sgd.rs1s     NA         NA

 
257.629 sec elapsed
Replications :  4 
           Time        Bias
qr           NA          NA
sqr.plug 208.65 0.000077527
sqr.boot     NA          NA
sgd.boot     NA          NA
sgd.rs       NA          NA
sgd.rs1s     NA          NA

 
217.572 sec elapsed
Replications :  5 
           Time       Bias
qr           NA         NA
sqr.plug 268.58 -0.0040887
sqr.boot     NA         NA
sgd.boot     NA         NA
sgd.rs       NA         NA
sgd.rs1s     NA         NA

 
276.636 sec elapsed
Replications :  6 
           Time       Bias
qr           NA         NA
sqr.plug 271.13 0.00029386
sqr.boot     NA         NA
sgd.boot     NA         NA
sgd.rs       NA         NA
sgd.rs1s     NA         NA

 
280.706 sec elapsed
Replications :  7 
           Time       Bias
qr           NA         NA
sqr.plug 259.54 -0.0010411
sqr.boot     NA         NA
sgd.boot     NA         NA
sgd.rs       NA         NA
sgd.rs1s     NA         NA

 
270.315 sec elapsed
Replications :  8 
           Time       Bias
qr           NA         NA
sqr.plug 265.24 0.00048081
sqr.boot     NA         NA
sgd.boot     NA         NA
sgd.rs       NA         NA
sgd.rs1s     NA         NA

 
273.987 sec elapsed
Replications :  9 
           Time      Bias
qr           NA        NA
sqr.plug 215.46 0.0051053
sqr.boot     NA        NA
sgd.boot     NA        NA
sgd.rs       NA        NA
sgd.rs1s     NA        NA

 
224.937 sec elapsed
Replications :  10 
           Time       Bias
qr           NA         NA
sqr.plug 262.47 -0.0057535
sqr.boot     NA         NA
sgd.boot     NA         NA
sgd.rs       NA         NA
sgd.rs1s     NA         NA

 
271.425 sec elapsed
