------------------------ 
Sample Size =  100000 
dim of X    =  40 
# of rep    =  10 
------------------------ 
Replications :  1 
           Time       Bias
qr           NA         NA
sqr.plug 226.92 -0.0098549
sqr.boot     NA         NA
sgd.boot     NA         NA
sgd.rs       NA         NA
sgd.rs1s     NA         NA

 
227.339 sec elapsed
Replications :  2 
           Time      Bias
qr           NA        NA
sqr.plug 233.62 0.0039211
sqr.boot     NA        NA
sgd.boot     NA        NA
sgd.rs       NA        NA
sgd.rs1s     NA        NA

 
238.592 sec elapsed
Replications :  3 
           Time       Bias
qr           NA         NA
sqr.plug 230.94 -0.0027365
sqr.boot     NA         NA
sgd.boot     NA         NA
sgd.rs       NA         NA
sgd.rs1s     NA         NA

 
235.952 sec elapsed
Replications :  4 
          Time      Bias
qr          NA        NA
sqr.plug 230.4 0.0012253
sqr.boot    NA        NA
sgd.boot    NA        NA
sgd.rs      NA        NA
sgd.rs1s    NA        NA

 
235.666 sec elapsed
Replications :  5 
          Time      Bias
qr          NA        NA
sqr.plug 230.2 -0.002977
sqr.boot    NA        NA
sgd.boot    NA        NA
sgd.rs      NA        NA
sgd.rs1s    NA        NA

 
235.207 sec elapsed
Replications :  6 
           Time       Bias
qr           NA         NA
sqr.plug 231.56 -0.0015525
sqr.boot     NA         NA
sgd.boot     NA         NA
sgd.rs       NA         NA
sgd.rs1s     NA         NA

 
236.547 sec elapsed
Replications :  7 
           Time       Bias
qr           NA         NA
sqr.plug 232.18 -0.0015977
sqr.boot     NA         NA
sgd.boot     NA         NA
sgd.rs       NA         NA
sgd.rs1s     NA         NA

 
237.177 sec elapsed
Replications :  8 
           Time       Bias
qr           NA         NA
sqr.plug 232.21 -0.0026645
sqr.boot     NA         NA
sgd.boot     NA         NA
sgd.rs       NA         NA
sgd.rs1s     NA         NA

 
237.498 sec elapsed
Replications :  9 
           Time       Bias
qr           NA         NA
sqr.plug 230.03 -0.0033702
sqr.boot     NA         NA
sgd.boot     NA         NA
sgd.rs       NA         NA
sgd.rs1s     NA         NA

 
235.034 sec elapsed
Replications :  10 
          Time      Bias
qr          NA        NA
sqr.plug 230.9 0.0042089
sqr.boot    NA        NA
sgd.boot    NA        NA
sgd.rs      NA        NA
sgd.rs1s    NA        NA

 
235.88 sec elapsed
