------------------------ 
Sample Size =  100000 
dim of X    =  40 
# of rep    =  10 
------------------------ 
Replications :  1 
           Time       Bias
qr           NA         NA
sqr.plug 220.46 -0.0017465
sqr.boot     NA         NA
sgd.boot     NA         NA
sgd.rs       NA         NA
sgd.rs1s     NA         NA

 
220.906 sec elapsed
Replications :  2 
           Time       Bias
qr           NA         NA
sqr.plug 270.83 -0.0011519
sqr.boot     NA         NA
sgd.boot     NA         NA
sgd.rs       NA         NA
sgd.rs1s     NA         NA

 
280.286 sec elapsed
Replications :  3 
           Time      Bias
qr           NA        NA
sqr.plug 315.38 0.0083501
sqr.boot     NA        NA
sgd.boot     NA        NA
sgd.rs       NA        NA
sgd.rs1s     NA        NA

 
328.431 sec elapsed
Replications :  4 
          Time       Bias
qr          NA         NA
sqr.plug 326.3 -0.0032036
sqr.boot    NA         NA
sgd.boot    NA         NA
sgd.rs      NA         NA
sgd.rs1s    NA         NA

 
338.264 sec elapsed
Replications :  5 
           Time      Bias
qr           NA        NA
sqr.plug 283.59 0.0046206
sqr.boot     NA        NA
sgd.boot     NA        NA
sgd.rs       NA        NA
sgd.rs1s     NA        NA

 
297.414 sec elapsed
Replications :  6 
         Time      Bias
qr         NA        NA
sqr.plug  253 -0.006633
sqr.boot   NA        NA
sgd.boot   NA        NA
sgd.rs     NA        NA
sgd.rs1s   NA        NA

 
265.892 sec elapsed
Replications :  7 
           Time        Bias
qr           NA          NA
sqr.plug 265.78 -0.00052415
sqr.boot     NA          NA
sgd.boot     NA          NA
sgd.rs       NA          NA
sgd.rs1s     NA          NA

 
276.641 sec elapsed
Replications :  8 
           Time      Bias
qr           NA        NA
sqr.plug 262.02 0.0011906
sqr.boot     NA        NA
sgd.boot     NA        NA
sgd.rs       NA        NA
sgd.rs1s     NA        NA

 
274.592 sec elapsed
Replications :  9 
           Time     Bias
qr           NA       NA
sqr.plug 267.51 0.001122
sqr.boot     NA       NA
sgd.boot     NA       NA
sgd.rs       NA       NA
sgd.rs1s     NA       NA

 
277.646 sec elapsed
Replications :  10 
           Time       Bias
qr           NA         NA
sqr.plug 243.78 0.00015106
sqr.boot     NA         NA
sgd.boot     NA         NA
sgd.rs       NA         NA
sgd.rs1s     NA         NA

 
257.467 sec elapsed
