------------------------ 
Sample Size =  100000 
dim of X    =  40 
# of rep    =  10 
------------------------ 
Replications :  1 
           Time       Bias
qr           NA         NA
sqr.plug 226.74 -0.0032572
sqr.boot     NA         NA
sgd.boot     NA         NA
sgd.rs       NA         NA
sgd.rs1s     NA         NA

 
227.172 sec elapsed
Replications :  2 
           Time      Bias
qr           NA        NA
sqr.plug 277.28 0.0031306
sqr.boot     NA        NA
sgd.boot     NA        NA
sgd.rs       NA        NA
sgd.rs1s     NA        NA

 
290.814 sec elapsed
Replications :  3 
           Time      Bias
qr           NA        NA
sqr.plug 284.92 0.0028922
sqr.boot     NA        NA
sgd.boot     NA        NA
sgd.rs       NA        NA
sgd.rs1s     NA        NA

 
296.794 sec elapsed
Replications :  4 
           Time      Bias
qr           NA        NA
sqr.plug 256.23 0.0040684
sqr.boot     NA        NA
sgd.boot     NA        NA
sgd.rs       NA        NA
sgd.rs1s     NA        NA

 
267.236 sec elapsed
Replications :  5 
           Time       Bias
qr           NA         NA
sqr.plug 247.21 -0.0020179
sqr.boot     NA         NA
sgd.boot     NA         NA
sgd.rs       NA         NA
sgd.rs1s     NA         NA

 
259.677 sec elapsed
Replications :  6 
           Time       Bias
qr           NA         NA
sqr.plug 244.18 -0.0016127
sqr.boot     NA         NA
sgd.boot     NA         NA
sgd.rs       NA         NA
sgd.rs1s     NA         NA

 
252.947 sec elapsed
Replications :  7 
           Time      Bias
qr           NA        NA
sqr.plug 233.76 0.0001109
sqr.boot     NA        NA
sgd.boot     NA        NA
sgd.rs       NA        NA
sgd.rs1s     NA        NA

 
243.14 sec elapsed
Replications :  8 
           Time      Bias
qr           NA        NA
sqr.plug 283.66 -0.010059
sqr.boot     NA        NA
sgd.boot     NA        NA
sgd.rs       NA        NA
sgd.rs1s     NA        NA

 
298.056 sec elapsed
Replications :  9 
           Time      Bias
qr           NA        NA
sqr.plug 228.97 -0.007283
sqr.boot     NA        NA
sgd.boot     NA        NA
sgd.rs       NA        NA
sgd.rs1s     NA        NA

 
239.118 sec elapsed
Replications :  10 
          Time       Bias
qr          NA         NA
sqr.plug 226.5 -0.0021226
sqr.boot    NA         NA
sgd.boot    NA         NA
sgd.rs      NA         NA
sgd.rs1s    NA         NA

 
236.488 sec elapsed
