------------------------ 
Sample Size =  100000 
dim of X    =  40 
# of rep    =  10 
------------------------ 
Replications :  1 
           Time      Bias
qr           NA        NA
sqr.plug 281.66 0.0049313
sqr.boot     NA        NA
sgd.boot     NA        NA
sgd.rs       NA        NA
sgd.rs1s     NA        NA

 
282.13 sec elapsed
Replications :  2 
           Time     Bias
qr           NA       NA
sqr.plug 248.43 0.003153
sqr.boot     NA       NA
sgd.boot     NA       NA
sgd.rs       NA       NA
sgd.rs1s     NA       NA

 
260.395 sec elapsed
Replications :  3 
           Time       Bias
qr           NA         NA
sqr.plug 309.68 -0.0076968
sqr.boot     NA         NA
sgd.boot     NA         NA
sgd.rs       NA         NA
sgd.rs1s     NA         NA

 
322.812 sec elapsed
Replications :  4 
           Time      Bias
qr           NA        NA
sqr.plug 323.55 0.0053094
sqr.boot     NA        NA
sgd.boot     NA        NA
sgd.rs       NA        NA
sgd.rs1s     NA        NA

 
337.103 sec elapsed
Replications :  5 
           Time       Bias
qr           NA         NA
sqr.plug 302.95 -0.0058408
sqr.boot     NA         NA
sgd.boot     NA         NA
sgd.rs       NA         NA
sgd.rs1s     NA         NA

 
313.915 sec elapsed
Replications :  6 
           Time       Bias
qr           NA         NA
sqr.plug 306.57 -0.0040163
sqr.boot     NA         NA
sgd.boot     NA         NA
sgd.rs       NA         NA
sgd.rs1s     NA         NA

 
318.572 sec elapsed
Replications :  7 
           Time       Bias
qr           NA         NA
sqr.plug 287.42 -0.0016994
sqr.boot     NA         NA
sgd.boot     NA         NA
sgd.rs       NA         NA
sgd.rs1s     NA         NA

 
300.798 sec elapsed
Replications :  8 
           Time      Bias
qr           NA        NA
sqr.plug 277.15 0.0038619
sqr.boot     NA        NA
sgd.boot     NA        NA
sgd.rs       NA        NA
sgd.rs1s     NA        NA

 
288.592 sec elapsed
Replications :  9 
          Time         Bias
qr          NA           NA
sqr.plug 258.5 -0.000069797
sqr.boot    NA           NA
sgd.boot    NA           NA
sgd.rs      NA           NA
sgd.rs1s    NA           NA

 
270.467 sec elapsed
Replications :  10 
           Time       Bias
qr           NA         NA
sqr.plug 219.09 -0.0041333
sqr.boot     NA         NA
sgd.boot     NA         NA
sgd.rs       NA         NA
sgd.rs1s     NA         NA

 
228.141 sec elapsed
