------------------------ 
Sample Size =  100000 
dim of X    =  40 
# of rep    =  10 
------------------------ 
Replications :  1 
           Time       Bias
qr           NA         NA
sqr.plug 255.45 -0.0061418
sqr.boot     NA         NA
sgd.boot     NA         NA
sgd.rs       NA         NA
sgd.rs1s     NA         NA

 
256.123 sec elapsed
Replications :  2 
           Time      Bias
qr           NA        NA
sqr.plug 226.57 0.0051904
sqr.boot     NA        NA
sgd.boot     NA        NA
sgd.rs       NA        NA
sgd.rs1s     NA        NA

 
236.976 sec elapsed
Replications :  3 
           Time       Bias
qr           NA         NA
sqr.plug 243.23 -0.0051492
sqr.boot     NA         NA
sgd.boot     NA         NA
sgd.rs       NA         NA
sgd.rs1s     NA         NA

 
253.958 sec elapsed
Replications :  4 
           Time      Bias
qr           NA        NA
sqr.plug 254.07 0.0061318
sqr.boot     NA        NA
sgd.boot     NA        NA
sgd.rs       NA        NA
sgd.rs1s     NA        NA

 
265.613 sec elapsed
Replications :  5 
           Time      Bias
qr           NA        NA
sqr.plug 255.68 0.0022356
sqr.boot     NA        NA
sgd.boot     NA        NA
sgd.rs       NA        NA
sgd.rs1s     NA        NA

 
266.099 sec elapsed
Replications :  6 
           Time      Bias
qr           NA        NA
sqr.plug 278.08 0.0041233
sqr.boot     NA        NA
sgd.boot     NA        NA
sgd.rs       NA        NA
sgd.rs1s     NA        NA

 
287.354 sec elapsed
Replications :  7 
           Time       Bias
qr           NA         NA
sqr.plug 251.01 -0.0058476
sqr.boot     NA         NA
sgd.boot     NA         NA
sgd.rs       NA         NA
sgd.rs1s     NA         NA

 
261.329 sec elapsed
Replications :  8 
           Time      Bias
qr           NA        NA
sqr.plug 222.27 0.0033389
sqr.boot     NA        NA
sgd.boot     NA        NA
sgd.rs       NA        NA
sgd.rs1s     NA        NA

 
232.736 sec elapsed
Replications :  9 
           Time      Bias
qr           NA        NA
sqr.plug 258.96 0.0075688
sqr.boot     NA        NA
sgd.boot     NA        NA
sgd.rs       NA        NA
sgd.rs1s     NA        NA

 
268.691 sec elapsed
Replications :  10 
           Time      Bias
qr           NA        NA
sqr.plug 265.48 0.0016716
sqr.boot     NA        NA
sgd.boot     NA        NA
sgd.rs       NA        NA
sgd.rs1s     NA        NA

 
276.338 sec elapsed
