------------------------ 
Sample Size =  100000 
dim of X    =  40 
# of rep    =  10 
------------------------ 
Replications :  1 
           Time       Bias
qr           NA         NA
sqr.plug 216.72 -0.0076656
sqr.boot     NA         NA
sgd.boot     NA         NA
sgd.rs       NA         NA
sgd.rs1s     NA         NA

 
217.217 sec elapsed
Replications :  2 
           Time       Bias
qr           NA         NA
sqr.plug 219.99 -0.0025738
sqr.boot     NA         NA
sgd.boot     NA         NA
sgd.rs       NA         NA
sgd.rs1s     NA         NA

 
225.318 sec elapsed
Replications :  3 
           Time      Bias
qr           NA        NA
sqr.plug 220.41 0.0082942
sqr.boot     NA        NA
sgd.boot     NA        NA
sgd.rs       NA        NA
sgd.rs1s     NA        NA

 
225.691 sec elapsed
Replications :  4 
          Time        Bias
qr          NA          NA
sqr.plug 221.1 -0.00028864
sqr.boot    NA          NA
sgd.boot    NA          NA
sgd.rs      NA          NA
sgd.rs1s    NA          NA

 
226.377 sec elapsed
Replications :  5 
           Time     Bias
qr           NA       NA
sqr.plug 220.33 0.002971
sqr.boot     NA       NA
sgd.boot     NA       NA
sgd.rs       NA       NA
sgd.rs1s     NA       NA

 
225.625 sec elapsed
Replications :  6 
           Time     Bias
qr           NA       NA
sqr.plug 232.46 0.003624
sqr.boot     NA       NA
sgd.boot     NA       NA
sgd.rs       NA       NA
sgd.rs1s     NA       NA

 
238.077 sec elapsed
Replications :  7 
           Time        Bias
qr           NA          NA
sqr.plug 219.71 -0.00048756
sqr.boot     NA          NA
sgd.boot     NA          NA
sgd.rs       NA          NA
sgd.rs1s     NA          NA

 
224.975 sec elapsed
Replications :  8 
           Time      Bias
qr           NA        NA
sqr.plug 223.34 -0.002477
sqr.boot     NA        NA
sgd.boot     NA        NA
sgd.rs       NA        NA
sgd.rs1s     NA        NA

 
228.628 sec elapsed
Replications :  9 
           Time      Bias
qr           NA        NA
sqr.plug 237.98 -0.001756
sqr.boot     NA        NA
sgd.boot     NA        NA
sgd.rs       NA        NA
sgd.rs1s     NA        NA

 
243.614 sec elapsed
Replications :  10 
           Time      Bias
qr           NA        NA
sqr.plug 235.37 0.0031326
sqr.boot     NA        NA
sgd.boot     NA        NA
sgd.rs       NA        NA
sgd.rs1s     NA        NA

 
240.637 sec elapsed
