------------------------ 
Sample Size =  100000 
dim of X    =  40 
# of rep    =  10 
------------------------ 
Replications :  1 
           Time      Bias
qr           NA        NA
sqr.plug 280.17 0.0027672
sqr.boot     NA        NA
sgd.boot     NA        NA
sgd.rs       NA        NA
sgd.rs1s     NA        NA

 
280.72 sec elapsed
Replications :  2 
           Time      Bias
qr           NA        NA
sqr.plug 242.97 0.0028346
sqr.boot     NA        NA
sgd.boot     NA        NA
sgd.rs       NA        NA
sgd.rs1s     NA        NA

 
254.541 sec elapsed
Replications :  3 
           Time       Bias
qr           NA         NA
sqr.plug 253.28 0.00043221
sqr.boot     NA         NA
sgd.boot     NA         NA
sgd.rs       NA         NA
sgd.rs1s     NA         NA

 
261.004 sec elapsed
Replications :  4 
         Time      Bias
qr         NA        NA
sqr.plug  253 0.0043809
sqr.boot   NA        NA
sgd.boot   NA        NA
sgd.rs     NA        NA
sgd.rs1s   NA        NA

 
262.661 sec elapsed
Replications :  5 
           Time       Bias
qr           NA         NA
sqr.plug 283.22 0.00087619
sqr.boot     NA         NA
sgd.boot     NA         NA
sgd.rs       NA         NA
sgd.rs1s     NA         NA

 
295.604 sec elapsed
Replications :  6 
          Time       Bias
qr          NA         NA
sqr.plug 236.7 -0.0063844
sqr.boot    NA         NA
sgd.boot    NA         NA
sgd.rs      NA         NA
sgd.rs1s    NA         NA

 
246.557 sec elapsed
Replications :  7 
           Time        Bias
qr           NA          NA
sqr.plug 288.45 -0.00030257
sqr.boot     NA          NA
sgd.boot     NA          NA
sgd.rs       NA          NA
sgd.rs1s     NA          NA

 
294.324 sec elapsed
Replications :  8 
           Time         Bias
qr           NA           NA
sqr.plug 265.67 -0.000070589
sqr.boot     NA           NA
sgd.boot     NA           NA
sgd.rs       NA           NA
sgd.rs1s     NA           NA

 
276.038 sec elapsed
Replications :  9 
           Time      Bias
qr           NA        NA
sqr.plug 245.08 -0.001845
sqr.boot     NA        NA
sgd.boot     NA        NA
sgd.rs       NA        NA
sgd.rs1s     NA        NA

 
255.418 sec elapsed
Replications :  10 
           Time      Bias
qr           NA        NA
sqr.plug 250.91 0.0021748
sqr.boot     NA        NA
sgd.boot     NA        NA
sgd.rs       NA        NA
sgd.rs1s     NA        NA

 
261.629 sec elapsed
