------------------------ 
Sample Size =  100000 
dim of X    =  40 
# of rep    =  10 
------------------------ 
Replications :  1 
          Time      Bias
qr          NA        NA
sqr.plug 254.1 0.0015184
sqr.boot    NA        NA
sgd.boot    NA        NA
sgd.rs      NA        NA
sgd.rs1s    NA        NA

 
254.865 sec elapsed
Replications :  2 
          Time      Bias
qr          NA        NA
sqr.plug 289.6 0.0026848
sqr.boot    NA        NA
sgd.boot    NA        NA
sgd.rs      NA        NA
sgd.rs1s    NA        NA

 
299.778 sec elapsed
Replications :  3 
           Time       Bias
qr           NA         NA
sqr.plug 293.42 -0.0021194
sqr.boot     NA         NA
sgd.boot     NA         NA
sgd.rs       NA         NA
sgd.rs1s     NA         NA

 
302.939 sec elapsed
Replications :  4 
           Time      Bias
qr           NA        NA
sqr.plug 281.31 0.0011143
sqr.boot     NA        NA
sgd.boot     NA        NA
sgd.rs       NA        NA
sgd.rs1s     NA        NA

 
290.525 sec elapsed
Replications :  5 
           Time     Bias
qr           NA       NA
sqr.plug 302.98 0.011721
sqr.boot     NA       NA
sgd.boot     NA       NA
sgd.rs       NA       NA
sgd.rs1s     NA       NA

 
314.717 sec elapsed
Replications :  6 
           Time      Bias
qr           NA        NA
sqr.plug 297.37 0.0020853
sqr.boot     NA        NA
sgd.boot     NA        NA
sgd.rs       NA        NA
sgd.rs1s     NA        NA

 
313.357 sec elapsed
Replications :  7 
           Time      Bias
qr           NA        NA
sqr.plug 275.46 0.0028315
sqr.boot     NA        NA
sgd.boot     NA        NA
sgd.rs       NA        NA
sgd.rs1s     NA        NA

 
285.776 sec elapsed
Replications :  8 
           Time       Bias
qr           NA         NA
sqr.plug 270.44 -0.0018051
sqr.boot     NA         NA
sgd.boot     NA         NA
sgd.rs       NA         NA
sgd.rs1s     NA         NA

 
284.099 sec elapsed
Replications :  9 
           Time       Bias
qr           NA         NA
sqr.plug 266.16 -0.0010506
sqr.boot     NA         NA
sgd.boot     NA         NA
sgd.rs       NA         NA
sgd.rs1s     NA         NA

 
276.386 sec elapsed
Replications :  10 
           Time      Bias
qr           NA        NA
sqr.plug 297.55 -0.003759
sqr.boot     NA        NA
sgd.boot     NA        NA
sgd.rs       NA        NA
sgd.rs1s     NA        NA

 
310.725 sec elapsed
