------------------------ 
Sample Size =  100000 
dim of X    =  40 
# of rep    =  10 
------------------------ 
Replications :  1 
           Time      Bias
qr           NA        NA
sqr.plug 245.33 0.0042645
sqr.boot     NA        NA
sgd.boot     NA        NA
sgd.rs       NA        NA
sgd.rs1s     NA        NA

 
245.995 sec elapsed
Replications :  2 
           Time       Bias
qr           NA         NA
sqr.plug 277.15 -0.0086245
sqr.boot     NA         NA
sgd.boot     NA         NA
sgd.rs       NA         NA
sgd.rs1s     NA         NA

 
288.865 sec elapsed
Replications :  3 
           Time      Bias
qr           NA        NA
sqr.plug 236.62 0.0018977
sqr.boot     NA        NA
sgd.boot     NA        NA
sgd.rs       NA        NA
sgd.rs1s     NA        NA

 
248.166 sec elapsed
Replications :  4 
           Time      Bias
qr           NA        NA
sqr.plug 253.79 0.0059484
sqr.boot     NA        NA
sgd.boot     NA        NA
sgd.rs       NA        NA
sgd.rs1s     NA        NA

 
264.575 sec elapsed
Replications :  5 
           Time      Bias
qr           NA        NA
sqr.plug 255.51 0.0012786
sqr.boot     NA        NA
sgd.boot     NA        NA
sgd.rs       NA        NA
sgd.rs1s     NA        NA

 
267.408 sec elapsed
Replications :  6 
           Time      Bias
qr           NA        NA
sqr.plug 249.81 0.0028566
sqr.boot     NA        NA
sgd.boot     NA        NA
sgd.rs       NA        NA
sgd.rs1s     NA        NA

 
260.071 sec elapsed
Replications :  7 
           Time      Bias
qr           NA        NA
sqr.plug 287.87 0.0032085
sqr.boot     NA        NA
sgd.boot     NA        NA
sgd.rs       NA        NA
sgd.rs1s     NA        NA

 
295.085 sec elapsed
Replications :  8 
           Time      Bias
qr           NA        NA
sqr.plug 260.76 0.0024132
sqr.boot     NA        NA
sgd.boot     NA        NA
sgd.rs       NA        NA
sgd.rs1s     NA        NA

 
272.025 sec elapsed
Replications :  9 
           Time     Bias
qr           NA       NA
sqr.plug 252.43 0.004521
sqr.boot     NA       NA
sgd.boot     NA       NA
sgd.rs       NA       NA
sgd.rs1s     NA       NA

 
262.103 sec elapsed
Replications :  10 
           Time       Bias
qr           NA         NA
sqr.plug 266.34 0.00018819
sqr.boot     NA         NA
sgd.boot     NA         NA
sgd.rs       NA         NA
sgd.rs1s     NA         NA

 
277.77 sec elapsed
