------------------------ 
Sample Size =  100000 
dim of X    =  40 
# of rep    =  10 
------------------------ 
Replications :  1 
           Time      Bias
qr           NA        NA
sqr.plug 196.46 0.0020679
sqr.boot     NA        NA
sgd.boot     NA        NA
sgd.rs       NA        NA
sgd.rs1s     NA        NA

 
196.846 sec elapsed
Replications :  2 
           Time      Bias
qr           NA        NA
sqr.plug 210.46 0.0055838
sqr.boot     NA        NA
sgd.boot     NA        NA
sgd.rs       NA        NA
sgd.rs1s     NA        NA

 
215.851 sec elapsed
Replications :  3 
           Time       Bias
qr           NA         NA
sqr.plug 192.21 -0.0046098
sqr.boot     NA         NA
sgd.boot     NA         NA
sgd.rs       NA         NA
sgd.rs1s     NA         NA

 
197.601 sec elapsed
Replications :  4 
           Time       Bias
qr           NA         NA
sqr.plug 210.76 -0.0038427
sqr.boot     NA         NA
sgd.boot     NA         NA
sgd.rs       NA         NA
sgd.rs1s     NA         NA

 
216.123 sec elapsed
Replications :  5 
           Time      Bias
qr           NA        NA
sqr.plug 212.46 0.0036678
sqr.boot     NA        NA
sgd.boot     NA        NA
sgd.rs       NA        NA
sgd.rs1s     NA        NA

 
217.963 sec elapsed
Replications :  6 
           Time        Bias
qr           NA          NA
sqr.plug 213.58 -0.00050935
sqr.boot     NA          NA
sgd.boot     NA          NA
sgd.rs       NA          NA
sgd.rs1s     NA          NA

 
219.083 sec elapsed
Replications :  7 
           Time       Bias
qr           NA         NA
sqr.plug 226.99 -0.0037032
sqr.boot     NA         NA
sgd.boot     NA         NA
sgd.rs       NA         NA
sgd.rs1s     NA         NA

 
232.466 sec elapsed
Replications :  8 
           Time          Bias
qr           NA            NA
sqr.plug 213.67 -0.0000018878
sqr.boot     NA            NA
sgd.boot     NA            NA
sgd.rs       NA            NA
sgd.rs1s     NA            NA

 
219.554 sec elapsed
Replications :  9 
           Time      Bias
qr           NA        NA
sqr.plug 213.29 0.0048741
sqr.boot     NA        NA
sgd.boot     NA        NA
sgd.rs       NA        NA
sgd.rs1s     NA        NA

 
218.792 sec elapsed
Replications :  10 
           Time       Bias
qr           NA         NA
sqr.plug 214.67 -0.0039467
sqr.boot     NA         NA
sgd.boot     NA         NA
sgd.rs       NA         NA
sgd.rs1s     NA         NA

 
220.187 sec elapsed
