------------------------ 
Sample Size =  100000 
dim of X    =  40 
# of rep    =  10 
------------------------ 
Replications :  1 
           Time       Bias
qr           NA         NA
sqr.plug 299.71 -0.0043119
sqr.boot     NA         NA
sgd.boot     NA         NA
sgd.rs       NA         NA
sgd.rs1s     NA         NA

 
300.362 sec elapsed
Replications :  2 
           Time        Bias
qr           NA          NA
sqr.plug 259.66 -0.00020372
sqr.boot     NA          NA
sgd.boot     NA          NA
sgd.rs       NA          NA
sgd.rs1s     NA          NA

 
272.058 sec elapsed
Replications :  3 
          Time      Bias
qr          NA        NA
sqr.plug 269.8 0.0026608
sqr.boot    NA        NA
sgd.boot    NA        NA
sgd.rs      NA        NA
sgd.rs1s    NA        NA

 
279.929 sec elapsed
Replications :  4 
           Time      Bias
qr           NA        NA
sqr.plug 251.46 0.0071041
sqr.boot     NA        NA
sgd.boot     NA        NA
sgd.rs       NA        NA
sgd.rs1s     NA        NA

 
264.085 sec elapsed
Replications :  5 
           Time      Bias
qr           NA        NA
sqr.plug 289.78 0.0060391
sqr.boot     NA        NA
sgd.boot     NA        NA
sgd.rs       NA        NA
sgd.rs1s     NA        NA

 
299.908 sec elapsed
Replications :  6 
           Time       Bias
qr           NA         NA
sqr.plug 272.84 -0.0010205
sqr.boot     NA         NA
sgd.boot     NA         NA
sgd.rs       NA         NA
sgd.rs1s     NA         NA

 
284.552 sec elapsed
Replications :  7 
           Time       Bias
qr           NA         NA
sqr.plug 256.69 -0.0031175
sqr.boot     NA         NA
sgd.boot     NA         NA
sgd.rs       NA         NA
sgd.rs1s     NA         NA

 
266.332 sec elapsed
Replications :  8 
           Time      Bias
qr           NA        NA
sqr.plug 278.57 0.0036202
sqr.boot     NA        NA
sgd.boot     NA        NA
sgd.rs       NA        NA
sgd.rs1s     NA        NA

 
291.128 sec elapsed
Replications :  9 
          Time      Bias
qr          NA        NA
sqr.plug 286.5 0.0056484
sqr.boot    NA        NA
sgd.boot    NA        NA
sgd.rs      NA        NA
sgd.rs1s    NA        NA

 
298.738 sec elapsed
Replications :  10 
           Time      Bias
qr           NA        NA
sqr.plug 296.79 0.0034209
sqr.boot     NA        NA
sgd.boot     NA        NA
sgd.rs       NA        NA
sgd.rs1s     NA        NA

 
307.767 sec elapsed
