------------------------ 
Sample Size =  100000 
dim of X    =  40 
# of rep    =  10 
------------------------ 
Replications :  1 
           Time       Bias
qr           NA         NA
sqr.plug 256.89 -0.0073275
sqr.boot     NA         NA
sgd.boot     NA         NA
sgd.rs       NA         NA
sgd.rs1s     NA         NA

 
257.647 sec elapsed
Replications :  2 
           Time       Bias
qr           NA         NA
sqr.plug 260.78 -0.0041562
sqr.boot     NA         NA
sgd.boot     NA         NA
sgd.rs       NA         NA
sgd.rs1s     NA         NA

 
273.827 sec elapsed
Replications :  3 
           Time       Bias
qr           NA         NA
sqr.plug 232.32 0.00028774
sqr.boot     NA         NA
sgd.boot     NA         NA
sgd.rs       NA         NA
sgd.rs1s     NA         NA

 
245.824 sec elapsed
Replications :  4 
           Time       Bias
qr           NA         NA
sqr.plug 218.99 0.00093605
sqr.boot     NA         NA
sgd.boot     NA         NA
sgd.rs       NA         NA
sgd.rs1s     NA         NA

 
233.786 sec elapsed
Replications :  5 
           Time      Bias
qr           NA        NA
sqr.plug 223.34 0.0014359
sqr.boot     NA        NA
sgd.boot     NA        NA
sgd.rs       NA        NA
sgd.rs1s     NA        NA

 
236.622 sec elapsed
Replications :  6 
           Time       Bias
qr           NA         NA
sqr.plug 270.76 -0.0050826
sqr.boot     NA         NA
sgd.boot     NA         NA
sgd.rs       NA         NA
sgd.rs1s     NA         NA

 
283.934 sec elapsed
Replications :  7 
           Time      Bias
qr           NA        NA
sqr.plug 263.39 0.0011884
sqr.boot     NA        NA
sgd.boot     NA        NA
sgd.rs       NA        NA
sgd.rs1s     NA        NA

 
276.372 sec elapsed
Replications :  8 
          Time      Bias
qr          NA        NA
sqr.plug 278.4 0.0079701
sqr.boot    NA        NA
sgd.boot    NA        NA
sgd.rs      NA        NA
sgd.rs1s    NA        NA

 
292.093 sec elapsed
Replications :  9 
           Time     Bias
qr           NA       NA
sqr.plug 239.31 0.001805
sqr.boot     NA       NA
sgd.boot     NA       NA
sgd.rs       NA       NA
sgd.rs1s     NA       NA

 
250.301 sec elapsed
Replications :  10 
           Time     Bias
qr           NA       NA
sqr.plug 245.22 0.002014
sqr.boot     NA       NA
sgd.boot     NA       NA
sgd.rs       NA       NA
sgd.rs1s     NA       NA

 
262.851 sec elapsed
