------------------------ 
Sample Size =  100000 
dim of X    =  40 
# of rep    =  10 
------------------------ 
Replications :  1 
           Time       Bias
qr           NA         NA
sqr.plug 184.04 -0.0052721
sqr.boot     NA         NA
sgd.boot     NA         NA
sgd.rs       NA         NA
sgd.rs1s     NA         NA

 
184.427 sec elapsed
Replications :  2 
          Time      Bias
qr          NA        NA
sqr.plug 197.1 0.0020006
sqr.boot    NA        NA
sgd.boot    NA        NA
sgd.rs      NA        NA
sgd.rs1s    NA        NA

 
201.932 sec elapsed
Replications :  3 
           Time       Bias
qr           NA         NA
sqr.plug 183.57 -0.0020658
sqr.boot     NA         NA
sgd.boot     NA         NA
sgd.rs       NA         NA
sgd.rs1s     NA         NA

 
188.356 sec elapsed
Replications :  4 
           Time       Bias
qr           NA         NA
sqr.plug 194.14 -0.0012814
sqr.boot     NA         NA
sgd.boot     NA         NA
sgd.rs       NA         NA
sgd.rs1s     NA         NA

 
198.914 sec elapsed
Replications :  5 
           Time       Bias
qr           NA         NA
sqr.plug 200.39 -0.0040672
sqr.boot     NA         NA
sgd.boot     NA         NA
sgd.rs       NA         NA
sgd.rs1s     NA         NA

 
205.195 sec elapsed
Replications :  6 
           Time      Bias
qr           NA        NA
sqr.plug 205.62 0.0037999
sqr.boot     NA        NA
sgd.boot     NA        NA
sgd.rs       NA        NA
sgd.rs1s     NA        NA

 
210.434 sec elapsed
Replications :  7 
           Time      Bias
qr           NA        NA
sqr.plug 207.06 0.0044573
sqr.boot     NA        NA
sgd.boot     NA        NA
sgd.rs       NA        NA
sgd.rs1s     NA        NA

 
211.886 sec elapsed
Replications :  8 
           Time       Bias
qr           NA         NA
sqr.plug 200.03 -0.0031475
sqr.boot     NA         NA
sgd.boot     NA         NA
sgd.rs       NA         NA
sgd.rs1s     NA         NA

 
204.833 sec elapsed
Replications :  9 
           Time      Bias
qr           NA        NA
sqr.plug 207.01 0.0011686
sqr.boot     NA        NA
sgd.boot     NA        NA
sgd.rs       NA        NA
sgd.rs1s     NA        NA

 
211.829 sec elapsed
Replications :  10 
           Time      Bias
qr           NA        NA
sqr.plug 193.79 -0.001779
sqr.boot     NA        NA
sgd.boot     NA        NA
sgd.rs       NA        NA
sgd.rs1s     NA        NA

 
198.608 sec elapsed
