------------------------ 
Sample Size =  100000 
dim of X    =  40 
# of rep    =  10 
------------------------ 
Replications :  1 
           Time       Bias
qr           NA         NA
sqr.plug 290.56 -0.0014031
sqr.boot     NA         NA
sgd.boot     NA         NA
sgd.rs       NA         NA
sgd.rs1s     NA         NA

 
291.053 sec elapsed
Replications :  2 
           Time      Bias
qr           NA        NA
sqr.plug 279.45 0.0028506
sqr.boot     NA        NA
sgd.boot     NA        NA
sgd.rs       NA        NA
sgd.rs1s     NA        NA

 
289.626 sec elapsed
Replications :  3 
           Time        Bias
qr           NA          NA
sqr.plug 270.28 -0.00010702
sqr.boot     NA          NA
sgd.boot     NA          NA
sgd.rs       NA          NA
sgd.rs1s     NA          NA

 
283.127 sec elapsed
Replications :  4 
           Time       Bias
qr           NA         NA
sqr.plug 272.98 0.00096122
sqr.boot     NA         NA
sgd.boot     NA         NA
sgd.rs       NA         NA
sgd.rs1s     NA         NA

 
287.353 sec elapsed
Replications :  5 
           Time        Bias
qr           NA          NA
sqr.plug 262.75 -0.00095905
sqr.boot     NA          NA
sgd.boot     NA          NA
sgd.rs       NA          NA
sgd.rs1s     NA          NA

 
274.116 sec elapsed
Replications :  6 
           Time     Bias
qr           NA       NA
sqr.plug 283.09 0.003794
sqr.boot     NA       NA
sgd.boot     NA       NA
sgd.rs       NA       NA
sgd.rs1s     NA       NA

 
292.361 sec elapsed
Replications :  7 
           Time       Bias
qr           NA         NA
sqr.plug 253.34 -0.0013637
sqr.boot     NA         NA
sgd.boot     NA         NA
sgd.rs       NA         NA
sgd.rs1s     NA         NA

 
265.646 sec elapsed
Replications :  8 
           Time       Bias
qr           NA         NA
sqr.plug 226.54 -0.0050204
sqr.boot     NA         NA
sgd.boot     NA         NA
sgd.rs       NA         NA
sgd.rs1s     NA         NA

 
237.741 sec elapsed
Replications :  9 
           Time      Bias
qr           NA        NA
sqr.plug 137.73 0.0045125
sqr.boot     NA        NA
sgd.boot     NA        NA
sgd.rs       NA        NA
sgd.rs1s     NA        NA

 
149.634 sec elapsed
Replications :  10 
           Time      Bias
qr           NA        NA
sqr.plug 136.03 0.0094347
sqr.boot     NA        NA
sgd.boot     NA        NA
sgd.rs       NA        NA
sgd.rs1s     NA        NA

 
138.367 sec elapsed
