------------------------ 
Sample Size =  100000 
dim of X    =  40 
# of rep    =  10 
------------------------ 
Replications :  1 
           Time      Bias
qr           NA        NA
sqr.plug 240.87 0.0028459
sqr.boot     NA        NA
sgd.boot     NA        NA
sgd.rs       NA        NA
sgd.rs1s     NA        NA

 
241.382 sec elapsed
Replications :  2 
           Time     Bias
qr           NA       NA
sqr.plug 249.29 0.004929
sqr.boot     NA       NA
sgd.boot     NA       NA
sgd.rs       NA       NA
sgd.rs1s     NA       NA

 
257.326 sec elapsed
Replications :  3 
           Time      Bias
qr           NA        NA
sqr.plug 290.05 0.0038073
sqr.boot     NA        NA
sgd.boot     NA        NA
sgd.rs       NA        NA
sgd.rs1s     NA        NA

 
301.053 sec elapsed
Replications :  4 
           Time      Bias
qr           NA        NA
sqr.plug 280.41 -0.001507
sqr.boot     NA        NA
sgd.boot     NA        NA
sgd.rs       NA        NA
sgd.rs1s     NA        NA

 
289.687 sec elapsed
Replications :  5 
           Time      Bias
qr           NA        NA
sqr.plug 269.66 0.0022616
sqr.boot     NA        NA
sgd.boot     NA        NA
sgd.rs       NA        NA
sgd.rs1s     NA        NA

 
281.352 sec elapsed
Replications :  6 
           Time      Bias
qr           NA        NA
sqr.plug 243.65 0.0053558
sqr.boot     NA        NA
sgd.boot     NA        NA
sgd.rs       NA        NA
sgd.rs1s     NA        NA

 
253.562 sec elapsed
Replications :  7 
           Time        Bias
qr           NA          NA
sqr.plug 276.09 -0.00011849
sqr.boot     NA          NA
sgd.boot     NA          NA
sgd.rs       NA          NA
sgd.rs1s     NA          NA

 
286.833 sec elapsed
Replications :  8 
           Time       Bias
qr           NA         NA
sqr.plug 297.29 0.00025966
sqr.boot     NA         NA
sgd.boot     NA         NA
sgd.rs       NA         NA
sgd.rs1s     NA         NA

 
311.084 sec elapsed
Replications :  9 
           Time       Bias
qr           NA         NA
sqr.plug 276.98 0.00032998
sqr.boot     NA         NA
sgd.boot     NA         NA
sgd.rs       NA         NA
sgd.rs1s     NA         NA

 
288.459 sec elapsed
Replications :  10 
           Time          Bias
qr           NA            NA
sqr.plug 294.62 0.00000049042
sqr.boot     NA            NA
sgd.boot     NA            NA
sgd.rs       NA            NA
sgd.rs1s     NA            NA

 
304.332 sec elapsed
