------------------------ 
Sample Size =  100000 
dim of X    =  40 
# of rep    =  10 
------------------------ 
Replications :  1 
           Time       Bias
qr           NA         NA
sqr.plug 227.15 -0.0023521
sqr.boot     NA         NA
sgd.boot     NA         NA
sgd.rs       NA         NA
sgd.rs1s     NA         NA

 
227.6 sec elapsed
Replications :  2 
           Time     Bias
qr           NA       NA
sqr.plug 211.94 0.000437
sqr.boot     NA       NA
sgd.boot     NA       NA
sgd.rs       NA       NA
sgd.rs1s     NA       NA

 
220.749 sec elapsed
Replications :  3 
           Time       Bias
qr           NA         NA
sqr.plug 216.16 -0.0039157
sqr.boot     NA         NA
sgd.boot     NA         NA
sgd.rs       NA         NA
sgd.rs1s     NA         NA

 
230.54 sec elapsed
Replications :  4 
           Time      Bias
qr           NA        NA
sqr.plug 224.13 0.0048629
sqr.boot     NA        NA
sgd.boot     NA        NA
sgd.rs       NA        NA
sgd.rs1s     NA        NA

 
239.204 sec elapsed
Replications :  5 
           Time       Bias
qr           NA         NA
sqr.plug 220.23 0.00013171
sqr.boot     NA         NA
sgd.boot     NA         NA
sgd.rs       NA         NA
sgd.rs1s     NA         NA

 
229.332 sec elapsed
Replications :  6 
           Time      Bias
qr           NA        NA
sqr.plug 228.81 0.0016857
sqr.boot     NA        NA
sgd.boot     NA        NA
sgd.rs       NA        NA
sgd.rs1s     NA        NA

 
243.833 sec elapsed
Replications :  7 
           Time       Bias
qr           NA         NA
sqr.plug 287.17 -0.0053441
sqr.boot     NA         NA
sgd.boot     NA         NA
sgd.rs       NA         NA
sgd.rs1s     NA         NA

 
296.86 sec elapsed
Replications :  8 
           Time        Bias
qr           NA          NA
sqr.plug 253.95 -0.00015316
sqr.boot     NA          NA
sgd.boot     NA          NA
sgd.rs       NA          NA
sgd.rs1s     NA          NA

 
267.331 sec elapsed
Replications :  9 
           Time      Bias
qr           NA        NA
sqr.plug 246.68 0.0019442
sqr.boot     NA        NA
sgd.boot     NA        NA
sgd.rs       NA        NA
sgd.rs1s     NA        NA

 
258.101 sec elapsed
Replications :  10 
          Time      Bias
qr          NA        NA
sqr.plug 230.2 -0.003354
sqr.boot    NA        NA
sgd.boot    NA        NA
sgd.rs      NA        NA
sgd.rs1s    NA        NA

 
239.119 sec elapsed
