------------------------ 
Sample Size =  100000 
dim of X    =  40 
# of rep    =  10 
------------------------ 
Replications :  1 
           Time      Bias
qr           NA        NA
sqr.plug 291.41 0.0014221
sqr.boot     NA        NA
sgd.boot     NA        NA
sgd.rs       NA        NA
sgd.rs1s     NA        NA

 
292.064 sec elapsed
Replications :  2 
           Time      Bias
qr           NA        NA
sqr.plug 326.88 -0.001421
sqr.boot     NA        NA
sgd.boot     NA        NA
sgd.rs       NA        NA
sgd.rs1s     NA        NA

 
338.217 sec elapsed
Replications :  3 
           Time      Bias
qr           NA        NA
sqr.plug 333.91 0.0074014
sqr.boot     NA        NA
sgd.boot     NA        NA
sgd.rs       NA        NA
sgd.rs1s     NA        NA

 
348.878 sec elapsed
Replications :  4 
           Time      Bias
qr           NA        NA
sqr.plug 281.41 0.0012862
sqr.boot     NA        NA
sgd.boot     NA        NA
sgd.rs       NA        NA
sgd.rs1s     NA        NA

 
291.877 sec elapsed
Replications :  5 
           Time      Bias
qr           NA        NA
sqr.plug 294.15 0.0015192
sqr.boot     NA        NA
sgd.boot     NA        NA
sgd.rs       NA        NA
sgd.rs1s     NA        NA

 
307.023 sec elapsed
Replications :  6 
           Time      Bias
qr           NA        NA
sqr.plug 274.65 0.0017065
sqr.boot     NA        NA
sgd.boot     NA        NA
sgd.rs       NA        NA
sgd.rs1s     NA        NA

 
285.956 sec elapsed
Replications :  7 
         Time       Bias
qr         NA         NA
sqr.plug  314 -0.0073461
sqr.boot   NA         NA
sgd.boot   NA         NA
sgd.rs     NA         NA
sgd.rs1s   NA         NA

 
325.772 sec elapsed
Replications :  8 
           Time      Bias
qr           NA        NA
sqr.plug 281.59 0.0028284
sqr.boot     NA        NA
sgd.boot     NA        NA
sgd.rs       NA        NA
sgd.rs1s     NA        NA

 
292.648 sec elapsed
Replications :  9 
           Time      Bias
qr           NA        NA
sqr.plug 231.69 0.0018002
sqr.boot     NA        NA
sgd.boot     NA        NA
sgd.rs       NA        NA
sgd.rs1s     NA        NA

 
244.567 sec elapsed
Replications :  10 
           Time      Bias
qr           NA        NA
sqr.plug 273.75 0.0006191
sqr.boot     NA        NA
sgd.boot     NA        NA
sgd.rs       NA        NA
sgd.rs1s     NA        NA

 
289.194 sec elapsed
