------------------------ 
Sample Size =  100000 
dim of X    =  40 
# of rep    =  10 
------------------------ 
Replications :  1 
          Time       Bias
qr          NA         NA
sqr.plug 215.1 -0.0016705
sqr.boot    NA         NA
sgd.boot    NA         NA
sgd.rs      NA         NA
sgd.rs1s    NA         NA

 
215.521 sec elapsed
Replications :  2 
           Time       Bias
qr           NA         NA
sqr.plug 247.95 -0.0048355
sqr.boot     NA         NA
sgd.boot     NA         NA
sgd.rs       NA         NA
sgd.rs1s     NA         NA

 
261.78 sec elapsed
Replications :  3 
          Time       Bias
qr          NA         NA
sqr.plug 249.5 -0.0027324
sqr.boot    NA         NA
sgd.boot    NA         NA
sgd.rs      NA         NA
sgd.rs1s    NA         NA

 
262.558 sec elapsed
Replications :  4 
           Time       Bias
qr           NA         NA
sqr.plug 229.91 -0.0028625
sqr.boot     NA         NA
sgd.boot     NA         NA
sgd.rs       NA         NA
sgd.rs1s     NA         NA

 
241.754 sec elapsed
Replications :  5 
           Time       Bias
qr           NA         NA
sqr.plug 271.17 0.00067503
sqr.boot     NA         NA
sgd.boot     NA         NA
sgd.rs       NA         NA
sgd.rs1s     NA         NA

 
283.118 sec elapsed
Replications :  6 
           Time       Bias
qr           NA         NA
sqr.plug 249.59 -0.0015998
sqr.boot     NA         NA
sgd.boot     NA         NA
sgd.rs       NA         NA
sgd.rs1s     NA         NA

 
260.997 sec elapsed
Replications :  7 
           Time       Bias
qr           NA         NA
sqr.plug 243.87 0.00031979
sqr.boot     NA         NA
sgd.boot     NA         NA
sgd.rs       NA         NA
sgd.rs1s     NA         NA

 
255.413 sec elapsed
Replications :  8 
           Time      Bias
qr           NA        NA
sqr.plug 253.54 0.0021181
sqr.boot     NA        NA
sgd.boot     NA        NA
sgd.rs       NA        NA
sgd.rs1s     NA        NA

 
267.468 sec elapsed
Replications :  9 
           Time       Bias
qr           NA         NA
sqr.plug 284.86 0.00042432
sqr.boot     NA         NA
sgd.boot     NA         NA
sgd.rs       NA         NA
sgd.rs1s     NA         NA

 
298.97 sec elapsed
Replications :  10 
           Time       Bias
qr           NA         NA
sqr.plug 259.17 -0.0037875
sqr.boot     NA         NA
sgd.boot     NA         NA
sgd.rs       NA         NA
sgd.rs1s     NA         NA

 
269.486 sec elapsed
