------------------------ 
Sample Size =  100000 
dim of X    =  40 
# of rep    =  10 
------------------------ 
Replications :  1 
          Time      Bias
qr          NA        NA
sqr.plug 218.6 0.0052969
sqr.boot    NA        NA
sgd.boot    NA        NA
sgd.rs      NA        NA
sgd.rs1s    NA        NA

 
219.159 sec elapsed
Replications :  2 
          Time       Bias
qr          NA         NA
sqr.plug 265.7 -0.0031397
sqr.boot    NA         NA
sgd.boot    NA         NA
sgd.rs      NA         NA
sgd.rs1s    NA         NA

 
278.366 sec elapsed
Replications :  3 
         Time      Bias
qr         NA        NA
sqr.plug  261 0.0048547
sqr.boot   NA        NA
sgd.boot   NA        NA
sgd.rs     NA        NA
sgd.rs1s   NA        NA

 
272.484 sec elapsed
Replications :  4 
           Time       Bias
qr           NA         NA
sqr.plug 310.54 -0.0027792
sqr.boot     NA         NA
sgd.boot     NA         NA
sgd.rs       NA         NA
sgd.rs1s     NA         NA

 
319.981 sec elapsed
Replications :  5 
           Time       Bias
qr           NA         NA
sqr.plug 272.42 -0.0030175
sqr.boot     NA         NA
sgd.boot     NA         NA
sgd.rs       NA         NA
sgd.rs1s     NA         NA

 
282.68 sec elapsed
Replications :  6 
           Time       Bias
qr           NA         NA
sqr.plug 334.57 -0.0060535
sqr.boot     NA         NA
sgd.boot     NA         NA
sgd.rs       NA         NA
sgd.rs1s     NA         NA

 
344.373 sec elapsed
Replications :  7 
           Time       Bias
qr           NA         NA
sqr.plug 298.14 -0.0051539
sqr.boot     NA         NA
sgd.boot     NA         NA
sgd.rs       NA         NA
sgd.rs1s     NA         NA

 
313.18 sec elapsed
Replications :  8 
          Time     Bias
qr          NA       NA
sqr.plug 310.3 0.001921
sqr.boot    NA       NA
sgd.boot    NA       NA
sgd.rs      NA       NA
sgd.rs1s    NA       NA

 
322.126 sec elapsed
Replications :  9 
           Time       Bias
qr           NA         NA
sqr.plug 320.03 -0.0039153
sqr.boot     NA         NA
sgd.boot     NA         NA
sgd.rs       NA         NA
sgd.rs1s     NA         NA

 
335.485 sec elapsed
Replications :  10 
           Time      Bias
qr           NA        NA
sqr.plug 311.71 0.0063627
sqr.boot     NA        NA
sgd.boot     NA        NA
sgd.rs       NA        NA
sgd.rs1s     NA        NA

 
322.713 sec elapsed
