------------------------ 
Sample Size =  100000 
dim of X    =  40 
# of rep    =  10 
------------------------ 
Replications :  1 
          Time       Bias
qr          NA         NA
sqr.plug 189.2 0.00099615
sqr.boot    NA         NA
sgd.boot    NA         NA
sgd.rs      NA         NA
sgd.rs1s    NA         NA

 
189.588 sec elapsed
Replications :  2 
           Time       Bias
qr           NA         NA
sqr.plug 191.49 -0.0050004
sqr.boot     NA         NA
sgd.boot     NA         NA
sgd.rs       NA         NA
sgd.rs1s     NA         NA

 
196.986 sec elapsed
Replications :  3 
           Time      Bias
qr           NA        NA
sqr.plug 209.61 0.0041739
sqr.boot     NA        NA
sgd.boot     NA        NA
sgd.rs       NA        NA
sgd.rs1s     NA        NA

 
215.406 sec elapsed
Replications :  4 
           Time     Bias
qr           NA       NA
sqr.plug 212.75 0.002162
sqr.boot     NA       NA
sgd.boot     NA       NA
sgd.rs       NA       NA
sgd.rs1s     NA       NA

 
218.209 sec elapsed
Replications :  5 
           Time        Bias
qr           NA          NA
sqr.plug 213.06 -0.00084678
sqr.boot     NA          NA
sgd.boot     NA          NA
sgd.rs       NA          NA
sgd.rs1s     NA          NA

 
218.506 sec elapsed
Replications :  6 
           Time        Bias
qr           NA          NA
sqr.plug 212.88 -0.00064047
sqr.boot     NA          NA
sgd.boot     NA          NA
sgd.rs       NA          NA
sgd.rs1s     NA          NA

 
218.348 sec elapsed
Replications :  7 
           Time       Bias
qr           NA         NA
sqr.plug 212.94 -0.0034215
sqr.boot     NA         NA
sgd.boot     NA         NA
sgd.rs       NA         NA
sgd.rs1s     NA         NA

 
218.366 sec elapsed
Replications :  8 
           Time        Bias
qr           NA          NA
sqr.plug 213.42 0.000045084
sqr.boot     NA          NA
sgd.boot     NA          NA
sgd.rs       NA          NA
sgd.rs1s     NA          NA

 
218.894 sec elapsed
Replications :  9 
           Time     Bias
qr           NA       NA
sqr.plug 212.75 0.004108
sqr.boot     NA       NA
sgd.boot     NA       NA
sgd.rs       NA       NA
sgd.rs1s     NA       NA

 
218.21 sec elapsed
Replications :  10 
           Time       Bias
qr           NA         NA
sqr.plug 213.13 -0.0041774
sqr.boot     NA         NA
sgd.boot     NA         NA
sgd.rs       NA         NA
sgd.rs1s     NA         NA

 
218.605 sec elapsed
