------------------------ 
Sample Size =  100000 
dim of X    =  40 
# of rep    =  10 
------------------------ 
Replications :  1 
           Time       Bias
qr           NA         NA
sqr.plug 192.37 0.00060011
sqr.boot     NA         NA
sgd.boot     NA         NA
sgd.rs       NA         NA
sgd.rs1s     NA         NA

 
192.761 sec elapsed
Replications :  2 
           Time      Bias
qr           NA        NA
sqr.plug 191.41 0.0051595
sqr.boot     NA        NA
sgd.boot     NA        NA
sgd.rs       NA        NA
sgd.rs1s     NA        NA

 
196.557 sec elapsed
Replications :  3 
           Time       Bias
qr           NA         NA
sqr.plug 193.42 -0.0026413
sqr.boot     NA         NA
sgd.boot     NA         NA
sgd.rs       NA         NA
sgd.rs1s     NA         NA

 
198.294 sec elapsed
Replications :  4 
           Time         Bias
qr           NA           NA
sqr.plug 197.77 -0.000069998
sqr.boot     NA           NA
sgd.boot     NA           NA
sgd.rs       NA           NA
sgd.rs1s     NA           NA

 
202.782 sec elapsed
Replications :  5 
           Time      Bias
qr           NA        NA
sqr.plug 197.78 0.0021112
sqr.boot     NA        NA
sgd.boot     NA        NA
sgd.rs       NA        NA
sgd.rs1s     NA        NA

 
202.533 sec elapsed
Replications :  6 
           Time       Bias
qr           NA         NA
sqr.plug 219.01 -0.0039515
sqr.boot     NA         NA
sgd.boot     NA         NA
sgd.rs       NA         NA
sgd.rs1s     NA         NA

 
223.807 sec elapsed
Replications :  7 
           Time       Bias
qr           NA         NA
sqr.plug 222.41 0.00050316
sqr.boot     NA         NA
sgd.boot     NA         NA
sgd.rs       NA         NA
sgd.rs1s     NA         NA

 
227.23 sec elapsed
Replications :  8 
           Time       Bias
qr           NA         NA
sqr.plug 212.22 -0.0049668
sqr.boot     NA         NA
sgd.boot     NA         NA
sgd.rs       NA         NA
sgd.rs1s     NA         NA

 
217.071 sec elapsed
Replications :  9 
           Time       Bias
qr           NA         NA
sqr.plug 198.46 -0.0034815
sqr.boot     NA         NA
sgd.boot     NA         NA
sgd.rs       NA         NA
sgd.rs1s     NA         NA

 
203.276 sec elapsed
Replications :  10 
           Time      Bias
qr           NA        NA
sqr.plug 196.49 -0.011993
sqr.boot     NA        NA
sgd.boot     NA        NA
sgd.rs       NA        NA
sgd.rs1s     NA        NA

 
201.27 sec elapsed
