------------------------ 
Sample Size =  100000 
dim of X    =  40 
# of rep    =  10 
------------------------ 
Replications :  1 
           Time      Bias
qr           NA        NA
sqr.plug 267.19 -0.001461
sqr.boot     NA        NA
sgd.boot     NA        NA
sgd.rs       NA        NA
sgd.rs1s     NA        NA

 
267.595 sec elapsed
Replications :  2 
           Time      Bias
qr           NA        NA
sqr.plug 266.37 0.0033917
sqr.boot     NA        NA
sgd.boot     NA        NA
sgd.rs       NA        NA
sgd.rs1s     NA        NA

 
276.993 sec elapsed
Replications :  3 
           Time       Bias
qr           NA         NA
sqr.plug 235.86 -0.0038306
sqr.boot     NA         NA
sgd.boot     NA         NA
sgd.rs       NA         NA
sgd.rs1s     NA         NA

 
244.785 sec elapsed
Replications :  4 
           Time      Bias
qr           NA        NA
sqr.plug 243.29 0.0029617
sqr.boot     NA        NA
sgd.boot     NA        NA
sgd.rs       NA        NA
sgd.rs1s     NA        NA

 
253.644 sec elapsed
Replications :  5 
          Time      Bias
qr          NA        NA
sqr.plug 276.3 -0.001859
sqr.boot    NA        NA
sgd.boot    NA        NA
sgd.rs      NA        NA
sgd.rs1s    NA        NA

 
284.366 sec elapsed
Replications :  6 
           Time       Bias
qr           NA         NA
sqr.plug 290.11 -0.0044951
sqr.boot     NA         NA
sgd.boot     NA         NA
sgd.rs       NA         NA
sgd.rs1s     NA         NA

 
298.917 sec elapsed
Replications :  7 
           Time    Bias
qr           NA      NA
sqr.plug 257.98 0.01087
sqr.boot     NA      NA
sgd.boot     NA      NA
sgd.rs       NA      NA
sgd.rs1s     NA      NA

 
268.425 sec elapsed
Replications :  8 
           Time       Bias
qr           NA         NA
sqr.plug 306.83 -0.0016995
sqr.boot     NA         NA
sgd.boot     NA         NA
sgd.rs       NA         NA
sgd.rs1s     NA         NA

 
320.539 sec elapsed
Replications :  9 
           Time      Bias
qr           NA        NA
sqr.plug 252.91 0.0011685
sqr.boot     NA        NA
sgd.boot     NA        NA
sgd.rs       NA        NA
sgd.rs1s     NA        NA

 
265.039 sec elapsed
Replications :  10 
           Time      Bias
qr           NA        NA
sqr.plug 290.16 0.0045649
sqr.boot     NA        NA
sgd.boot     NA        NA
sgd.rs       NA        NA
sgd.rs1s     NA        NA

 
301.24 sec elapsed
