------------------------ 
Sample Size =  100000 
dim of X    =  40 
# of rep    =  10 
------------------------ 
Replications :  1 
          Time       Bias
qr          NA         NA
sqr.plug 304.9 0.00025953
sqr.boot    NA         NA
sgd.boot    NA         NA
sgd.rs      NA         NA
sgd.rs1s    NA         NA

 
305.48 sec elapsed
Replications :  2 
          Time       Bias
qr          NA         NA
sqr.plug 227.7 -0.0037379
sqr.boot    NA         NA
sgd.boot    NA         NA
sgd.rs      NA         NA
sgd.rs1s    NA         NA

 
238.925 sec elapsed
Replications :  3 
           Time       Bias
qr           NA         NA
sqr.plug 287.87 -0.0023589
sqr.boot     NA         NA
sgd.boot     NA         NA
sgd.rs       NA         NA
sgd.rs1s     NA         NA

 
296.915 sec elapsed
Replications :  4 
           Time        Bias
qr           NA          NA
sqr.plug 269.15 -0.00034428
sqr.boot     NA          NA
sgd.boot     NA          NA
sgd.rs       NA          NA
sgd.rs1s     NA          NA

 
278.995 sec elapsed
Replications :  5 
           Time       Bias
qr           NA         NA
sqr.plug 307.88 -0.0052186
sqr.boot     NA         NA
sgd.boot     NA         NA
sgd.rs       NA         NA
sgd.rs1s     NA         NA

 
319.736 sec elapsed
Replications :  6 
           Time      Bias
qr           NA        NA
sqr.plug 276.43 0.0058767
sqr.boot     NA        NA
sgd.boot     NA        NA
sgd.rs       NA        NA
sgd.rs1s     NA        NA

 
289.796 sec elapsed
Replications :  7 
           Time      Bias
qr           NA        NA
sqr.plug 271.95 0.0065962
sqr.boot     NA        NA
sgd.boot     NA        NA
sgd.rs       NA        NA
sgd.rs1s     NA        NA

 
282.35 sec elapsed
Replications :  8 
           Time        Bias
qr           NA          NA
sqr.plug 268.27 0.000082051
sqr.boot     NA          NA
sgd.boot     NA          NA
sgd.rs       NA          NA
sgd.rs1s     NA          NA

 
278.795 sec elapsed
Replications :  9 
           Time       Bias
qr           NA         NA
sqr.plug 255.75 -0.0055014
sqr.boot     NA         NA
sgd.boot     NA         NA
sgd.rs       NA         NA
sgd.rs1s     NA         NA

 
269.935 sec elapsed
Replications :  10 
           Time      Bias
qr           NA        NA
sqr.plug 259.77 0.0029708
sqr.boot     NA        NA
sgd.boot     NA        NA
sgd.rs       NA        NA
sgd.rs1s     NA        NA

 
272.406 sec elapsed
