------------------------ 
Sample Size =  100000 
dim of X    =  40 
# of rep    =  10 
------------------------ 
Replications :  1 
           Time        Bias
qr           NA          NA
sqr.plug 311.59 0.000059803
sqr.boot     NA          NA
sgd.boot     NA          NA
sgd.rs       NA          NA
sgd.rs1s     NA          NA

 
312.19 sec elapsed
Replications :  2 
           Time        Bias
qr           NA          NA
sqr.plug 268.04 -0.00073537
sqr.boot     NA          NA
sgd.boot     NA          NA
sgd.rs       NA          NA
sgd.rs1s     NA          NA

 
282.228 sec elapsed
Replications :  3 
           Time      Bias
qr           NA        NA
sqr.plug 261.53 0.0033877
sqr.boot     NA        NA
sgd.boot     NA        NA
sgd.rs       NA        NA
sgd.rs1s     NA        NA

 
273.289 sec elapsed
Replications :  4 
           Time      Bias
qr           NA        NA
sqr.plug 254.69 0.0042067
sqr.boot     NA        NA
sgd.boot     NA        NA
sgd.rs       NA        NA
sgd.rs1s     NA        NA

 
266.739 sec elapsed
Replications :  5 
          Time        Bias
qr          NA          NA
sqr.plug 279.9 -0.00078407
sqr.boot    NA          NA
sgd.boot    NA          NA
sgd.rs      NA          NA
sgd.rs1s    NA          NA

 
294.784 sec elapsed
Replications :  6 
          Time       Bias
qr          NA         NA
sqr.plug 290.1 -0.0039273
sqr.boot    NA         NA
sgd.boot    NA         NA
sgd.rs      NA         NA
sgd.rs1s    NA         NA

 
301.888 sec elapsed
Replications :  7 
           Time      Bias
qr           NA        NA
sqr.plug 261.87 0.0072102
sqr.boot     NA        NA
sgd.boot     NA        NA
sgd.rs       NA        NA
sgd.rs1s     NA        NA

 
272.858 sec elapsed
Replications :  8 
           Time      Bias
qr           NA        NA
sqr.plug 259.77 -0.000537
sqr.boot     NA        NA
sgd.boot     NA        NA
sgd.rs       NA        NA
sgd.rs1s     NA        NA

 
271.764 sec elapsed
Replications :  9 
           Time      Bias
qr           NA        NA
sqr.plug 279.28 0.0040112
sqr.boot     NA        NA
sgd.boot     NA        NA
sgd.rs       NA        NA
sgd.rs1s     NA        NA

 
292.53 sec elapsed
Replications :  10 
          Time      Bias
qr          NA        NA
sqr.plug 304.2 0.0060979
sqr.boot    NA        NA
sgd.boot    NA        NA
sgd.rs      NA        NA
sgd.rs1s    NA        NA

 
314.764 sec elapsed
