------------------------ 
Sample Size =  100000 
dim of X    =  40 
# of rep    =  10 
------------------------ 
Replications :  1 
           Time        Bias
qr           NA          NA
sqr.plug 263.45 0.000065608
sqr.boot     NA          NA
sgd.boot     NA          NA
sgd.rs       NA          NA
sgd.rs1s     NA          NA

 
264.155 sec elapsed
Replications :  2 
           Time      Bias
qr           NA        NA
sqr.plug 241.45 0.0049529
sqr.boot     NA        NA
sgd.boot     NA        NA
sgd.rs       NA        NA
sgd.rs1s     NA        NA

 
249.703 sec elapsed
Replications :  3 
          Time      Bias
qr          NA        NA
sqr.plug 258.2 -0.003919
sqr.boot    NA        NA
sgd.boot    NA        NA
sgd.rs      NA        NA
sgd.rs1s    NA        NA

 
265.921 sec elapsed
Replications :  4 
           Time      Bias
qr           NA        NA
sqr.plug 283.94 0.0028275
sqr.boot     NA        NA
sgd.boot     NA        NA
sgd.rs       NA        NA
sgd.rs1s     NA        NA

 
294.049 sec elapsed
Replications :  5 
           Time       Bias
qr           NA         NA
sqr.plug 241.75 -0.0019513
sqr.boot     NA         NA
sgd.boot     NA         NA
sgd.rs       NA         NA
sgd.rs1s     NA         NA

 
254.582 sec elapsed
Replications :  6 
           Time       Bias
qr           NA         NA
sqr.plug 285.88 -0.0016594
sqr.boot     NA         NA
sgd.boot     NA         NA
sgd.rs       NA         NA
sgd.rs1s     NA         NA

 
297.853 sec elapsed
Replications :  7 
           Time       Bias
qr           NA         NA
sqr.plug 264.08 -0.0055083
sqr.boot     NA         NA
sgd.boot     NA         NA
sgd.rs       NA         NA
sgd.rs1s     NA         NA

 
274.995 sec elapsed
Replications :  8 
           Time       Bias
qr           NA         NA
sqr.plug 257.29 -0.0045453
sqr.boot     NA         NA
sgd.boot     NA         NA
sgd.rs       NA         NA
sgd.rs1s     NA         NA

 
270.887 sec elapsed
Replications :  9 
           Time     Bias
qr           NA       NA
sqr.plug 252.82 0.001962
sqr.boot     NA       NA
sgd.boot     NA       NA
sgd.rs       NA       NA
sgd.rs1s     NA       NA

 
263.7 sec elapsed
Replications :  10 
           Time      Bias
qr           NA        NA
sqr.plug 246.86 0.0021688
sqr.boot     NA        NA
sgd.boot     NA        NA
sgd.rs       NA        NA
sgd.rs1s     NA        NA

 
255.946 sec elapsed
