------------------------ 
Sample Size =  100000 
dim of X    =  40 
# of rep    =  10 
------------------------ 
Replications :  1 
           Time       Bias
qr           NA         NA
sqr.plug 234.31 -0.0066006
sqr.boot     NA         NA
sgd.boot     NA         NA
sgd.rs       NA         NA
sgd.rs1s     NA         NA

 
235.028 sec elapsed
Replications :  2 
           Time      Bias
qr           NA        NA
sqr.plug 256.92 0.0052034
sqr.boot     NA        NA
sgd.boot     NA        NA
sgd.rs       NA        NA
sgd.rs1s     NA        NA

 
267.442 sec elapsed
Replications :  3 
           Time      Bias
qr           NA        NA
sqr.plug 270.82 -0.000824
sqr.boot     NA        NA
sgd.boot     NA        NA
sgd.rs       NA        NA
sgd.rs1s     NA        NA

 
284.003 sec elapsed
Replications :  4 
           Time       Bias
qr           NA         NA
sqr.plug 287.57 0.00079926
sqr.boot     NA         NA
sgd.boot     NA         NA
sgd.rs       NA         NA
sgd.rs1s     NA         NA

 
301.395 sec elapsed
Replications :  5 
           Time     Bias
qr           NA       NA
sqr.plug 256.59 0.005203
sqr.boot     NA       NA
sgd.boot     NA       NA
sgd.rs       NA       NA
sgd.rs1s     NA       NA

 
267.494 sec elapsed
Replications :  6 
           Time       Bias
qr           NA         NA
sqr.plug 259.56 -0.0027294
sqr.boot     NA         NA
sgd.boot     NA         NA
sgd.rs       NA         NA
sgd.rs1s     NA         NA

 
269.125 sec elapsed
Replications :  7 
           Time       Bias
qr           NA         NA
sqr.plug 280.75 -0.0045033
sqr.boot     NA         NA
sgd.boot     NA         NA
sgd.rs       NA         NA
sgd.rs1s     NA         NA

 
290.371 sec elapsed
Replications :  8 
           Time      Bias
qr           NA        NA
sqr.plug 258.58 0.0027554
sqr.boot     NA        NA
sgd.boot     NA        NA
sgd.rs       NA        NA
sgd.rs1s     NA        NA

 
270.459 sec elapsed
Replications :  9 
           Time      Bias
qr           NA        NA
sqr.plug 258.29 0.0040126
sqr.boot     NA        NA
sgd.boot     NA        NA
sgd.rs       NA        NA
sgd.rs1s     NA        NA

 
269.526 sec elapsed
Replications :  10 
           Time       Bias
qr           NA         NA
sqr.plug 219.64 -0.0010858
sqr.boot     NA         NA
sgd.boot     NA         NA
sgd.rs       NA         NA
sgd.rs1s     NA         NA

 
229.686 sec elapsed
