------------------------ 
Sample Size =  100000 
dim of X    =  40 
# of rep    =  10 
------------------------ 
Replications :  1 
           Time      Bias
qr           NA        NA
sqr.plug 203.97 0.0014471
sqr.boot     NA        NA
sgd.boot     NA        NA
sgd.rs       NA        NA
sgd.rs1s     NA        NA

 
204.466 sec elapsed
Replications :  2 
           Time       Bias
qr           NA         NA
sqr.plug 281.25 0.00064526
sqr.boot     NA         NA
sgd.boot     NA         NA
sgd.rs       NA         NA
sgd.rs1s     NA         NA

 
291.802 sec elapsed
Replications :  3 
           Time       Bias
qr           NA         NA
sqr.plug 274.53 0.00043654
sqr.boot     NA         NA
sgd.boot     NA         NA
sgd.rs       NA         NA
sgd.rs1s     NA         NA

 
285.649 sec elapsed
Replications :  4 
           Time        Bias
qr           NA          NA
sqr.plug 276.32 -0.00066603
sqr.boot     NA          NA
sgd.boot     NA          NA
sgd.rs       NA          NA
sgd.rs1s     NA          NA

 
290.322 sec elapsed
Replications :  5 
           Time      Bias
qr           NA        NA
sqr.plug 302.71 0.0036204
sqr.boot     NA        NA
sgd.boot     NA        NA
sgd.rs       NA        NA
sgd.rs1s     NA        NA

 
314.512 sec elapsed
Replications :  6 
           Time      Bias
qr           NA        NA
sqr.plug 261.08 0.0071888
sqr.boot     NA        NA
sgd.boot     NA        NA
sgd.rs       NA        NA
sgd.rs1s     NA        NA

 
273.838 sec elapsed
Replications :  7 
           Time       Bias
qr           NA         NA
sqr.plug 247.98 -0.0065674
sqr.boot     NA         NA
sgd.boot     NA         NA
sgd.rs       NA         NA
sgd.rs1s     NA         NA

 
261.138 sec elapsed
Replications :  8 
           Time       Bias
qr           NA         NA
sqr.plug 232.81 -0.0026902
sqr.boot     NA         NA
sgd.boot     NA         NA
sgd.rs       NA         NA
sgd.rs1s     NA         NA

 
244.28 sec elapsed
Replications :  9 
           Time       Bias
qr           NA         NA
sqr.plug 244.73 -0.0019561
sqr.boot     NA         NA
sgd.boot     NA         NA
sgd.rs       NA         NA
sgd.rs1s     NA         NA

 
255.032 sec elapsed
Replications :  10 
           Time      Bias
qr           NA        NA
sqr.plug 238.55 -0.001325
sqr.boot     NA        NA
sgd.boot     NA        NA
sgd.rs       NA        NA
sgd.rs1s     NA        NA

 
248.927 sec elapsed
