------------------------ 
Sample Size =  100000 
dim of X    =  40 
# of rep    =  10 
------------------------ 
Replications :  1 
           Time      Bias
qr           NA        NA
sqr.plug 286.73 0.0046233
sqr.boot     NA        NA
sgd.boot     NA        NA
sgd.rs       NA        NA
sgd.rs1s     NA        NA

 
287.371 sec elapsed
Replications :  2 
           Time       Bias
qr           NA         NA
sqr.plug 292.11 -0.0037711
sqr.boot     NA         NA
sgd.boot     NA         NA
sgd.rs       NA         NA
sgd.rs1s     NA         NA

 
301.261 sec elapsed
Replications :  3 
           Time      Bias
qr           NA        NA
sqr.plug 295.11 0.0030849
sqr.boot     NA        NA
sgd.boot     NA        NA
sgd.rs       NA        NA
sgd.rs1s     NA        NA

 
305.789 sec elapsed
Replications :  4 
           Time       Bias
qr           NA         NA
sqr.plug 275.62 -0.0010547
sqr.boot     NA         NA
sgd.boot     NA         NA
sgd.rs       NA         NA
sgd.rs1s     NA         NA

 
287.867 sec elapsed
Replications :  5 
           Time       Bias
qr           NA         NA
sqr.plug 294.02 0.00064599
sqr.boot     NA         NA
sgd.boot     NA         NA
sgd.rs       NA         NA
sgd.rs1s     NA         NA

 
307.741 sec elapsed
Replications :  6 
           Time      Bias
qr           NA        NA
sqr.plug 265.53 0.0013274
sqr.boot     NA        NA
sgd.boot     NA        NA
sgd.rs       NA        NA
sgd.rs1s     NA        NA

 
281.551 sec elapsed
Replications :  7 
           Time       Bias
qr           NA         NA
sqr.plug 285.11 0.00056727
sqr.boot     NA         NA
sgd.boot     NA         NA
sgd.rs       NA         NA
sgd.rs1s     NA         NA

 
296.101 sec elapsed
Replications :  8 
           Time      Bias
qr           NA        NA
sqr.plug 304.92 -0.001567
sqr.boot     NA        NA
sgd.boot     NA        NA
sgd.rs       NA        NA
sgd.rs1s     NA        NA

 
319.196 sec elapsed
Replications :  9 
           Time       Bias
qr           NA         NA
sqr.plug 292.22 -0.0017743
sqr.boot     NA         NA
sgd.boot     NA         NA
sgd.rs       NA         NA
sgd.rs1s     NA         NA

 
303.636 sec elapsed
Replications :  10 
           Time      Bias
qr           NA        NA
sqr.plug 279.31 0.0010462
sqr.boot     NA        NA
sgd.boot     NA        NA
sgd.rs       NA        NA
sgd.rs1s     NA        NA

 
290.551 sec elapsed
