------------------------ 
Sample Size =  100000 
dim of X    =  40 
# of rep    =  10 
------------------------ 
Replications :  1 
           Time       Bias
qr           NA         NA
sqr.plug 289.08 0.00061381
sqr.boot     NA         NA
sgd.boot     NA         NA
sgd.rs       NA         NA
sgd.rs1s     NA         NA

 
289.643 sec elapsed
Replications :  2 
           Time       Bias
qr           NA         NA
sqr.plug 258.63 -0.0039698
sqr.boot     NA         NA
sgd.boot     NA         NA
sgd.rs       NA         NA
sgd.rs1s     NA         NA

 
268.862 sec elapsed
Replications :  3 
           Time       Bias
qr           NA         NA
sqr.plug 295.99 -0.0013227
sqr.boot     NA         NA
sgd.boot     NA         NA
sgd.rs       NA         NA
sgd.rs1s     NA         NA

 
307.961 sec elapsed
Replications :  4 
           Time      Bias
qr           NA        NA
sqr.plug 299.36 0.0011458
sqr.boot     NA        NA
sgd.boot     NA        NA
sgd.rs       NA        NA
sgd.rs1s     NA        NA

 
309.931 sec elapsed
Replications :  5 
           Time      Bias
qr           NA        NA
sqr.plug 311.66 0.0092401
sqr.boot     NA        NA
sgd.boot     NA        NA
sgd.rs       NA        NA
sgd.rs1s     NA        NA

 
321.247 sec elapsed
Replications :  6 
           Time      Bias
qr           NA        NA
sqr.plug 269.76 0.0020062
sqr.boot     NA        NA
sgd.boot     NA        NA
sgd.rs       NA        NA
sgd.rs1s     NA        NA

 
284.442 sec elapsed
Replications :  7 
           Time      Bias
qr           NA        NA
sqr.plug 310.03 0.0020013
sqr.boot     NA        NA
sgd.boot     NA        NA
sgd.rs       NA        NA
sgd.rs1s     NA        NA

 
324.725 sec elapsed
Replications :  8 
           Time       Bias
qr           NA         NA
sqr.plug 254.09 -0.0055451
sqr.boot     NA         NA
sgd.boot     NA         NA
sgd.rs       NA         NA
sgd.rs1s     NA         NA

 
267.469 sec elapsed
Replications :  9 
          Time       Bias
qr          NA         NA
sqr.plug 286.3 -0.0027443
sqr.boot    NA         NA
sgd.boot    NA         NA
sgd.rs      NA         NA
sgd.rs1s    NA         NA

 
298.757 sec elapsed
Replications :  10 
           Time       Bias
qr           NA         NA
sqr.plug 273.68 0.00016965
sqr.boot     NA         NA
sgd.boot     NA         NA
sgd.rs       NA         NA
sgd.rs1s     NA         NA

 
285.892 sec elapsed
