------------------------ 
Sample Size =  100000 
dim of X    =  40 
# of rep    =  10 
------------------------ 
Replications :  1 
           Time      Bias
qr           NA        NA
sqr.plug 255.02 0.0014324
sqr.boot     NA        NA
sgd.boot     NA        NA
sgd.rs       NA        NA
sgd.rs1s     NA        NA

 
255.645 sec elapsed
Replications :  2 
           Time       Bias
qr           NA         NA
sqr.plug 284.04 -0.0040685
sqr.boot     NA         NA
sgd.boot     NA         NA
sgd.rs       NA         NA
sgd.rs1s     NA         NA

 
292.676 sec elapsed
Replications :  3 
           Time      Bias
qr           NA        NA
sqr.plug 327.65 0.0057009
sqr.boot     NA        NA
sgd.boot     NA        NA
sgd.rs       NA        NA
sgd.rs1s     NA        NA

 
339.079 sec elapsed
Replications :  4 
           Time       Bias
qr           NA         NA
sqr.plug 279.83 -0.0046171
sqr.boot     NA         NA
sgd.boot     NA         NA
sgd.rs       NA         NA
sgd.rs1s     NA         NA

 
291.291 sec elapsed
Replications :  5 
           Time      Bias
qr           NA        NA
sqr.plug 296.61 0.0016665
sqr.boot     NA        NA
sgd.boot     NA        NA
sgd.rs       NA        NA
sgd.rs1s     NA        NA

 
309.529 sec elapsed
Replications :  6 
           Time       Bias
qr           NA         NA
sqr.plug 291.16 -0.0024162
sqr.boot     NA         NA
sgd.boot     NA         NA
sgd.rs       NA         NA
sgd.rs1s     NA         NA

 
302.682 sec elapsed
Replications :  7 
           Time      Bias
qr           NA        NA
sqr.plug 241.88 0.0065944
sqr.boot     NA        NA
sgd.boot     NA        NA
sgd.rs       NA        NA
sgd.rs1s     NA        NA

 
251.085 sec elapsed
Replications :  8 
          Time       Bias
qr          NA         NA
sqr.plug 297.6 -0.0078004
sqr.boot    NA         NA
sgd.boot    NA         NA
sgd.rs      NA         NA
sgd.rs1s    NA         NA

 
307.435 sec elapsed
Replications :  9 
           Time      Bias
qr           NA        NA
sqr.plug 347.79 0.0017031
sqr.boot     NA        NA
sgd.boot     NA        NA
sgd.rs       NA        NA
sgd.rs1s     NA        NA

 
360.675 sec elapsed
Replications :  10 
           Time      Bias
qr           NA        NA
sqr.plug 334.84 0.0043187
sqr.boot     NA        NA
sgd.boot     NA        NA
sgd.rs       NA        NA
sgd.rs1s     NA        NA

 
346.886 sec elapsed
