------------------------ 
Sample Size =  100000 
dim of X    =  40 
# of rep    =  10 
------------------------ 
Replications :  1 
           Time       Bias
qr           NA         NA
sqr.plug 195.72 -0.0016503
sqr.boot     NA         NA
sgd.boot     NA         NA
sgd.rs       NA         NA
sgd.rs1s     NA         NA

 
196.108 sec elapsed
Replications :  2 
           Time       Bias
qr           NA         NA
sqr.plug 210.19 -0.0018669
sqr.boot     NA         NA
sgd.boot     NA         NA
sgd.rs       NA         NA
sgd.rs1s     NA         NA

 
215.218 sec elapsed
Replications :  3 
           Time         Bias
qr           NA           NA
sqr.plug 193.79 -0.000050513
sqr.boot     NA           NA
sgd.boot     NA           NA
sgd.rs       NA           NA
sgd.rs1s     NA           NA

 
198.783 sec elapsed
Replications :  4 
           Time      Bias
qr           NA        NA
sqr.plug 211.46 0.0029075
sqr.boot     NA        NA
sgd.boot     NA        NA
sgd.rs       NA        NA
sgd.rs1s     NA        NA

 
216.494 sec elapsed
Replications :  5 
           Time       Bias
qr           NA         NA
sqr.plug 217.91 -0.0018982
sqr.boot     NA         NA
sgd.boot     NA         NA
sgd.rs       NA         NA
sgd.rs1s     NA         NA

 
222.894 sec elapsed
Replications :  6 
           Time        Bias
qr           NA          NA
sqr.plug 237.62 -0.00056595
sqr.boot     NA          NA
sgd.boot     NA          NA
sgd.rs       NA          NA
sgd.rs1s     NA          NA

 
242.62 sec elapsed
Replications :  7 
           Time       Bias
qr           NA         NA
sqr.plug 239.86 -0.0035305
sqr.boot     NA         NA
sgd.boot     NA         NA
sgd.rs       NA         NA
sgd.rs1s     NA         NA

 
244.889 sec elapsed
Replications :  8 
           Time        Bias
qr           NA          NA
sqr.plug 233.73 -0.00042775
sqr.boot     NA          NA
sgd.boot     NA          NA
sgd.rs       NA          NA
sgd.rs1s     NA          NA

 
238.731 sec elapsed
Replications :  9 
           Time      Bias
qr           NA        NA
sqr.plug 216.57 0.0019873
sqr.boot     NA        NA
sgd.boot     NA        NA
sgd.rs       NA        NA
sgd.rs1s     NA        NA

 
221.515 sec elapsed
Replications :  10 
           Time      Bias
qr           NA        NA
sqr.plug 216.04 0.0085861
sqr.boot     NA        NA
sgd.boot     NA        NA
sgd.rs       NA        NA
sgd.rs1s     NA        NA

 
220.968 sec elapsed
