------------------------ 
Sample Size =  1000000 
dim of X    =  20 
# of rep    =  10 
------------------------ 
Replications :  1 
             Time         Bias
qr        15.8776 -0.000417245
sqr.plug       NA           NA
sqr.boot 566.6121 -0.000319491
sgd.boot 238.7929 -0.000787396
sgd.rs     4.9775  0.000049828
sgd.rs1s   2.2193  0.000049828

 
832.632 sec elapsed
Replications :  2 
             Time        Bias
qr        13.2967 -0.00049050
sqr.plug       NA          NA
sqr.boot 442.0329 -0.00033687
sgd.boot 238.1289 -0.00051237
sgd.rs     4.9846  0.00031748
sgd.rs1s   2.0229  0.00031748

 
703.815 sec elapsed
Replications :  3 
             Time        Bias
qr        12.7319 -0.00020685
sqr.plug       NA          NA
sqr.boot 508.0477 -0.00010419
sgd.boot 240.1711  0.00043321
sgd.rs     5.2544 -0.00026306
sgd.rs1s   2.2945 -0.00026306

 
771.955 sec elapsed
Replications :  4 
            Time       Bias
qr        13.451 0.00079429
sqr.plug      NA         NA
sqr.boot 365.139 0.00046903
sgd.boot 238.550 0.00086876
sgd.rs     5.026 0.00137264
sgd.rs1s   2.068 0.00137264

 
627.652 sec elapsed
Replications :  5 
             Time         Bias
qr        13.1541  0.000086081
sqr.plug       NA           NA
sqr.boot 366.3548  0.000040606
sgd.boot 238.6913 -0.000198587
sgd.rs     5.0834  0.000419342
sgd.rs1s   1.9871  0.000419342

 
628.661 sec elapsed
Replications :  6 
            Time       Bias
qr        12.811 -0.0014401
sqr.plug      NA         NA
sqr.boot 364.282 -0.0016234
sgd.boot 239.772 -0.0017008
sgd.rs     5.117 -0.0016163
sgd.rs1s   1.921 -0.0016163

 
627.325 sec elapsed
Replications :  7 
             Time       Bias
qr        12.1973 -0.0014935
sqr.plug       NA         NA
sqr.boot 437.2886 -0.0016376
sgd.boot 238.7772 -0.0015418
sgd.rs     5.0632 -0.0015702
sgd.rs1s   1.8689 -0.0015702

 
698.373 sec elapsed
Replications :  8 
             Time       Bias
qr        12.0769 0.00056067
sqr.plug       NA         NA
sqr.boot 365.3214 0.00036111
sgd.boot 239.3922 0.00023795
sgd.rs     4.9577 0.00032383
sgd.rs1s   1.8033 0.00032383

 
626.827 sec elapsed
Replications :  9 
             Time         Bias
qr        12.1519 -0.000285115
sqr.plug       NA           NA
sqr.boot 354.6177 -0.000243199
sgd.boot 240.9180 -0.000171201
sgd.rs     5.1055 -0.000065855
sgd.rs1s   2.0410 -0.000065855

 
617.83 sec elapsed
Replications :  10 
             Time         Bias
qr        12.4469  0.000056120
sqr.plug       NA           NA
sqr.boot 335.4638 -0.000082285
sgd.boot 238.9102 -0.000725726
sgd.rs     5.3737 -0.000701413
sgd.rs1s   2.1102 -0.000701413

 
597.506 sec elapsed
