------------------------ 
Sample Size =  1000000 
dim of X    =  20 
# of rep    =  10 
------------------------ 
Replications :  1 
             Time        Bias
qr        13.1731 -0.00058496
sqr.plug       NA          NA
sqr.boot 434.1007 -0.00046436
sgd.boot 243.0130 -0.00059412
sgd.rs     5.3926 -0.00087947
sgd.rs1s   2.0783 -0.00087947

 
701.485 sec elapsed
Replications :  2 
             Time        Bias
qr        10.9974 -0.00010298
sqr.plug       NA          NA
sqr.boot 429.8442 -0.00049775
sgd.boot 240.0840 -0.00102658
sgd.rs     5.4988 -0.00084232
sgd.rs1s   2.0554 -0.00084232

 
691.596 sec elapsed
Replications :  3 
             Time      Bias
qr        11.4056 0.0021121
sqr.plug       NA        NA
sqr.boot 365.2338 0.0021247
sgd.boot 243.6204 0.0019705
sgd.rs     5.1842 0.0019183
sgd.rs1s   1.8774 0.0019183

 
630.414 sec elapsed
Replications :  4 
             Time        Bias
qr        11.0742 -0.00071599
sqr.plug       NA          NA
sqr.boot 365.3550 -0.00080231
sgd.boot 243.8553 -0.00091309
sgd.rs     4.9674 -0.00098959
sgd.rs1s   1.6731 -0.00098959

 
629.991 sec elapsed
Replications :  5 
             Time       Bias
qr        11.3311 -0.0013494
sqr.plug       NA         NA
sqr.boot 366.0588 -0.0014580
sgd.boot 242.4318 -0.0016150
sgd.rs     5.1421 -0.0016933
sgd.rs1s   1.8456 -0.0016933

 
629.68 sec elapsed
Replications :  6 
             Time         Bias
qr        10.9983 -0.000208122
sqr.plug       NA           NA
sqr.boot 367.2716 -0.000123844
sgd.boot 245.5441 -0.000078366
sgd.rs     5.2949  0.000024246
sgd.rs1s   1.8196  0.000024246

 
633.88 sec elapsed
Replications :  7 
             Time        Bias
qr        11.5965 -0.00089649
sqr.plug       NA          NA
sqr.boot 368.6187 -0.00100378
sgd.boot 242.7110 -0.00139978
sgd.rs     5.4261 -0.00086039
sgd.rs1s   1.8762 -0.00086039

 
633.273 sec elapsed
Replications :  8 
             Time        Bias
qr        11.3409 -0.00021256
sqr.plug       NA          NA
sqr.boot 367.2161  0.00008359
sgd.boot 237.6303  0.00022879
sgd.rs     5.2943  0.00071279
sgd.rs1s   1.8380  0.00071279

 
626.317 sec elapsed
Replications :  9 
             Time       Bias
qr        11.4920 0.00083406
sqr.plug       NA         NA
sqr.boot 369.7503 0.00080731
sgd.boot 240.6761 0.00093422
sgd.rs     5.3198 0.00081339
sgd.rs1s   1.8555 0.00081339

 
632.204 sec elapsed
Replications :  10 
             Time      Bias
qr        10.7351 0.0014419
sqr.plug       NA        NA
sqr.boot 368.9915 0.0013646
sgd.boot 235.8123 0.0010730
sgd.rs     4.7333 0.0011757
sgd.rs1s   1.7943 0.0011757

 
624.995 sec elapsed
