------------------------ 
Sample Size =  1000000 
dim of X    =  20 
# of rep    =  10 
------------------------ 
Replications :  1 
             Time      Bias
qr        11.0787 0.0013501
sqr.plug       NA        NA
sqr.boot 368.5122 0.0013589
sgd.boot 230.8932 0.0013004
sgd.rs     4.3238 0.0011354
sgd.rs1s   1.5173 0.0011354

 
619.655 sec elapsed
Replications :  2 
             Time       Bias
qr         9.6912 0.00050978
sqr.plug       NA         NA
sqr.boot 339.2095 0.00073643
sgd.boot 230.2149 0.00064846
sgd.rs     4.6877 0.00110550
sgd.rs1s   1.4428 0.00110550

 
587.86 sec elapsed
Replications :  3 
             Time        Bias
qr         9.6775 -0.00075072
sqr.plug       NA          NA
sqr.boot 344.5329 -0.00081481
sgd.boot 229.1948 -0.00182812
sgd.rs     4.2160 -0.00092010
sgd.rs1s   1.4282 -0.00092010

 
591.73 sec elapsed
Replications :  4 
             Time       Bias
qr         9.5103 0.00012926
sqr.plug       NA         NA
sqr.boot 353.8101 0.00013311
sgd.boot 230.4991 0.00042328
sgd.rs     4.4689 0.00107632
sgd.rs1s   1.3545 0.00107632

 
602.267 sec elapsed
Replications :  5 
             Time        Bias
qr         9.6862 -0.00064816
sqr.plug       NA          NA
sqr.boot 351.2722 -0.00091289
sgd.boot 229.1606 -0.00129780
sgd.rs     4.4022 -0.00049879
sgd.rs1s   1.4296 -0.00049879

 
598.52 sec elapsed
Replications :  6 
             Time         Bias
qr         8.8612 -0.000048031
sqr.plug       NA           NA
sqr.boot 346.6669 -0.000060400
sgd.boot 230.1019 -0.000506350
sgd.rs     4.4454  0.000170456
sgd.rs1s   1.4425  0.000170456

 
594.145 sec elapsed
Replications :  7 
             Time        Bias
qr         9.5582 -0.00070701
sqr.plug       NA          NA
sqr.boot 342.5783 -0.00055715
sgd.boot 229.7719 -0.00059805
sgd.rs     4.2655 -0.00083430
sgd.rs1s   1.4716 -0.00083430

 
590.302 sec elapsed
Replications :  8 
             Time         Bias
qr         9.5515  0.000065444
sqr.plug       NA           NA
sqr.boot 329.7501  0.000025873
sgd.boot 228.4812 -0.000076453
sgd.rs     4.3698 -0.000291384
sgd.rs1s   1.3901 -0.000291384

 
576.074 sec elapsed
Replications :  9 
             Time        Bias
qr         9.0585  0.00049512
sqr.plug       NA          NA
sqr.boot 322.2115  0.00041906
sgd.boot 228.4654  0.00031265
sgd.rs     4.1633 -0.00025305
sgd.rs1s   1.4106 -0.00025305

 
567.809 sec elapsed
Replications :  10 
             Time       Bias
qr         8.7227 -0.0017592
sqr.plug       NA         NA
sqr.boot 323.8135 -0.0018864
sgd.boot 228.0369 -0.0016833
sgd.rs     4.1546 -0.0014196
sgd.rs1s   1.3861 -0.0014196

 
568.554 sec elapsed
