------------------------ 
Sample Size =  1000000 
dim of X    =  20 
# of rep    =  10 
------------------------ 
Replications :  1 
             Time        Bias
qr        12.6467 -0.00119421
sqr.plug       NA          NA
sqr.boot 479.3698 -0.00098994
sgd.boot 233.8719 -0.00102749
sgd.rs     5.2282 -0.00132906
sgd.rs1s   2.0337 -0.00132906

 
736.742 sec elapsed
Replications :  2 
             Time       Bias
qr        11.6495 -0.0022665
sqr.plug       NA         NA
sqr.boot 344.7850 -0.0021942
sgd.boot 233.7022 -0.0022726
sgd.rs     4.9509 -0.0024467
sgd.rs1s   1.8816 -0.0024467

 
599.922 sec elapsed
Replications :  3 
             Time          Bias
qr        11.0525  0.0000011118
sqr.plug       NA            NA
sqr.boot 377.4688  0.0000089997
sgd.boot 234.0539 -0.0000356031
sgd.rs     4.6587  0.0002430381
sgd.rs1s   1.6987  0.0002430381

 
631.955 sec elapsed
Replications :  4 
             Time      Bias
qr        11.1705 0.0022438
sqr.plug       NA        NA
sqr.boot 357.8159 0.0021787
sgd.boot 234.7344 0.0019756
sgd.rs     4.8735 0.0021879
sgd.rs1s   1.7815 0.0021879

 
613.423 sec elapsed
Replications :  5 
             Time      Bias
qr        10.2864 0.0029179
sqr.plug       NA        NA
sqr.boot 356.0863 0.0031439
sgd.boot 234.4517 0.0029238
sgd.rs     4.8946 0.0032604
sgd.rs1s   1.9065 0.0032604

 
610.559 sec elapsed
Replications :  6 
             Time       Bias
qr        10.9271 0.00037539
sqr.plug       NA         NA
sqr.boot 338.6117 0.00028774
sgd.boot 233.5568 0.00048606
sgd.rs     4.6275 0.00016493
sgd.rs1s   1.5514 0.00016493

 
592.493 sec elapsed
Replications :  7 
             Time        Bias
qr        12.9902 -0.00110916
sqr.plug       NA          NA
sqr.boot 349.2906 -0.00116026
sgd.boot 233.2788 -0.00149398
sgd.rs     4.5033 -0.00030774
sgd.rs1s   1.4357 -0.00030774

 
604.486 sec elapsed
Replications :  8 
             Time      Bias
qr         9.5392 0.0020696
sqr.plug       NA        NA
sqr.boot 332.2724 0.0018263
sgd.boot 230.2587 0.0019011
sgd.rs     4.3557 0.0020606
sgd.rs1s   1.3532 0.0020606

 
580.422 sec elapsed
Replications :  9 
             Time       Bias
qr         8.6044 -0.0012628
sqr.plug       NA         NA
sqr.boot 299.2870 -0.0012513
sgd.boot 229.9961 -0.0016562
sgd.rs     4.2202 -0.0013113
sgd.rs1s   1.3833 -0.0013113

 
546.017 sec elapsed
Replications :  10 
             Time         Bias
qr         9.1413 -0.000404667
sqr.plug       NA           NA
sqr.boot 340.2894 -0.000429846
sgd.boot 232.0569 -0.000029469
sgd.rs     4.7827 -0.000195234
sgd.rs1s   1.4720 -0.000195234

 
590.415 sec elapsed
