------------------------ 
Sample Size =  1000000 
dim of X    =  20 
# of rep    =  10 
------------------------ 
Replications :  1 
             Time       Bias
qr        13.3939 -0.0020605
sqr.plug       NA         NA
sqr.boot 445.3440 -0.0016483
sgd.boot 236.5932 -0.0014400
sgd.rs     5.0735 -0.0017884
sgd.rs1s   2.0905 -0.0017884

 
706.267 sec elapsed
Replications :  2 
             Time       Bias
qr        11.3271 0.00057832
sqr.plug       NA         NA
sqr.boot 449.0986 0.00056680
sgd.boot 235.5207 0.00065245
sgd.rs     5.3826 0.00033335
sgd.rs1s   2.0232 0.00033335

 
706.502 sec elapsed
Replications :  3 
             Time        Bias
qr        12.0780 -0.00090619
sqr.plug       NA          NA
sqr.boot 382.3951 -0.00100762
sgd.boot 236.4280 -0.00035930
sgd.rs     4.9131 -0.00134248
sgd.rs1s   1.8939 -0.00134248

 
640.954 sec elapsed
Replications :  4 
             Time       Bias
qr        11.4018 -0.0029553
sqr.plug       NA         NA
sqr.boot 392.8144 -0.0031931
sgd.boot 236.4800 -0.0033469
sgd.rs     4.9387 -0.0031820
sgd.rs1s   1.7672 -0.0031820

 
650.484 sec elapsed
Replications :  5 
             Time        Bias
qr        11.8510 -0.00105575
sqr.plug       NA          NA
sqr.boot 404.2540 -0.00100162
sgd.boot 236.2222 -0.00090396
sgd.rs     4.9116 -0.00103103
sgd.rs1s   1.8566 -0.00103103

 
662.06 sec elapsed
Replications :  6 
             Time       Bias
qr        11.1673 -0.0021527
sqr.plug       NA         NA
sqr.boot 400.5090 -0.0019910
sgd.boot 238.0678 -0.0021749
sgd.rs     5.0517 -0.0016276
sgd.rs1s   1.8554 -0.0016276

 
659.769 sec elapsed
Replications :  7 
             Time       Bias
qr        12.0406 -0.0051710
sqr.plug       NA         NA
sqr.boot 398.0823 -0.0052415
sgd.boot 235.9898 -0.0047979
sgd.rs     5.1818 -0.0054986
sgd.rs1s   1.9007 -0.0054986

 
656.296 sec elapsed
Replications :  8 
             Time           Bias
qr        11.8836 -0.00007324050
sqr.plug       NA             NA
sqr.boot 386.1538  0.00000058984
sgd.boot 235.8315 -0.00055214915
sgd.rs     5.0431 -0.00066252237
sgd.rs1s   1.8734 -0.00066252237

 
643.808 sec elapsed
Replications :  9 
             Time         Bias
qr        10.5420 -0.000322341
sqr.plug       NA           NA
sqr.boot 371.8138 -0.000192679
sgd.boot 236.2738  0.000041065
sgd.rs     5.0213 -0.000342373
sgd.rs1s   1.8689 -0.000342373

 
628.51 sec elapsed
Replications :  10 
             Time       Bias
qr        10.7155 0.00066190
sqr.plug       NA         NA
sqr.boot 370.3780 0.00073914
sgd.boot 235.0725 0.00075118
sgd.rs     4.7492 0.00060727
sgd.rs1s   1.8391 0.00060727

 
625.737 sec elapsed
