------------------------ 
Sample Size =  100000 
dim of X    =  10 
# of rep    =  10 
------------------------ 
Replications :  1 
           Time       Bias
qr           NA         NA
sqr.plug 79.871 -0.0018339
sqr.boot     NA         NA
sgd.boot     NA         NA
sgd.rs       NA         NA
sgd.rs1s     NA         NA

 
80.036 sec elapsed
Replications :  2 
           Time     Bias
qr           NA       NA
sqr.plug 79.804 0.002277
sqr.boot     NA       NA
sgd.boot     NA       NA
sgd.rs       NA       NA
sgd.rs1s     NA       NA

 
80.217 sec elapsed
Replications :  3 
           Time      Bias
qr           NA        NA
sqr.plug 79.649 0.0016675
sqr.boot     NA        NA
sgd.boot     NA        NA
sgd.rs       NA        NA
sgd.rs1s     NA        NA

 
80.063 sec elapsed
Replications :  4 
          Time      Bias
qr          NA        NA
sqr.plug 79.55 0.0038246
sqr.boot    NA        NA
sgd.boot    NA        NA
sgd.rs      NA        NA
sgd.rs1s    NA        NA

 
79.958 sec elapsed
Replications :  5 
           Time      Bias
qr           NA        NA
sqr.plug 79.859 0.0018551
sqr.boot     NA        NA
sgd.boot     NA        NA
sgd.rs       NA        NA
sgd.rs1s     NA        NA

 
80.269 sec elapsed
Replications :  6 
           Time       Bias
qr           NA         NA
sqr.plug 79.847 -0.0039729
sqr.boot     NA         NA
sgd.boot     NA         NA
sgd.rs       NA         NA
sgd.rs1s     NA         NA

 
80.259 sec elapsed
Replications :  7 
           Time       Bias
qr           NA         NA
sqr.plug 79.683 -0.0051391
sqr.boot     NA         NA
sgd.boot     NA         NA
sgd.rs       NA         NA
sgd.rs1s     NA         NA

 
80.092 sec elapsed
Replications :  8 
           Time       Bias
qr           NA         NA
sqr.plug 79.795 -0.0047773
sqr.boot     NA         NA
sgd.boot     NA         NA
sgd.rs       NA         NA
sgd.rs1s     NA         NA

 
80.203 sec elapsed
Replications :  9 
           Time       Bias
qr           NA         NA
sqr.plug 79.884 -0.0079656
sqr.boot     NA         NA
sgd.boot     NA         NA
sgd.rs       NA         NA
sgd.rs1s     NA         NA

 
80.297 sec elapsed
Replications :  10 
           Time        Bias
qr           NA          NA
sqr.plug 79.487 -0.00031845
sqr.boot     NA          NA
sgd.boot     NA          NA
sgd.rs       NA          NA
sgd.rs1s     NA          NA

 
79.898 sec elapsed
