------------------------ 
Sample Size =  100000 
dim of X    =  10 
# of rep    =  10 
------------------------ 
Replications :  1 
           Time       Bias
qr           NA         NA
sqr.plug 77.612 0.00029303
sqr.boot     NA         NA
sgd.boot     NA         NA
sgd.rs       NA         NA
sgd.rs1s     NA         NA

 
77.769 sec elapsed
Replications :  2 
           Time       Bias
qr           NA         NA
sqr.plug 77.433 -0.0062806
sqr.boot     NA         NA
sgd.boot     NA         NA
sgd.rs       NA         NA
sgd.rs1s     NA         NA

 
77.816 sec elapsed
Replications :  3 
           Time     Bias
qr           NA       NA
sqr.plug 77.561 0.002088
sqr.boot     NA       NA
sgd.boot     NA       NA
sgd.rs       NA       NA
sgd.rs1s     NA       NA

 
77.944 sec elapsed
Replications :  4 
           Time       Bias
qr           NA         NA
sqr.plug 77.567 0.00066065
sqr.boot     NA         NA
sgd.boot     NA         NA
sgd.rs       NA         NA
sgd.rs1s     NA         NA

 
77.951 sec elapsed
Replications :  5 
           Time      Bias
qr           NA        NA
sqr.plug 77.778 0.0022235
sqr.boot     NA        NA
sgd.boot     NA        NA
sgd.rs       NA        NA
sgd.rs1s     NA        NA

 
78.165 sec elapsed
Replications :  6 
           Time       Bias
qr           NA         NA
sqr.plug 77.629 -0.0047397
sqr.boot     NA         NA
sgd.boot     NA         NA
sgd.rs       NA         NA
sgd.rs1s     NA         NA

 
78.018 sec elapsed
Replications :  7 
           Time      Bias
qr           NA        NA
sqr.plug 77.697 0.0037286
sqr.boot     NA        NA
sgd.boot     NA        NA
sgd.rs       NA        NA
sgd.rs1s     NA        NA

 
78.085 sec elapsed
Replications :  8 
           Time      Bias
qr           NA        NA
sqr.plug 77.523 0.0036183
sqr.boot     NA        NA
sgd.boot     NA        NA
sgd.rs       NA        NA
sgd.rs1s     NA        NA

 
77.914 sec elapsed
Replications :  9 
           Time      Bias
qr           NA        NA
sqr.plug 77.555 0.0042857
sqr.boot     NA        NA
sgd.boot     NA        NA
sgd.rs       NA        NA
sgd.rs1s     NA        NA

 
77.945 sec elapsed
Replications :  10 
           Time       Bias
qr           NA         NA
sqr.plug 77.457 -0.0038793
sqr.boot     NA         NA
sgd.boot     NA         NA
sgd.rs       NA         NA
sgd.rs1s     NA         NA

 
77.847 sec elapsed
