------------------------ 
Sample Size =  100000 
dim of X    =  10 
# of rep    =  10 
------------------------ 
Replications :  1 
           Time       Bias
qr           NA         NA
sqr.plug 107.23 -0.0013342
sqr.boot     NA         NA
sgd.boot     NA         NA
sgd.rs       NA         NA
sgd.rs1s     NA         NA

 
107.406 sec elapsed
Replications :  2 
           Time      Bias
qr           NA        NA
sqr.plug 126.72 0.0011665
sqr.boot     NA        NA
sgd.boot     NA        NA
sgd.rs       NA        NA
sgd.rs1s     NA        NA

 
138.688 sec elapsed
Replications :  3 
           Time      Bias
qr           NA        NA
sqr.plug 129.14 -0.005642
sqr.boot     NA        NA
sgd.boot     NA        NA
sgd.rs       NA        NA
sgd.rs1s     NA        NA

 
139.993 sec elapsed
Replications :  4 
           Time       Bias
qr           NA         NA
sqr.plug 122.58 -0.0060602
sqr.boot     NA         NA
sgd.boot     NA         NA
sgd.rs       NA         NA
sgd.rs1s     NA         NA

 
130.843 sec elapsed
Replications :  5 
           Time      Bias
qr           NA        NA
sqr.plug 129.18 -0.007481
sqr.boot     NA        NA
sgd.boot     NA        NA
sgd.rs       NA        NA
sgd.rs1s     NA        NA

 
139.61 sec elapsed
Replications :  6 
           Time      Bias
qr           NA        NA
sqr.plug 130.82 0.0060201
sqr.boot     NA        NA
sgd.boot     NA        NA
sgd.rs       NA        NA
sgd.rs1s     NA        NA

 
148.353 sec elapsed
Replications :  7 
           Time       Bias
qr           NA         NA
sqr.plug 136.67 -0.0011841
sqr.boot     NA         NA
sgd.boot     NA         NA
sgd.rs       NA         NA
sgd.rs1s     NA         NA

 
146.17 sec elapsed
Replications :  8 
           Time      Bias
qr           NA        NA
sqr.plug 134.09 0.0036544
sqr.boot     NA        NA
sgd.boot     NA        NA
sgd.rs       NA        NA
sgd.rs1s     NA        NA

 
142.286 sec elapsed
Replications :  9 
           Time      Bias
qr           NA        NA
sqr.plug 133.97 0.0022276
sqr.boot     NA        NA
sgd.boot     NA        NA
sgd.rs       NA        NA
sgd.rs1s     NA        NA

 
148.382 sec elapsed
Replications :  10 
           Time      Bias
qr           NA        NA
sqr.plug 131.93 -0.001527
sqr.boot     NA        NA
sgd.boot     NA        NA
sgd.rs       NA        NA
sgd.rs1s     NA        NA

 
143.262 sec elapsed
