------------------------ 
Sample Size =  100000 
dim of X    =  10 
# of rep    =  10 
------------------------ 
Replications :  1 
           Time       Bias
qr           NA         NA
sqr.plug 186.44 -0.0050665
sqr.boot     NA         NA
sgd.boot     NA         NA
sgd.rs       NA         NA
sgd.rs1s     NA         NA

 
186.652 sec elapsed
Replications :  2 
           Time       Bias
qr           NA         NA
sqr.plug 189.77 0.00042055
sqr.boot     NA         NA
sgd.boot     NA         NA
sgd.rs       NA         NA
sgd.rs1s     NA         NA

 
208.414 sec elapsed
Replications :  3 
           Time         Bias
qr           NA           NA
sqr.plug 238.43 -0.000092615
sqr.boot     NA           NA
sgd.boot     NA           NA
sgd.rs       NA           NA
sgd.rs1s     NA           NA

 
248.022 sec elapsed
Replications :  4 
           Time       Bias
qr           NA         NA
sqr.plug 164.15 -0.0039693
sqr.boot     NA         NA
sgd.boot     NA         NA
sgd.rs       NA         NA
sgd.rs1s     NA         NA

 
177.669 sec elapsed
Replications :  5 
           Time      Bias
qr           NA        NA
sqr.plug 163.42 0.0045899
sqr.boot     NA        NA
sgd.boot     NA        NA
sgd.rs       NA        NA
sgd.rs1s     NA        NA

 
172.839 sec elapsed
Replications :  6 
           Time       Bias
qr           NA         NA
sqr.plug 164.83 -0.0016641
sqr.boot     NA         NA
sgd.boot     NA         NA
sgd.rs       NA         NA
sgd.rs1s     NA         NA

 
174.116 sec elapsed
Replications :  7 
           Time      Bias
qr           NA        NA
sqr.plug 216.86 -0.001079
sqr.boot     NA        NA
sgd.boot     NA        NA
sgd.rs       NA        NA
sgd.rs1s     NA        NA

 
231.846 sec elapsed
Replications :  8 
           Time       Bias
qr           NA         NA
sqr.plug 172.12 -0.0062258
sqr.boot     NA         NA
sgd.boot     NA         NA
sgd.rs       NA         NA
sgd.rs1s     NA         NA

 
185.42 sec elapsed
Replications :  9 
           Time      Bias
qr           NA        NA
sqr.plug 203.37 0.0016675
sqr.boot     NA        NA
sgd.boot     NA        NA
sgd.rs       NA        NA
sgd.rs1s     NA        NA

 
213.07 sec elapsed
Replications :  10 
          Time      Bias
qr          NA        NA
sqr.plug 220.4 0.0010945
sqr.boot    NA        NA
sgd.boot    NA        NA
sgd.rs      NA        NA
sgd.rs1s    NA        NA

 
230.624 sec elapsed
