------------------------ 
Sample Size =  100000 
dim of X    =  10 
# of rep    =  10 
------------------------ 
Replications :  1 
           Time       Bias
qr           NA         NA
sqr.plug 80.094 -0.0032651
sqr.boot     NA         NA
sgd.boot     NA         NA
sgd.rs       NA         NA
sgd.rs1s     NA         NA

 
80.267 sec elapsed
Replications :  2 
           Time       Bias
qr           NA         NA
sqr.plug 80.491 -0.0073691
sqr.boot     NA         NA
sgd.boot     NA         NA
sgd.rs       NA         NA
sgd.rs1s     NA         NA

 
80.889 sec elapsed
Replications :  3 
           Time        Bias
qr           NA          NA
sqr.plug 80.638 -0.00066579
sqr.boot     NA          NA
sgd.boot     NA          NA
sgd.rs       NA          NA
sgd.rs1s     NA          NA

 
81.046 sec elapsed
Replications :  4 
           Time       Bias
qr           NA         NA
sqr.plug 80.221 0.00021455
sqr.boot     NA         NA
sgd.boot     NA         NA
sgd.rs       NA         NA
sgd.rs1s     NA         NA

 
80.623 sec elapsed
Replications :  5 
           Time       Bias
qr           NA         NA
sqr.plug 80.132 -0.0054368
sqr.boot     NA         NA
sgd.boot     NA         NA
sgd.rs       NA         NA
sgd.rs1s     NA         NA

 
80.534 sec elapsed
Replications :  6 
           Time      Bias
qr           NA        NA
sqr.plug 80.404 0.0045558
sqr.boot     NA        NA
sgd.boot     NA        NA
sgd.rs       NA        NA
sgd.rs1s     NA        NA

 
80.806 sec elapsed
Replications :  7 
           Time      Bias
qr           NA        NA
sqr.plug 79.675 0.0011598
sqr.boot     NA        NA
sgd.boot     NA        NA
sgd.rs       NA        NA
sgd.rs1s     NA        NA

 
80.077 sec elapsed
Replications :  8 
           Time        Bias
qr           NA          NA
sqr.plug 80.273 -0.00046834
sqr.boot     NA          NA
sgd.boot     NA          NA
sgd.rs       NA          NA
sgd.rs1s     NA          NA

 
80.677 sec elapsed
Replications :  9 
          Time      Bias
qr          NA        NA
sqr.plug 79.55 0.0053136
sqr.boot    NA        NA
sgd.boot    NA        NA
sgd.rs      NA        NA
sgd.rs1s    NA        NA

 
80.054 sec elapsed
Replications :  10 
           Time       Bias
qr           NA         NA
sqr.plug 79.854 -0.0021192
sqr.boot     NA         NA
sgd.boot     NA         NA
sgd.rs       NA         NA
sgd.rs1s     NA         NA

 
80.369 sec elapsed
