------------------------ 
Sample Size =  100000 
dim of X    =  10 
# of rep    =  10 
------------------------ 
Replications :  1 
           Time      Bias
qr           NA        NA
sqr.plug 187.76 0.0040278
sqr.boot     NA        NA
sgd.boot     NA        NA
sgd.rs       NA        NA
sgd.rs1s     NA        NA

 
188.035 sec elapsed
Replications :  2 
           Time     Bias
qr           NA       NA
sqr.plug 196.33 0.001181
sqr.boot     NA       NA
sgd.boot     NA       NA
sgd.rs       NA       NA
sgd.rs1s     NA       NA

 
208.149 sec elapsed
Replications :  3 
           Time        Bias
qr           NA          NA
sqr.plug 178.43 -0.00055347
sqr.boot     NA          NA
sgd.boot     NA          NA
sgd.rs       NA          NA
sgd.rs1s     NA          NA

 
189.501 sec elapsed
Replications :  4 
           Time      Bias
qr           NA        NA
sqr.plug 208.23 0.0031334
sqr.boot     NA        NA
sgd.boot     NA        NA
sgd.rs       NA        NA
sgd.rs1s     NA        NA

 
219.836 sec elapsed
Replications :  5 
           Time       Bias
qr           NA         NA
sqr.plug 172.04 -0.0009247
sqr.boot     NA         NA
sgd.boot     NA         NA
sgd.rs       NA         NA
sgd.rs1s     NA         NA

 
186.232 sec elapsed
Replications :  6 
           Time       Bias
qr           NA         NA
sqr.plug 158.45 -0.0020907
sqr.boot     NA         NA
sgd.boot     NA         NA
sgd.rs       NA         NA
sgd.rs1s     NA         NA

 
169.673 sec elapsed
Replications :  7 
           Time      Bias
qr           NA        NA
sqr.plug 201.88 0.0013664
sqr.boot     NA        NA
sgd.boot     NA        NA
sgd.rs       NA        NA
sgd.rs1s     NA        NA

 
213.624 sec elapsed
Replications :  8 
           Time      Bias
qr           NA        NA
sqr.plug 161.18 -0.002444
sqr.boot     NA        NA
sgd.boot     NA        NA
sgd.rs       NA        NA
sgd.rs1s     NA        NA

 
172.502 sec elapsed
Replications :  9 
           Time       Bias
qr           NA         NA
sqr.plug 201.37 -0.0031891
sqr.boot     NA         NA
sgd.boot     NA         NA
sgd.rs       NA         NA
sgd.rs1s     NA         NA

 
212.739 sec elapsed
Replications :  10 
           Time      Bias
qr           NA        NA
sqr.plug 188.64 0.0051039
sqr.boot     NA        NA
sgd.boot     NA        NA
sgd.rs       NA        NA
sgd.rs1s     NA        NA

 
199.914 sec elapsed
