------------------------ 
Sample Size =  100000 
dim of X    =  10 
# of rep    =  10 
------------------------ 
Replications :  1 
           Time      Bias
qr           NA        NA
sqr.plug 98.417 -0.001211
sqr.boot     NA        NA
sgd.boot     NA        NA
sgd.rs       NA        NA
sgd.rs1s     NA        NA

 
98.58 sec elapsed
Replications :  2 
           Time      Bias
qr           NA        NA
sqr.plug 121.28 0.0053626
sqr.boot     NA        NA
sgd.boot     NA        NA
sgd.rs       NA        NA
sgd.rs1s     NA        NA

 
124.652 sec elapsed
Replications :  3 
           Time      Bias
qr           NA        NA
sqr.plug 117.19 0.0045937
sqr.boot     NA        NA
sgd.boot     NA        NA
sgd.rs       NA        NA
sgd.rs1s     NA        NA

 
123.455 sec elapsed
Replications :  4 
           Time       Bias
qr           NA         NA
sqr.plug 125.49 -0.0035632
sqr.boot     NA         NA
sgd.boot     NA         NA
sgd.rs       NA         NA
sgd.rs1s     NA         NA

 
130.669 sec elapsed
Replications :  5 
           Time       Bias
qr           NA         NA
sqr.plug 121.12 -0.0061088
sqr.boot     NA         NA
sgd.boot     NA         NA
sgd.rs       NA         NA
sgd.rs1s     NA         NA

 
130.665 sec elapsed
Replications :  6 
           Time        Bias
qr           NA          NA
sqr.plug 153.22 -0.00042425
sqr.boot     NA          NA
sgd.boot     NA          NA
sgd.rs       NA          NA
sgd.rs1s     NA          NA

 
163.882 sec elapsed
Replications :  7 
           Time        Bias
qr           NA          NA
sqr.plug 164.82 -0.00015006
sqr.boot     NA          NA
sgd.boot     NA          NA
sgd.rs       NA          NA
sgd.rs1s     NA          NA

 
179.224 sec elapsed
Replications :  8 
           Time      Bias
qr           NA        NA
sqr.plug 156.97 0.0071858
sqr.boot     NA        NA
sgd.boot     NA        NA
sgd.rs       NA        NA
sgd.rs1s     NA        NA

 
165.64 sec elapsed
Replications :  9 
           Time      Bias
qr           NA        NA
sqr.plug 141.15 0.0068963
sqr.boot     NA        NA
sgd.boot     NA        NA
sgd.rs       NA        NA
sgd.rs1s     NA        NA

 
150.916 sec elapsed
Replications :  10 
           Time      Bias
qr           NA        NA
sqr.plug 140.26 0.0021035
sqr.boot     NA        NA
sgd.boot     NA        NA
sgd.rs       NA        NA
sgd.rs1s     NA        NA

 
149.926 sec elapsed
