------------------------ 
Sample Size =  100000 
dim of X    =  10 
# of rep    =  10 
------------------------ 
Replications :  1 
           Time        Bias
qr           NA          NA
sqr.plug 162.21 -0.00071078
sqr.boot     NA          NA
sgd.boot     NA          NA
sgd.rs       NA          NA
sgd.rs1s     NA          NA

 
162.376 sec elapsed
Replications :  2 
           Time      Bias
qr           NA        NA
sqr.plug 152.05 0.0018243
sqr.boot     NA        NA
sgd.boot     NA        NA
sgd.rs       NA        NA
sgd.rs1s     NA        NA

 
164.308 sec elapsed
Replications :  3 
           Time       Bias
qr           NA         NA
sqr.plug 193.55 -0.0018936
sqr.boot     NA         NA
sgd.boot     NA         NA
sgd.rs       NA         NA
sgd.rs1s     NA         NA

 
205.82 sec elapsed
Replications :  4 
           Time       Bias
qr           NA         NA
sqr.plug 175.01 -0.0037673
sqr.boot     NA         NA
sgd.boot     NA         NA
sgd.rs       NA         NA
sgd.rs1s     NA         NA

 
188.894 sec elapsed
Replications :  5 
           Time      Bias
qr           NA        NA
sqr.plug 173.02 -0.005811
sqr.boot     NA        NA
sgd.boot     NA        NA
sgd.rs       NA        NA
sgd.rs1s     NA        NA

 
188.063 sec elapsed
Replications :  6 
           Time       Bias
qr           NA         NA
sqr.plug 162.81 -0.0034821
sqr.boot     NA         NA
sgd.boot     NA         NA
sgd.rs       NA         NA
sgd.rs1s     NA         NA

 
174.943 sec elapsed
Replications :  7 
           Time      Bias
qr           NA        NA
sqr.plug 199.56 0.0082391
sqr.boot     NA        NA
sgd.boot     NA        NA
sgd.rs       NA        NA
sgd.rs1s     NA        NA

 
210.118 sec elapsed
Replications :  8 
           Time      Bias
qr           NA        NA
sqr.plug 195.78 0.0020972
sqr.boot     NA        NA
sgd.boot     NA        NA
sgd.rs       NA        NA
sgd.rs1s     NA        NA

 
210.638 sec elapsed
Replications :  9 
           Time      Bias
qr           NA        NA
sqr.plug 190.64 0.0044649
sqr.boot     NA        NA
sgd.boot     NA        NA
sgd.rs       NA        NA
sgd.rs1s     NA        NA

 
202.779 sec elapsed
Replications :  10 
           Time       Bias
qr           NA         NA
sqr.plug 198.27 -0.0002023
sqr.boot     NA         NA
sgd.boot     NA         NA
sgd.rs       NA         NA
sgd.rs1s     NA         NA

 
210.634 sec elapsed
