------------------------ 
Sample Size =  100000 
dim of X    =  10 
# of rep    =  10 
------------------------ 
Replications :  1 
          Time        Bias
qr          NA          NA
sqr.plug 131.1 -0.00088868
sqr.boot    NA          NA
sgd.boot    NA          NA
sgd.rs      NA          NA
sgd.rs1s    NA          NA

 
131.321 sec elapsed
Replications :  2 
          Time       Bias
qr          NA         NA
sqr.plug 137.9 -0.0025632
sqr.boot    NA         NA
sgd.boot    NA         NA
sgd.rs      NA         NA
sgd.rs1s    NA         NA

 
143.315 sec elapsed
Replications :  3 
           Time       Bias
qr           NA         NA
sqr.plug 137.17 -0.0030858
sqr.boot     NA         NA
sgd.boot     NA         NA
sgd.rs       NA         NA
sgd.rs1s     NA         NA

 
142.37 sec elapsed
Replications :  4 
           Time        Bias
qr           NA          NA
sqr.plug 136.36 -0.00028767
sqr.boot     NA          NA
sgd.boot     NA          NA
sgd.rs       NA          NA
sgd.rs1s     NA          NA

 
141.779 sec elapsed
Replications :  5 
          Time       Bias
qr          NA         NA
sqr.plug 136.8 -0.0077493
sqr.boot    NA         NA
sgd.boot    NA         NA
sgd.rs      NA         NA
sgd.rs1s    NA         NA

 
141.887 sec elapsed
Replications :  6 
           Time     Bias
qr           NA       NA
sqr.plug 136.53 0.009096
sqr.boot     NA       NA
sgd.boot     NA       NA
sgd.rs       NA       NA
sgd.rs1s     NA       NA

 
141.515 sec elapsed
Replications :  7 
           Time      Bias
qr           NA        NA
sqr.plug 136.25 0.0047681
sqr.boot     NA        NA
sgd.boot     NA        NA
sgd.rs       NA        NA
sgd.rs1s     NA        NA

 
141.363 sec elapsed
Replications :  8 
           Time      Bias
qr           NA        NA
sqr.plug 137.47 -0.011226
sqr.boot     NA        NA
sgd.boot     NA        NA
sgd.rs       NA        NA
sgd.rs1s     NA        NA

 
142.581 sec elapsed
Replications :  9 
           Time      Bias
qr           NA        NA
sqr.plug 137.62 0.0057008
sqr.boot     NA        NA
sgd.boot     NA        NA
sgd.rs       NA        NA
sgd.rs1s     NA        NA

 
142.765 sec elapsed
Replications :  10 
          Time      Bias
qr          NA        NA
sqr.plug 136.5 0.0055023
sqr.boot    NA        NA
sgd.boot    NA        NA
sgd.rs      NA        NA
sgd.rs1s    NA        NA

 
141.687 sec elapsed
