------------------------ 
Sample Size =  100000 
dim of X    =  10 
# of rep    =  10 
------------------------ 
Replications :  1 
           Time      Bias
qr           NA        NA
sqr.plug 79.642 0.0016002
sqr.boot     NA        NA
sgd.boot     NA        NA
sgd.rs       NA        NA
sgd.rs1s     NA        NA

 
79.942 sec elapsed
Replications :  2 
           Time       Bias
qr           NA         NA
sqr.plug 80.032 -0.0051876
sqr.boot     NA         NA
sgd.boot     NA         NA
sgd.rs       NA         NA
sgd.rs1s     NA         NA

 
80.442 sec elapsed
Replications :  3 
           Time        Bias
qr           NA          NA
sqr.plug 80.179 -0.00065861
sqr.boot     NA          NA
sgd.boot     NA          NA
sgd.rs       NA          NA
sgd.rs1s     NA          NA

 
80.584 sec elapsed
Replications :  4 
           Time      Bias
qr           NA        NA
sqr.plug 79.858 0.0040749
sqr.boot     NA        NA
sgd.boot     NA        NA
sgd.rs       NA        NA
sgd.rs1s     NA        NA

 
80.259 sec elapsed
Replications :  5 
          Time      Bias
qr          NA        NA
sqr.plug 80.13 0.0020638
sqr.boot    NA        NA
sgd.boot    NA        NA
sgd.rs      NA        NA
sgd.rs1s    NA        NA

 
80.545 sec elapsed
Replications :  6 
           Time      Bias
qr           NA        NA
sqr.plug 79.974 0.0015745
sqr.boot     NA        NA
sgd.boot     NA        NA
sgd.rs       NA        NA
sgd.rs1s     NA        NA

 
80.373 sec elapsed
Replications :  7 
           Time      Bias
qr           NA        NA
sqr.plug 79.905 0.0015186
sqr.boot     NA        NA
sgd.boot     NA        NA
sgd.rs       NA        NA
sgd.rs1s     NA        NA

 
80.306 sec elapsed
Replications :  8 
          Time        Bias
qr          NA          NA
sqr.plug 79.76 -0.00076333
sqr.boot    NA          NA
sgd.boot    NA          NA
sgd.rs      NA          NA
sgd.rs1s    NA          NA

 
80.159 sec elapsed
Replications :  9 
           Time       Bias
qr           NA         NA
sqr.plug 79.589 -0.0031631
sqr.boot     NA         NA
sgd.boot     NA         NA
sgd.rs       NA         NA
sgd.rs1s     NA         NA

 
80.015 sec elapsed
Replications :  10 
           Time        Bias
qr           NA          NA
sqr.plug 79.475 -0.00074303
sqr.boot     NA          NA
sgd.boot     NA          NA
sgd.rs       NA          NA
sgd.rs1s     NA          NA

 
79.896 sec elapsed
