------------------------ 
Sample Size =  100000 
dim of X    =  10 
# of rep    =  10 
------------------------ 
Replications :  1 
           Time      Bias
qr           NA        NA
sqr.plug 180.86 0.0037018
sqr.boot     NA        NA
sgd.boot     NA        NA
sgd.rs       NA        NA
sgd.rs1s     NA        NA

 
181.105 sec elapsed
Replications :  2 
           Time       Bias
qr           NA         NA
sqr.plug 160.66 -0.0012022
sqr.boot     NA         NA
sgd.boot     NA         NA
sgd.rs       NA         NA
sgd.rs1s     NA         NA

 
173.557 sec elapsed
Replications :  3 
           Time       Bias
qr           NA         NA
sqr.plug 175.64 0.00033966
sqr.boot     NA         NA
sgd.boot     NA         NA
sgd.rs       NA         NA
sgd.rs1s     NA         NA

 
190.405 sec elapsed
Replications :  4 
           Time       Bias
qr           NA         NA
sqr.plug 159.22 -0.0019291
sqr.boot     NA         NA
sgd.boot     NA         NA
sgd.rs       NA         NA
sgd.rs1s     NA         NA

 
171.278 sec elapsed
Replications :  5 
           Time        Bias
qr           NA          NA
sqr.plug 159.22 -0.00026084
sqr.boot     NA          NA
sgd.boot     NA          NA
sgd.rs       NA          NA
sgd.rs1s     NA          NA

 
172.937 sec elapsed
Replications :  6 
           Time       Bias
qr           NA         NA
sqr.plug 155.75 -0.0018474
sqr.boot     NA         NA
sgd.boot     NA         NA
sgd.rs       NA         NA
sgd.rs1s     NA         NA

 
167.374 sec elapsed
Replications :  7 
           Time       Bias
qr           NA         NA
sqr.plug 223.92 0.00071871
sqr.boot     NA         NA
sgd.boot     NA         NA
sgd.rs       NA         NA
sgd.rs1s     NA         NA

 
235.622 sec elapsed
Replications :  8 
           Time      Bias
qr           NA        NA
sqr.plug 159.17 0.0018581
sqr.boot     NA        NA
sgd.boot     NA        NA
sgd.rs       NA        NA
sgd.rs1s     NA        NA

 
172.71 sec elapsed
Replications :  9 
           Time      Bias
qr           NA        NA
sqr.plug 157.86 0.0070052
sqr.boot     NA        NA
sgd.boot     NA        NA
sgd.rs       NA        NA
sgd.rs1s     NA        NA

 
173.627 sec elapsed
Replications :  10 
           Time       Bias
qr           NA         NA
sqr.plug 140.91 -0.0004271
sqr.boot     NA         NA
sgd.boot     NA         NA
sgd.rs       NA         NA
sgd.rs1s     NA         NA

 
151.968 sec elapsed
