------------------------ 
Sample Size =  100000 
dim of X    =  10 
# of rep    =  10 
------------------------ 
Replications :  1 
           Time     Bias
qr           NA       NA
sqr.plug 199.64 0.010651
sqr.boot     NA       NA
sgd.boot     NA       NA
sgd.rs       NA       NA
sgd.rs1s     NA       NA

 
199.994 sec elapsed
Replications :  2 
           Time      Bias
qr           NA        NA
sqr.plug 165.23 0.0060616
sqr.boot     NA        NA
sgd.boot     NA        NA
sgd.rs       NA        NA
sgd.rs1s     NA        NA

 
175.47 sec elapsed
Replications :  3 
           Time      Bias
qr           NA        NA
sqr.plug 235.04 0.0021363
sqr.boot     NA        NA
sgd.boot     NA        NA
sgd.rs       NA        NA
sgd.rs1s     NA        NA

 
244.727 sec elapsed
Replications :  4 
           Time      Bias
qr           NA        NA
sqr.plug 180.84 0.0014377
sqr.boot     NA        NA
sgd.boot     NA        NA
sgd.rs       NA        NA
sgd.rs1s     NA        NA

 
195.332 sec elapsed
Replications :  5 
           Time       Bias
qr           NA         NA
sqr.plug 184.99 0.00010778
sqr.boot     NA         NA
sgd.boot     NA         NA
sgd.rs       NA         NA
sgd.rs1s     NA         NA

 
194.352 sec elapsed
Replications :  6 
          Time      Bias
qr          NA        NA
sqr.plug 221.7 0.0021486
sqr.boot    NA        NA
sgd.boot    NA        NA
sgd.rs      NA        NA
sgd.rs1s    NA        NA

 
232.665 sec elapsed
Replications :  7 
           Time       Bias
qr           NA         NA
sqr.plug 197.25 -0.0019235
sqr.boot     NA         NA
sgd.boot     NA         NA
sgd.rs       NA         NA
sgd.rs1s     NA         NA

 
213.21 sec elapsed
Replications :  8 
           Time      Bias
qr           NA        NA
sqr.plug 137.88 0.0021872
sqr.boot     NA        NA
sgd.boot     NA        NA
sgd.rs       NA        NA
sgd.rs1s     NA        NA

 
148.412 sec elapsed
Replications :  9 
           Time        Bias
qr           NA          NA
sqr.plug 166.25 -0.00096452
sqr.boot     NA          NA
sgd.boot     NA          NA
sgd.rs       NA          NA
sgd.rs1s     NA          NA

 
173.991 sec elapsed
Replications :  10 
           Time       Bias
qr           NA         NA
sqr.plug 191.47 -0.0031835
sqr.boot     NA         NA
sgd.boot     NA         NA
sgd.rs       NA         NA
sgd.rs1s     NA         NA

 
199.467 sec elapsed
