------------------------ 
Sample Size =  100000 
dim of X    =  10 
# of rep    =  10 
------------------------ 
Replications :  1 
           Time       Bias
qr           NA         NA
sqr.plug 222.04 0.00051787
sqr.boot     NA         NA
sgd.boot     NA         NA
sgd.rs       NA         NA
sgd.rs1s     NA         NA

 
222.496 sec elapsed
Replications :  2 
           Time       Bias
qr           NA         NA
sqr.plug 180.06 0.00088647
sqr.boot     NA         NA
sgd.boot     NA         NA
sgd.rs       NA         NA
sgd.rs1s     NA         NA

 
191.782 sec elapsed
Replications :  3 
          Time      Bias
qr          NA        NA
sqr.plug 191.2 0.0084384
sqr.boot    NA        NA
sgd.boot    NA        NA
sgd.rs      NA        NA
sgd.rs1s    NA        NA

 
202.156 sec elapsed
Replications :  4 
           Time        Bias
qr           NA          NA
sqr.plug 142.88 -0.00015062
sqr.boot     NA          NA
sgd.boot     NA          NA
sgd.rs       NA          NA
sgd.rs1s     NA          NA

 
153.587 sec elapsed
Replications :  5 
          Time       Bias
qr          NA         NA
sqr.plug 197.3 -0.0033656
sqr.boot    NA         NA
sgd.boot    NA         NA
sgd.rs      NA         NA
sgd.rs1s    NA         NA

 
206.774 sec elapsed
Replications :  6 
           Time      Bias
qr           NA        NA
sqr.plug 197.29 0.0039227
sqr.boot     NA        NA
sgd.boot     NA        NA
sgd.rs       NA        NA
sgd.rs1s     NA        NA

 
213.095 sec elapsed
Replications :  7 
           Time      Bias
qr           NA        NA
sqr.plug 205.83 0.0015985
sqr.boot     NA        NA
sgd.boot     NA        NA
sgd.rs       NA        NA
sgd.rs1s     NA        NA

 
217.367 sec elapsed
Replications :  8 
           Time      Bias
qr           NA        NA
sqr.plug 156.77 0.0030302
sqr.boot     NA        NA
sgd.boot     NA        NA
sgd.rs       NA        NA
sgd.rs1s     NA        NA

 
172.101 sec elapsed
Replications :  9 
           Time       Bias
qr           NA         NA
sqr.plug 161.22 -0.0045978
sqr.boot     NA         NA
sgd.boot     NA         NA
sgd.rs       NA         NA
sgd.rs1s     NA         NA

 
171.736 sec elapsed
Replications :  10 
           Time      Bias
qr           NA        NA
sqr.plug 150.21 0.0014791
sqr.boot     NA        NA
sgd.boot     NA        NA
sgd.rs       NA        NA
sgd.rs1s     NA        NA

 
161.624 sec elapsed
