------------------------ 
Sample Size =  100000 
dim of X    =  10 
# of rep    =  10 
------------------------ 
Replications :  1 
          Time       Bias
qr          NA         NA
sqr.plug 159.8 -0.0015723
sqr.boot    NA         NA
sgd.boot    NA         NA
sgd.rs      NA         NA
sgd.rs1s    NA         NA

 
160.098 sec elapsed
Replications :  2 
           Time      Bias
qr           NA        NA
sqr.plug 177.67 0.0035203
sqr.boot     NA        NA
sgd.boot     NA        NA
sgd.rs       NA        NA
sgd.rs1s     NA        NA

 
189.251 sec elapsed
Replications :  3 
           Time      Bias
qr           NA        NA
sqr.plug 166.07 0.0067549
sqr.boot     NA        NA
sgd.boot     NA        NA
sgd.rs       NA        NA
sgd.rs1s     NA        NA

 
176.686 sec elapsed
Replications :  4 
           Time       Bias
qr           NA         NA
sqr.plug 172.34 -0.0096511
sqr.boot     NA         NA
sgd.boot     NA         NA
sgd.rs       NA         NA
sgd.rs1s     NA         NA

 
185.481 sec elapsed
Replications :  5 
           Time       Bias
qr           NA         NA
sqr.plug 152.14 -0.0010857
sqr.boot     NA         NA
sgd.boot     NA         NA
sgd.rs       NA         NA
sgd.rs1s     NA         NA

 
162.88 sec elapsed
Replications :  6 
           Time       Bias
qr           NA         NA
sqr.plug 144.69 -0.0013956
sqr.boot     NA         NA
sgd.boot     NA         NA
sgd.rs       NA         NA
sgd.rs1s     NA         NA

 
155.903 sec elapsed
Replications :  7 
           Time       Bias
qr           NA         NA
sqr.plug 191.46 -0.0015095
sqr.boot     NA         NA
sgd.boot     NA         NA
sgd.rs       NA         NA
sgd.rs1s     NA         NA

 
202.853 sec elapsed
Replications :  8 
           Time       Bias
qr           NA         NA
sqr.plug 144.71 -0.0020625
sqr.boot     NA         NA
sgd.boot     NA         NA
sgd.rs       NA         NA
sgd.rs1s     NA         NA

 
155.952 sec elapsed
Replications :  9 
           Time        Bias
qr           NA          NA
sqr.plug 153.13 -0.00066085
sqr.boot     NA          NA
sgd.boot     NA          NA
sgd.rs       NA          NA
sgd.rs1s     NA          NA

 
160.797 sec elapsed
Replications :  10 
          Time        Bias
qr          NA          NA
sqr.plug 174.3 -0.00030355
sqr.boot    NA          NA
sgd.boot    NA          NA
sgd.rs      NA          NA
sgd.rs1s    NA          NA

 
184.136 sec elapsed
