------------------------ 
Sample Size =  100000 
dim of X    =  10 
# of rep    =  10 
------------------------ 
Replications :  1 
          Time      Bias
qr          NA        NA
sqr.plug 128.7 0.0038011
sqr.boot    NA        NA
sgd.boot    NA        NA
sgd.rs      NA        NA
sgd.rs1s    NA        NA

 
128.855 sec elapsed
Replications :  2 
           Time        Bias
qr           NA          NA
sqr.plug 132.71 -0.00034284
sqr.boot     NA          NA
sgd.boot     NA          NA
sgd.rs       NA          NA
sgd.rs1s     NA          NA

 
137.619 sec elapsed
Replications :  3 
           Time       Bias
qr           NA         NA
sqr.plug 132.61 -0.0039108
sqr.boot     NA         NA
sgd.boot     NA         NA
sgd.rs       NA         NA
sgd.rs1s     NA         NA

 
137.833 sec elapsed
Replications :  4 
           Time      Bias
qr           NA        NA
sqr.plug 133.09 0.0037103
sqr.boot     NA        NA
sgd.boot     NA        NA
sgd.rs       NA        NA
sgd.rs1s     NA        NA

 
138.005 sec elapsed
Replications :  5 
           Time      Bias
qr           NA        NA
sqr.plug 132.91 0.0028526
sqr.boot     NA        NA
sgd.boot     NA        NA
sgd.rs       NA        NA
sgd.rs1s     NA        NA

 
137.778 sec elapsed
Replications :  6 
          Time      Bias
qr          NA        NA
sqr.plug 132.7 0.0049419
sqr.boot    NA        NA
sgd.boot    NA        NA
sgd.rs      NA        NA
sgd.rs1s    NA        NA

 
137.617 sec elapsed
Replications :  7 
          Time      Bias
qr          NA        NA
sqr.plug 132.8 0.0045818
sqr.boot    NA        NA
sgd.boot    NA        NA
sgd.rs      NA        NA
sgd.rs1s    NA        NA

 
137.688 sec elapsed
Replications :  8 
           Time       Bias
qr           NA         NA
sqr.plug 132.92 -0.0048919
sqr.boot     NA         NA
sgd.boot     NA         NA
sgd.rs       NA         NA
sgd.rs1s     NA         NA

 
137.833 sec elapsed
Replications :  9 
           Time       Bias
qr           NA         NA
sqr.plug 132.87 -0.0036663
sqr.boot     NA         NA
sgd.boot     NA         NA
sgd.rs       NA         NA
sgd.rs1s     NA         NA

 
137.977 sec elapsed
Replications :  10 
           Time       Bias
qr           NA         NA
sqr.plug 133.31 -0.0028047
sqr.boot     NA         NA
sgd.boot     NA         NA
sgd.rs       NA         NA
sgd.rs1s     NA         NA

 
138.221 sec elapsed
