------------------------ 
Sample Size =  100000 
dim of X    =  10 
# of rep    =  10 
------------------------ 
Replications :  1 
           Time       Bias
qr           NA         NA
sqr.plug 205.03 -0.0068331
sqr.boot     NA         NA
sgd.boot     NA         NA
sgd.rs       NA         NA
sgd.rs1s     NA         NA

 
205.348 sec elapsed
Replications :  2 
           Time       Bias
qr           NA         NA
sqr.plug 185.01 -0.0038874
sqr.boot     NA         NA
sgd.boot     NA         NA
sgd.rs       NA         NA
sgd.rs1s     NA         NA

 
196.834 sec elapsed
Replications :  3 
           Time      Bias
qr           NA        NA
sqr.plug 198.22 0.0055091
sqr.boot     NA        NA
sgd.boot     NA        NA
sgd.rs       NA        NA
sgd.rs1s     NA        NA

 
208.894 sec elapsed
Replications :  4 
           Time       Bias
qr           NA         NA
sqr.plug 191.32 -0.0014612
sqr.boot     NA         NA
sgd.boot     NA         NA
sgd.rs       NA         NA
sgd.rs1s     NA         NA

 
200.349 sec elapsed
Replications :  5 
          Time       Bias
qr          NA         NA
sqr.plug 189.2 -0.0004255
sqr.boot    NA         NA
sgd.boot    NA         NA
sgd.rs      NA         NA
sgd.rs1s    NA         NA

 
199.874 sec elapsed
Replications :  6 
           Time       Bias
qr           NA         NA
sqr.plug 190.59 -0.0013943
sqr.boot     NA         NA
sgd.boot     NA         NA
sgd.rs       NA         NA
sgd.rs1s     NA         NA

 
199.464 sec elapsed
Replications :  7 
           Time       Bias
qr           NA         NA
sqr.plug 166.72 -0.0040577
sqr.boot     NA         NA
sgd.boot     NA         NA
sgd.rs       NA         NA
sgd.rs1s     NA         NA

 
177.463 sec elapsed
Replications :  8 
           Time       Bias
qr           NA         NA
sqr.plug 203.26 -0.0052059
sqr.boot     NA         NA
sgd.boot     NA         NA
sgd.rs       NA         NA
sgd.rs1s     NA         NA

 
211.55 sec elapsed
Replications :  9 
           Time      Bias
qr           NA        NA
sqr.plug 195.32 0.0010548
sqr.boot     NA        NA
sgd.boot     NA        NA
sgd.rs       NA        NA
sgd.rs1s     NA        NA

 
207.684 sec elapsed
Replications :  10 
           Time       Bias
qr           NA         NA
sqr.plug 203.44 -0.0035389
sqr.boot     NA         NA
sgd.boot     NA         NA
sgd.rs       NA         NA
sgd.rs1s     NA         NA

 
215.295 sec elapsed
