------------------------ 
Sample Size =  100000 
dim of X    =  10 
# of rep    =  10 
------------------------ 
Replications :  1 
           Time      Bias
qr           NA        NA
sqr.plug 169.06 0.0029071
sqr.boot     NA        NA
sgd.boot     NA        NA
sgd.rs       NA        NA
sgd.rs1s     NA        NA

 
169.241 sec elapsed
Replications :  2 
           Time      Bias
qr           NA        NA
sqr.plug 172.99 0.0016159
sqr.boot     NA        NA
sgd.boot     NA        NA
sgd.rs       NA        NA
sgd.rs1s     NA        NA

 
187.795 sec elapsed
Replications :  3 
           Time          Bias
qr           NA            NA
sqr.plug 195.94 -0.0000089203
sqr.boot     NA            NA
sgd.boot     NA            NA
sgd.rs       NA            NA
sgd.rs1s     NA            NA

 
205.053 sec elapsed
Replications :  4 
           Time      Bias
qr           NA        NA
sqr.plug 179.27 0.0038582
sqr.boot     NA        NA
sgd.boot     NA        NA
sgd.rs       NA        NA
sgd.rs1s     NA        NA

 
191.749 sec elapsed
Replications :  5 
           Time      Bias
qr           NA        NA
sqr.plug 196.32 0.0039464
sqr.boot     NA        NA
sgd.boot     NA        NA
sgd.rs       NA        NA
sgd.rs1s     NA        NA

 
209.617 sec elapsed
Replications :  6 
           Time        Bias
qr           NA          NA
sqr.plug 197.84 -0.00096255
sqr.boot     NA          NA
sgd.boot     NA          NA
sgd.rs       NA          NA
sgd.rs1s     NA          NA

 
209.835 sec elapsed
Replications :  7 
           Time        Bias
qr           NA          NA
sqr.plug 188.24 -0.00098957
sqr.boot     NA          NA
sgd.boot     NA          NA
sgd.rs       NA          NA
sgd.rs1s     NA          NA

 
199.003 sec elapsed
Replications :  8 
           Time       Bias
qr           NA         NA
sqr.plug 194.84 -0.0034913
sqr.boot     NA         NA
sgd.boot     NA         NA
sgd.rs       NA         NA
sgd.rs1s     NA         NA

 
209.337 sec elapsed
Replications :  9 
           Time       Bias
qr           NA         NA
sqr.plug 163.15 -0.0022901
sqr.boot     NA         NA
sgd.boot     NA         NA
sgd.rs       NA         NA
sgd.rs1s     NA         NA

 
174.415 sec elapsed
Replications :  10 
           Time      Bias
qr           NA        NA
sqr.plug 165.67 0.0037323
sqr.boot     NA        NA
sgd.boot     NA        NA
sgd.rs       NA        NA
sgd.rs1s     NA        NA

 
177.822 sec elapsed
