------------------------ 
Sample Size =  100000 
dim of X    =  10 
# of rep    =  10 
------------------------ 
Replications :  1 
           Time       Bias
qr           NA         NA
sqr.plug 78.719 -0.0029353
sqr.boot     NA         NA
sgd.boot     NA         NA
sgd.rs       NA         NA
sgd.rs1s     NA         NA

 
78.875 sec elapsed
Replications :  2 
          Time      Bias
qr          NA        NA
sqr.plug 78.73 0.0014227
sqr.boot    NA        NA
sgd.boot    NA        NA
sgd.rs      NA        NA
sgd.rs1s    NA        NA

 
79.115 sec elapsed
Replications :  3 
           Time       Bias
qr           NA         NA
sqr.plug 78.577 -0.0066861
sqr.boot     NA         NA
sgd.boot     NA         NA
sgd.rs       NA         NA
sgd.rs1s     NA         NA

 
78.963 sec elapsed
Replications :  4 
           Time      Bias
qr           NA        NA
sqr.plug 78.634 0.0011579
sqr.boot     NA        NA
sgd.boot     NA        NA
sgd.rs       NA        NA
sgd.rs1s     NA        NA

 
79.02 sec elapsed
Replications :  5 
           Time      Bias
qr           NA        NA
sqr.plug 78.988 0.0036354
sqr.boot     NA        NA
sgd.boot     NA        NA
sgd.rs       NA        NA
sgd.rs1s     NA        NA

 
79.372 sec elapsed
Replications :  6 
           Time       Bias
qr           NA         NA
sqr.plug 78.765 -0.0022636
sqr.boot     NA         NA
sgd.boot     NA         NA
sgd.rs       NA         NA
sgd.rs1s     NA         NA

 
79.153 sec elapsed
Replications :  7 
           Time       Bias
qr           NA         NA
sqr.plug 79.752 -0.0066656
sqr.boot     NA         NA
sgd.boot     NA         NA
sgd.rs       NA         NA
sgd.rs1s     NA         NA

 
80.142 sec elapsed
Replications :  8 
           Time      Bias
qr           NA        NA
sqr.plug 79.207 0.0022174
sqr.boot     NA        NA
sgd.boot     NA        NA
sgd.rs       NA        NA
sgd.rs1s     NA        NA

 
79.616 sec elapsed
Replications :  9 
           Time       Bias
qr           NA         NA
sqr.plug 78.223 -0.0011455
sqr.boot     NA         NA
sgd.boot     NA         NA
sgd.rs       NA         NA
sgd.rs1s     NA         NA

 
78.602 sec elapsed
Replications :  10 
           Time      Bias
qr           NA        NA
sqr.plug 78.363 0.0093477
sqr.boot     NA        NA
sgd.boot     NA        NA
sgd.rs       NA        NA
sgd.rs1s     NA        NA

 
78.741 sec elapsed
