------------------------ 
Sample Size =  100000 
dim of X    =  10 
# of rep    =  10 
------------------------ 
Replications :  1 
           Time       Bias
qr           NA         NA
sqr.plug 225.31 0.00057004
sqr.boot     NA         NA
sgd.boot     NA         NA
sgd.rs       NA         NA
sgd.rs1s     NA         NA

 
225.673 sec elapsed
Replications :  2 
           Time       Bias
qr           NA         NA
sqr.plug 177.54 -0.0026746
sqr.boot     NA         NA
sgd.boot     NA         NA
sgd.rs       NA         NA
sgd.rs1s     NA         NA

 
191.3 sec elapsed
Replications :  3 
         Time       Bias
qr         NA         NA
sqr.plug  198 -0.0015838
sqr.boot   NA         NA
sgd.boot   NA         NA
sgd.rs     NA         NA
sgd.rs1s   NA         NA

 
215.799 sec elapsed
Replications :  4 
           Time       Bias
qr           NA         NA
sqr.plug 170.48 -0.0012391
sqr.boot     NA         NA
sgd.boot     NA         NA
sgd.rs       NA         NA
sgd.rs1s     NA         NA

 
181.469 sec elapsed
Replications :  5 
           Time      Bias
qr           NA        NA
sqr.plug 177.82 0.0062206
sqr.boot     NA        NA
sgd.boot     NA        NA
sgd.rs       NA        NA
sgd.rs1s     NA        NA

 
191.388 sec elapsed
Replications :  6 
           Time      Bias
qr           NA        NA
sqr.plug 193.41 0.0076524
sqr.boot     NA        NA
sgd.boot     NA        NA
sgd.rs       NA        NA
sgd.rs1s     NA        NA

 
202.892 sec elapsed
Replications :  7 
           Time      Bias
qr           NA        NA
sqr.plug 180.04 0.0013098
sqr.boot     NA        NA
sgd.boot     NA        NA
sgd.rs       NA        NA
sgd.rs1s     NA        NA

 
192.096 sec elapsed
Replications :  8 
           Time      Bias
qr           NA        NA
sqr.plug 144.79 0.0020466
sqr.boot     NA        NA
sgd.boot     NA        NA
sgd.rs       NA        NA
sgd.rs1s     NA        NA

 
155.792 sec elapsed
Replications :  9 
           Time        Bias
qr           NA          NA
sqr.plug 165.94 -0.00090671
sqr.boot     NA          NA
sgd.boot     NA          NA
sgd.rs       NA          NA
sgd.rs1s     NA          NA

 
180.706 sec elapsed
Replications :  10 
           Time      Bias
qr           NA        NA
sqr.plug 194.68 0.0004094
sqr.boot     NA        NA
sgd.boot     NA        NA
sgd.rs       NA        NA
sgd.rs1s     NA        NA

 
205.682 sec elapsed
