------------------------ 
Sample Size =  100000 
dim of X    =  10 
# of rep    =  10 
------------------------ 
Replications :  1 
           Time       Bias
qr           NA         NA
sqr.plug 138.82 -0.0026125
sqr.boot     NA         NA
sgd.boot     NA         NA
sgd.rs       NA         NA
sgd.rs1s     NA         NA

 
139.038 sec elapsed
Replications :  2 
           Time       Bias
qr           NA         NA
sqr.plug 141.09 -0.0061838
sqr.boot     NA         NA
sgd.boot     NA         NA
sgd.rs       NA         NA
sgd.rs1s     NA         NA

 
154.33 sec elapsed
Replications :  3 
           Time       Bias
qr           NA         NA
sqr.plug 132.56 -0.0010264
sqr.boot     NA         NA
sgd.boot     NA         NA
sgd.rs       NA         NA
sgd.rs1s     NA         NA

 
142.187 sec elapsed
Replications :  4 
           Time      Bias
qr           NA        NA
sqr.plug 140.35 0.0011216
sqr.boot     NA        NA
sgd.boot     NA        NA
sgd.rs       NA        NA
sgd.rs1s     NA        NA

 
153.983 sec elapsed
Replications :  5 
           Time       Bias
qr           NA         NA
sqr.plug 170.13 0.00010195
sqr.boot     NA         NA
sgd.boot     NA         NA
sgd.rs       NA         NA
sgd.rs1s     NA         NA

 
182.071 sec elapsed
Replications :  6 
           Time       Bias
qr           NA         NA
sqr.plug 147.63 -0.0050664
sqr.boot     NA         NA
sgd.boot     NA         NA
sgd.rs       NA         NA
sgd.rs1s     NA         NA

 
160.954 sec elapsed
Replications :  7 
          Time      Bias
qr          NA        NA
sqr.plug 162.9 0.0065239
sqr.boot    NA        NA
sgd.boot    NA        NA
sgd.rs      NA        NA
sgd.rs1s    NA        NA

 
173.757 sec elapsed
Replications :  8 
           Time        Bias
qr           NA          NA
sqr.plug 140.55 -0.00028993
sqr.boot     NA          NA
sgd.boot     NA          NA
sgd.rs       NA          NA
sgd.rs1s     NA          NA

 
158.815 sec elapsed
Replications :  9 
           Time      Bias
qr           NA        NA
sqr.plug 158.23 0.0044511
sqr.boot     NA        NA
sgd.boot     NA        NA
sgd.rs       NA        NA
sgd.rs1s     NA        NA

 
169.365 sec elapsed
Replications :  10 
           Time       Bias
qr           NA         NA
sqr.plug 181.81 -0.0018513
sqr.boot     NA         NA
sgd.boot     NA         NA
sgd.rs       NA         NA
sgd.rs1s     NA         NA

 
193.872 sec elapsed
