------------------------ 
Sample Size =  100000 
dim of X    =  10 
# of rep    =  10 
------------------------ 
Replications :  1 
           Time      Bias
qr           NA        NA
sqr.plug 240.75 0.0019017
sqr.boot     NA        NA
sgd.boot     NA        NA
sgd.rs       NA        NA
sgd.rs1s     NA        NA

 
241.028 sec elapsed
Replications :  2 
           Time      Bias
qr           NA        NA
sqr.plug 160.46 0.0016524
sqr.boot     NA        NA
sgd.boot     NA        NA
sgd.rs       NA        NA
sgd.rs1s     NA        NA

 
169.861 sec elapsed
Replications :  3 
           Time       Bias
qr           NA         NA
sqr.plug 199.38 -0.0033561
sqr.boot     NA         NA
sgd.boot     NA         NA
sgd.rs       NA         NA
sgd.rs1s     NA         NA

 
209.893 sec elapsed
Replications :  4 
           Time      Bias
qr           NA        NA
sqr.plug 155.17 0.0051247
sqr.boot     NA        NA
sgd.boot     NA        NA
sgd.rs       NA        NA
sgd.rs1s     NA        NA

 
167.924 sec elapsed
Replications :  5 
           Time       Bias
qr           NA         NA
sqr.plug 141.69 -0.0016289
sqr.boot     NA         NA
sgd.boot     NA         NA
sgd.rs       NA         NA
sgd.rs1s     NA         NA

 
152.927 sec elapsed
Replications :  6 
           Time       Bias
qr           NA         NA
sqr.plug 176.83 -0.0042681
sqr.boot     NA         NA
sgd.boot     NA         NA
sgd.rs       NA         NA
sgd.rs1s     NA         NA

 
183.235 sec elapsed
Replications :  7 
          Time      Bias
qr          NA        NA
sqr.plug 186.5 0.0038322
sqr.boot    NA        NA
sgd.boot    NA        NA
sgd.rs      NA        NA
sgd.rs1s    NA        NA

 
194.659 sec elapsed
Replications :  8 
           Time      Bias
qr           NA        NA
sqr.plug 146.47 0.0016558
sqr.boot     NA        NA
sgd.boot     NA        NA
sgd.rs       NA        NA
sgd.rs1s     NA        NA

 
160.156 sec elapsed
Replications :  9 
           Time      Bias
qr           NA        NA
sqr.plug 225.87 -0.002185
sqr.boot     NA        NA
sgd.boot     NA        NA
sgd.rs       NA        NA
sgd.rs1s     NA        NA

 
235.689 sec elapsed
Replications :  10 
           Time       Bias
qr           NA         NA
sqr.plug 178.43 -0.0040346
sqr.boot     NA         NA
sgd.boot     NA         NA
sgd.rs       NA         NA
sgd.rs1s     NA         NA

 
192.31 sec elapsed
