------------------------ 
Sample Size =  100000 
dim of X    =  10 
# of rep    =  10 
------------------------ 
Replications :  1 
           Time       Bias
qr           NA         NA
sqr.plug 78.908 0.00073191
sqr.boot     NA         NA
sgd.boot     NA         NA
sgd.rs       NA         NA
sgd.rs1s     NA         NA

 
79.065 sec elapsed
Replications :  2 
           Time      Bias
qr           NA        NA
sqr.plug 78.689 0.0016954
sqr.boot     NA        NA
sgd.boot     NA        NA
sgd.rs       NA        NA
sgd.rs1s     NA        NA

 
79.072 sec elapsed
Replications :  3 
           Time        Bias
qr           NA          NA
sqr.plug 78.888 -0.00066394
sqr.boot     NA          NA
sgd.boot     NA          NA
sgd.rs       NA          NA
sgd.rs1s     NA          NA

 
79.275 sec elapsed
Replications :  4 
          Time       Bias
qr          NA         NA
sqr.plug 78.62 -0.0044017
sqr.boot    NA         NA
sgd.boot    NA         NA
sgd.rs      NA         NA
sgd.rs1s    NA         NA

 
79.003 sec elapsed
Replications :  5 
           Time      Bias
qr           NA        NA
sqr.plug 78.843 -0.002071
sqr.boot     NA        NA
sgd.boot     NA        NA
sgd.rs       NA        NA
sgd.rs1s     NA        NA

 
79.222 sec elapsed
Replications :  6 
           Time       Bias
qr           NA         NA
sqr.plug 78.856 0.00043128
sqr.boot     NA         NA
sgd.boot     NA         NA
sgd.rs       NA         NA
sgd.rs1s     NA         NA

 
79.235 sec elapsed
Replications :  7 
           Time       Bias
qr           NA         NA
sqr.plug 79.509 -0.0018933
sqr.boot     NA         NA
sgd.boot     NA         NA
sgd.rs       NA         NA
sgd.rs1s     NA         NA

 
79.915 sec elapsed
Replications :  8 
           Time       Bias
qr           NA         NA
sqr.plug 78.288 0.00062047
sqr.boot     NA         NA
sgd.boot     NA         NA
sgd.rs       NA         NA
sgd.rs1s     NA         NA

 
78.665 sec elapsed
Replications :  9 
           Time       Bias
qr           NA         NA
sqr.plug 78.582 -0.0024578
sqr.boot     NA         NA
sgd.boot     NA         NA
sgd.rs       NA         NA
sgd.rs1s     NA         NA

 
78.963 sec elapsed
Replications :  10 
           Time       Bias
qr           NA         NA
sqr.plug 78.643 -0.0066918
sqr.boot     NA         NA
sgd.boot     NA         NA
sgd.rs       NA         NA
sgd.rs1s     NA         NA

 
79.022 sec elapsed
