------------------------ 
Sample Size =  100000 
dim of X    =  10 
# of rep    =  10 
------------------------ 
Replications :  1 
           Time       Bias
qr           NA         NA
sqr.plug 151.79 -0.0054915
sqr.boot     NA         NA
sgd.boot     NA         NA
sgd.rs       NA         NA
sgd.rs1s     NA         NA

 
151.964 sec elapsed
Replications :  2 
           Time       Bias
qr           NA         NA
sqr.plug 145.29 -0.0054424
sqr.boot     NA         NA
sgd.boot     NA         NA
sgd.rs       NA         NA
sgd.rs1s     NA         NA

 
158.44 sec elapsed
Replications :  3 
           Time       Bias
qr           NA         NA
sqr.plug 193.28 -0.0011435
sqr.boot     NA         NA
sgd.boot     NA         NA
sgd.rs       NA         NA
sgd.rs1s     NA         NA

 
206.184 sec elapsed
Replications :  4 
           Time       Bias
qr           NA         NA
sqr.plug 163.68 -0.0010996
sqr.boot     NA         NA
sgd.boot     NA         NA
sgd.rs       NA         NA
sgd.rs1s     NA         NA

 
174.341 sec elapsed
Replications :  5 
           Time       Bias
qr           NA         NA
sqr.plug 146.33 -0.0011843
sqr.boot     NA         NA
sgd.boot     NA         NA
sgd.rs       NA         NA
sgd.rs1s     NA         NA

 
155.577 sec elapsed
Replications :  6 
           Time       Bias
qr           NA         NA
sqr.plug 199.19 -0.0033841
sqr.boot     NA         NA
sgd.boot     NA         NA
sgd.rs       NA         NA
sgd.rs1s     NA         NA

 
215.429 sec elapsed
Replications :  7 
           Time       Bias
qr           NA         NA
sqr.plug 198.14 0.00081468
sqr.boot     NA         NA
sgd.boot     NA         NA
sgd.rs       NA         NA
sgd.rs1s     NA         NA

 
210.283 sec elapsed
Replications :  8 
           Time       Bias
qr           NA         NA
sqr.plug 216.45 -0.0053221
sqr.boot     NA         NA
sgd.boot     NA         NA
sgd.rs       NA         NA
sgd.rs1s     NA         NA

 
230.17 sec elapsed
Replications :  9 
           Time         Bias
qr           NA           NA
sqr.plug 197.04 -0.000058371
sqr.boot     NA           NA
sgd.boot     NA           NA
sgd.rs       NA           NA
sgd.rs1s     NA           NA

 
212.492 sec elapsed
Replications :  10 
           Time     Bias
qr           NA       NA
sqr.plug 181.98 0.001552
sqr.boot     NA       NA
sgd.boot     NA       NA
sgd.rs       NA       NA
sgd.rs1s     NA       NA

 
198.097 sec elapsed
