------------------------ 
Sample Size =  100000 
dim of X    =  10 
# of rep    =  10 
------------------------ 
Replications :  1 
           Time       Bias
qr           NA         NA
sqr.plug 157.77 0.00083878
sqr.boot     NA         NA
sgd.boot     NA         NA
sgd.rs       NA         NA
sgd.rs1s     NA         NA

 
158.19 sec elapsed
Replications :  2 
           Time      Bias
qr           NA        NA
sqr.plug 108.79 0.0042907
sqr.boot     NA        NA
sgd.boot     NA        NA
sgd.rs       NA        NA
sgd.rs1s     NA        NA

 
113.756 sec elapsed
Replications :  3 
           Time       Bias
qr           NA         NA
sqr.plug 146.97 -0.0055406
sqr.boot     NA         NA
sgd.boot     NA         NA
sgd.rs       NA         NA
sgd.rs1s     NA         NA

 
151.859 sec elapsed
Replications :  4 
          Time      Bias
qr          NA        NA
sqr.plug 141.8 0.0030664
sqr.boot    NA        NA
sgd.boot    NA        NA
sgd.rs      NA        NA
sgd.rs1s    NA        NA

 
149.296 sec elapsed
Replications :  5 
           Time       Bias
qr           NA         NA
sqr.plug 130.58 -0.0022536
sqr.boot     NA         NA
sgd.boot     NA         NA
sgd.rs       NA         NA
sgd.rs1s     NA         NA

 
138.033 sec elapsed
Replications :  6 
           Time       Bias
qr           NA         NA
sqr.plug 143.66 0.00086853
sqr.boot     NA         NA
sgd.boot     NA         NA
sgd.rs       NA         NA
sgd.rs1s     NA         NA

 
149.715 sec elapsed
Replications :  7 
           Time       Bias
qr           NA         NA
sqr.plug 138.78 0.00061474
sqr.boot     NA         NA
sgd.boot     NA         NA
sgd.rs       NA         NA
sgd.rs1s     NA         NA

 
146.646 sec elapsed
Replications :  8 
          Time       Bias
qr          NA         NA
sqr.plug 144.5 0.00099889
sqr.boot    NA         NA
sgd.boot    NA         NA
sgd.rs      NA         NA
sgd.rs1s    NA         NA

 
153.448 sec elapsed
Replications :  9 
           Time      Bias
qr           NA        NA
sqr.plug 142.09 0.0043428
sqr.boot     NA        NA
sgd.boot     NA        NA
sgd.rs       NA        NA
sgd.rs1s     NA        NA

 
151.747 sec elapsed
Replications :  10 
         Time       Bias
qr         NA         NA
sqr.plug  154 -0.0016299
sqr.boot   NA         NA
sgd.boot   NA         NA
sgd.rs     NA         NA
sgd.rs1s   NA         NA

 
165.331 sec elapsed
