------------------------ 
Sample Size =  100000 
dim of X    =  10 
# of rep    =  10 
------------------------ 
Replications :  1 
           Time      Bias
qr           NA        NA
sqr.plug 103.14 0.0063468
sqr.boot     NA        NA
sgd.boot     NA        NA
sgd.rs       NA        NA
sgd.rs1s     NA        NA

 
103.309 sec elapsed
Replications :  2 
          Time        Bias
qr          NA          NA
sqr.plug 120.2 -0.00050765
sqr.boot    NA          NA
sgd.boot    NA          NA
sgd.rs      NA          NA
sgd.rs1s    NA          NA

 
124.535 sec elapsed
Replications :  3 
           Time      Bias
qr           NA        NA
sqr.plug 120.93 0.0043273
sqr.boot     NA        NA
sgd.boot     NA        NA
sgd.rs       NA        NA
sgd.rs1s     NA        NA

 
125.256 sec elapsed
Replications :  4 
           Time       Bias
qr           NA         NA
sqr.plug 120.99 -0.0035462
sqr.boot     NA         NA
sgd.boot     NA         NA
sgd.rs       NA         NA
sgd.rs1s     NA         NA

 
125.317 sec elapsed
Replications :  5 
           Time       Bias
qr           NA         NA
sqr.plug 120.69 -0.0062188
sqr.boot     NA         NA
sgd.boot     NA         NA
sgd.rs       NA         NA
sgd.rs1s     NA         NA

 
125.012 sec elapsed
Replications :  6 
           Time        Bias
qr           NA          NA
sqr.plug 120.37 -0.00051148
sqr.boot     NA          NA
sgd.boot     NA          NA
sgd.rs       NA          NA
sgd.rs1s     NA          NA

 
124.681 sec elapsed
Replications :  7 
           Time        Bias
qr           NA          NA
sqr.plug 120.07 -0.00027007
sqr.boot     NA          NA
sgd.boot     NA          NA
sgd.rs       NA          NA
sgd.rs1s     NA          NA

 
124.411 sec elapsed
Replications :  8 
           Time       Bias
qr           NA         NA
sqr.plug 109.49 0.00085217
sqr.boot     NA         NA
sgd.boot     NA         NA
sgd.rs       NA         NA
sgd.rs1s     NA         NA

 
114.096 sec elapsed
Replications :  9 
          Time      Bias
qr          NA        NA
sqr.plug 102.2 0.0038864
sqr.boot    NA        NA
sgd.boot    NA        NA
sgd.rs      NA        NA
sgd.rs1s    NA        NA

 
106.513 sec elapsed
Replications :  10 
           Time       Bias
qr           NA         NA
sqr.plug 102.39 -0.0032006
sqr.boot     NA         NA
sgd.boot     NA         NA
sgd.rs       NA         NA
sgd.rs1s     NA         NA

 
106.683 sec elapsed
