------------------------ 
Sample Size =  100000 
dim of X    =  10 
# of rep    =  10 
------------------------ 
Replications :  1 
           Time        Bias
qr           NA          NA
sqr.plug 142.07 -0.00042873
sqr.boot     NA          NA
sgd.boot     NA          NA
sgd.rs       NA          NA
sgd.rs1s     NA          NA

 
142.259 sec elapsed
Replications :  2 
           Time       Bias
qr           NA         NA
sqr.plug 138.47 -0.0043027
sqr.boot     NA         NA
sgd.boot     NA         NA
sgd.rs       NA         NA
sgd.rs1s     NA         NA

 
148.564 sec elapsed
Replications :  3 
           Time      Bias
qr           NA        NA
sqr.plug 157.55 0.0018324
sqr.boot     NA        NA
sgd.boot     NA        NA
sgd.rs       NA        NA
sgd.rs1s     NA        NA

 
168.384 sec elapsed
Replications :  4 
           Time      Bias
qr           NA        NA
sqr.plug 139.21 0.0067759
sqr.boot     NA        NA
sgd.boot     NA        NA
sgd.rs       NA        NA
sgd.rs1s     NA        NA

 
154.086 sec elapsed
Replications :  5 
           Time      Bias
qr           NA        NA
sqr.plug 156.98 0.0096526
sqr.boot     NA        NA
sgd.boot     NA        NA
sgd.rs       NA        NA
sgd.rs1s     NA        NA

 
172.142 sec elapsed
Replications :  6 
           Time      Bias
qr           NA        NA
sqr.plug 184.48 0.0052978
sqr.boot     NA        NA
sgd.boot     NA        NA
sgd.rs       NA        NA
sgd.rs1s     NA        NA

 
194.554 sec elapsed
Replications :  7 
           Time       Bias
qr           NA         NA
sqr.plug 192.49 -0.0009875
sqr.boot     NA         NA
sgd.boot     NA         NA
sgd.rs       NA         NA
sgd.rs1s     NA         NA

 
206.436 sec elapsed
Replications :  8 
          Time      Bias
qr          NA        NA
sqr.plug 168.8 0.0058057
sqr.boot    NA        NA
sgd.boot    NA        NA
sgd.rs      NA        NA
sgd.rs1s    NA        NA

 
178.587 sec elapsed
Replications :  9 
           Time      Bias
qr           NA        NA
sqr.plug 152.14 0.0011393
sqr.boot     NA        NA
sgd.boot     NA        NA
sgd.rs       NA        NA
sgd.rs1s     NA        NA

 
161.853 sec elapsed
Replications :  10 
           Time       Bias
qr           NA         NA
sqr.plug 222.26 -0.0042108
sqr.boot     NA         NA
sgd.boot     NA         NA
sgd.rs       NA         NA
sgd.rs1s     NA         NA

 
234.333 sec elapsed
