------------------------ 
Sample Size =  10000000 
dim of X    =  40 
# of rep    =  10 
------------------------ 
Replications :  1 
             Time        Bias
qr        234.270 -0.00050120
sqr.plug       NA          NA
sqr.boot 9627.593 -0.00056443
sgd.boot 3205.141 -0.00051960
sgd.rs    135.488 -0.00061507
sgd.rs1s   49.019 -0.00061507

 
13296.043 sec elapsed
Replications :  2 
             Time       Bias
qr        231.179 0.00030476
sqr.plug       NA         NA
sqr.boot 9647.933 0.00040696
sgd.boot 3196.701 0.00024322
sgd.rs    129.624 0.00045042
sgd.rs1s   50.617 0.00045042

 
13300.293 sec elapsed
Replications :  3 
             Time       Bias
qr        225.001 0.00090099
sqr.plug       NA         NA
sqr.boot 9539.194 0.00069001
sgd.boot 3195.084 0.00085703
sgd.rs    131.196 0.00099398
sgd.rs1s   49.888 0.00099398

 
13185.712 sec elapsed
Replications :  4 
             Time       Bias
qr        231.021 0.00024335
sqr.plug       NA         NA
sqr.boot 9192.918 0.00033709
sgd.boot 3222.383 0.00020972
sgd.rs    135.076 0.00020249
sgd.rs1s   50.055 0.00020249

 
12876.016 sec elapsed
Replications :  5 
             Time        Bias
qr        236.673 0.000135717
sqr.plug       NA          NA
sqr.boot 9248.816 0.000124502
sgd.boot 3214.807 0.000034771
sgd.rs    133.514 0.000162585
sgd.rs1s   49.517 0.000162585

 
12927.51 sec elapsed
Replications :  6 
             Time          Bias
qr        235.068 -0.0000396168
sqr.plug       NA            NA
sqr.boot 9456.984 -0.0000749665
sgd.boot 3230.038  0.0000057442
sgd.rs    133.918 -0.0001443306
sgd.rs1s   50.526 -0.0001443306

 
13150.635 sec elapsed
Replications :  7 
             Time       Bias
qr        235.032 0.00028905
sqr.plug       NA         NA
sqr.boot 9828.475 0.00017722
sgd.boot 3262.861 0.00015633
sgd.rs    135.604 0.00017524
sgd.rs1s   49.981 0.00017524

 
13556.478 sec elapsed
Replications :  8 
             Time        Bias
qr        237.416 -0.00013895
sqr.plug       NA          NA
sqr.boot 9714.158 -0.00017147
sgd.boot 3225.898 -0.00017621
sgd.rs    134.912 -0.00043345
sgd.rs1s   50.802 -0.00043345

 
13408.033 sec elapsed
Replications :  9 
             Time        Bias
qr        240.328 -0.00016489
sqr.plug       NA          NA
sqr.boot 9820.071 -0.00015486
sgd.boot 3215.719 -0.00016544
sgd.rs    133.864 -0.00005392
sgd.rs1s   50.653 -0.00005392

 
13505.418 sec elapsed
Replications :  10 
             Time        Bias
qr        236.545 -0.00066505
sqr.plug       NA          NA
sqr.boot 9736.588 -0.00067437
sgd.boot 3217.085 -0.00065895
sgd.rs    134.451 -0.00069039
sgd.rs1s   51.085 -0.00069039

 
13420.249 sec elapsed
