------------------------ 
Sample Size =  10000000 
dim of X    =  40 
# of rep    =  10 
------------------------ 
Replications :  1 
             Time        Bias
qr        186.100 -0.00026697
sqr.plug       NA          NA
sqr.boot 9800.511 -0.00027127
sgd.boot 2952.551 -0.00031613
sgd.rs    102.747 -0.00017412
sgd.rs1s   29.843 -0.00017412

 
13104.139 sec elapsed
Replications :  2 
             Time       Bias
qr        181.367 0.00079063
sqr.plug       NA         NA
sqr.boot 9568.789 0.00078014
sgd.boot 2956.675 0.00091181
sgd.rs    102.135 0.00082421
sgd.rs1s   30.958 0.00082421

 
12871.175 sec elapsed
Replications :  3 
             Time       Bias
qr        181.807 0.00061697
sqr.plug       NA         NA
sqr.boot 9516.109 0.00067282
sgd.boot 2957.756 0.00054465
sgd.rs    102.689 0.00064677
sgd.rs1s   30.154 0.00064677

 
12820.081 sec elapsed
Replications :  4 
            Time        Bias
qr        176.73 -0.00027751
sqr.plug      NA          NA
sqr.boot 9814.67 -0.00002531
sgd.boot 2972.48 -0.00038921
sgd.rs    104.61 -0.00013765
sgd.rs1s   30.30 -0.00013765

 
13129.69 sec elapsed
Replications :  5 
             Time       Bias
qr        175.999 0.00023396
sqr.plug       NA         NA
sqr.boot 9561.799 0.00025593
sgd.boot 2966.066 0.00022908
sgd.rs    103.461 0.00035613
sgd.rs1s   30.082 0.00035613

 
12868.358 sec elapsed
Replications :  6 
             Time       Bias
qr        175.076 0.00045893
sqr.plug       NA         NA
sqr.boot 9514.144 0.00034420
sgd.boot 2978.857 0.00033397
sgd.rs    102.923 0.00029611
sgd.rs1s   30.596 0.00029611

 
12832.689 sec elapsed
Replications :  7 
             Time        Bias
qr        177.455 -0.00050477
sqr.plug       NA          NA
sqr.boot 9486.735 -0.00029873
sgd.boot 2978.795 -0.00048346
sgd.rs    104.617 -0.00041868
sgd.rs1s   30.442 -0.00041868

 
12809.423 sec elapsed
Replications :  8 
             Time         Bias
qr        177.710 -0.000433521
sqr.plug       NA           NA
sqr.boot 9431.641 -0.000461944
sgd.boot 2994.476 -0.000322833
sgd.rs    103.420 -0.000096219
sgd.rs1s   30.976 -0.000096219

 
12769.444 sec elapsed
Replications :  9 
             Time        Bias
qr        179.514 0.000436467
sqr.plug       NA          NA
sqr.boot 9490.447 0.000096005
sgd.boot 2989.978 0.000270300
sgd.rs    104.618 0.000514010
sgd.rs1s   30.399 0.000514010

 
12826.802 sec elapsed
Replications :  10 
             Time        Bias
qr        185.041 -0.00021095
sqr.plug       NA          NA
sqr.boot 9400.988 -0.00015388
sgd.boot 2990.214 -0.00022916
sgd.rs    101.692 -0.00037397
sgd.rs1s   29.999 -0.00037397

 
12739.783 sec elapsed
