------------------------ 
Sample Size =  10000000 
dim of X    =  40 
# of rep    =  10 
------------------------ 
Replications :  1 
             Time          Bias
qr        174.817 -0.0001980208
sqr.plug       NA            NA
sqr.boot 6276.308 -0.0001144973
sgd.boot 3063.566 -0.0002044571
sgd.rs    112.455 -0.0000017837
sgd.rs1s   30.044 -0.0000017837

 
9689.868 sec elapsed
Replications :  2 
            Time         Bias
qr        170.28 -0.000137185
sqr.plug      NA           NA
sqr.boot 6286.86 -0.000086822
sgd.boot 3048.44 -0.000131863
sgd.rs    112.82 -0.000271901
sgd.rs1s   29.92 -0.000271901

 
9679.968 sec elapsed
Replications :  3 
             Time         Bias
qr        175.400 -0.000162206
sqr.plug       NA           NA
sqr.boot 6349.102  0.000017491
sgd.boot 3040.666 -0.000219832
sgd.rs    112.602  0.000079504
sgd.rs1s   29.981  0.000079504

 
9739.484 sec elapsed
Replications :  4 
             Time        Bias
qr        175.202 -0.00091857
sqr.plug       NA          NA
sqr.boot 6258.520 -0.00084194
sgd.boot 3043.388 -0.00085919
sgd.rs    112.491 -0.00088748
sgd.rs1s   30.353 -0.00088748

 
9651.941 sec elapsed
Replications :  5 
             Time        Bias
qr        173.096 -0.00023617
sqr.plug       NA          NA
sqr.boot 6141.351 -0.00019699
sgd.boot 3030.261 -0.00029824
sgd.rs    104.454 -0.00031688
sgd.rs1s   29.726 -0.00031688

 
9510.615 sec elapsed
Replications :  6 
            Time        Bias
qr        164.29 0.000166211
sqr.plug      NA          NA
sqr.boot 5986.27 0.000131144
sgd.boot 3042.21 0.000169134
sgd.rs    103.95 0.000017363
sgd.rs1s   28.93 0.000017363

 
9357.255 sec elapsed
Replications :  7 
             Time       Bias
qr        161.767 0.00029763
sqr.plug       NA         NA
sqr.boot 6026.563 0.00016244
sgd.boot 3038.666 0.00024480
sgd.rs    104.260 0.00018969
sgd.rs1s   29.187 0.00018969

 
9391.72 sec elapsed
Replications :  8 
             Time        Bias
qr        163.162 0.000091658
sqr.plug       NA          NA
sqr.boot 5982.477 0.000116228
sgd.boot 3050.942 0.000073604
sgd.rs    104.615 0.000029732
sgd.rs1s   29.113 0.000029732

 
9361.604 sec elapsed
Replications :  9 
             Time       Bias
qr        161.978 0.00017841
sqr.plug       NA         NA
sqr.boot 6018.843 0.00029122
sgd.boot 3039.605 0.00018772
sgd.rs    104.087 0.00024328
sgd.rs1s   28.771 0.00024328

 
9384.526 sec elapsed
Replications :  10 
             Time       Bias
qr        161.448 0.00022798
sqr.plug       NA         NA
sqr.boot 5997.990 0.00025340
sgd.boot 3046.714 0.00019775
sgd.rs    103.520 0.00024424
sgd.rs1s   28.619 0.00024424

 
9369.54 sec elapsed
