------------------------ 
Sample Size =  10000000 
dim of X    =  40 
# of rep    =  10 
------------------------ 
Replications :  1 
             Time        Bias
qr        186.556 -0.00079894
sqr.plug       NA          NA
sqr.boot 9760.682 -0.00077338
sgd.boot 2960.818 -0.00089646
sgd.rs    101.870 -0.00093710
sgd.rs1s   30.737 -0.00093710

 
13073.073 sec elapsed
Replications :  2 
             Time        Bias
qr        171.031 0.000181948
sqr.plug       NA          NA
sqr.boot 9482.493 0.000176745
sgd.boot 2973.411 0.000096145
sgd.rs    102.519 0.000271667
sgd.rs1s   29.531 0.000271667

 
12790.139 sec elapsed
Replications :  3 
             Time       Bias
qr        169.460 0.00044480
sqr.plug       NA         NA
sqr.boot 9382.413 0.00048064
sgd.boot 2971.182 0.00032041
sgd.rs    101.816 0.00041473
sgd.rs1s   29.484 0.00041473

 
12685.355 sec elapsed
Replications :  4 
             Time          Bias
qr        169.237 -0.0002048879
sqr.plug       NA            NA
sqr.boot 9622.366 -0.0001699267
sgd.boot 2989.640 -0.0002071995
sgd.rs    102.008 -0.0000083389
sgd.rs1s   30.241 -0.0000083389

 
12944.745 sec elapsed
Replications :  5 
             Time        Bias
qr        170.126 -0.00044319
sqr.plug       NA          NA
sqr.boot 9308.051 -0.00035025
sgd.boot 2994.178 -0.00044828
sgd.rs    105.609 -0.00026901
sgd.rs1s   29.708 -0.00026901

 
12638.673 sec elapsed
Replications :  6 
             Time        Bias
qr        168.478 -0.00041729
sqr.plug       NA          NA
sqr.boot 9169.845 -0.00037220
sgd.boot 3007.086 -0.00039267
sgd.rs    101.176 -0.00022404
sgd.rs1s   29.575 -0.00022404

 
12506.906 sec elapsed
Replications :  7 
             Time         Bias
qr        175.312  0.000199826
sqr.plug       NA           NA
sqr.boot 9031.986  0.000091173
sgd.boot 3022.580 -0.000024737
sgd.rs    101.420  0.000166977
sgd.rs1s   29.591  0.000166977

 
12392.143 sec elapsed
Replications :  8 
             Time       Bias
qr        166.495 0.00023691
sqr.plug       NA         NA
sqr.boot 8767.477 0.00014738
sgd.boot 3064.451 0.00010853
sgd.rs    108.849 0.00023197
sgd.rs1s   29.609 0.00023197

 
12167.874 sec elapsed
Replications :  9 
             Time        Bias
qr        169.718 -0.00041630
sqr.plug       NA          NA
sqr.boot 8599.394 -0.00027220
sgd.boot 3087.890 -0.00033423
sgd.rs    108.767 -0.00012760
sgd.rs1s   34.794 -0.00012760

 
12032.042 sec elapsed
Replications :  10 
             Time        Bias
qr        211.563 -0.00050301
sqr.plug       NA          NA
sqr.boot 8273.289 -0.00044080
sgd.boot 3082.665 -0.00050808
sgd.rs    111.726 -0.00050597
sgd.rs1s   38.998 -0.00050597

 
11750.855 sec elapsed
