------------------------ 
Sample Size =  10000000 
dim of X    =  40 
# of rep    =  10 
------------------------ 
Replications :  1 
             Time          Bias
qr        224.647 -0.0000069442
sqr.plug       NA            NA
sqr.boot 8525.008 -0.0000035474
sgd.boot 3144.817 -0.0000504921
sgd.rs    130.127  0.0000545383
sgd.rs1s   45.997  0.0000545383

 
12109.475 sec elapsed
Replications :  2 
             Time       Bias
qr        203.486 0.00029762
sqr.plug       NA         NA
sqr.boot 6477.320 0.00031358
sgd.boot 3035.291 0.00027746
sgd.rs    123.208 0.00020322
sgd.rs1s   41.418 0.00020322

 
9920.831 sec elapsed
Replications :  3 
             Time         Bias
qr        200.266 -0.000224234
sqr.plug       NA           NA
sqr.boot 7563.061 -0.000107958
sgd.boot 3051.111 -0.000207959
sgd.rs    129.734 -0.000093884
sgd.rs1s   45.838 -0.000093884

 
11030.968 sec elapsed
Replications :  4 
             Time         Bias
qr        210.152  0.000034997
sqr.plug       NA           NA
sqr.boot 7514.903 -0.000047637
sgd.boot 3044.095  0.000020690
sgd.rs    130.398 -0.000028296
sgd.rs1s   46.362 -0.000028296

 
10986.94 sec elapsed
Replications :  5 
             Time         Bias
qr        210.531  0.000045065
sqr.plug       NA           NA
sqr.boot 6723.282  0.000016809
sgd.boot 3029.351  0.000049531
sgd.rs    129.296 -0.000063862
sgd.rs1s   44.487 -0.000063862

 
10178.282 sec elapsed
Replications :  6 
             Time        Bias
qr        206.392 -0.00062120
sqr.plug       NA          NA
sqr.boot 7849.984 -0.00068105
sgd.boot 3073.352 -0.00053827
sgd.rs    131.931 -0.00063533
sgd.rs1s   47.752 -0.00063533

 
11349.205 sec elapsed
Replications :  7 
             Time        Bias
qr        220.669 -0.00018066
sqr.plug       NA          NA
sqr.boot 8039.470 -0.00021249
sgd.boot 3051.961 -0.00015741
sgd.rs    132.438 -0.00011937
sgd.rs1s   45.368 -0.00011937

 
11531.801 sec elapsed
Replications :  8 
             Time       Bias
qr        218.968 0.00019146
sqr.plug       NA         NA
sqr.boot 8806.275 0.00027061
sgd.boot 3097.757 0.00021544
sgd.rs    132.925 0.00032536
sgd.rs1s   47.932 0.00032536

 
12345.954 sec elapsed
Replications :  9 
             Time         Bias
qr        222.984 -0.000052686
sqr.plug       NA           NA
sqr.boot 9027.027 -0.000039344
sgd.boot 3070.760  0.000110933
sgd.rs    132.622  0.000104151
sgd.rs1s   47.861  0.000104151

 
12544.044 sec elapsed
Replications :  10 
             Time         Bias
qr        226.144  0.000010600
sqr.plug       NA           NA
sqr.boot 9836.084 -0.000041086
sgd.boot 3105.182 -0.000016344
sgd.rs    134.313 -0.000070682
sgd.rs1s   47.838 -0.000070682

 
13393.155 sec elapsed
