------------------------ 
Sample Size =  100000 
dim of X    =  160 
# of rep    =  10 
------------------------ 
Replications :  1 
          Time       Bias
qr          NA         NA
sqr.plug 332.7 -0.0021559
sqr.boot    NA         NA
sgd.boot    NA         NA
sgd.rs      NA         NA
sgd.rs1s    NA         NA

 
334.335 sec elapsed
Replications :  2 
           Time      Bias
qr           NA        NA
sqr.plug 395.79 0.0019668
sqr.boot     NA        NA
sgd.boot     NA        NA
sgd.rs       NA        NA
sgd.rs1s     NA        NA

 
404.625 sec elapsed
Replications :  3 
           Time        Bias
qr           NA          NA
sqr.plug 365.67 0.000063896
sqr.boot     NA          NA
sgd.boot     NA          NA
sgd.rs       NA          NA
sgd.rs1s     NA          NA

 
375.844 sec elapsed
Replications :  4 
           Time      Bias
qr           NA        NA
sqr.plug 386.66 0.0021906
sqr.boot     NA        NA
sgd.boot     NA        NA
sgd.rs       NA        NA
sgd.rs1s     NA        NA

 
395.621 sec elapsed
Replications :  5 
           Time        Bias
qr           NA          NA
sqr.plug 363.07 -0.00020473
sqr.boot     NA          NA
sgd.boot     NA          NA
sgd.rs       NA          NA
sgd.rs1s     NA          NA

 
373.468 sec elapsed
Replications :  6 
          Time      Bias
qr          NA        NA
sqr.plug 344.6 0.0047675
sqr.boot    NA        NA
sgd.boot    NA        NA
sgd.rs      NA        NA
sgd.rs1s    NA        NA

 
352.826 sec elapsed
Replications :  7 
           Time      Bias
qr           NA        NA
sqr.plug 412.23 0.0043012
sqr.boot     NA        NA
sgd.boot     NA        NA
sgd.rs       NA        NA
sgd.rs1s     NA        NA

 
420.295 sec elapsed
Replications :  8 
          Time       Bias
qr          NA         NA
sqr.plug 375.6 -0.0021157
sqr.boot    NA         NA
sgd.boot    NA         NA
sgd.rs      NA         NA
sgd.rs1s    NA         NA

 
385.856 sec elapsed
Replications :  9 
           Time      Bias
qr           NA        NA
sqr.plug 367.31 0.0052561
sqr.boot     NA        NA
sgd.boot     NA        NA
sgd.rs       NA        NA
sgd.rs1s     NA        NA

 
379.093 sec elapsed
Replications :  10 
           Time      Bias
qr           NA        NA
sqr.plug 389.95 0.0012498
sqr.boot     NA        NA
sgd.boot     NA        NA
sgd.rs       NA        NA
sgd.rs1s     NA        NA

 
398.504 sec elapsed
