------------------------ 
Sample Size =  100000 
dim of X    =  160 
# of rep    =  10 
------------------------ 
Replications :  1 
           Time      Bias
qr           NA        NA
sqr.plug 237.24 0.0059181
sqr.boot     NA        NA
sgd.boot     NA        NA
sgd.rs       NA        NA
sgd.rs1s     NA        NA

 
238.295 sec elapsed
Replications :  2 
          Time        Bias
qr          NA          NA
sqr.plug 237.1 -0.00040543
sqr.boot    NA          NA
sgd.boot    NA          NA
sgd.rs      NA          NA
sgd.rs1s    NA          NA

 
238.134 sec elapsed
Replications :  3 
           Time       Bias
qr           NA         NA
sqr.plug 234.93 -0.0019305
sqr.boot     NA         NA
sgd.boot     NA         NA
sgd.rs       NA         NA
sgd.rs1s     NA         NA

 
235.945 sec elapsed
Replications :  4 
           Time        Bias
qr           NA          NA
sqr.plug 267.48 -0.00042495
sqr.boot     NA          NA
sgd.boot     NA          NA
sgd.rs       NA          NA
sgd.rs1s     NA          NA

 
268.51 sec elapsed
Replications :  5 
           Time       Bias
qr           NA         NA
sqr.plug 270.86 -0.0069818
sqr.boot     NA         NA
sgd.boot     NA         NA
sgd.rs       NA         NA
sgd.rs1s     NA         NA

 
273.581 sec elapsed
Replications :  6 
          Time     Bias
qr          NA       NA
sqr.plug 270.7 0.004979
sqr.boot    NA       NA
sgd.boot    NA       NA
sgd.rs      NA       NA
sgd.rs1s    NA       NA

 
273.571 sec elapsed
Replications :  7 
           Time      Bias
qr           NA        NA
sqr.plug 266.54 0.0021078
sqr.boot     NA        NA
sgd.boot     NA        NA
sgd.rs       NA        NA
sgd.rs1s     NA        NA

 
269.82 sec elapsed
Replications :  8 
           Time       Bias
qr           NA         NA
sqr.plug 267.94 0.00014228
sqr.boot     NA         NA
sgd.boot     NA         NA
sgd.rs       NA         NA
sgd.rs1s     NA         NA

 
271.138 sec elapsed
Replications :  9 
           Time      Bias
qr           NA        NA
sqr.plug 264.77 0.0018553
sqr.boot     NA        NA
sgd.boot     NA        NA
sgd.rs       NA        NA
sgd.rs1s     NA        NA

 
267.607 sec elapsed
Replications :  10 
           Time       Bias
qr           NA         NA
sqr.plug 275.06 -0.0047824
sqr.boot     NA         NA
sgd.boot     NA         NA
sgd.rs       NA         NA
sgd.rs1s     NA         NA

 
277.924 sec elapsed
