------------------------ 
Sample Size =  100000 
dim of X    =  160 
# of rep    =  10 
------------------------ 
Replications :  1 
           Time       Bias
qr           NA         NA
sqr.plug 336.97 0.00021016
sqr.boot     NA         NA
sgd.boot     NA         NA
sgd.rs       NA         NA
sgd.rs1s     NA         NA

 
338.737 sec elapsed
Replications :  2 
           Time      Bias
qr           NA        NA
sqr.plug 327.76 0.0012401
sqr.boot     NA        NA
sgd.boot     NA        NA
sgd.rs       NA        NA
sgd.rs1s     NA        NA

 
336.792 sec elapsed
Replications :  3 
           Time      Bias
qr           NA        NA
sqr.plug 360.06 -0.001573
sqr.boot     NA        NA
sgd.boot     NA        NA
sgd.rs       NA        NA
sgd.rs1s     NA        NA

 
367.337 sec elapsed
Replications :  4 
           Time       Bias
qr           NA         NA
sqr.plug 377.95 0.00017467
sqr.boot     NA         NA
sgd.boot     NA         NA
sgd.rs       NA         NA
sgd.rs1s     NA         NA

 
387.899 sec elapsed
Replications :  5 
           Time      Bias
qr           NA        NA
sqr.plug 328.41 0.0013857
sqr.boot     NA        NA
sgd.boot     NA        NA
sgd.rs       NA        NA
sgd.rs1s     NA        NA

 
335.589 sec elapsed
Replications :  6 
           Time       Bias
qr           NA         NA
sqr.plug 349.36 -0.0052289
sqr.boot     NA         NA
sgd.boot     NA         NA
sgd.rs       NA         NA
sgd.rs1s     NA         NA

 
358.036 sec elapsed
Replications :  7 
           Time       Bias
qr           NA         NA
sqr.plug 360.94 -0.0001329
sqr.boot     NA         NA
sgd.boot     NA         NA
sgd.rs       NA         NA
sgd.rs1s     NA         NA

 
370.243 sec elapsed
Replications :  8 
          Time        Bias
qr          NA          NA
sqr.plug 341.2 0.000058198
sqr.boot    NA          NA
sgd.boot    NA          NA
sgd.rs      NA          NA
sgd.rs1s    NA          NA

 
349.347 sec elapsed
Replications :  9 
           Time      Bias
qr           NA        NA
sqr.plug 374.33 0.0010192
sqr.boot     NA        NA
sgd.boot     NA        NA
sgd.rs       NA        NA
sgd.rs1s     NA        NA

 
384.486 sec elapsed
Replications :  10 
           Time       Bias
qr           NA         NA
sqr.plug 367.28 -0.0023382
sqr.boot     NA         NA
sgd.boot     NA         NA
sgd.rs       NA         NA
sgd.rs1s     NA         NA

 
377.19 sec elapsed
