------------------------ 
Sample Size =  100000 
dim of X    =  160 
# of rep    =  10 
------------------------ 
Replications :  1 
           Time       Bias
qr           NA         NA
sqr.plug 272.95 -0.0085352
sqr.boot     NA         NA
sgd.boot     NA         NA
sgd.rs       NA         NA
sgd.rs1s     NA         NA

 
274.162 sec elapsed
Replications :  2 
           Time       Bias
qr           NA         NA
sqr.plug 271.49 -0.0011415
sqr.boot     NA         NA
sgd.boot     NA         NA
sgd.rs       NA         NA
sgd.rs1s     NA         NA

 
272.596 sec elapsed
Replications :  3 
           Time      Bias
qr           NA        NA
sqr.plug 271.65 -0.006793
sqr.boot     NA        NA
sgd.boot     NA        NA
sgd.rs       NA        NA
sgd.rs1s     NA        NA

 
272.761 sec elapsed
Replications :  4 
          Time       Bias
qr          NA         NA
sqr.plug 262.4 -0.0023314
sqr.boot    NA         NA
sgd.boot    NA         NA
sgd.rs      NA         NA
sgd.rs1s    NA         NA

 
263.509 sec elapsed
Replications :  5 
           Time       Bias
qr           NA         NA
sqr.plug 338.09 -0.0063816
sqr.boot     NA         NA
sgd.boot     NA         NA
sgd.rs       NA         NA
sgd.rs1s     NA         NA

 
339.232 sec elapsed
Replications :  6 
           Time      Bias
qr           NA        NA
sqr.plug 264.49 0.0071865
sqr.boot     NA        NA
sgd.boot     NA        NA
sgd.rs       NA        NA
sgd.rs1s     NA        NA

 
269.305 sec elapsed
Replications :  7 
           Time       Bias
qr           NA         NA
sqr.plug 264.66 -0.0028467
sqr.boot     NA         NA
sgd.boot     NA         NA
sgd.rs       NA         NA
sgd.rs1s     NA         NA

 
266.133 sec elapsed
Replications :  8 
           Time      Bias
qr           NA        NA
sqr.plug 287.09 0.0041967
sqr.boot     NA        NA
sgd.boot     NA        NA
sgd.rs       NA        NA
sgd.rs1s     NA        NA

 
288.779 sec elapsed
Replications :  9 
           Time      Bias
qr           NA        NA
sqr.plug 298.59 0.0049451
sqr.boot     NA        NA
sgd.boot     NA        NA
sgd.rs       NA        NA
sgd.rs1s     NA        NA

 
301.286 sec elapsed
Replications :  10 
           Time       Bias
qr           NA         NA
sqr.plug 303.77 -0.0041351
sqr.boot     NA         NA
sgd.boot     NA         NA
sgd.rs       NA         NA
sgd.rs1s     NA         NA

 
307.667 sec elapsed
