------------------------ 
Sample Size =  100000 
dim of X    =  160 
# of rep    =  10 
------------------------ 
Replications :  1 
           Time       Bias
qr           NA         NA
sqr.plug 236.46 -0.0029474
sqr.boot     NA         NA
sgd.boot     NA         NA
sgd.rs       NA         NA
sgd.rs1s     NA         NA

 
237.483 sec elapsed
Replications :  2 
           Time        Bias
qr           NA          NA
sqr.plug 234.42 -0.00049166
sqr.boot     NA          NA
sgd.boot     NA          NA
sgd.rs       NA          NA
sgd.rs1s     NA          NA

 
235.406 sec elapsed
Replications :  3 
           Time     Bias
qr           NA       NA
sqr.plug 235.15 -0.00166
sqr.boot     NA       NA
sgd.boot     NA       NA
sgd.rs       NA       NA
sgd.rs1s     NA       NA

 
236.127 sec elapsed
Replications :  4 
           Time       Bias
qr           NA         NA
sqr.plug 242.26 -0.0017089
sqr.boot     NA         NA
sgd.boot     NA         NA
sgd.rs       NA         NA
sgd.rs1s     NA         NA

 
243.25 sec elapsed
Replications :  5 
           Time       Bias
qr           NA         NA
sqr.plug 235.23 -0.0063409
sqr.boot     NA         NA
sgd.boot     NA         NA
sgd.rs       NA         NA
sgd.rs1s     NA         NA

 
236.265 sec elapsed
Replications :  6 
           Time      Bias
qr           NA        NA
sqr.plug 232.93 0.0013065
sqr.boot     NA        NA
sgd.boot     NA        NA
sgd.rs       NA        NA
sgd.rs1s     NA        NA

 
233.91 sec elapsed
Replications :  7 
           Time     Bias
qr           NA       NA
sqr.plug 238.09 -0.00128
sqr.boot     NA       NA
sgd.boot     NA       NA
sgd.rs       NA       NA
sgd.rs1s     NA       NA

 
239.067 sec elapsed
Replications :  8 
           Time       Bias
qr           NA         NA
sqr.plug 237.34 -0.0016972
sqr.boot     NA         NA
sgd.boot     NA         NA
sgd.rs       NA         NA
sgd.rs1s     NA         NA

 
238.374 sec elapsed
Replications :  9 
           Time       Bias
qr           NA         NA
sqr.plug 232.59 -0.0018397
sqr.boot     NA         NA
sgd.boot     NA         NA
sgd.rs       NA         NA
sgd.rs1s     NA         NA

 
233.562 sec elapsed
Replications :  10 
           Time       Bias
qr           NA         NA
sqr.plug 241.63 -0.0032596
sqr.boot     NA         NA
sgd.boot     NA         NA
sgd.rs       NA         NA
sgd.rs1s     NA         NA

 
242.6 sec elapsed
