------------------------ 
Sample Size =  100000 
dim of X    =  160 
# of rep    =  10 
------------------------ 
Replications :  1 
          Time      Bias
qr          NA        NA
sqr.plug 244.1 0.0069661
sqr.boot    NA        NA
sgd.boot    NA        NA
sgd.rs      NA        NA
sgd.rs1s    NA        NA

 
245.182 sec elapsed
Replications :  2 
           Time       Bias
qr           NA         NA
sqr.plug 248.45 -0.0055049
sqr.boot     NA         NA
sgd.boot     NA         NA
sgd.rs       NA         NA
sgd.rs1s     NA         NA

 
249.459 sec elapsed
Replications :  3 
           Time      Bias
qr           NA        NA
sqr.plug 247.25 0.0034576
sqr.boot     NA        NA
sgd.boot     NA        NA
sgd.rs       NA        NA
sgd.rs1s     NA        NA

 
248.301 sec elapsed
Replications :  4 
           Time     Bias
qr           NA       NA
sqr.plug 243.19 0.003901
sqr.boot     NA       NA
sgd.boot     NA       NA
sgd.rs       NA       NA
sgd.rs1s     NA       NA

 
244.196 sec elapsed
Replications :  5 
           Time       Bias
qr           NA         NA
sqr.plug 241.98 -0.0021784
sqr.boot     NA         NA
sgd.boot     NA         NA
sgd.rs       NA         NA
sgd.rs1s     NA         NA

 
242.986 sec elapsed
Replications :  6 
           Time       Bias
qr           NA         NA
sqr.plug 239.24 0.00094764
sqr.boot     NA         NA
sgd.boot     NA         NA
sgd.rs       NA         NA
sgd.rs1s     NA         NA

 
240.257 sec elapsed
Replications :  7 
           Time      Bias
qr           NA        NA
sqr.plug 247.68 0.0024659
sqr.boot     NA        NA
sgd.boot     NA        NA
sgd.rs       NA        NA
sgd.rs1s     NA        NA

 
248.756 sec elapsed
Replications :  8 
           Time      Bias
qr           NA        NA
sqr.plug 243.13 0.0023014
sqr.boot     NA        NA
sgd.boot     NA        NA
sgd.rs       NA        NA
sgd.rs1s     NA        NA

 
244.17 sec elapsed
Replications :  9 
           Time       Bias
qr           NA         NA
sqr.plug 241.36 -0.0019849
sqr.boot     NA         NA
sgd.boot     NA         NA
sgd.rs       NA         NA
sgd.rs1s     NA         NA

 
242.376 sec elapsed
Replications :  10 
          Time       Bias
qr          NA         NA
sqr.plug 244.2 -0.0011522
sqr.boot    NA         NA
sgd.boot    NA         NA
sgd.rs      NA         NA
sgd.rs1s    NA         NA

 
245.215 sec elapsed
