------------------------ 
Sample Size =  100000 
dim of X    =  160 
# of rep    =  10 
------------------------ 
Replications :  1 
           Time       Bias
qr           NA         NA
sqr.plug 374.71 -0.0025052
sqr.boot     NA         NA
sgd.boot     NA         NA
sgd.rs       NA         NA
sgd.rs1s     NA         NA

 
376.188 sec elapsed
Replications :  2 
           Time      Bias
qr           NA        NA
sqr.plug 385.74 0.0024381
sqr.boot     NA        NA
sgd.boot     NA        NA
sgd.rs       NA        NA
sgd.rs1s     NA        NA

 
397.576 sec elapsed
Replications :  3 
           Time       Bias
qr           NA         NA
sqr.plug 347.43 -0.0019111
sqr.boot     NA         NA
sgd.boot     NA         NA
sgd.rs       NA         NA
sgd.rs1s     NA         NA

 
359.29 sec elapsed
Replications :  4 
           Time       Bias
qr           NA         NA
sqr.plug 382.25 -0.0035627
sqr.boot     NA         NA
sgd.boot     NA         NA
sgd.rs       NA         NA
sgd.rs1s     NA         NA

 
389.835 sec elapsed
Replications :  5 
           Time        Bias
qr           NA          NA
sqr.plug 374.46 -0.00061095
sqr.boot     NA          NA
sgd.boot     NA          NA
sgd.rs       NA          NA
sgd.rs1s     NA          NA

 
384.625 sec elapsed
Replications :  6 
           Time      Bias
qr           NA        NA
sqr.plug 383.34 0.0018458
sqr.boot     NA        NA
sgd.boot     NA        NA
sgd.rs       NA        NA
sgd.rs1s     NA        NA

 
392.4 sec elapsed
Replications :  7 
           Time      Bias
qr           NA        NA
sqr.plug 383.81 0.0037864
sqr.boot     NA        NA
sgd.boot     NA        NA
sgd.rs       NA        NA
sgd.rs1s     NA        NA

 
394.47 sec elapsed
Replications :  8 
           Time      Bias
qr           NA        NA
sqr.plug 383.57 0.0040165
sqr.boot     NA        NA
sgd.boot     NA        NA
sgd.rs       NA        NA
sgd.rs1s     NA        NA

 
397.095 sec elapsed
Replications :  9 
           Time      Bias
qr           NA        NA
sqr.plug 383.41 -0.006653
sqr.boot     NA        NA
sgd.boot     NA        NA
sgd.rs       NA        NA
sgd.rs1s     NA        NA

 
394.159 sec elapsed
Replications :  10 
           Time       Bias
qr           NA         NA
sqr.plug 382.86 -0.0038224
sqr.boot     NA         NA
sgd.boot     NA         NA
sgd.rs       NA         NA
sgd.rs1s     NA         NA

 
392.461 sec elapsed
