------------------------ 
Sample Size =  100000 
dim of X    =  160 
# of rep    =  10 
------------------------ 
Replications :  1 
           Time      Bias
qr           NA        NA
sqr.plug 382.32 0.0045098
sqr.boot     NA        NA
sgd.boot     NA        NA
sgd.rs       NA        NA
sgd.rs1s     NA        NA

 
383.895 sec elapsed
Replications :  2 
           Time      Bias
qr           NA        NA
sqr.plug 403.87 0.0027657
sqr.boot     NA        NA
sgd.boot     NA        NA
sgd.rs       NA        NA
sgd.rs1s     NA        NA

 
418.388 sec elapsed
Replications :  3 
           Time       Bias
qr           NA         NA
sqr.plug 395.16 -0.0022585
sqr.boot     NA         NA
sgd.boot     NA         NA
sgd.rs       NA         NA
sgd.rs1s     NA         NA

 
407.053 sec elapsed
Replications :  4 
           Time      Bias
qr           NA        NA
sqr.plug 376.96 0.0041251
sqr.boot     NA        NA
sgd.boot     NA        NA
sgd.rs       NA        NA
sgd.rs1s     NA        NA

 
388.544 sec elapsed
Replications :  5 
           Time       Bias
qr           NA         NA
sqr.plug 394.81 -0.0056322
sqr.boot     NA         NA
sgd.boot     NA         NA
sgd.rs       NA         NA
sgd.rs1s     NA         NA

 
404.042 sec elapsed
Replications :  6 
           Time       Bias
qr           NA         NA
sqr.plug 405.24 -0.0016697
sqr.boot     NA         NA
sgd.boot     NA         NA
sgd.rs       NA         NA
sgd.rs1s     NA         NA

 
414.524 sec elapsed
Replications :  7 
           Time      Bias
qr           NA        NA
sqr.plug 359.91 0.0058073
sqr.boot     NA        NA
sgd.boot     NA        NA
sgd.rs       NA        NA
sgd.rs1s     NA        NA

 
370.736 sec elapsed
Replications :  8 
           Time      Bias
qr           NA        NA
sqr.plug 359.79 -0.002024
sqr.boot     NA        NA
sgd.boot     NA        NA
sgd.rs       NA        NA
sgd.rs1s     NA        NA

 
368.042 sec elapsed
Replications :  9 
           Time       Bias
qr           NA         NA
sqr.plug 383.99 -0.0054324
sqr.boot     NA         NA
sgd.boot     NA         NA
sgd.rs       NA         NA
sgd.rs1s     NA         NA

 
392.297 sec elapsed
Replications :  10 
           Time        Bias
qr           NA          NA
sqr.plug 394.12 -0.00045435
sqr.boot     NA          NA
sgd.boot     NA          NA
sgd.rs       NA          NA
sgd.rs1s     NA          NA

 
404.582 sec elapsed
