------------------------ 
Sample Size =  100000 
dim of X    =  160 
# of rep    =  10 
------------------------ 
Replications :  1 
           Time      Bias
qr           NA        NA
sqr.plug 368.08 0.0039779
sqr.boot     NA        NA
sgd.boot     NA        NA
sgd.rs       NA        NA
sgd.rs1s     NA        NA

 
369.493 sec elapsed
Replications :  2 
           Time       Bias
qr           NA         NA
sqr.plug 357.82 -0.0006445
sqr.boot     NA         NA
sgd.boot     NA         NA
sgd.rs       NA         NA
sgd.rs1s     NA         NA

 
366.997 sec elapsed
Replications :  3 
           Time       Bias
qr           NA         NA
sqr.plug 373.28 -0.0021214
sqr.boot     NA         NA
sgd.boot     NA         NA
sgd.rs       NA         NA
sgd.rs1s     NA         NA

 
384.332 sec elapsed
Replications :  4 
           Time       Bias
qr           NA         NA
sqr.plug 397.39 -0.0083226
sqr.boot     NA         NA
sgd.boot     NA         NA
sgd.rs       NA         NA
sgd.rs1s     NA         NA

 
410.315 sec elapsed
Replications :  5 
           Time      Bias
qr           NA        NA
sqr.plug 369.93 -0.001852
sqr.boot     NA        NA
sgd.boot     NA        NA
sgd.rs       NA        NA
sgd.rs1s     NA        NA

 
378.923 sec elapsed
Replications :  6 
           Time       Bias
qr           NA         NA
sqr.plug 361.64 -0.0042953
sqr.boot     NA         NA
sgd.boot     NA         NA
sgd.rs       NA         NA
sgd.rs1s     NA         NA

 
370.675 sec elapsed
Replications :  7 
           Time       Bias
qr           NA         NA
sqr.plug 366.69 0.00020305
sqr.boot     NA         NA
sgd.boot     NA         NA
sgd.rs       NA         NA
sgd.rs1s     NA         NA

 
376.856 sec elapsed
Replications :  8 
           Time       Bias
qr           NA         NA
sqr.plug 343.45 -0.0006232
sqr.boot     NA         NA
sgd.boot     NA         NA
sgd.rs       NA         NA
sgd.rs1s     NA         NA

 
354.035 sec elapsed
Replications :  9 
           Time       Bias
qr           NA         NA
sqr.plug 370.32 -0.0025877
sqr.boot     NA         NA
sgd.boot     NA         NA
sgd.rs       NA         NA
sgd.rs1s     NA         NA

 
381.758 sec elapsed
Replications :  10 
           Time       Bias
qr           NA         NA
sqr.plug 397.38 0.00067379
sqr.boot     NA         NA
sgd.boot     NA         NA
sgd.rs       NA         NA
sgd.rs1s     NA         NA

 
409.405 sec elapsed
