------------------------ 
Sample Size =  100000 
dim of X    =  160 
# of rep    =  10 
------------------------ 
Replications :  1 
           Time       Bias
qr           NA         NA
sqr.plug 338.88 -0.0013892
sqr.boot     NA         NA
sgd.boot     NA         NA
sgd.rs       NA         NA
sgd.rs1s     NA         NA

 
340.456 sec elapsed
Replications :  2 
           Time       Bias
qr           NA         NA
sqr.plug 338.26 0.00093119
sqr.boot     NA         NA
sgd.boot     NA         NA
sgd.rs       NA         NA
sgd.rs1s     NA         NA

 
346.345 sec elapsed
Replications :  3 
           Time      Bias
qr           NA        NA
sqr.plug 345.18 0.0031646
sqr.boot     NA        NA
sgd.boot     NA        NA
sgd.rs       NA        NA
sgd.rs1s     NA        NA

 
352.516 sec elapsed
Replications :  4 
           Time      Bias
qr           NA        NA
sqr.plug 380.31 0.0095491
sqr.boot     NA        NA
sgd.boot     NA        NA
sgd.rs       NA        NA
sgd.rs1s     NA        NA

 
388.824 sec elapsed
Replications :  5 
           Time       Bias
qr           NA         NA
sqr.plug 410.89 -0.0048872
sqr.boot     NA         NA
sgd.boot     NA         NA
sgd.rs       NA         NA
sgd.rs1s     NA         NA

 
420.255 sec elapsed
Replications :  6 
           Time      Bias
qr           NA        NA
sqr.plug 357.35 0.0038869
sqr.boot     NA        NA
sgd.boot     NA        NA
sgd.rs       NA        NA
sgd.rs1s     NA        NA

 
366.327 sec elapsed
Replications :  7 
           Time       Bias
qr           NA         NA
sqr.plug 365.85 -0.0019116
sqr.boot     NA         NA
sgd.boot     NA         NA
sgd.rs       NA         NA
sgd.rs1s     NA         NA

 
376.255 sec elapsed
Replications :  8 
           Time     Bias
qr           NA       NA
sqr.plug 348.91 0.002934
sqr.boot     NA       NA
sgd.boot     NA       NA
sgd.rs       NA       NA
sgd.rs1s     NA       NA

 
358.652 sec elapsed
Replications :  9 
           Time       Bias
qr           NA         NA
sqr.plug 333.33 0.00044839
sqr.boot     NA         NA
sgd.boot     NA         NA
sgd.rs       NA         NA
sgd.rs1s     NA         NA

 
342.028 sec elapsed
Replications :  10 
           Time       Bias
qr           NA         NA
sqr.plug 336.49 -0.0026117
sqr.boot     NA         NA
sgd.boot     NA         NA
sgd.rs       NA         NA
sgd.rs1s     NA         NA

 
344.377 sec elapsed
