------------------------ 
Sample Size =  100000 
dim of X    =  160 
# of rep    =  10 
------------------------ 
Replications :  1 
           Time       Bias
qr           NA         NA
sqr.plug 377.84 -0.0035673
sqr.boot     NA         NA
sgd.boot     NA         NA
sgd.rs       NA         NA
sgd.rs1s     NA         NA

 
379.124 sec elapsed
Replications :  2 
          Time       Bias
qr          NA         NA
sqr.plug 352.6 -0.0024911
sqr.boot    NA         NA
sgd.boot    NA         NA
sgd.rs      NA         NA
sgd.rs1s    NA         NA

 
361.057 sec elapsed
Replications :  3 
           Time       Bias
qr           NA         NA
sqr.plug 358.58 -0.0030657
sqr.boot     NA         NA
sgd.boot     NA         NA
sgd.rs       NA         NA
sgd.rs1s     NA         NA

 
367.37 sec elapsed
Replications :  4 
           Time      Bias
qr           NA        NA
sqr.plug 353.35 0.0018007
sqr.boot     NA        NA
sgd.boot     NA        NA
sgd.rs       NA        NA
sgd.rs1s     NA        NA

 
363.331 sec elapsed
Replications :  5 
           Time       Bias
qr           NA         NA
sqr.plug 353.86 -0.0011552
sqr.boot     NA         NA
sgd.boot     NA         NA
sgd.rs       NA         NA
sgd.rs1s     NA         NA

 
364.171 sec elapsed
Replications :  6 
           Time       Bias
qr           NA         NA
sqr.plug 344.24 -0.0025013
sqr.boot     NA         NA
sgd.boot     NA         NA
sgd.rs       NA         NA
sgd.rs1s     NA         NA

 
352.948 sec elapsed
Replications :  7 
           Time       Bias
qr           NA         NA
sqr.plug 365.21 -0.0012803
sqr.boot     NA         NA
sgd.boot     NA         NA
sgd.rs       NA         NA
sgd.rs1s     NA         NA

 
377.649 sec elapsed
Replications :  8 
          Time       Bias
qr          NA         NA
sqr.plug 359.5 -0.0055954
sqr.boot    NA         NA
sgd.boot    NA         NA
sgd.rs      NA         NA
sgd.rs1s    NA         NA

 
369.786 sec elapsed
Replications :  9 
          Time     Bias
qr          NA       NA
sqr.plug 383.3 0.001979
sqr.boot    NA       NA
sgd.boot    NA       NA
sgd.rs      NA       NA
sgd.rs1s    NA       NA

 
395.471 sec elapsed
Replications :  10 
           Time       Bias
qr           NA         NA
sqr.plug 387.72 -0.0049643
sqr.boot     NA         NA
sgd.boot     NA         NA
sgd.rs       NA         NA
sgd.rs1s     NA         NA

 
399.127 sec elapsed
