------------------------ 
Sample Size =  100000 
dim of X    =  160 
# of rep    =  10 
------------------------ 
Replications :  1 
           Time       Bias
qr           NA         NA
sqr.plug 237.17 -0.0052418
sqr.boot     NA         NA
sgd.boot     NA         NA
sgd.rs       NA         NA
sgd.rs1s     NA         NA

 
238.287 sec elapsed
Replications :  2 
           Time        Bias
qr           NA          NA
sqr.plug 238.86 -0.00042402
sqr.boot     NA          NA
sgd.boot     NA          NA
sgd.rs       NA          NA
sgd.rs1s     NA          NA

 
239.856 sec elapsed
Replications :  3 
           Time       Bias
qr           NA         NA
sqr.plug 236.71 0.00078346
sqr.boot     NA         NA
sgd.boot     NA         NA
sgd.rs       NA         NA
sgd.rs1s     NA         NA

 
237.708 sec elapsed
Replications :  4 
           Time      Bias
qr           NA        NA
sqr.plug 237.37 0.0052784
sqr.boot     NA        NA
sgd.boot     NA        NA
sgd.rs       NA        NA
sgd.rs1s     NA        NA

 
238.372 sec elapsed
Replications :  5 
           Time      Bias
qr           NA        NA
sqr.plug 236.66 0.0016282
sqr.boot     NA        NA
sgd.boot     NA        NA
sgd.rs       NA        NA
sgd.rs1s     NA        NA

 
237.666 sec elapsed
Replications :  6 
           Time       Bias
qr           NA         NA
sqr.plug 237.27 -0.0016564
sqr.boot     NA         NA
sgd.boot     NA         NA
sgd.rs       NA         NA
sgd.rs1s     NA         NA

 
238.265 sec elapsed
Replications :  7 
           Time       Bias
qr           NA         NA
sqr.plug 237.95 -0.0092493
sqr.boot     NA         NA
sgd.boot     NA         NA
sgd.rs       NA         NA
sgd.rs1s     NA         NA

 
238.963 sec elapsed
Replications :  8 
           Time       Bias
qr           NA         NA
sqr.plug 240.93 -0.0062364
sqr.boot     NA         NA
sgd.boot     NA         NA
sgd.rs       NA         NA
sgd.rs1s     NA         NA

 
241.941 sec elapsed
Replications :  9 
           Time        Bias
qr           NA          NA
sqr.plug 237.14 -0.00036724
sqr.boot     NA          NA
sgd.boot     NA          NA
sgd.rs       NA          NA
sgd.rs1s     NA          NA

 
238.14 sec elapsed
Replications :  10 
           Time       Bias
qr           NA         NA
sqr.plug 235.67 -0.0052079
sqr.boot     NA         NA
sgd.boot     NA         NA
sgd.rs       NA         NA
sgd.rs1s     NA         NA

 
236.668 sec elapsed
