------------------------ 
Sample Size =  100000 
dim of X    =  160 
# of rep    =  10 
------------------------ 
Replications :  1 
          Time       Bias
qr          NA         NA
sqr.plug 280.2 -0.0019315
sqr.boot    NA         NA
sgd.boot    NA         NA
sgd.rs      NA         NA
sgd.rs1s    NA         NA

 
281.272 sec elapsed
Replications :  2 
         Time      Bias
qr         NA        NA
sqr.plug  282 0.0032874
sqr.boot   NA        NA
sgd.boot   NA        NA
sgd.rs     NA        NA
sgd.rs1s   NA        NA

 
286.347 sec elapsed
Replications :  3 
           Time      Bias
qr           NA        NA
sqr.plug 257.96 0.0036402
sqr.boot     NA        NA
sgd.boot     NA        NA
sgd.rs       NA        NA
sgd.rs1s     NA        NA

 
262.343 sec elapsed
Replications :  4 
           Time      Bias
qr           NA        NA
sqr.plug 297.71 0.0020626
sqr.boot     NA        NA
sgd.boot     NA        NA
sgd.rs       NA        NA
sgd.rs1s     NA        NA

 
300.476 sec elapsed
Replications :  5 
           Time       Bias
qr           NA         NA
sqr.plug 303.51 -0.0019973
sqr.boot     NA         NA
sgd.boot     NA         NA
sgd.rs       NA         NA
sgd.rs1s     NA         NA

 
307.65 sec elapsed
Replications :  6 
           Time       Bias
qr           NA         NA
sqr.plug 302.44 0.00062352
sqr.boot     NA         NA
sgd.boot     NA         NA
sgd.rs       NA         NA
sgd.rs1s     NA         NA

 
307.443 sec elapsed
Replications :  7 
           Time       Bias
qr           NA         NA
sqr.plug 315.14 -0.0011923
sqr.boot     NA         NA
sgd.boot     NA         NA
sgd.rs       NA         NA
sgd.rs1s     NA         NA

 
319.743 sec elapsed
Replications :  8 
           Time       Bias
qr           NA         NA
sqr.plug 290.28 -0.0033674
sqr.boot     NA         NA
sgd.boot     NA         NA
sgd.rs       NA         NA
sgd.rs1s     NA         NA

 
295.731 sec elapsed
Replications :  9 
           Time       Bias
qr           NA         NA
sqr.plug 300.79 -0.0014241
sqr.boot     NA         NA
sgd.boot     NA         NA
sgd.rs       NA         NA
sgd.rs1s     NA         NA

 
304.622 sec elapsed
Replications :  10 
           Time      Bias
qr           NA        NA
sqr.plug 307.74 0.0062218
sqr.boot     NA        NA
sgd.boot     NA        NA
sgd.rs       NA        NA
sgd.rs1s     NA        NA

 
311.825 sec elapsed
