------------------------ 
Sample Size =  100000 
dim of X    =  160 
# of rep    =  10 
------------------------ 
Replications :  1 
           Time       Bias
qr           NA         NA
sqr.plug 233.67 -0.0031906
sqr.boot     NA         NA
sgd.boot     NA         NA
sgd.rs       NA         NA
sgd.rs1s     NA         NA

 
234.696 sec elapsed
Replications :  2 
           Time       Bias
qr           NA         NA
sqr.plug 234.22 -0.0043903
sqr.boot     NA         NA
sgd.boot     NA         NA
sgd.rs       NA         NA
sgd.rs1s     NA         NA

 
235.195 sec elapsed
Replications :  3 
           Time       Bias
qr           NA         NA
sqr.plug 233.32 -0.0020985
sqr.boot     NA         NA
sgd.boot     NA         NA
sgd.rs       NA         NA
sgd.rs1s     NA         NA

 
234.313 sec elapsed
Replications :  4 
           Time      Bias
qr           NA        NA
sqr.plug 235.22 0.0069234
sqr.boot     NA        NA
sgd.boot     NA        NA
sgd.rs       NA        NA
sgd.rs1s     NA        NA

 
236.204 sec elapsed
Replications :  5 
           Time       Bias
qr           NA         NA
sqr.plug 234.53 -0.0020331
sqr.boot     NA         NA
sgd.boot     NA         NA
sgd.rs       NA         NA
sgd.rs1s     NA         NA

 
235.507 sec elapsed
Replications :  6 
           Time     Bias
qr           NA       NA
sqr.plug 235.17 0.006599
sqr.boot     NA       NA
sgd.boot     NA       NA
sgd.rs       NA       NA
sgd.rs1s     NA       NA

 
236.151 sec elapsed
Replications :  7 
           Time       Bias
qr           NA         NA
sqr.plug 233.71 0.00038522
sqr.boot     NA         NA
sgd.boot     NA         NA
sgd.rs       NA         NA
sgd.rs1s     NA         NA

 
234.693 sec elapsed
Replications :  8 
           Time       Bias
qr           NA         NA
sqr.plug 234.67 0.00043856
sqr.boot     NA         NA
sgd.boot     NA         NA
sgd.rs       NA         NA
sgd.rs1s     NA         NA

 
235.653 sec elapsed
Replications :  9 
           Time        Bias
qr           NA          NA
sqr.plug 237.39 -0.00079147
sqr.boot     NA          NA
sgd.boot     NA          NA
sgd.rs       NA          NA
sgd.rs1s     NA          NA

 
238.37 sec elapsed
Replications :  10 
           Time       Bias
qr           NA         NA
sqr.plug 238.49 0.00028157
sqr.boot     NA         NA
sgd.boot     NA         NA
sgd.rs       NA         NA
sgd.rs1s     NA         NA

 
239.492 sec elapsed
