------------------------ 
Sample Size =  100000 
dim of X    =  160 
# of rep    =  10 
------------------------ 
Replications :  1 
           Time       Bias
qr           NA         NA
sqr.plug 362.99 -0.0056045
sqr.boot     NA         NA
sgd.boot     NA         NA
sgd.rs       NA         NA
sgd.rs1s     NA         NA

 
365.226 sec elapsed
Replications :  2 
           Time      Bias
qr           NA        NA
sqr.plug 336.56 0.0036345
sqr.boot     NA        NA
sgd.boot     NA        NA
sgd.rs       NA        NA
sgd.rs1s     NA        NA

 
345.912 sec elapsed
Replications :  3 
           Time       Bias
qr           NA         NA
sqr.plug 335.65 -0.0054909
sqr.boot     NA         NA
sgd.boot     NA         NA
sgd.rs       NA         NA
sgd.rs1s     NA         NA

 
342.13 sec elapsed
Replications :  4 
           Time      Bias
qr           NA        NA
sqr.plug 326.28 -0.003572
sqr.boot     NA        NA
sgd.boot     NA        NA
sgd.rs       NA        NA
sgd.rs1s     NA        NA

 
333.084 sec elapsed
Replications :  5 
           Time       Bias
qr           NA         NA
sqr.plug 407.64 -0.0007168
sqr.boot     NA         NA
sgd.boot     NA         NA
sgd.rs       NA         NA
sgd.rs1s     NA         NA

 
414.681 sec elapsed
Replications :  6 
          Time      Bias
qr          NA        NA
sqr.plug 402.7 0.0026367
sqr.boot    NA        NA
sgd.boot    NA        NA
sgd.rs      NA        NA
sgd.rs1s    NA        NA

 
412.74 sec elapsed
Replications :  7 
           Time      Bias
qr           NA        NA
sqr.plug 390.97 0.0025101
sqr.boot     NA        NA
sgd.boot     NA        NA
sgd.rs       NA        NA
sgd.rs1s     NA        NA

 
402.04 sec elapsed
Replications :  8 
           Time      Bias
qr           NA        NA
sqr.plug 426.38 -0.001951
sqr.boot     NA        NA
sgd.boot     NA        NA
sgd.rs       NA        NA
sgd.rs1s     NA        NA

 
437.957 sec elapsed
Replications :  9 
           Time        Bias
qr           NA          NA
sqr.plug 374.07 -0.00031795
sqr.boot     NA          NA
sgd.boot     NA          NA
sgd.rs       NA          NA
sgd.rs1s     NA          NA

 
386.215 sec elapsed
Replications :  10 
           Time       Bias
qr           NA         NA
sqr.plug 378.77 -0.0020509
sqr.boot     NA         NA
sgd.boot     NA         NA
sgd.rs       NA         NA
sgd.rs1s     NA         NA

 
388.219 sec elapsed
