------------------------ 
Sample Size =  100000 
dim of X    =  160 
# of rep    =  10 
------------------------ 
Replications :  1 
           Time       Bias
qr           NA         NA
sqr.plug 239.09 -0.0032613
sqr.boot     NA         NA
sgd.boot     NA         NA
sgd.rs       NA         NA
sgd.rs1s     NA         NA

 
240.197 sec elapsed
Replications :  2 
           Time       Bias
qr           NA         NA
sqr.plug 236.42 -0.0015787
sqr.boot     NA         NA
sgd.boot     NA         NA
sgd.rs       NA         NA
sgd.rs1s     NA         NA

 
237.406 sec elapsed
Replications :  3 
           Time       Bias
qr           NA         NA
sqr.plug 242.69 -0.0014221
sqr.boot     NA         NA
sgd.boot     NA         NA
sgd.rs       NA         NA
sgd.rs1s     NA         NA

 
243.705 sec elapsed
Replications :  4 
           Time       Bias
qr           NA         NA
sqr.plug 237.78 -0.0040007
sqr.boot     NA         NA
sgd.boot     NA         NA
sgd.rs       NA         NA
sgd.rs1s     NA         NA

 
238.781 sec elapsed
Replications :  5 
           Time       Bias
qr           NA         NA
sqr.plug 236.34 -0.0011186
sqr.boot     NA         NA
sgd.boot     NA         NA
sgd.rs       NA         NA
sgd.rs1s     NA         NA

 
237.328 sec elapsed
Replications :  6 
           Time      Bias
qr           NA        NA
sqr.plug 239.77 0.0022722
sqr.boot     NA        NA
sgd.boot     NA        NA
sgd.rs       NA        NA
sgd.rs1s     NA        NA

 
240.815 sec elapsed
Replications :  7 
           Time       Bias
qr           NA         NA
sqr.plug 239.38 -0.0029467
sqr.boot     NA         NA
sgd.boot     NA         NA
sgd.rs       NA         NA
sgd.rs1s     NA         NA

 
240.384 sec elapsed
Replications :  8 
           Time       Bias
qr           NA         NA
sqr.plug 239.79 0.00092588
sqr.boot     NA         NA
sgd.boot     NA         NA
sgd.rs       NA         NA
sgd.rs1s     NA         NA

 
240.803 sec elapsed
Replications :  9 
          Time        Bias
qr          NA          NA
sqr.plug 240.3 -0.00062435
sqr.boot    NA          NA
sgd.boot    NA          NA
sgd.rs      NA          NA
sgd.rs1s    NA          NA

 
241.308 sec elapsed
Replications :  10 
           Time       Bias
qr           NA         NA
sqr.plug 241.03 -0.0017441
sqr.boot     NA         NA
sgd.boot     NA         NA
sgd.rs       NA         NA
sgd.rs1s     NA         NA

 
242.037 sec elapsed
