------------------------ 
Sample Size =  100000 
dim of X    =  160 
# of rep    =  10 
------------------------ 
Replications :  1 
           Time      Bias
qr           NA        NA
sqr.plug 318.12 0.0020476
sqr.boot     NA        NA
sgd.boot     NA        NA
sgd.rs       NA        NA
sgd.rs1s     NA        NA

 
319.566 sec elapsed
Replications :  2 
           Time         Bias
qr           NA           NA
sqr.plug 339.51 -0.000099508
sqr.boot     NA           NA
sgd.boot     NA           NA
sgd.rs       NA           NA
sgd.rs1s     NA           NA

 
346.045 sec elapsed
Replications :  3 
           Time       Bias
qr           NA         NA
sqr.plug 343.96 0.00077335
sqr.boot     NA         NA
sgd.boot     NA         NA
sgd.rs       NA         NA
sgd.rs1s     NA         NA

 
351.694 sec elapsed
Replications :  4 
           Time       Bias
qr           NA         NA
sqr.plug 338.35 -0.0078623
sqr.boot     NA         NA
sgd.boot     NA         NA
sgd.rs       NA         NA
sgd.rs1s     NA         NA

 
347.341 sec elapsed
Replications :  5 
           Time        Bias
qr           NA          NA
sqr.plug 359.92 -0.00098459
sqr.boot     NA          NA
sgd.boot     NA          NA
sgd.rs       NA          NA
sgd.rs1s     NA          NA

 
367.995 sec elapsed
Replications :  6 
           Time       Bias
qr           NA         NA
sqr.plug 381.62 -0.0050259
sqr.boot     NA         NA
sgd.boot     NA         NA
sgd.rs       NA         NA
sgd.rs1s     NA         NA

 
391.992 sec elapsed
Replications :  7 
           Time       Bias
qr           NA         NA
sqr.plug 395.74 -0.0033991
sqr.boot     NA         NA
sgd.boot     NA         NA
sgd.rs       NA         NA
sgd.rs1s     NA         NA

 
406.11 sec elapsed
Replications :  8 
           Time       Bias
qr           NA         NA
sqr.plug 420.93 0.00093644
sqr.boot     NA         NA
sgd.boot     NA         NA
sgd.rs       NA         NA
sgd.rs1s     NA         NA

 
431.603 sec elapsed
Replications :  9 
           Time      Bias
qr           NA        NA
sqr.plug 370.41 0.0016452
sqr.boot     NA        NA
sgd.boot     NA        NA
sgd.rs       NA        NA
sgd.rs1s     NA        NA

 
378.324 sec elapsed
Replications :  10 
           Time        Bias
qr           NA          NA
sqr.plug 373.97 -0.00072528
sqr.boot     NA          NA
sgd.boot     NA          NA
sgd.rs       NA          NA
sgd.rs1s     NA          NA

 
380.296 sec elapsed
