------------------------ 
Sample Size =  100000 
dim of X    =  160 
# of rep    =  10 
------------------------ 
Replications :  1 
           Time       Bias
qr           NA         NA
sqr.plug 363.79 -0.0014516
sqr.boot     NA         NA
sgd.boot     NA         NA
sgd.rs       NA         NA
sgd.rs1s     NA         NA

 
365 sec elapsed
Replications :  2 
          Time        Bias
qr          NA          NA
sqr.plug 337.8 -0.00036288
sqr.boot    NA          NA
sgd.boot    NA          NA
sgd.rs      NA          NA
sgd.rs1s    NA          NA

 
346.397 sec elapsed
Replications :  3 
           Time       Bias
qr           NA         NA
sqr.plug 338.68 -0.0030336
sqr.boot     NA         NA
sgd.boot     NA         NA
sgd.rs       NA         NA
sgd.rs1s     NA         NA

 
346.97 sec elapsed
Replications :  4 
           Time     Bias
qr           NA       NA
sqr.plug 355.52 0.002607
sqr.boot     NA       NA
sgd.boot     NA       NA
sgd.rs       NA       NA
sgd.rs1s     NA       NA

 
363.828 sec elapsed
Replications :  5 
           Time       Bias
qr           NA         NA
sqr.plug 338.65 0.00086976
sqr.boot     NA         NA
sgd.boot     NA         NA
sgd.rs       NA         NA
sgd.rs1s     NA         NA

 
348.625 sec elapsed
Replications :  6 
           Time      Bias
qr           NA        NA
sqr.plug 341.93 0.0028629
sqr.boot     NA        NA
sgd.boot     NA        NA
sgd.rs       NA        NA
sgd.rs1s     NA        NA

 
350.463 sec elapsed
Replications :  7 
           Time       Bias
qr           NA         NA
sqr.plug 341.34 0.00046378
sqr.boot     NA         NA
sgd.boot     NA         NA
sgd.rs       NA         NA
sgd.rs1s     NA         NA

 
350.356 sec elapsed
Replications :  8 
           Time      Bias
qr           NA        NA
sqr.plug 373.92 -0.004797
sqr.boot     NA        NA
sgd.boot     NA        NA
sgd.rs       NA        NA
sgd.rs1s     NA        NA

 
385.974 sec elapsed
Replications :  9 
           Time      Bias
qr           NA        NA
sqr.plug 382.18 0.0014037
sqr.boot     NA        NA
sgd.boot     NA        NA
sgd.rs       NA        NA
sgd.rs1s     NA        NA

 
391.852 sec elapsed
Replications :  10 
           Time      Bias
qr           NA        NA
sqr.plug 332.53 0.0051206
sqr.boot     NA        NA
sgd.boot     NA        NA
sgd.rs       NA        NA
sgd.rs1s     NA        NA

 
343.33 sec elapsed
