------------------------ 
Sample Size =  100000 
dim of X    =  160 
# of rep    =  10 
------------------------ 
Replications :  1 
           Time      Bias
qr           NA        NA
sqr.plug 260.07 0.0031772
sqr.boot     NA        NA
sgd.boot     NA        NA
sgd.rs       NA        NA
sgd.rs1s     NA        NA

 
261.141 sec elapsed
Replications :  2 
           Time       Bias
qr           NA         NA
sqr.plug 294.35 -0.0062395
sqr.boot     NA         NA
sgd.boot     NA         NA
sgd.rs       NA         NA
sgd.rs1s     NA         NA

 
297.673 sec elapsed
Replications :  3 
           Time        Bias
qr           NA          NA
sqr.plug 280.62 -0.00022876
sqr.boot     NA          NA
sgd.boot     NA          NA
sgd.rs       NA          NA
sgd.rs1s     NA          NA

 
284.398 sec elapsed
Replications :  4 
           Time       Bias
qr           NA         NA
sqr.plug 276.42 -0.0028574
sqr.boot     NA         NA
sgd.boot     NA         NA
sgd.rs       NA         NA
sgd.rs1s     NA         NA

 
279.32 sec elapsed
Replications :  5 
         Time       Bias
qr         NA         NA
sqr.plug  286 -0.0074454
sqr.boot   NA         NA
sgd.boot   NA         NA
sgd.rs     NA         NA
sgd.rs1s   NA         NA

 
289.084 sec elapsed
Replications :  6 
           Time       Bias
qr           NA         NA
sqr.plug 279.44 -0.0013862
sqr.boot     NA         NA
sgd.boot     NA         NA
sgd.rs       NA         NA
sgd.rs1s     NA         NA

 
282.605 sec elapsed
Replications :  7 
           Time      Bias
qr           NA        NA
sqr.plug 277.84 0.0027227
sqr.boot     NA        NA
sgd.boot     NA        NA
sgd.rs       NA        NA
sgd.rs1s     NA        NA

 
280.671 sec elapsed
Replications :  8 
           Time      Bias
qr           NA        NA
sqr.plug 259.84 0.0080644
sqr.boot     NA        NA
sgd.boot     NA        NA
sgd.rs       NA        NA
sgd.rs1s     NA        NA

 
262.683 sec elapsed
Replications :  9 
           Time        Bias
qr           NA          NA
sqr.plug 271.11 0.000075462
sqr.boot     NA          NA
sgd.boot     NA          NA
sgd.rs       NA          NA
sgd.rs1s     NA          NA

 
273.659 sec elapsed
Replications :  10 
           Time       Bias
qr           NA         NA
sqr.plug 266.03 0.00021412
sqr.boot     NA         NA
sgd.boot     NA         NA
sgd.rs       NA         NA
sgd.rs1s     NA         NA

 
268.826 sec elapsed
