------------------------ 
Sample Size =  100000 
dim of X    =  160 
# of rep    =  10 
------------------------ 
Replications :  1 
           Time       Bias
qr           NA         NA
sqr.plug 244.69 -0.0015587
sqr.boot     NA         NA
sgd.boot     NA         NA
sgd.rs       NA         NA
sgd.rs1s     NA         NA

 
245.795 sec elapsed
Replications :  2 
          Time      Bias
qr          NA        NA
sqr.plug 238.3 0.0065001
sqr.boot    NA        NA
sgd.boot    NA        NA
sgd.rs      NA        NA
sgd.rs1s    NA        NA

 
239.278 sec elapsed
Replications :  3 
           Time     Bias
qr           NA       NA
sqr.plug 236.38 -0.01023
sqr.boot     NA       NA
sgd.boot     NA       NA
sgd.rs       NA       NA
sgd.rs1s     NA       NA

 
237.35 sec elapsed
Replications :  4 
          Time       Bias
qr          NA         NA
sqr.plug 240.2 0.00060175
sqr.boot    NA         NA
sgd.boot    NA         NA
sgd.rs      NA         NA
sgd.rs1s    NA         NA

 
241.179 sec elapsed
Replications :  5 
           Time       Bias
qr           NA         NA
sqr.plug 237.24 -0.0071933
sqr.boot     NA         NA
sgd.boot     NA         NA
sgd.rs       NA         NA
sgd.rs1s     NA         NA

 
238.232 sec elapsed
Replications :  6 
           Time        Bias
qr           NA          NA
sqr.plug 234.01 0.000087159
sqr.boot     NA          NA
sgd.boot     NA          NA
sgd.rs       NA          NA
sgd.rs1s     NA          NA

 
235.003 sec elapsed
Replications :  7 
           Time      Bias
qr           NA        NA
sqr.plug 237.68 0.0023078
sqr.boot     NA        NA
sgd.boot     NA        NA
sgd.rs       NA        NA
sgd.rs1s     NA        NA

 
238.707 sec elapsed
Replications :  8 
           Time       Bias
qr           NA         NA
sqr.plug 238.09 -0.0028068
sqr.boot     NA         NA
sgd.boot     NA         NA
sgd.rs       NA         NA
sgd.rs1s     NA         NA

 
239.074 sec elapsed
Replications :  9 
           Time       Bias
qr           NA         NA
sqr.plug 239.31 -0.0050899
sqr.boot     NA         NA
sgd.boot     NA         NA
sgd.rs       NA         NA
sgd.rs1s     NA         NA

 
240.305 sec elapsed
Replications :  10 
           Time      Bias
qr           NA        NA
sqr.plug 239.66 0.0032565
sqr.boot     NA        NA
sgd.boot     NA        NA
sgd.rs       NA        NA
sgd.rs1s     NA        NA

 
240.659 sec elapsed
