------------------------ 
Sample Size =  100000 
dim of X    =  160 
# of rep    =  10 
------------------------ 
Replications :  1 
           Time       Bias
qr           NA         NA
sqr.plug 303.27 0.00046105
sqr.boot     NA         NA
sgd.boot     NA         NA
sgd.rs       NA         NA
sgd.rs1s     NA         NA

 
305.144 sec elapsed
Replications :  2 
           Time        Bias
qr           NA          NA
sqr.plug 323.54 -0.00077283
sqr.boot     NA          NA
sgd.boot     NA          NA
sgd.rs       NA          NA
sgd.rs1s     NA          NA

 
328.212 sec elapsed
Replications :  3 
           Time       Bias
qr           NA         NA
sqr.plug 320.99 -0.0026424
sqr.boot     NA         NA
sgd.boot     NA         NA
sgd.rs       NA         NA
sgd.rs1s     NA         NA

 
326.088 sec elapsed
Replications :  4 
           Time       Bias
qr           NA         NA
sqr.plug 334.34 -0.0011097
sqr.boot     NA         NA
sgd.boot     NA         NA
sgd.rs       NA         NA
sgd.rs1s     NA         NA

 
340.564 sec elapsed
Replications :  5 
          Time      Bias
qr          NA        NA
sqr.plug 336.6 0.0030674
sqr.boot    NA        NA
sgd.boot    NA        NA
sgd.rs      NA        NA
sgd.rs1s    NA        NA

 
342.803 sec elapsed
Replications :  6 
           Time       Bias
qr           NA         NA
sqr.plug 334.06 0.00032402
sqr.boot     NA         NA
sgd.boot     NA         NA
sgd.rs       NA         NA
sgd.rs1s     NA         NA

 
339.703 sec elapsed
Replications :  7 
           Time       Bias
qr           NA         NA
sqr.plug 362.61 -0.0020983
sqr.boot     NA         NA
sgd.boot     NA         NA
sgd.rs       NA         NA
sgd.rs1s     NA         NA

 
368.59 sec elapsed
Replications :  8 
           Time       Bias
qr           NA         NA
sqr.plug 382.57 -0.0069909
sqr.boot     NA         NA
sgd.boot     NA         NA
sgd.rs       NA         NA
sgd.rs1s     NA         NA

 
391.234 sec elapsed
Replications :  9 
           Time       Bias
qr           NA         NA
sqr.plug 374.85 -0.0059839
sqr.boot     NA         NA
sgd.boot     NA         NA
sgd.rs       NA         NA
sgd.rs1s     NA         NA

 
383.722 sec elapsed
Replications :  10 
           Time       Bias
qr           NA         NA
sqr.plug 361.43 0.00038197
sqr.boot     NA         NA
sgd.boot     NA         NA
sgd.rs       NA         NA
sgd.rs1s     NA         NA

 
368.721 sec elapsed
