------------------------ 
Sample Size =  100000 
dim of X    =  160 
# of rep    =  10 
------------------------ 
Replications :  1 
           Time      Bias
qr           NA        NA
sqr.plug 232.38 0.0040929
sqr.boot     NA        NA
sgd.boot     NA        NA
sgd.rs       NA        NA
sgd.rs1s     NA        NA

 
233.398 sec elapsed
Replications :  2 
           Time      Bias
qr           NA        NA
sqr.plug 233.67 0.0071769
sqr.boot     NA        NA
sgd.boot     NA        NA
sgd.rs       NA        NA
sgd.rs1s     NA        NA

 
234.722 sec elapsed
Replications :  3 
           Time       Bias
qr           NA         NA
sqr.plug 268.61 -0.0015789
sqr.boot     NA         NA
sgd.boot     NA         NA
sgd.rs       NA         NA
sgd.rs1s     NA         NA

 
269.647 sec elapsed
Replications :  4 
           Time       Bias
qr           NA         NA
sqr.plug 231.44 0.00079661
sqr.boot     NA         NA
sgd.boot     NA         NA
sgd.rs       NA         NA
sgd.rs1s     NA         NA

 
234.16 sec elapsed
Replications :  5 
           Time       Bias
qr           NA         NA
sqr.plug 274.69 -0.0079074
sqr.boot     NA         NA
sgd.boot     NA         NA
sgd.rs       NA         NA
sgd.rs1s     NA         NA

 
275.752 sec elapsed
Replications :  6 
           Time     Bias
qr           NA       NA
sqr.plug 255.32 0.005329
sqr.boot     NA       NA
sgd.boot     NA       NA
sgd.rs       NA       NA
sgd.rs1s     NA       NA

 
258.581 sec elapsed
Replications :  7 
          Time      Bias
qr          NA        NA
sqr.plug 232.7 0.0058554
sqr.boot    NA        NA
sgd.boot    NA        NA
sgd.rs      NA        NA
sgd.rs1s    NA        NA

 
235.623 sec elapsed
Replications :  8 
           Time        Bias
qr           NA          NA
sqr.plug 273.46 -0.00056764
sqr.boot     NA          NA
sgd.boot     NA          NA
sgd.rs       NA          NA
sgd.rs1s     NA          NA

 
274.585 sec elapsed
Replications :  9 
           Time       Bias
qr           NA         NA
sqr.plug 255.54 -0.0019311
sqr.boot     NA         NA
sgd.boot     NA         NA
sgd.rs       NA         NA
sgd.rs1s     NA         NA

 
258.74 sec elapsed
Replications :  10 
           Time       Bias
qr           NA         NA
sqr.plug 232.82 -0.0013979
sqr.boot     NA         NA
sgd.boot     NA         NA
sgd.rs       NA         NA
sgd.rs1s     NA         NA

 
235.737 sec elapsed
