------------------------ 
Sample Size =  100000 
dim of X    =  160 
# of rep    =  10 
------------------------ 
Replications :  1 
           Time       Bias
qr           NA         NA
sqr.plug 239.51 -0.0070742
sqr.boot     NA         NA
sgd.boot     NA         NA
sgd.rs       NA         NA
sgd.rs1s     NA         NA

 
240.639 sec elapsed
Replications :  2 
           Time      Bias
qr           NA        NA
sqr.plug 236.75 0.0025217
sqr.boot     NA        NA
sgd.boot     NA        NA
sgd.rs       NA        NA
sgd.rs1s     NA        NA

 
237.758 sec elapsed
Replications :  3 
           Time       Bias
qr           NA         NA
sqr.plug 237.78 -0.0086005
sqr.boot     NA         NA
sgd.boot     NA         NA
sgd.rs       NA         NA
sgd.rs1s     NA         NA

 
238.77 sec elapsed
Replications :  4 
           Time      Bias
qr           NA        NA
sqr.plug 239.39 0.0037123
sqr.boot     NA        NA
sgd.boot     NA        NA
sgd.rs       NA        NA
sgd.rs1s     NA        NA

 
240.402 sec elapsed
Replications :  5 
           Time       Bias
qr           NA         NA
sqr.plug 239.22 0.00085441
sqr.boot     NA         NA
sgd.boot     NA         NA
sgd.rs       NA         NA
sgd.rs1s     NA         NA

 
240.229 sec elapsed
Replications :  6 
           Time       Bias
qr           NA         NA
sqr.plug 238.09 0.00051118
sqr.boot     NA         NA
sgd.boot     NA         NA
sgd.rs       NA         NA
sgd.rs1s     NA         NA

 
239.082 sec elapsed
Replications :  7 
           Time      Bias
qr           NA        NA
sqr.plug 242.12 0.0016473
sqr.boot     NA        NA
sgd.boot     NA        NA
sgd.rs       NA        NA
sgd.rs1s     NA        NA

 
243.127 sec elapsed
Replications :  8 
           Time      Bias
qr           NA        NA
sqr.plug 239.73 -0.010239
sqr.boot     NA        NA
sgd.boot     NA        NA
sgd.rs       NA        NA
sgd.rs1s     NA        NA

 
240.721 sec elapsed
Replications :  9 
           Time      Bias
qr           NA        NA
sqr.plug 235.56 0.0069958
sqr.boot     NA        NA
sgd.boot     NA        NA
sgd.rs       NA        NA
sgd.rs1s     NA        NA

 
236.537 sec elapsed
Replications :  10 
          Time       Bias
qr          NA         NA
sqr.plug 242.3 -0.0047919
sqr.boot    NA         NA
sgd.boot    NA         NA
sgd.rs      NA         NA
sgd.rs1s    NA         NA

 
243.295 sec elapsed
