------------------------ 
Sample Size =  1000000 
dim of X    =  320 
# of rep    =  10 
------------------------ 
Replications :  1 
             Time         Bias
qr        611.607  0.000413284
sqr.plug       NA           NA
sqr.boot 5026.337  0.000350702
sgd.boot 1794.071 -0.000287663
sgd.rs    638.182  0.000036389
sgd.rs1s   25.979  0.000036389

 
8123.782 sec elapsed
Replications :  2 
             Time        Bias
qr        627.148  0.00027384
sqr.plug       NA          NA
sqr.boot 4326.144  0.00013271
sgd.boot 1730.949 -0.00117247
sgd.rs    676.642 -0.00013309
sgd.rs1s   25.979 -0.00013309

 
7413.166 sec elapsed
Replications :  3 
             Time        Bias
qr        523.519 -0.00068595
sqr.plug       NA          NA
sqr.boot 4181.781 -0.00063437
sgd.boot 1737.407 -0.01009006
sgd.rs    659.771  0.00125189
sgd.rs1s   25.633  0.00125189

 
7154.47 sec elapsed
Replications :  4 
             Time        Bias
qr        626.096 -0.00042810
sqr.plug       NA          NA
sqr.boot 4594.664 -0.00024485
sgd.boot 1740.267  0.00116623
sgd.rs    662.616  0.00112125
sgd.rs1s   26.951  0.00112125

 
7676.482 sec elapsed
Replications :  5 
             Time        Bias
qr        557.007 -0.00100345
sqr.plug       NA          NA
sqr.boot 5113.376 -0.00128495
sgd.boot 1679.793  0.00019770
sgd.rs    639.723 -0.00052897
sgd.rs1s   24.906 -0.00052897

 
8040.948 sec elapsed
Replications :  6 
             Time        Bias
qr        612.419 -0.00011855
sqr.plug       NA          NA
sqr.boot 4632.866 -0.00010841
sgd.boot 1768.428  0.00260065
sgd.rs    653.938 -0.00159440
sgd.rs1s   26.195 -0.00159440

 
7720.569 sec elapsed
Replications :  7 
             Time      Bias
qr        633.385 0.0017041
sqr.plug       NA        NA
sqr.boot 4848.995 0.0014328
sgd.boot 1769.438 0.0017228
sgd.rs    654.225 0.0020753
sgd.rs1s   26.092 0.0020753

 
7957.892 sec elapsed
Replications :  8 
             Time        Bias
qr        602.181 -0.00115606
sqr.plug       NA          NA
sqr.boot 4244.640 -0.00132371
sgd.boot 1723.897 -0.00724168
sgd.rs    655.933 -0.00039197
sgd.rs1s   26.353 -0.00039197

 
7279.53 sec elapsed
Replications :  9 
             Time         Bias
qr        697.298 -0.000071083
sqr.plug       NA           NA
sqr.boot 4447.667 -0.000193476
sgd.boot 1751.253 -0.002367671
sgd.rs    656.449 -0.000889806
sgd.rs1s   24.969 -0.000889806

 
7603.974 sec elapsed
Replications :  10 
             Time        Bias
qr        737.868  0.00079469
sqr.plug       NA          NA
sqr.boot 4319.431  0.00081074
sgd.boot 1712.251 -0.00741951
sgd.rs    638.010  0.00014402
sgd.rs1s   25.788  0.00014402

 
7460.476 sec elapsed
