------------------------ 
Sample Size =  1000000 
dim of X    =  320 
# of rep    =  10 
------------------------ 
Replications :  1 
              Time       Bias
qr         776.269 0.00042446
sqr.plug        NA         NA
sqr.boot 12447.699 0.00027486
sgd.boot  2206.710 0.00384622
sgd.rs     699.444 0.00181944
sgd.rs1s    53.092 0.00181944

 
16222.377 sec elapsed
Replications :  2 
              Time      Bias
qr        1198.198 0.0019478
sqr.plug        NA        NA
sqr.boot 10290.668 0.0017801
sgd.boot  2311.776 0.0026148
sgd.rs     708.553 0.0010385
sgd.rs1s    44.957 0.0010385

 
14594.167 sec elapsed
Replications :  3 
              Time       Bias
qr        1069.601 -0.0028904
sqr.plug        NA         NA
sqr.boot 14027.077 -0.0029565
sgd.boot  2303.110 -0.0037437
sgd.rs     757.013 -0.0018264
sgd.rs1s    70.852 -0.0018264

 
18264.802 sec elapsed
Replications :  4 
             Time        Bias
qr       1010.842  0.00084191
sqr.plug       NA          NA
sqr.boot 8718.933  0.00074225
sgd.boot 2360.963 -0.00575796
sgd.rs    751.615  0.00060198
sgd.rs1s   44.073  0.00060198

 
12929.909 sec elapsed
Replications :  5 
              Time        Bias
qr         886.984  0.00063802
sqr.plug        NA          NA
sqr.boot 10811.954  0.00063138
sgd.boot  2350.099 -0.00066830
sgd.rs     732.826  0.00078293
sgd.rs1s    46.027  0.00078293

 
14863.195 sec elapsed
Replications :  6 
             Time       Bias
qr        843.928 0.00074506
sqr.plug       NA         NA
sqr.boot 9459.202 0.00066529
sgd.boot 2279.155 0.00225103
sgd.rs    694.542 0.00075444
sgd.rs1s   43.725 0.00075444

 
13356.323 sec elapsed
Replications :  7 
             Time          Bias
qr        895.286 -0.0000243836
sqr.plug       NA            NA
sqr.boot 8893.834  0.0000088458
sgd.boot 2198.763 -0.0057585181
sgd.rs    736.461 -0.0002291498
sgd.rs1s   51.256 -0.0002291498

 
12809.15 sec elapsed
Replications :  8 
             Time        Bias
qr       1119.243 -0.00068221
sqr.plug       NA          NA
sqr.boot 8939.041 -0.00042554
sgd.boot 2354.424 -0.00522341
sgd.rs    742.940 -0.00032956
sgd.rs1s   44.297 -0.00032956

 
13238.749 sec elapsed
Replications :  9 
             Time       Bias
qr        975.979  0.0012928
sqr.plug       NA         NA
sqr.boot 8441.901  0.0012741
sgd.boot 2228.333 -0.0041314
sgd.rs    751.733  0.0012842
sgd.rs1s   55.122  0.0012842

 
12488.672 sec elapsed
Replications :  10 
            Time        Bias
qr       1133.78  0.00020573
sqr.plug      NA          NA
sqr.boot 8950.98  0.00033691
sgd.boot 2389.08  0.00163850
sgd.rs    705.54 -0.00046783
sgd.rs1s   54.05 -0.00046783

 
13273.142 sec elapsed
