------------------------ 
Sample Size =  1000000 
dim of X    =  320 
# of rep    =  10 
------------------------ 
Replications :  1 
             Time        Bias
qr        581.636 -0.00088570
sqr.plug       NA          NA
sqr.boot 4506.502 -0.00081618
sgd.boot 1700.534 -0.00530269
sgd.rs    627.390 -0.00392372
sgd.rs1s   22.991 -0.00392372

 
7464.485 sec elapsed
Replications :  2 
             Time       Bias
qr        689.004 -0.0011473
sqr.plug       NA         NA
sqr.boot 3790.651 -0.0014006
sgd.boot 1686.362 -0.0126044
sgd.rs    637.052 -0.0018688
sgd.rs1s   24.619 -0.0018688

 
6852.748 sec elapsed
Replications :  3 
            Time        Bias
qr        607.89  0.00067707
sqr.plug      NA          NA
sqr.boot 4601.20  0.00081656
sgd.boot 1699.74 -0.00022696
sgd.rs    630.82  0.00018985
sgd.rs1s   23.69  0.00018985

 
7589.125 sec elapsed
Replications :  4 
             Time        Bias
qr        573.869  0.00138911
sqr.plug       NA          NA
sqr.boot 3605.705  0.00124810
sgd.boot 1671.193 -0.00635108
sgd.rs    651.013  0.00050154
sgd.rs1s   20.519  0.00050154

 
6546.565 sec elapsed
Replications :  5 
             Time          Bias
qr        631.113  0.0000629971
sqr.plug       NA            NA
sqr.boot 3584.605 -0.0000011029
sgd.boot 1683.630 -0.0087721672
sgd.rs    651.648  0.0006819215
sgd.rs1s   20.826  0.0006819215

 
6595.176 sec elapsed
Replications :  6 
             Time        Bias
qr        496.417 -0.00184585
sqr.plug       NA          NA
sqr.boot 3867.550 -0.00160894
sgd.boot 1695.233 -0.00900470
sgd.rs    646.299  0.00095135
sgd.rs1s   22.032  0.00095135

 
6751.994 sec elapsed
Replications :  7 
             Time        Bias
qr        653.094 -0.00088822
sqr.plug       NA          NA
sqr.boot 3883.800 -0.00079817
sgd.boot 1703.231 -0.00236061
sgd.rs    662.631 -0.00061335
sgd.rs1s   23.401 -0.00061335

 
6951.826 sec elapsed
Replications :  8 
             Time       Bias
qr        704.568 -0.0018790
sqr.plug       NA         NA
sqr.boot 3991.688 -0.0020617
sgd.boot 1712.093 -0.0030229
sgd.rs    657.550 -0.0019518
sgd.rs1s   23.898 -0.0019518

 
7115.234 sec elapsed
Replications :  9 
             Time        Bias
qr        593.715 -0.00033019
sqr.plug       NA          NA
sqr.boot 4664.701 -0.00036485
sgd.boot 1686.375 -0.00568103
sgd.rs    658.737 -0.00020559
sgd.rs1s   24.991 -0.00020559

 
7655.248 sec elapsed
Replications :  10 
             Time        Bias
qr        577.165  0.00012570
sqr.plug       NA          NA
sqr.boot 3602.165 -0.00028441
sgd.boot 1689.319 -0.00250891
sgd.rs    652.683  0.00134195
sgd.rs1s   22.584  0.00134195

 
6569.147 sec elapsed
