------------------------ 
Sample Size =  1000000 
dim of X    =  320 
# of rep    =  10 
------------------------ 
Replications :  1 
             Time        Bias
qr        685.459 -0.00210778
sqr.plug       NA          NA
sqr.boot 4449.980 -0.00224449
sgd.boot 1710.247 -0.00198961
sgd.rs    693.013 -0.00028389
sgd.rs1s   24.668 -0.00028389

 
7589.097 sec elapsed
Replications :  2 
             Time        Bias
qr        690.312 -0.00163348
sqr.plug       NA          NA
sqr.boot 3998.971 -0.00156303
sgd.boot 1764.697 -0.00965425
sgd.rs    703.127 -0.00069729
sgd.rs1s   22.523 -0.00069729

 
7204.811 sec elapsed
Replications :  3 
             Time        Bias
qr        540.879  0.00025776
sqr.plug       NA          NA
sqr.boot 4005.224  0.00047152
sgd.boot 1767.241 -0.00475805
sgd.rs    660.115 -0.00029900
sgd.rs1s   23.373 -0.00029900

 
7021.754 sec elapsed
Replications :  4 
             Time        Bias
qr        682.653  0.00042458
sqr.plug       NA          NA
sqr.boot 4000.011  0.00023202
sgd.boot 1712.143 -0.00004783
sgd.rs    693.689  0.00119516
sgd.rs1s   23.476  0.00119516

 
7136.554 sec elapsed
Replications :  5 
             Time         Bias
qr        690.185  0.000918750
sqr.plug       NA           NA
sqr.boot 3997.445  0.001193512
sgd.boot 1701.560 -0.009698838
sgd.rs    655.157 -0.000018391
sgd.rs1s   23.205 -0.000018391

 
7092.172 sec elapsed
Replications :  6 
             Time       Bias
qr        623.855 -0.0012696
sqr.plug       NA         NA
sqr.boot 3948.384 -0.0011555
sgd.boot 1745.182 -0.0029550
sgd.rs    657.448 -0.0002790
sgd.rs1s   23.656 -0.0002790

 
7023.064 sec elapsed
Replications :  7 
             Time       Bias
qr        687.710 -0.0011083
sqr.plug       NA         NA
sqr.boot 3944.773 -0.0011704
sgd.boot 1718.629 -0.0102806
sgd.rs    699.062 -0.0011753
sgd.rs1s   23.666 -0.0011753

 
7098.46 sec elapsed
Replications :  8 
            Time       Bias
qr        686.33  0.0012572
sqr.plug      NA         NA
sqr.boot 4020.48  0.0011124
sgd.boot 1797.60 -0.0067853
sgd.rs    714.55 -0.0003173
sgd.rs1s   23.62 -0.0003173

 
7267.216 sec elapsed
Replications :  9 
             Time      Bias
qr        655.945 0.0013921
sqr.plug       NA        NA
sqr.boot 4322.268 0.0013864
sgd.boot 1864.812 0.0050772
sgd.rs    703.329 0.0035018
sgd.rs1s   24.523 0.0035018

 
7596.327 sec elapsed
Replications :  10 
             Time         Bias
qr        660.837  0.000011392
sqr.plug       NA           NA
sqr.boot 4218.752 -0.000094177
sgd.boot 1736.262  0.001786461
sgd.rs    666.602  0.000951934
sgd.rs1s   21.399  0.000951934

 
7328.501 sec elapsed
