------------------------ 
Sample Size =  1000000 
dim of X    =  320 
# of rep    =  10 
------------------------ 
Replications :  1 
             Time       Bias
qr        722.437 -0.0030815
sqr.plug       NA         NA
sqr.boot 5139.750 -0.0031957
sgd.boot 1853.155 -0.0161989
sgd.rs    753.891 -0.0043421
sgd.rs1s   25.642 -0.0043421

 
8520.176 sec elapsed
Replications :  2 
             Time        Bias
qr        570.207  0.00001812
sqr.plug       NA          NA
sqr.boot 4687.080  0.00027515
sgd.boot 1812.672 -0.00534482
sgd.rs    715.056  0.00072639
sgd.rs1s   23.648  0.00072639

 
7833.756 sec elapsed
Replications :  3 
            Time       Bias
qr        616.98 0.00063740
sqr.plug      NA         NA
sqr.boot 4147.62 0.00060929
sgd.boot 1872.83 0.00260067
sgd.rs    733.00 0.00011568
sgd.rs1s   25.09 0.00011568

 
7419.597 sec elapsed
Replications :  4 
             Time       Bias
qr        646.125 -0.0013714
sqr.plug       NA         NA
sqr.boot 4953.550 -0.0014028
sgd.boot 1848.616 -0.0079116
sgd.rs    788.083 -0.0010309
sgd.rs1s   25.398 -0.0010309

 
8286.819 sec elapsed
Replications :  5 
             Time         Bias
qr        716.891  0.000036565
sqr.plug       NA           NA
sqr.boot 4125.118  0.000050070
sgd.boot 1789.371 -0.001168922
sgd.rs    751.136 -0.001052046
sgd.rs1s   24.021 -0.001052046

 
7431.499 sec elapsed
Replications :  6 
             Time        Bias
qr        806.270  0.00043125
sqr.plug       NA          NA
sqr.boot 4454.647  0.00021317
sgd.boot 1842.699  0.00338439
sgd.rs    748.712 -0.00087093
sgd.rs1s   24.037 -0.00087093

 
7900.941 sec elapsed
Replications :  7 
             Time        Bias
qr        777.251  0.00091312
sqr.plug       NA          NA
sqr.boot 4631.963  0.00058207
sgd.boot 1783.980 -0.00097437
sgd.rs    707.607 -0.00039553
sgd.rs1s   23.165 -0.00039553

 
7948.017 sec elapsed
Replications :  8 
             Time        Bias
qr        615.325  0.00250522
sqr.plug       NA          NA
sqr.boot 3681.819  0.00235236
sgd.boot 1660.812 -0.00579629
sgd.rs    636.539 -0.00043419
sgd.rs1s   20.338 -0.00043419

 
6639.004 sec elapsed
Replications :  9 
            Time       Bias
qr        535.71 -0.0023740
sqr.plug      NA         NA
sqr.boot 3658.58 -0.0024635
sgd.boot 1615.52  0.0010954
sgd.rs    635.25 -0.0030906
sgd.rs1s   20.29 -0.0030906

 
6488.908 sec elapsed
Replications :  10 
            Time       Bias
qr        612.63 0.00086380
sqr.plug      NA         NA
sqr.boot 3573.86 0.00096193
sgd.boot 1648.09 0.00360087
sgd.rs    635.38 0.00282435
sgd.rs1s   20.14 0.00282435

 
6513.169 sec elapsed
