------------------------ 
Sample Size =  1000000 
dim of X    =  320 
# of rep    =  10 
------------------------ 
Replications :  1 
             Time        Bias
qr        773.400 -0.00104843
sqr.plug       NA          NA
sqr.boot 5580.676 -0.00136495
sgd.boot 1718.225 -0.00445993
sgd.rs    666.755 -0.00066626
sgd.rs1s   30.974 -0.00066626

 
8799.467 sec elapsed
Replications :  2 
             Time       Bias
qr        777.194  0.0010686
sqr.plug       NA         NA
sqr.boot 4301.919  0.0010873
sgd.boot 1743.561 -0.0013063
sgd.rs    671.843 -0.0012382
sgd.rs1s   28.631 -0.0012382

 
7553.4 sec elapsed
Replications :  3 
             Time        Bias
qr        640.856  0.00086114
sqr.plug       NA          NA
sqr.boot 6633.567  0.00088989
sgd.boot 1735.104 -0.00438441
sgd.rs    708.622  0.00104678
sgd.rs1s   33.648  0.00104678

 
9783.727 sec elapsed
Replications :  4 
             Time        Bias
qr        714.569 -0.00113238
sqr.plug       NA          NA
sqr.boot 3576.413 -0.00130314
sgd.boot 1722.684  0.00217400
sgd.rs    712.828 -0.00076977
sgd.rs1s   29.437 -0.00076977

 
6787.804 sec elapsed
Replications :  5 
             Time        Bias
qr        727.934  0.00116031
sqr.plug       NA          NA
sqr.boot 6249.128  0.00108546
sgd.boot 1712.583 -0.00543871
sgd.rs    679.825 -0.00061467
sgd.rs1s   37.015 -0.00061467

 
9435.991 sec elapsed
Replications :  6 
            Time         Bias
qr        604.62  0.000355152
sqr.plug      NA           NA
sqr.boot 3428.14 -0.000079858
sgd.boot 1710.92 -0.006032123
sgd.rs    660.87  0.001254158
sgd.rs1s   28.23  0.001254158

 
6463.636 sec elapsed
Replications :  7 
             Time        Bias
qr        667.583 -0.00117992
sqr.plug       NA          NA
sqr.boot 4276.256 -0.00086626
sgd.boot 1718.912  0.00016321
sgd.rs    655.618 -0.00161484
sgd.rs1s   25.637 -0.00161484

 
7371.119 sec elapsed
Replications :  8 
             Time      Bias
qr        696.066 0.0021770
sqr.plug       NA        NA
sqr.boot 3483.278 0.0022899
sgd.boot 1745.967 0.0031889
sgd.rs    646.378 0.0013749
sgd.rs1s   27.537 0.0013749

 
6626.826 sec elapsed
Replications :  9 
             Time        Bias
qr        669.804 -0.00140722
sqr.plug       NA          NA
sqr.boot 4099.741 -0.00109152
sgd.boot 1730.763 -0.01000910
sgd.rs    699.380  0.00037034
sgd.rs1s   27.724  0.00037034

 
7255.282 sec elapsed
Replications :  10 
             Time        Bias
qr        696.132 -0.00040610
sqr.plug       NA          NA
sqr.boot 3533.615 -0.00040017
sgd.boot 1709.064 -0.00337353
sgd.rs    696.163  0.00118403
sgd.rs1s   23.429  0.00118403

 
6687.387 sec elapsed
