------------------------ 
Sample Size =  1000000 
dim of X    =  320 
# of rep    =  10 
------------------------ 
Replications :  1 
             Time         Bias
qr        664.230 -0.001807432
sqr.plug       NA           NA
sqr.boot 4888.708 -0.001561234
sgd.boot 1818.861 -0.001288274
sgd.rs    668.135 -0.000027143
sgd.rs1s   27.126 -0.000027143

 
8094.191 sec elapsed
Replications :  2 
             Time         Bias
qr        601.546 -0.000158143
sqr.plug       NA           NA
sqr.boot 4023.964  0.000046694
sgd.boot 1830.544 -0.003503181
sgd.rs    669.897  0.000669912
sgd.rs1s   27.089  0.000669912

 
7180.898 sec elapsed
Replications :  3 
             Time        Bias
qr        607.326  0.00071934
sqr.plug       NA          NA
sqr.boot 4012.070  0.00082398
sgd.boot 1805.168 -0.01078737
sgd.rs    684.979  0.00213582
sgd.rs1s   25.193  0.00213582

 
7161.479 sec elapsed
Replications :  4 
             Time        Bias
qr        668.669  0.00065226
sqr.plug       NA          NA
sqr.boot 3910.082  0.00087002
sgd.boot 1810.706 -0.00141764
sgd.rs    682.264  0.00166643
sgd.rs1s   24.396  0.00166643

 
7122.799 sec elapsed
Replications :  5 
             Time        Bias
qr        678.978  0.00083695
sqr.plug       NA          NA
sqr.boot 3899.565  0.00080769
sgd.boot 1804.496 -0.00624020
sgd.rs    720.807  0.00026621
sgd.rs1s   24.281  0.00026621

 
7156.401 sec elapsed
Replications :  6 
             Time        Bias
qr        694.212  0.00127083
sqr.plug       NA          NA
sqr.boot 4330.694  0.00107625
sgd.boot 1813.017 -0.00389335
sgd.rs    659.774  0.00019793
sgd.rs1s   22.875  0.00019793

 
7546.615 sec elapsed
Replications :  7 
            Time        Bias
qr        672.81 -0.00012794
sqr.plug      NA          NA
sqr.boot 4010.73 -0.00039670
sgd.boot 1834.33 -0.00447720
sgd.rs    682.37 -0.00088942
sgd.rs1s   23.38 -0.00088942

 
7248.897 sec elapsed
Replications :  8 
             Time      Bias
qr        733.155 0.0012523
sqr.plug       NA        NA
sqr.boot 3618.391 0.0014055
sgd.boot 1876.088 0.0029427
sgd.rs    686.442 0.0016529
sgd.rs1s   23.227 0.0016529

 
6962.748 sec elapsed
Replications :  9 
             Time        Bias
qr        656.706  0.00057393
sqr.plug       NA          NA
sqr.boot 3636.085  0.00058336
sgd.boot 1851.302 -0.00108739
sgd.rs    679.838 -0.00016281
sgd.rs1s   21.401 -0.00016281

 
6870.252 sec elapsed
Replications :  10 
             Time      Bias
qr        531.325 0.0014736
sqr.plug       NA        NA
sqr.boot 3361.240 0.0013043
sgd.boot 1770.679 0.0063466
sgd.rs    661.674 0.0038270
sgd.rs1s   20.338 0.0038270

 
6369.987 sec elapsed
