------------------------ 
Sample Size =  1000000 
dim of X    =  320 
# of rep    =  10 
------------------------ 
Replications :  1 
             Time       Bias
qr        649.112 -0.0017006
sqr.plug       NA         NA
sqr.boot 5033.375 -0.0016310
sgd.boot 1855.277 -0.0050057
sgd.rs    664.602 -0.0010457
sgd.rs1s   24.766 -0.0010457

 
8254.513 sec elapsed
Replications :  2 
             Time        Bias
qr        639.296  0.00039530
sqr.plug       NA          NA
sqr.boot 4165.136  0.00047416
sgd.boot 1828.304 -0.00172914
sgd.rs    688.907  0.00016628
sgd.rs1s   24.981  0.00016628

 
7372.965 sec elapsed
Replications :  3 
             Time        Bias
qr        702.839 -0.00069917
sqr.plug       NA          NA
sqr.boot 3798.214 -0.00093919
sgd.boot 1844.780 -0.00424800
sgd.rs    675.418 -0.00039205
sgd.rs1s   24.432 -0.00039205

 
7071.808 sec elapsed
Replications :  4 
             Time        Bias
qr        735.557  0.00081021
sqr.plug       NA          NA
sqr.boot 3963.000  0.00066994
sgd.boot 1843.347 -0.00495668
sgd.rs    671.206 -0.00010889
sgd.rs1s   25.375 -0.00010889

 
7266.51 sec elapsed
Replications :  5 
             Time        Bias
qr        721.913  0.00052883
sqr.plug       NA          NA
sqr.boot 3962.036  0.00036500
sgd.boot 1873.533 -0.00291619
sgd.rs    681.576  0.00198233
sgd.rs1s   24.746  0.00198233

 
7291.361 sec elapsed
Replications :  6 
             Time       Bias
qr        711.112  0.0029706
sqr.plug       NA         NA
sqr.boot 4823.161  0.0028670
sgd.boot 1884.604 -0.0015772
sgd.rs    652.809  0.0040383
sgd.rs1s   24.255  0.0040383

 
8122.994 sec elapsed
Replications :  7 
             Time       Bias
qr        671.775 -0.0022642
sqr.plug       NA         NA
sqr.boot 3757.191 -0.0021302
sgd.boot 1802.715 -0.0012800
sgd.rs    659.341 -0.0019781
sgd.rs1s   20.919 -0.0019781

 
6936.852 sec elapsed
Replications :  8 
             Time       Bias
qr        512.308 0.00219587
sqr.plug       NA         NA
sqr.boot 3928.584 0.00234237
sgd.boot 1778.998 0.00177249
sgd.rs    668.490 0.00038216
sgd.rs1s   21.767 0.00038216

 
6934.148 sec elapsed
Replications :  9 
             Time        Bias
qr        675.523 -0.00022402
sqr.plug       NA          NA
sqr.boot 3667.567 -0.00043539
sgd.boot 1816.628 -0.00694550
sgd.rs    670.713  0.00070422
sgd.rs1s   21.593  0.00070422

 
6876.651 sec elapsed
Replications :  10 
             Time         Bias
qr        596.151  0.000169890
sqr.plug       NA           NA
sqr.boot 3761.641  0.000056992
sgd.boot 1862.216 -0.004273810
sgd.rs    672.301 -0.002301029
sgd.rs1s   22.851 -0.002301029

 
6940.14 sec elapsed
