------------------------ 
Sample Size =  100000 
dim of X    =  10 
# of rep    =  10 
------------------------ 
Replications :  1 
              Time       Bias
qr        0.390823 -0.0061184
sqr.plug  0.063751 -0.0052306
sqr.boot  8.686946 -0.0052306
sgd.boot 16.285292 -0.0077016
sgd.rs1s  0.035122 -0.0080345

 
26.551 sec elapsed
Replications :  2 
              Time       Bias
qr        0.392455 -0.0058909
sqr.plug  0.061486 -0.0062040
sqr.boot  8.638617 -0.0062040
sgd.boot 16.563546 -0.0069054
sgd.rs1s  0.034918 -0.0042909

 
26.796 sec elapsed
Replications :  3 
              Time        Bias
qr        0.543014  0.00046385
sqr.plug  0.062141 -0.00073223
sqr.boot  8.679594 -0.00073223
sgd.boot 16.288087 -0.00136506
sgd.rs1s  0.035646 -0.00087029

 
26.692 sec elapsed
Replications :  4 
              Time      Bias
qr        0.536657 0.0062224
sqr.plug  0.062707 0.0057901
sqr.boot  8.687554 0.0057901
sgd.boot 16.065867 0.0056654
sgd.rs1s  0.034727 0.0063656

 
26.504 sec elapsed
Replications :  5 
              Time      Bias
qr        0.456460 0.0042067
sqr.plug  0.062396 0.0040252
sqr.boot  8.692094 0.0040252
sgd.boot 16.048368 0.0014329
sgd.rs1s  0.033931 0.0048406

 
26.412 sec elapsed
Replications :  6 
              Time        Bias
qr        0.357996  0.00157856
sqr.plug  0.065520  0.00109001
sqr.boot  8.693618  0.00109001
sgd.boot 16.112656 -0.00056953
sgd.rs1s  0.035049  0.00205812

 
26.344 sec elapsed
Replications :  7 
              Time       Bias
qr        0.392135 -0.0065595
sqr.plug  0.061762 -0.0058102
sqr.boot  8.664984 -0.0058102
sgd.boot 16.072411 -0.0036233
sgd.rs1s  0.034223 -0.0029605

 
26.333 sec elapsed
Replications :  8 
              Time        Bias
qr        0.394763 -0.00157437
sqr.plug  0.062166 -0.00181865
sqr.boot  8.659979 -0.00181865
sgd.boot 16.358975 -0.00285454
sgd.rs1s  0.035579  0.00048276

 
26.599 sec elapsed
Replications :  9 
              Time         Bias
qr        0.455331 -0.000016599
sqr.plug  0.062452  0.000034025
sqr.boot  8.736495  0.000034025
sgd.boot 16.200476 -0.000122000
sgd.rs1s  0.035804  0.000296180

 
26.586 sec elapsed
Replications :  10 
              Time       Bias
qr        0.400930 0.00177827
sqr.plug  0.063161 0.00148621
sqr.boot  8.647170 0.00148621
sgd.boot 16.430869 0.00034081
sgd.rs1s  0.037292 0.00027671

 
26.696 sec elapsed
