------------------------ 
Sample Size =  10000000 
dim of X    =  10 
# of rep    =  10 
------------------------ 
Replications :  1 
             Time       Bias
qr         83.535 0.00012140
sqr.plug       NA         NA
sqr.boot 3930.965 0.00015880
sgd.boot 1640.067 0.00015262
sgd.rs     21.576 0.00020850
sgd.rs1s   12.426 0.00020850

 
5701.993 sec elapsed
Replications :  2 
             Time        Bias
qr         79.123 -0.00073232
sqr.plug       NA          NA
sqr.boot 3236.493 -0.00048959
sgd.boot 1643.223 -0.00060790
sgd.rs     21.257 -0.00066617
sgd.rs1s   12.171 -0.00066617

 
5004.142 sec elapsed
Replications :  3 
             Time        Bias
qr         74.997 -0.00027965
sqr.plug       NA          NA
sqr.boot 2898.741 -0.00022455
sgd.boot 1640.972 -0.00026028
sgd.rs     20.401 -0.00016888
sgd.rs1s   11.350 -0.00016888

 
4658.645 sec elapsed
Replications :  4 
             Time        Bias
qr         68.459 -0.00057495
sqr.plug       NA          NA
sqr.boot 2897.440 -0.00060438
sgd.boot 1642.253 -0.00060267
sgd.rs     20.064 -0.00054044
sgd.rs1s   11.041 -0.00054044

 
4651.342 sec elapsed
Replications :  5 
             Time         Bias
qr         69.313 -0.000103088
sqr.plug       NA           NA
sqr.boot 3198.440  0.000043973
sgd.boot 1637.972 -0.000104430
sgd.rs     20.310 -0.000165722
sgd.rs1s   11.011 -0.000165722

 
4948.97 sec elapsed
Replications :  6 
             Time        Bias
qr         65.775 -0.00007967
sqr.plug       NA          NA
sqr.boot 3157.171 -0.00020056
sgd.boot 1638.484 -0.00016988
sgd.rs     21.201 -0.00021103
sgd.rs1s   11.959 -0.00021103

 
4906.299 sec elapsed
Replications :  7 
             Time       Bias
qr         60.479 0.00016022
sqr.plug       NA         NA
sqr.boot 2895.876 0.00021152
sgd.boot 1637.435 0.00031176
sgd.rs     20.590 0.00021956
sgd.rs1s   11.191 0.00021956

 
4637.389 sec elapsed
Replications :  8 
             Time        Bias
qr         67.032 -0.00023958
sqr.plug       NA          NA
sqr.boot 2904.280 -0.00038514
sgd.boot 1638.739 -0.00017617
sgd.rs     20.624 -0.00004333
sgd.rs1s   11.569 -0.00004333

 
4653.943 sec elapsed
Replications :  9 
             Time          Bias
qr         65.844  0.0000700149
sqr.plug       NA            NA
sqr.boot 3181.457 -0.0001062611
sgd.boot 1637.350  0.0000571266
sgd.rs     20.772  0.0000030688
sgd.rs1s   11.526  0.0000030688

 
4928.851 sec elapsed
Replications :  10 
             Time         Bias
qr         73.970 -0.000110296
sqr.plug       NA           NA
sqr.boot 3172.604 -0.000278774
sgd.boot 1639.336 -0.000126951
sgd.rs     20.399 -0.000078937
sgd.rs1s   11.343 -0.000078937

 
4929.6 sec elapsed
