------------------------ 
Sample Size =  10000000 
dim of X    =  10 
# of rep    =  10 
------------------------ 
Replications :  1 
              Time        Bias
qr         57.3294 0.000135539
sqr.plug        NA          NA
sqr.boot 2360.3211 0.000023228
sgd.boot 1602.7685 0.000163810
sgd.rs     16.4509 0.000178180
sgd.rs1s    7.9175 0.000178180

 
4054.486 sec elapsed
Replications :  2 
              Time       Bias
qr         52.1311 0.00049983
sqr.plug        NA         NA
sqr.boot 2286.6699 0.00044372
sgd.boot 1602.4765 0.00046076
sgd.rs     16.5676 0.00047959
sgd.rs1s    7.8501 0.00047959

 
3974.828 sec elapsed
Replications :  3 
              Time       Bias
qr         51.9995 0.00077106
sqr.plug        NA         NA
sqr.boot 2282.0666 0.00053837
sgd.boot 1602.4105 0.00064731
sgd.rs     16.4826 0.00073218
sgd.rs1s    7.7663 0.00073218

 
3969.869 sec elapsed
Replications :  4 
              Time       Bias
qr         52.2212 0.00030857
sqr.plug        NA         NA
sqr.boot 2284.7595 0.00029388
sgd.boot 1602.9005 0.00024326
sgd.rs     16.3041 0.00026894
sgd.rs1s    7.7621 0.00026894

 
3973.122 sec elapsed
Replications :  5 
              Time        Bias
qr         52.4246 -0.00019309
sqr.plug        NA          NA
sqr.boot 2284.8265  0.00007113
sgd.boot 1601.2349 -0.00021049
sgd.rs     16.3267 -0.00012920
sgd.rs1s    7.7896 -0.00012920

 
3971.746 sec elapsed
Replications :  6 
              Time       Bias
qr         50.8869 0.00016776
sqr.plug        NA         NA
sqr.boot 2275.6943 0.00013163
sgd.boot 1599.1020 0.00010838
sgd.rs     16.3543 0.00012506
sgd.rs1s    7.9337 0.00012506

 
3959.139 sec elapsed
Replications :  7 
              Time        Bias
qr         52.0438 -0.00032529
sqr.plug        NA          NA
sqr.boot 2274.6567 -0.00036477
sgd.boot 1602.9522 -0.00044035
sgd.rs     16.3693 -0.00050964
sgd.rs1s    7.8246 -0.00050964

 
3963.004 sec elapsed
Replications :  8 
              Time         Bias
qr         46.6973  0.000103557
sqr.plug        NA           NA
sqr.boot 2273.4348  0.000075403
sgd.boot 1601.3799 -0.000025591
sgd.rs     16.3537  0.000076715
sgd.rs1s    7.8248  0.000076715

 
3954.823 sec elapsed
Replications :  9 
              Time        Bias
qr         48.1322 -0.00035227
sqr.plug        NA          NA
sqr.boot 2305.5858 -0.00027659
sgd.boot 1601.2788 -0.00028493
sgd.rs     16.4325 -0.00023800
sgd.rs1s    7.8505 -0.00023800

 
3988.456 sec elapsed
Replications :  10 
              Time       Bias
qr         46.8790 0.00069907
sqr.plug        NA         NA
sqr.boot 2402.3408 0.00075089
sgd.boot 1603.7911 0.00072831
sgd.rs     16.3831 0.00060598
sgd.rs1s    7.6385 0.00060598

 
4086.411 sec elapsed
