------------------------ 
Sample Size =  10000000 
dim of X    =  10 
# of rep    =  10 
------------------------ 
Replications :  1 
              Time         Bias
qr         52.8960 -0.000157288
sqr.plug        NA           NA
sqr.boot 2456.2377 -0.000093554
sgd.boot 1606.2670 -0.000210359
sgd.rs     16.4996 -0.000200802
sgd.rs1s    7.8051 -0.000200802

 
4149.755 sec elapsed
Replications :  2 
              Time        Bias
qr         51.4500 -0.00025581
sqr.plug        NA          NA
sqr.boot 2283.2444 -0.00022410
sgd.boot 1606.8329 -0.00020965
sgd.rs     16.5911 -0.00019196
sgd.rs1s    7.9595 -0.00019196

 
3975.486 sec elapsed
Replications :  3 
              Time        Bias
qr         44.6275 -0.00028730
sqr.plug        NA          NA
sqr.boot 2282.7981 -0.00028003
sgd.boot 1606.0296 -0.00033967
sgd.rs     16.6733 -0.00040487
sgd.rs1s    7.9308 -0.00040487

 
3967.657 sec elapsed
Replications :  4 
              Time        Bias
qr         49.3979 0.000016023
sqr.plug        NA          NA
sqr.boot 2219.4953 0.000059169
sgd.boot 1607.2776 0.000042035
sgd.rs     16.3607 0.000026343
sgd.rs1s    7.8512 0.000026343

 
3909.583 sec elapsed
Replications :  5 
              Time        Bias
qr         55.1037 -0.00056578
sqr.plug        NA          NA
sqr.boot 2391.1710 -0.00044134
sgd.boot 1602.2094 -0.00056556
sgd.rs     16.3090 -0.00052026
sgd.rs1s    7.6331 -0.00052026

 
4081.71 sec elapsed
Replications :  6 
              Time         Bias
qr         51.0779 -0.000084392
sqr.plug        NA           NA
sqr.boot 2209.2219  0.000032376
sgd.boot 1598.9678 -0.000026635
sgd.rs     16.3162 -0.000021016
sgd.rs1s    7.5747 -0.000021016

 
3892.253 sec elapsed
Replications :  7 
              Time         Bias
qr         46.8687 -0.000027170
sqr.plug        NA           NA
sqr.boot 2214.8906 -0.000075462
sgd.boot 1595.7010  0.000018404
sgd.rs     16.2026 -0.000063431
sgd.rs1s    7.5211 -0.000063431

 
3890.257 sec elapsed
Replications :  8 
              Time       Bias
qr         45.5306 0.00053715
sqr.plug        NA         NA
sqr.boot 2265.8234 0.00059955
sgd.boot 1592.9278 0.00056997
sgd.rs     15.9509 0.00054580
sgd.rs1s    7.4399 0.00054580

 
3936.83 sec elapsed
Replications :  9 
              Time        Bias
qr         45.5855 -0.00040213
sqr.plug        NA          NA
sqr.boot 2195.5342 -0.00037491
sgd.boot 1595.2684 -0.00035855
sgd.rs     16.0757 -0.00028639
sgd.rs1s    7.5394 -0.00028639

 
3869.097 sec elapsed
Replications :  10 
              Time       Bias
qr         51.0518 0.00018406
sqr.plug        NA         NA
sqr.boot 2267.7912 0.00013583
sgd.boot 1588.3809 0.00018354
sgd.rs     16.0462 0.00031465
sgd.rs1s    7.5253 0.00031465

 
3939.932 sec elapsed
