------------------------ 
Sample Size =  10000000 
dim of X    =  10 
# of rep    =  10 
------------------------ 
Replications :  1 
             Time        Bias
qr         77.081 -0.00029742
sqr.plug       NA          NA
sqr.boot 3775.617 -0.00026706
sgd.boot 1676.744 -0.00026502
sgd.rs     22.083 -0.00042112
sgd.rs1s   12.873 -0.00042112

 
5578.212 sec elapsed
Replications :  2 
             Time        Bias
qr         79.087 -0.00032405
sqr.plug       NA          NA
sqr.boot 4120.179 -0.00019253
sgd.boot 1673.895 -0.00033849
sgd.rs     23.122 -0.00027165
sgd.rs1s   13.744 -0.00027165

 
5922.526 sec elapsed
Replications :  3 
             Time        Bias
qr         89.605 -0.00042850
sqr.plug       NA          NA
sqr.boot 3366.443 -0.00017980
sgd.boot 1700.531 -0.00042173
sgd.rs     22.969 -0.00047138
sgd.rs1s   13.563 -0.00047138

 
5205.823 sec elapsed
Replications :  4 
             Time       Bias
qr         81.975 0.00111645
sqr.plug       NA         NA
sqr.boot 3349.328 0.00090781
sgd.boot 1643.613 0.00107493
sgd.rs     21.966 0.00109029
sgd.rs1s   13.414 0.00109029

 
5123.602 sec elapsed
Replications :  5 
             Time       Bias
qr         71.628 0.00038975
sqr.plug       NA         NA
sqr.boot 3326.753 0.00047579
sgd.boot 1643.876 0.00032244
sgd.rs     21.837 0.00030382
sgd.rs1s   11.815 0.00030382

 
5088.704 sec elapsed
Replications :  6 
             Time       Bias
qr         74.280 0.00027287
sqr.plug       NA         NA
sqr.boot 3207.268 0.00036414
sgd.boot 1644.078 0.00031260
sgd.rs     21.144 0.00017668
sgd.rs1s   11.013 0.00017668

 
4970.295 sec elapsed
Replications :  7 
             Time         Bias
qr         70.651  0.000063953
sqr.plug       NA           NA
sqr.boot 3218.269 -0.000045494
sgd.boot 1657.475  0.000015458
sgd.rs     21.478  0.000046566
sgd.rs1s   12.252  0.000046566

 
4992.283 sec elapsed
Replications :  8 
             Time        Bias
qr         70.570 0.000153879
sqr.plug       NA          NA
sqr.boot 3374.200 0.000113278
sgd.boot 1653.767 0.000175779
sgd.rs     21.389 0.000085278
sgd.rs1s   12.255 0.000085278

 
5145.01 sec elapsed
Replications :  9 
             Time       Bias
qr         64.155 0.00015200
sqr.plug       NA         NA
sqr.boot 3227.976 0.00028884
sgd.boot 1646.627 0.00018147
sgd.rs     21.541 0.00030098
sgd.rs1s   11.611 0.00030098

 
4984.43 sec elapsed
Replications :  10 
             Time       Bias
qr         71.912 0.00030049
sqr.plug       NA         NA
sqr.boot 3239.415 0.00031099
sgd.boot 1639.286 0.00038812
sgd.rs     20.719 0.00032407
sgd.rs1s   11.569 0.00032407

 
4995.029 sec elapsed
