------------------------ 
Sample Size =  10000000 
dim of X    =  10 
# of rep    =  10 
------------------------ 
Replications :  1 
             Time       Bias
qr         92.984 0.00045739
sqr.plug       NA         NA
sqr.boot 4075.744 0.00044551
sgd.boot 1644.554 0.00041523
sgd.rs     22.481 0.00053204
sgd.rs1s   12.899 0.00053204

 
5861.768 sec elapsed
Replications :  2 
             Time        Bias
qr         82.259 -0.00024972
sqr.plug       NA          NA
sqr.boot 3982.778 -0.00036000
sgd.boot 1648.449 -0.00019930
sgd.rs     21.671 -0.00028044
sgd.rs1s   12.579 -0.00028044

 
5760.842 sec elapsed
Replications :  3 
             Time       Bias
qr         79.185 0.00019657
sqr.plug       NA         NA
sqr.boot 3329.709 0.00030578
sgd.boot 1649.617 0.00030353
sgd.rs     21.464 0.00021768
sgd.rs1s   11.883 0.00021768

 
5104.801 sec elapsed
Replications :  4 
             Time        Bias
qr         70.508 0.000151504
sqr.plug       NA          NA
sqr.boot 3023.798 0.000195352
sgd.boot 1637.987 0.000215266
sgd.rs     20.809 0.000012242
sgd.rs1s   11.796 0.000012242

 
4777.379 sec elapsed
Replications :  5 
             Time       Bias
qr         67.991 0.00017442
sqr.plug       NA         NA
sqr.boot 3215.300 0.00017202
sgd.boot 1638.707 0.00017274
sgd.rs     21.247 0.00021352
sgd.rs1s   11.830 0.00021352

 
4967.412 sec elapsed
Replications :  6 
             Time         Bias
qr         69.068  0.000079789
sqr.plug       NA           NA
sqr.boot 3221.524  0.000171019
sgd.boot 1639.346  0.000153758
sgd.rs     21.355 -0.000094700
sgd.rs1s   11.675 -0.000094700

 
4974.982 sec elapsed
Replications :  7 
             Time        Bias
qr         71.990 -0.00051835
sqr.plug       NA          NA
sqr.boot 2926.906 -0.00037450
sgd.boot 1644.041 -0.00055531
sgd.rs     20.709 -0.00056378
sgd.rs1s   11.417 -0.00056378

 
4687.457 sec elapsed
Replications :  8 
             Time       Bias
qr         69.015 0.00036322
sqr.plug       NA         NA
sqr.boot 3036.769 0.00031556
sgd.boot 1640.629 0.00038057
sgd.rs     21.182 0.00034209
sgd.rs1s   12.771 0.00034209

 
4792.446 sec elapsed
Replications :  9 
             Time         Bias
qr         71.142 -0.000033084
sqr.plug       NA           NA
sqr.boot 3271.984 -0.000126639
sgd.boot 1633.224 -0.000067277
sgd.rs     21.254 -0.000030653
sgd.rs1s   11.767 -0.000030653

 
5021.849 sec elapsed
Replications :  10 
             Time        Bias
qr         78.519 -0.00017744
sqr.plug       NA          NA
sqr.boot 3224.321 -0.00044124
sgd.boot 1626.261 -0.00019652
sgd.rs     20.743 -0.00044735
sgd.rs1s   11.229 -0.00044735

 
4973.591 sec elapsed
