------------------------ 
Sample Size =  10000000 
dim of X    =  10 
# of rep    =  10 
------------------------ 
Replications :  1 
             Time        Bias
qr         76.781 -0.00077145
sqr.plug       NA          NA
sqr.boot 3824.559 -0.00083386
sgd.boot 1660.720 -0.00078496
sgd.rs     22.070 -0.00067601
sgd.rs1s   12.066 -0.00067601

 
5609.293 sec elapsed
Replications :  2 
             Time          Bias
qr         76.149  0.0000073376
sqr.plug       NA            NA
sqr.boot 3731.709 -0.0000977059
sgd.boot 1668.642 -0.0001492822
sgd.rs     22.546 -0.0001908938
sgd.rs1s   12.100 -0.0001908938

 
5523.395 sec elapsed
Replications :  3 
             Time        Bias
qr         71.088 -0.00068095
sqr.plug       NA          NA
sqr.boot 3240.690 -0.00072432
sgd.boot 1647.884 -0.00073758
sgd.rs     21.693 -0.00080677
sgd.rs1s   11.766 -0.00080677

 
5005.663 sec elapsed
Replications :  4 
             Time         Bias
qr         67.432 -0.000194356
sqr.plug       NA           NA
sqr.boot 3197.703  0.000035079
sgd.boot 1646.342 -0.000180487
sgd.rs     22.220 -0.000216878
sgd.rs1s   12.158 -0.000216878

 
4957.672 sec elapsed
Replications :  5 
             Time         Bias
qr         77.014 -0.000032404
sqr.plug       NA           NA
sqr.boot 3180.940 -0.000121801
sgd.boot 1652.021 -0.000105785
sgd.rs     21.622 -0.000038012
sgd.rs1s   11.762 -0.000038012

 
4955.126 sec elapsed
Replications :  6 
             Time        Bias
qr         87.539 -0.00039754
sqr.plug       NA          NA
sqr.boot 3275.164 -0.00049942
sgd.boot 1656.231 -0.00048227
sgd.rs     22.370 -0.00043282
sgd.rs1s   12.265 -0.00043282

 
5065.712 sec elapsed
Replications :  7 
             Time       Bias
qr         77.448 0.00021174
sqr.plug       NA         NA
sqr.boot 3388.754 0.00029921
sgd.boot 1660.506 0.00024676
sgd.rs     22.354 0.00027179
sgd.rs1s   12.308 0.00027179

 
5173.783 sec elapsed
Replications :  8 
             Time        Bias
qr         71.900 -0.00019328
sqr.plug       NA          NA
sqr.boot 3373.800 -0.00028340
sgd.boot 1656.151 -0.00027731
sgd.rs     22.721 -0.00024233
sgd.rs1s   12.266 -0.00024233

 
5149.17 sec elapsed
Replications :  9 
             Time       Bias
qr         79.091 0.00028449
sqr.plug       NA         NA
sqr.boot 3388.053 0.00028204
sgd.boot 1667.101 0.00027527
sgd.rs     22.417 0.00039247
sgd.rs1s   12.478 0.00039247

 
5181.506 sec elapsed
Replications :  10 
             Time       Bias
qr         73.113 0.00071523
sqr.plug       NA         NA
sqr.boot 3377.356 0.00046606
sgd.boot 1654.141 0.00075939
sgd.rs     21.959 0.00079292
sgd.rs1s   12.168 0.00079292

 
5150.721 sec elapsed
