------------------------ 
Sample Size =  10000000 
dim of X    =  10 
# of rep    =  10 
------------------------ 
Replications :  1 
             Time        Bias
qr         76.483 -0.00042076
sqr.plug       NA          NA
sqr.boot 3813.574 -0.00020008
sgd.boot 1647.598 -0.00032847
sgd.rs     20.751 -0.00045266
sgd.rs1s   11.855 -0.00045266

 
5583.563 sec elapsed
Replications :  2 
             Time       Bias
qr         68.499 0.00041309
sqr.plug       NA         NA
sqr.boot 3060.720 0.00029084
sgd.boot 1646.362 0.00045330
sgd.rs     20.970 0.00029996
sgd.rs1s   11.794 0.00029996

 
4820.272 sec elapsed
Replications :  3 
             Time       Bias
qr         73.594 0.00026680
sqr.plug       NA         NA
sqr.boot 3614.016 0.00014648
sgd.boot 1653.938 0.00030274
sgd.rs     20.844 0.00030836
sgd.rs1s   11.488 0.00030836

 
5386.166 sec elapsed
Replications :  4 
             Time        Bias
qr         65.934 -0.00041505
sqr.plug       NA          NA
sqr.boot 2992.268 -0.00034701
sgd.boot 1652.692 -0.00034949
sgd.rs     20.756 -0.00040202
sgd.rs1s   11.640 -0.00040202

 
4755.35 sec elapsed
Replications :  5 
             Time       Bias
qr         61.848 0.00039555
sqr.plug       NA         NA
sqr.boot 3010.204 0.00027084
sgd.boot 1654.858 0.00043047
sgd.rs     20.664 0.00036085
sgd.rs1s   11.209 0.00036085

 
4770.798 sec elapsed
Replications :  6 
             Time        Bias
qr         75.050 -0.00041083
sqr.plug       NA          NA
sqr.boot 3151.136 -0.00015068
sgd.boot 1655.496 -0.00039946
sgd.rs     21.525 -0.00031894
sgd.rs1s   11.999 -0.00031894

 
4927.067 sec elapsed
Replications :  7 
             Time         Bias
qr         78.527 -0.000123566
sqr.plug       NA           NA
sqr.boot 3040.827 -0.000406941
sgd.boot 1652.596 -0.000083331
sgd.rs     21.744 -0.000272471
sgd.rs1s   12.297 -0.000272471

 
4818.24 sec elapsed
Replications :  8 
             Time        Bias
qr         69.086 -0.00058077
sqr.plug       NA          NA
sqr.boot 3161.028 -0.00052336
sgd.boot 1652.217 -0.00057439
sgd.rs     21.122 -0.00059726
sgd.rs1s   12.286 -0.00059726

 
4927.804 sec elapsed
Replications :  9 
             Time        Bias
qr         80.462 -0.00047234
sqr.plug       NA          NA
sqr.boot 2875.213 -0.00036436
sgd.boot 1661.767 -0.00046683
sgd.rs     19.926 -0.00036649
sgd.rs1s   10.501 -0.00036649

 
4660.048 sec elapsed
Replications :  10 
              Time        Bias
qr         66.0400 0.000076043
sqr.plug        NA          NA
sqr.boot 2861.2540 0.000040555
sgd.boot 1635.6488 0.000131408
sgd.rs     19.0548 0.000064506
sgd.rs1s    8.1636 0.000064506

 
4601.777 sec elapsed
