------------------------ 
Sample Size =  10000000 
dim of X    =  10 
# of rep    =  10 
------------------------ 
Replications :  1 
             Time        Bias
qr         85.690 -0.00071758
sqr.plug       NA          NA
sqr.boot 4260.196 -0.00049346
sgd.boot 1699.583 -0.00071298
sgd.rs     22.330 -0.00071936
sgd.rs1s   12.787 -0.00071936

 
6094.665 sec elapsed
Replications :  2 
             Time         Bias
qr        103.256 -0.000226396
sqr.plug       NA           NA
sqr.boot 3473.216 -0.000093424
sgd.boot 1705.071 -0.000130770
sgd.rs     22.203 -0.000090639
sgd.rs1s   12.551 -0.000090639

 
5328.902 sec elapsed
Replications :  3 
             Time        Bias
qr         83.552 -0.00049534
sqr.plug       NA          NA
sqr.boot 3654.534 -0.00041613
sgd.boot 1721.896 -0.00045166
sgd.rs     22.968 -0.00040942
sgd.rs1s   13.042 -0.00040942

 
5509.057 sec elapsed
Replications :  4 
             Time       Bias
qr         94.751 0.00098248
sqr.plug       NA         NA
sqr.boot 3577.689 0.00085727
sgd.boot 1666.666 0.00096041
sgd.rs     21.670 0.00077570
sgd.rs1s   11.949 0.00077570

 
5385.515 sec elapsed
Replications :  5 
             Time        Bias
qr         72.410 -0.00026897
sqr.plug       NA          NA
sqr.boot 3228.639 -0.00027873
sgd.boot 1670.188 -0.00027385
sgd.rs     21.620 -0.00023693
sgd.rs1s   12.026 -0.00023693

 
5017.191 sec elapsed
Replications :  6 
             Time        Bias
qr         76.965 -0.00039822
sqr.plug       NA          NA
sqr.boot 3198.542 -0.00047354
sgd.boot 1674.538 -0.00045472
sgd.rs     21.430 -0.00050320
sgd.rs1s   11.985 -0.00050320

 
4996.206 sec elapsed
Replications :  7 
             Time        Bias
qr         77.953 -0.00024927
sqr.plug       NA          NA
sqr.boot 3247.250 -0.00013298
sgd.boot 1673.829 -0.00024957
sgd.rs     21.053 -0.00019618
sgd.rs1s   11.740 -0.00019618

 
5044.203 sec elapsed
Replications :  8 
             Time       Bias
qr         80.740 0.00040360
sqr.plug       NA         NA
sqr.boot 3222.372 0.00050134
sgd.boot 1665.990 0.00038745
sgd.rs     21.679 0.00051319
sgd.rs1s   12.115 0.00051319

 
5015.451 sec elapsed
Replications :  9 
             Time       Bias
qr         71.787 0.00028537
sqr.plug       NA         NA
sqr.boot 3211.603 0.00024820
sgd.boot 1669.729 0.00036983
sgd.rs     22.233 0.00028538
sgd.rs1s   12.256 0.00028538

 
4999.638 sec elapsed
Replications :  10 
             Time        Bias
qr         72.394 -0.00034789
sqr.plug       NA          NA
sqr.boot 3217.894 -0.00043853
sgd.boot 1659.334 -0.00031321
sgd.rs     20.495 -0.00045415
sgd.rs1s   11.329 -0.00045415

 
4993.735 sec elapsed
