------------------------ 
Sample Size =  10000000 
dim of X    =  10 
# of rep    =  10 
------------------------ 
Replications :  1 
             Time         Bias
qr         94.430  0.000046060
sqr.plug       NA           NA
sqr.boot 3966.211 -0.000149580
sgd.boot 1660.628  0.000057211
sgd.rs     22.767  0.000097821
sgd.rs1s   12.489  0.000097821

 
5770.461 sec elapsed
Replications :  2 
             Time         Bias
qr         80.170 -0.000204729
sqr.plug       NA           NA
sqr.boot 3496.106 -0.000137778
sgd.boot 1657.424 -0.000092256
sgd.rs     21.830 -0.000068278
sgd.rs1s   11.984 -0.000068278

 
5279.911 sec elapsed
Replications :  3 
             Time         Bias
qr         64.812 -0.000136006
sqr.plug       NA           NA
sqr.boot 2899.078 -0.000119552
sgd.boot 1672.429 -0.000126789
sgd.rs     21.096 -0.000056714
sgd.rs1s   11.621 -0.000056714

 
4681.048 sec elapsed
Replications :  4 
             Time       Bias
qr         70.292 0.00031690
sqr.plug       NA         NA
sqr.boot 3083.086 0.00012905
sgd.boot 1681.498 0.00029349
sgd.rs     22.169 0.00023741
sgd.rs1s   12.269 0.00023741

 
4881.281 sec elapsed
Replications :  5 
             Time         Bias
qr         71.929 -0.000023315
sqr.plug       NA           NA
sqr.boot 3403.328 -0.000228923
sgd.boot 1675.012 -0.000148161
sgd.rs     21.993 -0.000170081
sgd.rs1s   11.859 -0.000170081

 
5196.541 sec elapsed
Replications :  6 
             Time        Bias
qr         75.457 0.000172214
sqr.plug       NA          NA
sqr.boot 3079.581 0.000068615
sgd.boot 1687.895 0.000156428
sgd.rs     22.081 0.000079156
sgd.rs1s   12.158 0.000079156

 
4889.231 sec elapsed
Replications :  7 
             Time       Bias
qr         77.539 0.00063334
sqr.plug       NA         NA
sqr.boot 3377.876 0.00064297
sgd.boot 1683.671 0.00055292
sgd.rs     22.228 0.00054960
sgd.rs1s   12.261 0.00054960

 
5186.097 sec elapsed
Replications :  8 
             Time        Bias
qr         76.742 0.000376375
sqr.plug       NA          NA
sqr.boot 3392.967 0.000092085
sgd.boot 1679.033 0.000375030
sgd.rs     22.016 0.000406530
sgd.rs1s   11.891 0.000406530

 
5195.029 sec elapsed
Replications :  9 
             Time        Bias
qr         75.277 -0.00029021
sqr.plug       NA          NA
sqr.boot 3377.668 -0.00022820
sgd.boot 1688.027 -0.00034136
sgd.rs     22.277 -0.00042478
sgd.rs1s   12.347 -0.00042478

 
5187.846 sec elapsed
Replications :  10 
             Time          Bias
qr         72.453 -0.0000649102
sqr.plug       NA            NA
sqr.boot 3414.808 -0.0001002769
sgd.boot 1678.235  0.0000020707
sgd.rs     22.354 -0.0001482840
sgd.rs1s   12.405 -0.0001482840

 
5212.661 sec elapsed
