------------------------ 
Sample Size =  10000000 
dim of X    =  10 
# of rep    =  10 
------------------------ 
Replications :  1 
              Time       Bias
qr         60.0877 0.00020872
sqr.plug        NA         NA
sqr.boot 2465.5864 0.00020112
sgd.boot 1605.8214 0.00020941
sgd.rs     16.4895 0.00029311
sgd.rs1s    7.7881 0.00029311

 
4165.749 sec elapsed
Replications :  2 
             Time         Bias
qr         47.876 -0.000192202
sqr.plug       NA           NA
sqr.boot 2334.142 -0.000097495
sgd.boot 1599.266 -0.000218150
sgd.rs     16.495 -0.000158167
sgd.rs1s    7.954 -0.000158167

 
4015.099 sec elapsed
Replications :  3 
              Time         Bias
qr         52.4563  0.000038968
sqr.plug        NA           NA
sqr.boot 2265.1831 -0.000028435
sgd.boot 1597.2152 -0.000011982
sgd.rs     16.5400  0.000056346
sgd.rs1s    7.8645  0.000056346

 
3948.421 sec elapsed
Replications :  4 
              Time       Bias
qr         47.8393 0.00089837
sqr.plug        NA         NA
sqr.boot 2258.8480 0.00076935
sgd.boot 1602.6733 0.00093504
sgd.rs     16.4836 0.00091372
sgd.rs1s    7.5895 0.00091372

 
3942.565 sec elapsed
Replications :  5 
              Time        Bias
qr         47.9714 0.000012516
sqr.plug        NA          NA
sqr.boot 2275.2166 0.000049706
sgd.boot 1590.6658 0.000021994
sgd.rs     16.2918 0.000247003
sgd.rs1s    7.7583 0.000247003

 
3947.042 sec elapsed
Replications :  6 
             Time       Bias
qr         50.140 0.00066706
sqr.plug       NA         NA
sqr.boot 2276.809 0.00073533
sgd.boot 1588.522 0.00073847
sgd.rs     16.076 0.00090554
sgd.rs1s    7.535 0.00090554

 
3948.416 sec elapsed
Replications :  7 
              Time       Bias
qr         46.0173 0.00037068
sqr.plug        NA         NA
sqr.boot 2201.7853 0.00034001
sgd.boot 1596.5789 0.00029820
sgd.rs     16.0318 0.00020175
sgd.rs1s    7.5029 0.00020175

 
3876.999 sec elapsed
Replications :  8 
              Time         Bias
qr         47.0626 -0.000113888
sqr.plug        NA           NA
sqr.boot 2283.6012  0.000075827
sgd.boot 1594.6749 -0.000117142
sgd.rs     16.1636 -0.000099931
sgd.rs1s    7.6351 -0.000099931

 
3958.319 sec elapsed
Replications :  9 
             Time        Bias
qr         52.029 -0.00020712
sqr.plug       NA          NA
sqr.boot 2299.874 -0.00030312
sgd.boot 1607.865 -0.00026583
sgd.rs     16.116 -0.00030072
sgd.rs1s    7.580 -0.00030072

 
3992.727 sec elapsed
Replications :  10 
              Time       Bias
qr         47.2188 0.00011737
sqr.plug        NA         NA
sqr.boot 2298.5193 0.00029995
sgd.boot 1597.4475 0.00027359
sgd.rs     16.1526 0.00025726
sgd.rs1s    7.6084 0.00025726

 
3976.107 sec elapsed
