------------------------ 
Sample Size =  10000000 
dim of X    =  10 
# of rep    =  10 
------------------------ 
Replications :  1 
             Time        Bias
qr         81.478 -0.00053983
sqr.plug       NA          NA
sqr.boot 3406.779 -0.00033217
sgd.boot 1643.155 -0.00055662
sgd.rs     20.711 -0.00051785
sgd.rs1s   11.755 -0.00051785

 
5176.854 sec elapsed
Replications :  2 
             Time       Bias
qr         66.721 0.00054190
sqr.plug       NA         NA
sqr.boot 3054.821 0.00031117
sgd.boot 1637.361 0.00055216
sgd.rs     20.479 0.00058605
sgd.rs1s   11.400 0.00058605

 
4802.2 sec elapsed
Replications :  3 
             Time        Bias
qr         71.105 -0.00049193
sqr.plug       NA          NA
sqr.boot 3102.589 -0.00038606
sgd.boot 1646.036 -0.00057987
sgd.rs     21.029 -0.00049755
sgd.rs1s   11.890 -0.00049755

 
4864.428 sec elapsed
Replications :  4 
             Time        Bias
qr         65.960 -0.00030028
sqr.plug       NA          NA
sqr.boot 3133.593 -0.00025981
sgd.boot 1644.153 -0.00024425
sgd.rs     20.637 -0.00041844
sgd.rs1s   11.570 -0.00041844

 
4887.925 sec elapsed
Replications :  5 
             Time        Bias
qr         71.222 -0.00066844
sqr.plug       NA          NA
sqr.boot 3035.160 -0.00052589
sgd.boot 1642.055 -0.00075556
sgd.rs     21.053 -0.00068328
sgd.rs1s   11.962 -0.00068328

 
4793.248 sec elapsed
Replications :  6 
             Time       Bias
qr         76.016 0.00014247
sqr.plug       NA         NA
sqr.boot 3157.143 0.00028331
sgd.boot 1644.525 0.00012969
sgd.rs     20.439 0.00012880
sgd.rs1s   11.174 0.00012880

 
4921.441 sec elapsed
Replications :  7 
             Time          Bias
qr         66.470 -0.0001622567
sqr.plug       NA            NA
sqr.boot 3085.579 -0.0000027983
sgd.boot 1638.618 -0.0001668349
sgd.rs     20.469 -0.0002550340
sgd.rs1s   11.373 -0.0002550340

 
4833.913 sec elapsed
Replications :  8 
             Time        Bias
qr         68.913 -0.00011796
sqr.plug       NA          NA
sqr.boot 3175.295 -0.00021651
sgd.boot 1639.918 -0.00015210
sgd.rs     19.607 -0.00016463
sgd.rs1s   10.570 -0.00016463

 
4926.417 sec elapsed
Replications :  9 
             Time         Bias
qr         63.448 -0.000128645
sqr.plug       NA           NA
sqr.boot 3147.486 -0.000140067
sgd.boot 1641.254 -0.000027386
sgd.rs     20.180 -0.000215392
sgd.rs1s   11.314 -0.000215392

 
4895.184 sec elapsed
Replications :  10 
             Time       Bias
qr         65.810 0.00066171
sqr.plug       NA         NA
sqr.boot 3090.821 0.00066992
sgd.boot 1638.965 0.00063711
sgd.rs     18.800 0.00069767
sgd.rs1s   10.106 0.00069767

 
4835.556 sec elapsed
