------------------------ 
Sample Size =  10000000 
dim of X    =  10 
# of rep    =  10 
------------------------ 
Replications :  1 
             Time       Bias
qr         83.851 0.00054939
sqr.plug       NA         NA
sqr.boot 3990.082 0.00054617
sgd.boot 1641.314 0.00050752
sgd.rs     21.970 0.00054725
sgd.rs1s   12.116 0.00054725

 
5763.088 sec elapsed
Replications :  2 
             Time        Bias
qr         74.373 0.000075796
sqr.plug       NA          NA
sqr.boot 3281.364 0.000126861
sgd.boot 1642.643 0.000116196
sgd.rs     22.026 0.000045069
sgd.rs1s   11.975 0.000045069

 
5045.35 sec elapsed
Replications :  3 
             Time        Bias
qr         71.742 -0.00015666
sqr.plug       NA          NA
sqr.boot 3292.590 -0.00011614
sgd.boot 1643.363 -0.00024772
sgd.rs     22.251 -0.00014815
sgd.rs1s   12.564 -0.00014815

 
5055.606 sec elapsed
Replications :  4 
             Time       Bias
qr         72.779 0.00014269
sqr.plug       NA         NA
sqr.boot 3261.252 0.00027273
sgd.boot 1644.067 0.00015360
sgd.rs     22.458 0.00024935
sgd.rs1s   13.337 0.00024935

 
5026.395 sec elapsed
Replications :  5 
             Time        Bias
qr         73.684 -0.00029326
sqr.plug       NA          NA
sqr.boot 3993.915 -0.00037317
sgd.boot 1650.957 -0.00025150
sgd.rs     22.292 -0.00022245
sgd.rs1s   12.967 -0.00022245

 
5766.715 sec elapsed
Replications :  6 
             Time       Bias
qr         73.433 0.00068090
sqr.plug       NA         NA
sqr.boot 3303.380 0.00053033
sgd.boot 1653.513 0.00070524
sgd.rs     21.628 0.00062011
sgd.rs1s   12.274 0.00062011

 
5077.337 sec elapsed
Replications :  7 
             Time          Bias
qr         83.333 -0.0000433314
sqr.plug       NA            NA
sqr.boot 3213.724 -0.0001039091
sgd.boot 1651.313  0.0000072647
sgd.rs     21.529  0.0000270436
sgd.rs1s   11.797  0.0000270436

 
4994.887 sec elapsed
Replications :  8 
             Time         Bias
qr         74.937 -0.000198633
sqr.plug       NA           NA
sqr.boot 3183.306 -0.000021403
sgd.boot 1648.716 -0.000181115
sgd.rs     21.771 -0.000012445
sgd.rs1s   12.220 -0.000012445

 
4953.275 sec elapsed
Replications :  9 
             Time       Bias
qr         70.129 0.00024506
sqr.plug       NA         NA
sqr.boot 3198.097 0.00021513
sgd.boot 1646.448 0.00026880
sgd.rs     21.686 0.00023127
sgd.rs1s   11.883 0.00023127

 
4960.835 sec elapsed
Replications :  10 
             Time       Bias
qr         62.379 0.00057263
sqr.plug       NA         NA
sqr.boot 3086.746 0.00049525
sgd.boot 1618.049 0.00055790
sgd.rs     20.077 0.00051762
sgd.rs1s   10.757 0.00051762

 
4809.966 sec elapsed
