------------------------ 
Sample Size =  10000000 
dim of X    =  10 
# of rep    =  10 
------------------------ 
Replications :  1 
             Time         Bias
qr         91.523 -0.000015533
sqr.plug       NA           NA
sqr.boot 4268.731 -0.000033509
sgd.boot 1680.340 -0.000083930
sgd.rs     22.329 -0.000033410
sgd.rs1s   12.742 -0.000033410

 
6090.034 sec elapsed
Replications :  2 
             Time        Bias
qr         92.242 -0.00055554
sqr.plug       NA          NA
sqr.boot 3490.464 -0.00049209
sgd.boot 1684.517 -0.00051198
sgd.rs     22.522 -0.00058620
sgd.rs1s   13.977 -0.00058620

 
5316.456 sec elapsed
Replications :  3 
             Time       Bias
qr         84.779 0.00050442
sqr.plug       NA         NA
sqr.boot 3372.265 0.00036874
sgd.boot 1705.544 0.00051525
sgd.rs     22.955 0.00056845
sgd.rs1s   13.486 0.00056845

 
5212.366 sec elapsed
Replications :  4 
             Time       Bias
qr         81.615 0.00049411
sqr.plug       NA         NA
sqr.boot 3366.378 0.00048465
sgd.boot 1654.518 0.00046390
sgd.rs     21.752 0.00040313
sgd.rs1s   12.221 0.00040313

 
5149.374 sec elapsed
Replications :  5 
             Time       Bias
qr         72.742 0.00053857
sqr.plug       NA         NA
sqr.boot 3250.936 0.00059367
sgd.boot 1649.426 0.00058351
sgd.rs     22.242 0.00053560
sgd.rs1s   11.759 0.00053560

 
5019.388 sec elapsed
Replications :  6 
             Time          Bias
qr         78.761 -0.0000090259
sqr.plug       NA            NA
sqr.boot 2945.508 -0.0000863651
sgd.boot 1655.110 -0.0000047952
sgd.rs     21.350 -0.0000355392
sgd.rs1s   11.771 -0.0000355392

 
4725.006 sec elapsed
Replications :  7 
             Time        Bias
qr         77.481 -0.00085436
sqr.plug       NA          NA
sqr.boot 3238.104 -0.00079577
sgd.boot 1653.440 -0.00093946
sgd.rs     21.868 -0.00086190
sgd.rs1s   12.751 -0.00086190

 
5015.438 sec elapsed
Replications :  8 
             Time        Bias
qr         72.212 0.000114128
sqr.plug       NA          NA
sqr.boot 2948.489 0.000147283
sgd.boot 1662.334 0.000091851
sgd.rs     21.164 0.000092347
sgd.rs1s   12.259 0.000092347

 
4728.783 sec elapsed
Replications :  9 
             Time        Bias
qr         71.363 -0.00030500
sqr.plug       NA          NA
sqr.boot 3237.310 -0.00023215
sgd.boot 1658.318 -0.00040646
sgd.rs     21.674 -0.00026183
sgd.rs1s   11.941 -0.00026183

 
5013.094 sec elapsed
Replications :  10 
             Time       Bias
qr         70.290 0.00063997
sqr.plug       NA         NA
sqr.boot 2955.547 0.00047017
sgd.boot 1659.490 0.00060719
sgd.rs     21.170 0.00055959
sgd.rs1s   11.742 0.00055959

 
4730.16 sec elapsed
