------------------------ 
Sample Size =  10000000 
dim of X    =  10 
# of rep    =  10 
------------------------ 
Replications :  1 
              Time       Bias
qr         52.7894 0.00069237
sqr.plug        NA         NA
sqr.boot 2451.9655 0.00073164
sgd.boot 1618.5553 0.00074887
sgd.rs     16.4705 0.00070239
sgd.rs1s    7.8104 0.00070239

 
4157.7 sec elapsed
Replications :  2 
              Time        Bias
qr         48.5130 0.000026995
sqr.plug        NA          NA
sqr.boot 2291.0050 0.000074578
sgd.boot 1619.4478 0.000066742
sgd.rs     16.5251 0.000133460
sgd.rs1s    7.7577 0.000133460

 
3992.548 sec elapsed
Replications :  3 
              Time       Bias
qr         48.4522 0.00015370
sqr.plug        NA         NA
sqr.boot 2268.8190 0.00015367
sgd.boot 1597.2076 0.00018197
sgd.rs     16.0984 0.00018158
sgd.rs1s    7.5294 0.00018158

 
3947.311 sec elapsed
Replications :  4 
              Time       Bias
qr         47.3320 0.00033032
sqr.plug        NA         NA
sqr.boot 2191.9840 0.00039484
sgd.boot 1600.9962 0.00034187
sgd.rs     16.0816 0.00042523
sgd.rs1s    7.5302 0.00042523

 
3873.001 sec elapsed
Replications :  5 
              Time       Bias
qr         53.2025 0.00045554
sqr.plug        NA         NA
sqr.boot 2261.6341 0.00050470
sgd.boot 1593.1747 0.00058386
sgd.rs     16.0773 0.00053130
sgd.rs1s    7.5562 0.00053130

 
3940.786 sec elapsed
Replications :  6 
             Time        Bias
qr         46.157 -0.00047081
sqr.plug       NA          NA
sqr.boot 2192.834 -0.00039606
sgd.boot 1598.525 -0.00053555
sgd.rs     16.087 -0.00053234
sgd.rs1s    7.583 -0.00053234

 
3870.285 sec elapsed
Replications :  7 
              Time         Bias
qr         48.2564 -0.000232007
sqr.plug        NA           NA
sqr.boot 2191.9476 -0.000136838
sgd.boot 1595.7825 -0.000283404
sgd.rs     16.1643 -0.000037067
sgd.rs1s    7.6188 -0.000037067

 
3868.903 sec elapsed
Replications :  8 
              Time       Bias
qr         49.2059 0.00070142
sqr.plug        NA         NA
sqr.boot 2262.2097 0.00071255
sgd.boot 1591.3613 0.00081444
sgd.rs     16.0793 0.00076962
sgd.rs1s    7.6488 0.00076962

 
3935.708 sec elapsed
Replications :  9 
              Time       Bias
qr         46.3695 0.00035518
sqr.plug        NA         NA
sqr.boot 2194.2057 0.00040078
sgd.boot 1590.7039 0.00043139
sgd.rs     16.0891 0.00034312
sgd.rs1s    7.5747 0.00034312

 
3864.035 sec elapsed
Replications :  10 
              Time         Bias
qr         49.5351 -0.000103427
sqr.plug        NA           NA
sqr.boot 2193.2216 -0.000028869
sgd.boot 1589.6840 -0.000088961
sgd.rs     16.0595  0.000011929
sgd.rs1s    7.5465  0.000011929

 
3865.131 sec elapsed
