------------------------ 
Sample Size =  10000000 
dim of X    =  80 
# of rep    =  10 
------------------------ 
Replications :  1 
              Time        Bias
qr         437.026 -0.00079915
sqr.plug        NA          NA
sqr.boot 11943.850 -0.00071577
sgd.boot  5298.935 -0.00089941
sgd.rs     329.216 -0.00078264
sgd.rs1s    63.861 -0.00078264

 
18133.676 sec elapsed
Replications :  2 
              Time       Bias
qr         436.840 0.00094567
sqr.plug        NA         NA
sqr.boot 11899.186 0.00094787
sgd.boot  4497.725 0.00097669
sgd.rs     323.167 0.00085587
sgd.rs1s    62.003 0.00085587

 
17280.461 sec elapsed
Replications :  3 
              Time         Bias
qr         424.204 -0.000122011
sqr.plug        NA           NA
sqr.boot 13589.154 -0.000148209
sgd.boot  4544.072 -0.000087056
sgd.rs     330.501 -0.000081294
sgd.rs1s    61.765 -0.000081294

 
19014.668 sec elapsed
Replications :  4 
              Time        Bias
qr         435.530 -0.00072215
sqr.plug        NA          NA
sqr.boot 12943.296 -0.00075458
sgd.boot  4513.729 -0.00072697
sgd.rs     325.563 -0.00076440
sgd.rs1s    61.534 -0.00076440

 
18341.541 sec elapsed
Replications :  5 
              Time         Bias
qr         422.597 -0.000033499
sqr.plug        NA           NA
sqr.boot 12258.650  0.000021539
sgd.boot  4503.243 -0.000056295
sgd.rs     322.195  0.000155730
sgd.rs1s    65.585  0.000155730

 
17633.599 sec elapsed
Replications :  6 
              Time         Bias
qr         421.667  0.000022644
sqr.plug        NA           NA
sqr.boot 12114.103  0.000039441
sgd.boot  4516.769 -0.000141315
sgd.rs     323.289  0.000014275
sgd.rs1s    58.546  0.000014275

 
17495.968 sec elapsed
Replications :  7 
              Time       Bias
qr         424.382 0.00033793
sqr.plug        NA         NA
sqr.boot 12238.857 0.00034500
sgd.boot  4506.686 0.00027952
sgd.rs     324.149 0.00027508
sgd.rs1s    60.368 0.00027508

 
17615.81 sec elapsed
Replications :  8 
              Time       Bias
qr         432.412 0.00012983
sqr.plug        NA         NA
sqr.boot 12189.808 0.00023921
sgd.boot  4509.107 0.00020546
sgd.rs     324.594 0.00027430
sgd.rs1s    61.883 0.00027430

 
17578.862 sec elapsed
Replications :  9 
              Time        Bias
qr         435.292 -0.00067770
sqr.plug        NA          NA
sqr.boot 12481.753 -0.00067098
sgd.boot  4543.942 -0.00061054
sgd.rs     346.253 -0.00070055
sgd.rs1s    67.309 -0.00070055

 
17938.667 sec elapsed
Replications :  10 
              Time        Bias
qr         438.321 -0.00033636
sqr.plug        NA          NA
sqr.boot 14204.472 -0.00044678
sgd.boot  4670.734 -0.00045614
sgd.rs     349.047 -0.00042091
sgd.rs1s    64.382 -0.00042091

 
19789.757 sec elapsed
