------------------------ 
Sample Size =  10000000 
dim of X    =  80 
# of rep    =  10 
------------------------ 
Replications :  1 
              Time        Bias
qr         451.618 0.000172377
sqr.plug        NA          NA
sqr.boot 12268.292 0.000223437
sgd.boot  5278.012 0.000087512
sgd.rs     335.779 0.000178511
sgd.rs1s    61.784 0.000178511

 
18457.592 sec elapsed
Replications :  2 
              Time       Bias
qr         442.607 0.00077076
sqr.plug        NA         NA
sqr.boot 12516.678 0.00086235
sgd.boot  5267.881 0.00072010
sgd.rs     322.102 0.00095455
sgd.rs1s    63.189 0.00095455

 
18672.856 sec elapsed
Replications :  3 
              Time        Bias
qr         428.553 -0.00090105
sqr.plug        NA          NA
sqr.boot 12652.028 -0.00087204
sgd.boot  4494.506 -0.00097451
sgd.rs     321.398 -0.00076780
sgd.rs1s    58.555 -0.00076780

 
18015.917 sec elapsed
Replications :  4 
              Time       Bias
qr         394.771 0.00032937
sqr.plug        NA         NA
sqr.boot 12598.688 0.00031967
sgd.boot  4511.363 0.00018009
sgd.rs     321.348 0.00029610
sgd.rs1s    58.492 0.00029610

 
17944.529 sec elapsed
Replications :  5 
              Time       Bias
qr         382.790 0.00056633
sqr.plug        NA         NA
sqr.boot 12412.761 0.00043594
sgd.boot  4513.117 0.00034315
sgd.rs     321.211 0.00048123
sgd.rs1s    58.399 0.00048123

 
17747.233 sec elapsed
Replications :  6 
              Time         Bias
qr         389.102  0.000040000
sqr.plug        NA           NA
sqr.boot 12550.803  0.000095649
sgd.boot  4529.976  0.000097573
sgd.rs     321.052 -0.000137445
sgd.rs1s    58.898 -0.000137445

 
17908.728 sec elapsed
Replications :  7 
              Time        Bias
qr         391.762 -0.00040323
sqr.plug        NA          NA
sqr.boot 12477.160 -0.00046855
sgd.boot  4532.801 -0.00052638
sgd.rs     320.468 -0.00026775
sgd.rs1s    58.823 -0.00026775

 
17840.526 sec elapsed
Replications :  8 
              Time          Bias
qr         388.727 -0.0000068662
sqr.plug        NA            NA
sqr.boot 12363.154 -0.0000424645
sgd.boot  4536.534 -0.0001324998
sgd.rs     321.883 -0.0000494678
sgd.rs1s    59.589 -0.0000494678

 
17728.714 sec elapsed
Replications :  9 
              Time       Bias
qr         405.388 0.00046614
sqr.plug        NA         NA
sqr.boot 12193.061 0.00037249
sgd.boot  4542.532 0.00045413
sgd.rs     322.814 0.00031888
sgd.rs1s    60.388 0.00031888

 
17583.541 sec elapsed
Replications :  10 
             Time        Bias
qr         411.53 0.000080174
sqr.plug       NA          NA
sqr.boot 12563.14 0.000149124
sgd.boot  4550.65 0.000083231
sgd.rs     322.53 0.000285432
sgd.rs1s    60.90 0.000285432

 
17968.524 sec elapsed
