------------------------ 
Sample Size =  10000000 
dim of X    =  80 
# of rep    =  10 
------------------------ 
Replications :  1 
              Time         Bias
qr         416.094  0.000041820
sqr.plug        NA           NA
sqr.boot 11937.134 -0.000012130
sgd.boot  5277.021  0.000045394
sgd.rs     324.116  0.000217203
sgd.rs1s    60.268  0.000217203

 
18074.614 sec elapsed
Replications :  2 
              Time        Bias
qr         431.230 -0.00030803
sqr.plug        NA          NA
sqr.boot 12012.697 -0.00031455
sgd.boot  5277.218 -0.00044326
sgd.rs     322.405 -0.00028389
sgd.rs1s    59.844 -0.00028389

 
18162.747 sec elapsed
Replications :  3 
              Time          Bias
qr         423.501 -0.0000054739
sqr.plug        NA            NA
sqr.boot 11943.244 -0.0000880621
sgd.boot  5287.344 -0.0001433657
sgd.rs     320.968  0.0000247780
sgd.rs1s    60.031  0.0000247780

 
18094.326 sec elapsed
Replications :  4 
              Time        Bias
qr         414.127 -0.00015860
sqr.plug        NA          NA
sqr.boot 11989.246 -0.00023062
sgd.boot  5282.214 -0.00038461
sgd.rs     325.190 -0.00031752
sgd.rs1s    59.874 -0.00031752

 
18130.146 sec elapsed
Replications :  5 
              Time        Bias
qr         419.513 -0.00026202
sqr.plug        NA          NA
sqr.boot 11903.288 -0.00020274
sgd.boot  5274.301 -0.00021842
sgd.rs     320.938  0.00014879
sgd.rs1s    59.542  0.00014879

 
18036.776 sec elapsed
Replications :  6 
              Time       Bias
qr         422.827 0.00011258
sqr.plug        NA         NA
sqr.boot 11867.430 0.00012970
sgd.boot  5289.677 0.00013170
sgd.rs     323.176 0.00016393
sgd.rs1s    59.256 0.00016393

 
18021.45 sec elapsed
Replications :  7 
              Time        Bias
qr         412.917 -0.00014658
sqr.plug        NA          NA
sqr.boot 11836.496 -0.00018923
sgd.boot  4522.380 -0.00025266
sgd.rs     324.630 -0.00027800
sgd.rs1s    59.359 -0.00027800

 
17214.971 sec elapsed
Replications :  8 
              Time         Bias
qr         407.546 -0.000110461
sqr.plug        NA           NA
sqr.boot 11790.858 -0.000099573
sgd.boot  4491.989 -0.000161199
sgd.rs     320.378 -0.000200156
sgd.rs1s    58.674 -0.000200156

 
17128.59 sec elapsed
Replications :  9 
              Time         Bias
qr         398.053 -0.000235588
sqr.plug        NA           NA
sqr.boot 11607.401 -0.000233420
sgd.boot  4520.923 -0.000252458
sgd.rs     322.258 -0.000013951
sgd.rs1s    58.734 -0.000013951

 
16966.131 sec elapsed
Replications :  10 
             Time          Bias
qr         402.82 -0.0000170722
sqr.plug       NA            NA
sqr.boot 11581.11 -0.0000086553
sgd.boot  4514.40 -0.0002890344
sgd.rs     320.67  0.0001971700
sgd.rs1s    58.13  0.0001971700

 
16935.954 sec elapsed
