------------------------ 
Sample Size =  10000000 
dim of X    =  80 
# of rep    =  10 
------------------------ 
Replications :  1 
              Time       Bias
qr         483.844 0.00042211
sqr.plug        NA         NA
sqr.boot 14832.499 0.00040213
sgd.boot  5478.649 0.00029806
sgd.rs     362.711 0.00024386
sgd.rs1s    82.926 0.00024386

 
21308.624 sec elapsed
Replications :  2 
              Time         Bias
qr         553.512 -0.000323362
sqr.plug        NA           NA
sqr.boot 16544.328 -0.000296509
sgd.boot  5665.947 -0.000049345
sgd.rs     335.687 -0.000306244
sgd.rs1s    69.882 -0.000306244

 
23239.229 sec elapsed
Replications :  3 
              Time       Bias
qr         473.849 0.00049292
sqr.plug        NA         NA
sqr.boot 14911.845 0.00046602
sgd.boot  5491.833 0.00044544
sgd.rs     349.281 0.00059167
sgd.rs1s    74.049 0.00059167

 
21365.261 sec elapsed
Replications :  4 
              Time       Bias
qr         538.477 0.00068542
sqr.plug        NA         NA
sqr.boot 14964.188 0.00062697
sgd.boot  5447.501 0.00060659
sgd.rs     356.167 0.00062249
sgd.rs1s    82.444 0.00062249

 
21456.259 sec elapsed
Replications :  5 
              Time        Bias
qr         501.719 -0.00012241
sqr.plug        NA          NA
sqr.boot 14981.599 -0.00016536
sgd.boot  5564.599 -0.00014701
sgd.rs     346.352 -0.00011900
sgd.rs1s    64.476 -0.00011900

 
21526.679 sec elapsed
Replications :  6 
              Time        Bias
qr         500.781 -0.00017885
sqr.plug        NA          NA
sqr.boot 14832.380 -0.00032763
sgd.boot  5488.536 -0.00020653
sgd.rs     349.491 -0.00047108
sgd.rs1s    76.413 -0.00047108

 
21314.582 sec elapsed
Replications :  7 
              Time        Bias
qr         495.905 -0.00019302
sqr.plug        NA          NA
sqr.boot 14820.354 -0.00020184
sgd.boot  5557.043 -0.00016646
sgd.rs     349.984 -0.00031069
sgd.rs1s    74.845 -0.00031069

 
21364.511 sec elapsed
Replications :  8 
              Time       Bias
qr         542.997 0.00043072
sqr.plug        NA         NA
sqr.boot 15033.226 0.00048723
sgd.boot  5503.916 0.00034564
sgd.rs     344.440 0.00052180
sgd.rs1s    72.105 0.00052180

 
21564.242 sec elapsed
Replications :  9 
             Time       Bias
qr         525.29 0.00046173
sqr.plug       NA         NA
sqr.boot 14467.89 0.00038898
sgd.boot  5506.27 0.00033225
sgd.rs     347.27 0.00027936
sgd.rs1s    81.03 0.00027936

 
20996.07 sec elapsed
Replications :  10 
              Time        Bias
qr         534.058 -0.00040193
sqr.plug        NA          NA
sqr.boot 14036.538 -0.00036814
sgd.boot  5407.251 -0.00064853
sgd.rs     339.978 -0.00045867
sgd.rs1s    66.743 -0.00045867

 
20450.889 sec elapsed
