------------------------ 
Sample Size =  10000000 
dim of X    =  80 
# of rep    =  10 
------------------------ 
Replications :  1 
              Time        Bias
qr         468.964 -0.00020858
sqr.plug        NA          NA
sqr.boot 12969.920 -0.00020151
sgd.boot  5512.756 -0.00031847
sgd.rs     366.487 -0.00038656
sgd.rs1s    61.933 -0.00038656

 
19445.657 sec elapsed
Replications :  2 
              Time        Bias
qr         431.328 -0.00046533
sqr.plug        NA          NA
sqr.boot 12809.228 -0.00041309
sgd.boot  5485.567 -0.00052409
sgd.rs     355.754 -0.00041500
sgd.rs1s    60.025 -0.00041500

 
19203.953 sec elapsed
Replications :  3 
              Time         Bias
qr         430.150 -0.000115133
sqr.plug        NA           NA
sqr.boot 12612.192  0.000020681
sgd.boot  5515.274  0.000104746
sgd.rs     348.543  0.000125723
sgd.rs1s    61.957  0.000125723

 
19029.521 sec elapsed
Replications :  4 
              Time         Bias
qr         447.763 -0.000018160
sqr.plug        NA           NA
sqr.boot 12644.704 -0.000058327
sgd.boot  5478.789  0.000015569
sgd.rs     340.034 -0.000142254
sgd.rs1s    60.307 -0.000142254

 
19033.191 sec elapsed
Replications :  5 
              Time         Bias
qr         408.560 -0.000068825
sqr.plug        NA           NA
sqr.boot 11967.888 -0.000111207
sgd.boot  5482.675 -0.000117457
sgd.rs     338.446 -0.000188817
sgd.rs1s    60.587 -0.000188817

 
18319.287 sec elapsed
Replications :  6 
              Time         Bias
qr         407.577 -0.000267300
sqr.plug        NA           NA
sqr.boot 12164.350 -0.000205688
sgd.boot  5467.094 -0.000160936
sgd.rs     348.646  0.000047324
sgd.rs1s    60.403  0.000047324

 
18509.249 sec elapsed
Replications :  7 
              Time        Bias
qr         430.841 0.000102638
sqr.plug        NA          NA
sqr.boot 12443.446 0.000121823
sgd.boot  5473.752 0.000189724
sgd.rs     357.883 0.000021322
sgd.rs1s    61.039 0.000021322

 
18828.861 sec elapsed
Replications :  8 
              Time           Bias
qr         425.597 -0.00006748370
sqr.plug        NA             NA
sqr.boot 12418.906  0.00000070825
sgd.boot  5473.706 -0.00016918665
sgd.rs     359.692 -0.00000391219
sgd.rs1s    61.107 -0.00000391219

 
18800.732 sec elapsed
Replications :  9 
              Time        Bias
qr         431.449 -0.00023145
sqr.plug        NA          NA
sqr.boot 12479.244 -0.00018897
sgd.boot  5463.839 -0.00029800
sgd.rs     350.662 -0.00030318
sgd.rs1s    62.054 -0.00030318

 
18848.976 sec elapsed
Replications :  10 
              Time       Bias
qr         451.602 0.00037227
sqr.plug        NA         NA
sqr.boot 12216.904 0.00039060
sgd.boot  5473.286 0.00033387
sgd.rs     343.584 0.00037428
sgd.rs1s    60.371 0.00037428

 
18607.594 sec elapsed
