------------------------ 
Sample Size =  100000 
dim of X    =  160 
# of rep    =  10 
------------------------ 
Replications :  1 
             Time       Bias
qr        25.7384 -0.0016367
sqr.plug       NA         NA
sqr.boot 331.8330 -0.0021551
sgd.boot 120.2214  0.0061832
sgd.rs    12.9381  0.0049165
sgd.rs1s   1.0963  0.0049165

 
493.674 sec elapsed
Replications :  2 
             Time        Bias
qr        25.2600 -0.00065374
sqr.plug       NA          NA
sqr.boot 225.1374 -0.00079395
sgd.boot 109.0332  0.00139318
sgd.rs    11.9972 -0.00957642
sgd.rs1s   1.0644 -0.00957642

 
373.671 sec elapsed
Replications :  3 
             Time        Bias
qr        25.9481 -0.00091541
sqr.plug       NA          NA
sqr.boot 232.1441 -0.00073438
sgd.boot 109.7814  0.00348962
sgd.rs    12.0401  0.00208143
sgd.rs1s   1.0879  0.00208143

 
382.312 sec elapsed
Replications :  4 
             Time      Bias
qr        17.9160 0.0025599
sqr.plug       NA        NA
sqr.boot 229.6760 0.0032410
sgd.boot 110.7541 0.0019945
sgd.rs    11.9586 0.0050964
sgd.rs1s   1.0204 0.0050964

 
372.669 sec elapsed
Replications :  5 
             Time        Bias
qr        18.0977  0.00219739
sqr.plug       NA          NA
sqr.boot 230.2116  0.00089362
sgd.boot 112.5304 -0.00330146
sgd.rs    12.1829 -0.00912283
sgd.rs1s   1.0291 -0.00912283

 
375.202 sec elapsed
Replications :  6 
             Time       Bias
qr        18.1283  0.0063633
sqr.plug       NA         NA
sqr.boot 229.2488  0.0064498
sgd.boot 114.1845 -0.0306271
sgd.rs    12.2483  0.0172083
sgd.rs1s   1.2325  0.0172083

 
376.176 sec elapsed
Replications :  7 
             Time       Bias
qr        18.8198 -0.0031350
sqr.plug       NA         NA
sqr.boot 216.8036 -0.0032017
sgd.boot 108.1234 -0.0225276
sgd.rs    11.9483 -0.0072272
sgd.rs1s   1.1268 -0.0072272

 
357.982 sec elapsed
Replications :  8 
             Time         Bias
qr        21.5043 -0.002704915
sqr.plug       NA           NA
sqr.boot 199.0794 -0.001927699
sgd.boot 107.8745 -0.011674666
sgd.rs    12.1307  0.000080891
sgd.rs1s   1.1331  0.000080891

 
342.884 sec elapsed
Replications :  9 
             Time        Bias
qr        23.1905  0.00536107
sqr.plug       NA          NA
sqr.boot 193.4448  0.00516650
sgd.boot 108.3023 -0.00092639
sgd.rs    11.7347 -0.00467038
sgd.rs1s   1.1733 -0.00467038

 
339.007 sec elapsed
Replications :  10 
              Time       Bias
qr        25.54698 -0.0046168
sqr.plug        NA         NA
sqr.boot 221.06506 -0.0054626
sgd.boot 110.74610 -0.0074892
sgd.rs    11.44962 -0.0091098
sgd.rs1s   0.94104 -0.0091098

 
370.89 sec elapsed
