------------------------ 
Sample Size =  100000 
dim of X    =  160 
# of rep    =  10 
------------------------ 
Replications :  1 
             Time       Bias
qr        21.5936  0.0022070
sqr.plug       NA         NA
sqr.boot 195.8282  0.0023065
sgd.boot 113.1984 -0.0118185
sgd.rs    12.8510  0.0013447
sgd.rs1s   1.0277  0.0013447

 
346.168 sec elapsed
Replications :  2 
            Time       Bias
qr        23.070  0.0016940
sqr.plug      NA         NA
sqr.boot 195.505  0.0018928
sgd.boot 108.870 -0.0055204
sgd.rs    12.484  0.0042799
sgd.rs1s   1.252  0.0042799

 
342.35 sec elapsed
Replications :  3 
             Time        Bias
qr        21.1920 -0.00069299
sqr.plug       NA          NA
sqr.boot 184.9959 -0.00050595
sgd.boot 110.4278 -0.02915366
sgd.rs    12.7898 -0.00600178
sgd.rs1s   1.0792 -0.00600178

 
331.633 sec elapsed
Replications :  4 
             Time       Bias
qr        22.4287  0.0058820
sqr.plug       NA         NA
sqr.boot 161.7240  0.0053203
sgd.boot 112.0011 -0.0142157
sgd.rs    12.8885  0.0051179
sgd.rs1s   1.0246  0.0051179

 
311.235 sec elapsed
Replications :  5 
             Time        Bias
qr        25.1441 -0.00122087
sqr.plug       NA          NA
sqr.boot 161.2578 -0.00050789
sgd.boot 110.9662 -0.00680420
sgd.rs    13.1056 -0.00288174
sgd.rs1s   1.0288 -0.00288174

 
312.669 sec elapsed
Replications :  6 
              Time       Bias
qr        22.09168  0.0031719
sqr.plug        NA         NA
sqr.boot 173.95131  0.0027718
sgd.boot 111.41296 -0.0123082
sgd.rs    12.76688 -0.0023640
sgd.rs1s   0.96519 -0.0023640

 
322.36 sec elapsed
Replications :  7 
            Time       Bias
qr        19.687 -0.0021361
sqr.plug      NA         NA
sqr.boot 197.787 -0.0022684
sgd.boot 111.865 -0.0132631
sgd.rs    13.892 -0.0022453
sgd.rs1s   1.003 -0.0022453

 
345.588 sec elapsed
Replications :  8 
             Time       Bias
qr        22.8641 -0.0029217
sqr.plug       NA         NA
sqr.boot 161.4904 -0.0027478
sgd.boot 111.3059 -0.0100353
sgd.rs    12.5626  0.0021171
sgd.rs1s   1.0026  0.0021171

 
310.375 sec elapsed
Replications :  9 
             Time        Bias
qr        19.8976  0.00036006
sqr.plug       NA          NA
sqr.boot 159.3780  0.00152193
sgd.boot 113.9366 -0.01020636
sgd.rs    13.8098  0.00420787
sgd.rs1s   1.2078  0.00420787

 
309.38 sec elapsed
Replications :  10 
             Time        Bias
qr        22.9896 -0.00040703
sqr.plug       NA          NA
sqr.boot 163.5566 -0.00055308
sgd.boot 110.1177 -0.01431079
sgd.rs    14.8773 -0.00177079
sgd.rs1s   1.0877 -0.00177079

 
313.791 sec elapsed
