------------------------ 
Sample Size =  100000 
dim of X    =  160 
# of rep    =  10 
------------------------ 
Replications :  1 
             Time       Bias
qr        24.9050 -0.0032491
sqr.plug       NA         NA
sqr.boot 369.5838 -0.0022717
sgd.boot 122.1582 -0.0014032
sgd.rs    13.3718 -0.0104079
sgd.rs1s   1.5229 -0.0104079

 
533.657 sec elapsed
Replications :  2 
             Time      Bias
qr        22.4790 0.0029554
sqr.plug       NA        NA
sqr.boot 357.0519 0.0026181
sgd.boot 114.3465 0.0066336
sgd.rs    13.4040 0.0019269
sgd.rs1s   1.3451 0.0019269

 
509.837 sec elapsed
Replications :  3 
             Time       Bias
qr        19.5840 -0.0052655
sqr.plug       NA         NA
sqr.boot 373.8270 -0.0043320
sgd.boot 117.8390  0.0010182
sgd.rs    50.8867 -0.0021949
sgd.rs1s   1.4296 -0.0021949

 
564.725 sec elapsed
Replications :  4 
             Time       Bias
qr        28.7938 -0.0024031
sqr.plug       NA         NA
sqr.boot 282.8691 -0.0026230
sgd.boot 116.9985 -0.0095684
sgd.rs    53.6470 -0.0051001
sgd.rs1s   1.3938 -0.0051001

 
485.008 sec elapsed
Replications :  5 
             Time       Bias
qr        29.2790  0.0045257
sqr.plug       NA         NA
sqr.boot 295.1821  0.0046551
sgd.boot 120.7426 -0.0060557
sgd.rs    59.9699  0.0048809
sgd.rs1s   1.4063  0.0048809

 
507.899 sec elapsed
Replications :  6 
            Time      Bias
qr        32.619 0.0065175
sqr.plug      NA        NA
sqr.boot 296.927 0.0077202
sgd.boot 119.963 0.0146716
sgd.rs    57.304 0.0062660
sgd.rs1s   1.561 0.0062660

 
509.62 sec elapsed
Replications :  7 
             Time       Bias
qr        27.2040 -0.0022015
sqr.plug       NA         NA
sqr.boot 253.8367 -0.0023571
sgd.boot 124.0979 -0.0279157
sgd.rs    55.9045 -0.0019374
sgd.rs1s   1.5126 -0.0019374

 
463.895 sec elapsed
Replications :  8 
             Time       Bias
qr        28.8444 -0.0023683
sqr.plug       NA         NA
sqr.boot 254.2339 -0.0025782
sgd.boot 121.4402 -0.0203028
sgd.rs    56.0384  0.0033640
sgd.rs1s   1.2957  0.0033640

 
463.165 sec elapsed
Replications :  9 
             Time       Bias
qr        27.7511 -0.0042796
sqr.plug       NA         NA
sqr.boot 274.7980 -0.0045113
sgd.boot 120.5327  0.0083985
sgd.rs    45.6188 -0.0082706
sgd.rs1s   1.2476 -0.0082706

 
471.216 sec elapsed
Replications :  10 
             Time       Bias
qr        23.5211  0.0025955
sqr.plug       NA         NA
sqr.boot 188.2721  0.0023141
sgd.boot 108.8445  0.0095274
sgd.rs    16.1075 -0.0039875
sgd.rs1s   1.0529 -0.0039875

 
338.999 sec elapsed
