------------------------ 
Sample Size =  100000 
dim of X    =  160 
# of rep    =  10 
------------------------ 
Replications :  1 
             Time        Bias
qr        23.3305  0.00077991
sqr.plug       NA          NA
sqr.boot 334.4989  0.00098525
sgd.boot 121.8612 -0.00667201
sgd.rs    12.7632  0.00265044
sgd.rs1s   1.2553  0.00265044

 
495.633 sec elapsed
Replications :  2 
            Time         Bias
qr        21.389  0.002462850
sqr.plug      NA           NA
sqr.boot 225.894  0.001095365
sgd.boot 116.383 -0.020573390
sgd.rs    12.167 -0.000051353
sgd.rs1s   1.023 -0.000051353

 
378.024 sec elapsed
Replications :  3 
             Time       Bias
qr        18.0505  0.0022767
sqr.plug       NA         NA
sqr.boot 220.9931  0.0017229
sgd.boot 114.4174 -0.0303576
sgd.rs    11.9275 -0.0031912
sgd.rs1s   1.0551 -0.0031912

 
367.592 sec elapsed
Replications :  4 
             Time       Bias
qr        20.5223 -0.0023738
sqr.plug       NA         NA
sqr.boot 236.5589 -0.0015401
sgd.boot 111.0001 -0.0152688
sgd.rs    11.9738  0.0038424
sgd.rs1s   1.1927  0.0038424

 
382.453 sec elapsed
Replications :  5 
             Time       Bias
qr        23.6990  0.0011272
sqr.plug       NA         NA
sqr.boot 230.5234  0.0017753
sgd.boot 113.5278 -0.0158958
sgd.rs    11.9217  0.0018759
sgd.rs1s   1.0631  0.0018759

 
381.914 sec elapsed
Replications :  6 
             Time       Bias
qr        21.6368 -0.0025244
sqr.plug       NA         NA
sqr.boot 214.4414 -0.0026220
sgd.boot 110.7501 -0.0348106
sgd.rs    12.0084 -0.0052983
sgd.rs1s   1.2361 -0.0052983

 
361.252 sec elapsed
Replications :  7 
             Time        Bias
qr        18.5846 -0.00123370
sqr.plug       NA          NA
sqr.boot 215.5779 -0.00093871
sgd.boot 110.7045 -0.01588820
sgd.rs    11.8915  0.00203389
sgd.rs1s   1.2702  0.00203389

 
359.218 sec elapsed
Replications :  8 
             Time       Bias
qr        18.8169  0.0024735
sqr.plug       NA         NA
sqr.boot 212.3572  0.0029584
sgd.boot 110.5590 -0.0036590
sgd.rs    11.9489  0.0071166
sgd.rs1s   1.2775  0.0071166

 
356.162 sec elapsed
Replications :  9 
             Time       Bias
qr        18.3600 -0.0022677
sqr.plug       NA         NA
sqr.boot 210.1724 -0.0027117
sgd.boot 112.4296 -0.0275332
sgd.rs    11.9595 -0.0047070
sgd.rs1s   1.0408 -0.0047070

 
355.154 sec elapsed
Replications :  10 
             Time        Bias
qr        21.1665  0.00022593
sqr.plug       NA          NA
sqr.boot 218.3248 -0.00046067
sgd.boot 112.3987  0.00012054
sgd.rs    11.5683 -0.00346524
sgd.rs1s   1.2768 -0.00346524

 
365.92 sec elapsed
