------------------------ 
Sample Size =  100000 
dim of X    =  160 
# of rep    =  10 
------------------------ 
Replications :  1 
             Time       Bias
qr        22.4887 -0.0034250
sqr.plug       NA         NA
sqr.boot 334.4405 -0.0028788
sgd.boot 120.2171 -0.0122531
sgd.rs    12.7980 -0.0032916
sgd.rs1s   1.3407 -0.0032916

 
493.305 sec elapsed
Replications :  2 
             Time       Bias
qr        23.4621 -0.0010593
sqr.plug       NA         NA
sqr.boot 265.4670 -0.0010853
sgd.boot 111.5435 -0.0152977
sgd.rs    12.0237 -0.0082909
sgd.rs1s   1.1669 -0.0082909

 
414.852 sec elapsed
Replications :  3 
             Time       Bias
qr        20.7999 0.00033131
sqr.plug       NA         NA
sqr.boot 228.3922 0.00075264
sgd.boot 108.0846 0.00213145
sgd.rs    12.0750 0.00029723
sgd.rs1s   1.2713 0.00029723

 
371.803 sec elapsed
Replications :  4 
             Time       Bias
qr        25.4767 -0.0033956
sqr.plug       NA         NA
sqr.boot 235.9673 -0.0036492
sgd.boot 108.4371 -0.0146421
sgd.rs    12.0349 -0.0059052
sgd.rs1s   1.0265 -0.0059052

 
384.097 sec elapsed
Replications :  5 
             Time       Bias
qr        18.7945  0.0039663
sqr.plug       NA         NA
sqr.boot 246.4796  0.0026551
sgd.boot 108.3545 -0.0100746
sgd.rs    12.1267  0.0035784
sgd.rs1s   1.0893  0.0035784

 
388.028 sec elapsed
Replications :  6 
             Time        Bias
qr        21.7747 -0.00092482
sqr.plug       NA          NA
sqr.boot 241.0059 -0.00062997
sgd.boot 111.5235 -0.00935771
sgd.rs    12.0428 -0.00687529
sgd.rs1s   1.4059 -0.00687529

 
388.941 sec elapsed
Replications :  7 
             Time       Bias
qr        19.6950  0.0015220
sqr.plug       NA         NA
sqr.boot 214.7831  0.0008596
sgd.boot 110.8531 -0.0059271
sgd.rs    11.9637  0.0017096
sgd.rs1s   1.0886  0.0017096

 
359.586 sec elapsed
Replications :  8 
             Time       Bias
qr        27.4219 -0.0018603
sqr.plug       NA         NA
sqr.boot 232.1126 -0.0014414
sgd.boot 111.5971 -0.0062273
sgd.rs    12.0566 -0.0018945
sgd.rs1s   1.1316 -0.0018945

 
385.507 sec elapsed
Replications :  9 
             Time       Bias
qr        25.7275  0.0028549
sqr.plug       NA         NA
sqr.boot 210.9138  0.0027226
sgd.boot 112.1587 -0.0115028
sgd.rs    12.0246 -0.0035343
sgd.rs1s   1.0676 -0.0035343

 
363.097 sec elapsed
Replications :  10 
             Time         Bias
qr        23.8475  0.000091456
sqr.plug       NA           NA
sqr.boot 192.6064 -0.000660973
sgd.boot 111.5141  0.014481628
sgd.rs    11.7933  0.000542444
sgd.rs1s   1.0177  0.000542444

 
341.972 sec elapsed
