------------------------ 
Sample Size =  100000 
dim of X    =  160 
# of rep    =  10 
------------------------ 
Replications :  1 
             Time       Bias
qr        25.9792  0.0074480
sqr.plug       NA         NA
sqr.boot 305.3188  0.0069661
sgd.boot 115.5353 -0.0208403
sgd.rs    12.5593  0.0074168
sgd.rs1s   1.5868  0.0074168

 
462.874 sec elapsed
Replications :  2 
             Time        Bias
qr        23.0069  0.00246307
sqr.plug       NA          NA
sqr.boot 225.6126  0.00311918
sgd.boot 117.9524 -0.01854860
sgd.rs    12.6737 -0.00003413
sgd.rs1s   1.4453 -0.00003413

 
381.996 sec elapsed
Replications :  3 
             Time      Bias
qr        23.8969 0.0076099
sqr.plug       NA        NA
sqr.boot 263.9708 0.0066685
sgd.boot 109.3439 0.0195784
sgd.rs    12.6457 0.0120932
sgd.rs1s   1.5047 0.0120932

 
412.737 sec elapsed
Replications :  4 
             Time       Bias
qr        18.2947 0.00093218
sqr.plug       NA         NA
sqr.boot 164.6572 0.00146799
sgd.boot 112.6992 0.00339300
sgd.rs    12.6081 0.00128615
sgd.rs1s   1.3029 0.00128615

 
310.895 sec elapsed
Replications :  5 
             Time       Bias
qr        23.3457 -0.0015798
sqr.plug       NA         NA
sqr.boot 215.3502 -0.0012221
sgd.boot 113.7585 -0.0147376
sgd.rs    14.6486  0.0020813
sgd.rs1s   1.2213  0.0020813

 
369.687 sec elapsed
Replications :  6 
             Time       Bias
qr        23.3531  0.0050796
sqr.plug       NA         NA
sqr.boot 163.8773  0.0040683
sgd.boot 114.5826 -0.0075140
sgd.rs    12.4007  0.0028020
sgd.rs1s   1.4477  0.0028020

 
317.024 sec elapsed
Replications :  7 
             Time        Bias
qr        23.0615 -0.00038054
sqr.plug       NA          NA
sqr.boot 165.9425  0.00025006
sgd.boot 108.9934 -0.01249871
sgd.rs    14.1012  0.00555017
sgd.rs1s   1.4925  0.00555017

 
314.924 sec elapsed
Replications :  8 
             Time        Bias
qr        25.7717 -0.00175366
sqr.plug       NA          NA
sqr.boot 166.4708 -0.00039864
sgd.boot 114.2350 -0.01313052
sgd.rs    13.6279 -0.00714057
sgd.rs1s   1.0803 -0.00714057

 
322.507 sec elapsed
Replications :  9 
             Time       Bias
qr        25.9464 -0.0059221
sqr.plug       NA         NA
sqr.boot 214.0595 -0.0054759
sgd.boot 115.5572 -0.0374462
sgd.rs    12.8675 -0.0026803
sgd.rs1s   1.2138 -0.0026803

 
370.89 sec elapsed
Replications :  10 
             Time        Bias
qr        25.7227 -0.00252286
sqr.plug       NA          NA
sqr.boot 266.4045 -0.00284100
sgd.boot 112.8799 -0.01873037
sgd.rs    12.4940 -0.00022555
sgd.rs1s   1.2773 -0.00022555

 
420.06 sec elapsed
