------------------------ 
Sample Size =  100000 
dim of X    =  160 
# of rep    =  10 
------------------------ 
Replications :  1 
             Time       Bias
qr        32.6977  0.0027273
sqr.plug       NA         NA
sqr.boot 332.2792  0.0022479
sgd.boot 120.5204 -0.0345192
sgd.rs    12.6938  0.0056236
sgd.rs1s   1.5578  0.0056236

 
501.749 sec elapsed
Replications :  2 
             Time       Bias
qr        22.6134 -0.0024819
sqr.plug       NA         NA
sqr.boot 238.8917 -0.0031543
sgd.boot 111.0894 -0.0214378
sgd.rs    11.9793 -0.0041415
sgd.rs1s   1.2363 -0.0041415

 
386.986 sec elapsed
Replications :  3 
             Time       Bias
qr        18.8939 -0.0052890
sqr.plug       NA         NA
sqr.boot 210.4384 -0.0051884
sgd.boot 114.8891  0.0077605
sgd.rs    11.9416 -0.0012180
sgd.rs1s   1.0071 -0.0012180

 
358.346 sec elapsed
Replications :  4 
             Time       Bias
qr        18.4603  0.0068920
sqr.plug       NA         NA
sqr.boot 223.2428  0.0058088
sgd.boot 114.6491  0.0123811
sgd.rs    12.4141 -0.0038093
sgd.rs1s   1.2014 -0.0038093

 
371.104 sec elapsed
Replications :  5 
             Time       Bias
qr        26.4330  0.0051152
sqr.plug       NA         NA
sqr.boot 232.5934  0.0044936
sgd.boot 108.7073 -0.0184798
sgd.rs    12.0931  0.0066449
sgd.rs1s   1.1982  0.0066449

 
382.188 sec elapsed
Replications :  6 
             Time        Bias
qr        21.6504  0.00421449
sqr.plug       NA          NA
sqr.boot 242.7711  0.00372788
sgd.boot 118.2057 -0.00509091
sgd.rs    38.3711  0.00085422
sgd.rs1s   1.4643  0.00085422

 
423.627 sec elapsed
Replications :  7 
             Time        Bias
qr        22.4566 -0.00110727
sqr.plug       NA          NA
sqr.boot 222.5242 -0.00111625
sgd.boot 113.6600 -0.05667875
sgd.rs    40.1602  0.00042368
sgd.rs1s   1.1773  0.00042368

 
401.185 sec elapsed
Replications :  8 
             Time        Bias
qr        22.1711  0.00324041
sqr.plug       NA          NA
sqr.boot 211.4423  0.00373052
sgd.boot 115.2713  0.00080207
sgd.rs    40.4672 -0.00263575
sgd.rs1s   1.0984 -0.00263575

 
391.653 sec elapsed
Replications :  9 
             Time       Bias
qr        22.5989  0.0102649
sqr.plug       NA         NA
sqr.boot 179.7610  0.0104900
sgd.boot 108.6622 -0.0094672
sgd.rs    38.5398  0.0090555
sgd.rs1s   1.3605  0.0090555

 
352.113 sec elapsed
Replications :  10 
              Time        Bias
qr        18.96773  0.00071975
sqr.plug        NA          NA
sqr.boot 212.33703  0.00082169
sgd.boot 114.49515 -0.01832505
sgd.rs    15.59218 -0.00479889
sgd.rs1s   0.98435 -0.00479889

 
363.6 sec elapsed
