------------------------ 
Sample Size =  100000 
dim of X    =  160 
# of rep    =  10 
------------------------ 
Replications :  1 
             Time        Bias
qr        28.1792  0.00028056
sqr.plug       NA          NA
sqr.boot 310.1730  0.00021016
sgd.boot 123.7754  0.01252204
sgd.rs    13.1606 -0.00037681
sgd.rs1s   1.7045 -0.00037681

 
478.805 sec elapsed
Replications :  2 
             Time       Bias
qr        27.3671  0.0037357
sqr.plug       NA         NA
sqr.boot 297.5745  0.0023727
sgd.boot 115.3250 -0.0158455
sgd.rs    12.5738 -0.0049170
sgd.rs1s   1.3799 -0.0049170

 
455.402 sec elapsed
Replications :  3 
             Time       Bias
qr        23.9660  0.0050518
sqr.plug       NA         NA
sqr.boot 237.3550  0.0059714
sgd.boot 112.3195 -0.0173014
sgd.rs    12.2247  0.0032138
sgd.rs1s   1.0762  0.0032138

 
388.122 sec elapsed
Replications :  4 
             Time       Bias
qr        22.5748 -0.0018851
sqr.plug       NA         NA
sqr.boot 210.7547 -0.0010409
sgd.boot 113.6312  0.0041363
sgd.rs    11.8624  0.0012754
sgd.rs1s   1.0008  0.0012754

 
360.977 sec elapsed
Replications :  5 
             Time        Bias
qr        21.1466  0.00141342
sqr.plug       NA          NA
sqr.boot 217.9264  0.00087365
sgd.boot 113.6353 -0.02976176
sgd.rs    11.8650 -0.00416691
sgd.rs1s   1.1524 -0.00416691

 
366.86 sec elapsed
Replications :  6 
             Time      Bias
qr        21.2423 0.0052539
sqr.plug       NA        NA
sqr.boot 230.1951 0.0056956
sgd.boot 113.6469 0.0039778
sgd.rs    35.0284 0.0051896
sgd.rs1s   1.1812 0.0051896

 
402.479 sec elapsed
Replications :  7 
            Time       Bias
qr        24.782 -0.0063613
sqr.plug      NA         NA
sqr.boot 196.835 -0.0059539
sgd.boot 116.992 -0.0128255
sgd.rs    37.076 -0.0079737
sgd.rs1s   1.177 -0.0079737

 
378.055 sec elapsed
Replications :  8 
            Time        Bias
qr        27.359 -0.00383642
sqr.plug      NA          NA
sqr.boot 216.932 -0.00367272
sgd.boot 111.165 -0.00888198
sgd.rs    38.623 -0.00056334
sgd.rs1s   1.170 -0.00056334

 
396.437 sec elapsed
Replications :  9 
             Time       Bias
qr        21.2712 -0.0047408
sqr.plug       NA         NA
sqr.boot 209.7923 -0.0044015
sgd.boot 112.9301 -0.0320482
sgd.rs    37.7873 -0.0020452
sgd.rs1s   1.0178 -0.0020452

 
383.961 sec elapsed
Replications :  10 
              Time        Bias
qr        21.26449  0.00131485
sqr.plug        NA          NA
sqr.boot 171.69250  0.00072389
sgd.boot 112.88838 -0.00669967
sgd.rs    15.92190  0.00076596
sgd.rs1s   0.96968  0.00076596

 
323.917 sec elapsed
