------------------------ 
Sample Size =  100000 
dim of X    =  160 
# of rep    =  10 
------------------------ 
Replications :  1 
             Time       Bias
qr        25.8048 -0.0011332
sqr.plug       NA         NA
sqr.boot 354.8351 -0.0015139
sgd.boot 120.2381 -0.0315531
sgd.rs    12.8467  0.0019003
sgd.rs1s   1.1299  0.0019003

 
516.667 sec elapsed
Replications :  2 
             Time       Bias
qr        25.3975  0.0030720
sqr.plug       NA         NA
sqr.boot 339.2296  0.0030428
sgd.boot 117.6578 -0.0275929
sgd.rs    12.8819  0.0063231
sgd.rs1s   1.1319  0.0063231

 
497.609 sec elapsed
Replications :  3 
             Time       Bias
qr        23.1982  0.0006041
sqr.plug       NA         NA
sqr.boot 337.7180  0.0011479
sgd.boot 113.9290  0.0035333
sgd.rs    13.1613 -0.0012223
sgd.rs1s   1.0923 -0.0012223

 
490.313 sec elapsed
Replications :  4 
             Time       Bias
qr        25.3445 -0.0029808
sqr.plug       NA         NA
sqr.boot 336.5541 -0.0025904
sgd.boot 116.8507 -0.0315985
sgd.rs    13.0113  0.0028034
sgd.rs1s   1.2478  0.0028034

 
494.445 sec elapsed
Replications :  5 
             Time       Bias
qr        21.5545  0.0035389
sqr.plug       NA         NA
sqr.boot 302.4786  0.0035309
sgd.boot 116.6570 -0.0280591
sgd.rs    13.1221  0.0014094
sgd.rs1s   1.1111  0.0014094

 
456.374 sec elapsed
Replications :  6 
             Time        Bias
qr        21.0983  0.00143491
sqr.plug       NA          NA
sqr.boot 332.1446  0.00059553
sgd.boot 114.9646 -0.00043529
sgd.rs    13.1570  0.00059697
sgd.rs1s   1.3516  0.00059697

 
483.894 sec elapsed
Replications :  7 
             Time       Bias
qr        26.3574 -0.0025085
sqr.plug       NA         NA
sqr.boot 300.2445 -0.0027672
sgd.boot 123.6983 -0.0105488
sgd.rs    13.1968  0.0078131
sgd.rs1s   1.5851  0.0078131

 
466.32 sec elapsed
Replications :  8 
             Time       Bias
qr        31.8249  0.0055171
sqr.plug       NA         NA
sqr.boot 307.5792  0.0057597
sgd.boot 116.6861 -0.0124755
sgd.rs    13.2156  0.0125672
sgd.rs1s   1.2035  0.0125672

 
471.734 sec elapsed
Replications :  9 
             Time      Bias
qr        26.2499 0.0097297
sqr.plug       NA        NA
sqr.boot 284.6282 0.0086302
sgd.boot 121.9154 0.0111344
sgd.rs    13.2212 0.0126470
sgd.rs1s   1.4654 0.0126470

 
448.724 sec elapsed
Replications :  10 
             Time       Bias
qr        23.8818  0.0037211
sqr.plug       NA         NA
sqr.boot 267.8090  0.0032049
sgd.boot 107.5237 -0.0227243
sgd.rs    11.7059  0.0031532
sgd.rs1s   1.1843  0.0031532

 
413.336 sec elapsed
