------------------------ 
Sample Size =  100000 
dim of X    =  160 
# of rep    =  10 
------------------------ 
Replications :  1 
             Time       Bias
qr        27.4603 -0.0016232
sqr.plug       NA         NA
sqr.boot 322.3211 -0.0019091
sgd.boot 121.6517  0.0094089
sgd.rs    13.4591  0.0025368
sgd.rs1s   1.1659  0.0025368

 
488.021 sec elapsed
Replications :  2 
             Time       Bias
qr        28.9907  0.0016455
sqr.plug       NA         NA
sqr.boot 293.3598  0.0013547
sgd.boot 110.0843 -0.0220010
sgd.rs    11.8581  0.0022948
sgd.rs1s   1.3199  0.0022948

 
446.844 sec elapsed
Replications :  3 
             Time       Bias
qr        21.2765  0.0050754
sqr.plug       NA         NA
sqr.boot 227.1503  0.0041169
sgd.boot 112.6221 -0.0169245
sgd.rs    11.8735  0.0078368
sgd.rs1s   1.0977  0.0078368

 
375.184 sec elapsed
Replications :  4 
              Time       Bias
qr        22.95685 -0.0023539
sqr.plug        NA         NA
sqr.boot 197.65988 -0.0017601
sgd.boot 112.62077 -0.0204462
sgd.rs    11.65979  0.0025516
sgd.rs1s   0.96018  0.0025516

 
347.037 sec elapsed
Replications :  5 
             Time       Bias
qr        24.5629  0.0042109
sqr.plug       NA         NA
sqr.boot 180.2385  0.0044421
sgd.boot 115.5622 -0.0079822
sgd.rs    11.9403  0.0032732
sgd.rs1s   1.0269  0.0032732

 
334.468 sec elapsed
Replications :  6 
             Time       Bias
qr        19.4501  0.0037132
sqr.plug       NA         NA
sqr.boot 175.0313  0.0031683
sgd.boot 113.4405 -0.0348629
sgd.rs    12.8199 -0.0036248
sgd.rs1s   1.0049 -0.0036248

 
322.916 sec elapsed
Replications :  7 
             Time        Bias
qr        24.3372 -0.00048242
sqr.plug       NA          NA
sqr.boot 203.9609 -0.00088579
sgd.boot 116.2218 -0.01088056
sgd.rs    11.8517 -0.00491987
sgd.rs1s   1.1244 -0.00491987

 
358.652 sec elapsed
Replications :  8 
             Time        Bias
qr        21.8842  0.00034393
sqr.plug       NA          NA
sqr.boot 175.4219  0.00115288
sgd.boot 113.4462 -0.02647154
sgd.rs    13.3824  0.00474629
sgd.rs1s   1.0779  0.00474629

 
326.36 sec elapsed
Replications :  9 
            Time        Bias
qr        20.132 -0.00147957
sqr.plug      NA          NA
sqr.boot 173.182 -0.00068576
sgd.boot 107.736 -0.03791916
sgd.rs    13.213  0.00066209
sgd.rs1s   1.009  0.00066209

 
316.408 sec elapsed
Replications :  10 
             Time      Bias
qr        21.6535 0.0098162
sqr.plug       NA        NA
sqr.boot 173.8379 0.0083852
sgd.boot 111.5108 0.0035980
sgd.rs    11.7003 0.0109127
sgd.rs1s   1.2043 0.0109127

 
321.036 sec elapsed
