------------------------ 
Sample Size =  100000 
dim of X    =  160 
# of rep    =  10 
------------------------ 
Replications :  1 
             Time       Bias
qr        24.5001  0.0013292
sqr.plug       NA         NA
sqr.boot 251.2725  0.0014663
sgd.boot 116.2021 -0.0173171
sgd.rs    12.8080  0.0013529
sgd.rs1s   1.1653  0.0013529

 
407.812 sec elapsed
Replications :  2 
             Time       Bias
qr        24.0946  0.0020112
sqr.plug       NA         NA
sqr.boot 200.9846  0.0025569
sgd.boot 111.1993 -0.0171186
sgd.rs    12.7488 -0.0048597
sgd.rs1s   1.3677 -0.0048597

 
351.8 sec elapsed
Replications :  3 
            Time       Bias
qr        24.628 -0.0028339
sqr.plug      NA         NA
sqr.boot 203.353 -0.0037914
sgd.boot 110.375 -0.0160104
sgd.rs    15.064 -0.0072326
sgd.rs1s   1.419 -0.0072326

 
356.182 sec elapsed
Replications :  4 
             Time       Bias
qr        21.2253 -0.0046855
sqr.plug       NA         NA
sqr.boot 171.2361 -0.0052919
sgd.boot 116.2913 -0.0095333
sgd.rs    12.4994 -0.0048642
sgd.rs1s   1.3226 -0.0048642

 
323.873 sec elapsed
Replications :  5 
             Time       Bias
qr        21.5863  0.0105561
sqr.plug       NA         NA
sqr.boot 205.6554  0.0099656
sgd.boot 114.0681 -0.0050657
sgd.rs    12.7323  0.0090100
sgd.rs1s   1.1108  0.0090100

 
356.393 sec elapsed
Replications :  6 
             Time       Bias
qr        24.5165  0.0041009
sqr.plug       NA         NA
sqr.boot 242.9369  0.0028506
sgd.boot 115.1058 -0.0188468
sgd.rs    12.9957  0.0027003
sgd.rs1s   1.2417  0.0027003

 
398.061 sec elapsed
Replications :  7 
             Time       Bias
qr        19.0417 -0.0036395
sqr.plug       NA         NA
sqr.boot 172.0167 -0.0026739
sgd.boot 113.0986 -0.0064887
sgd.rs    15.1608 -0.0035635
sgd.rs1s   1.1069 -0.0035635

 
321.724 sec elapsed
Replications :  8 
             Time       Bias
qr        18.7694  0.0036437
sqr.plug       NA         NA
sqr.boot 170.7047  0.0033233
sgd.boot 113.2780  0.0261951
sgd.rs    13.8304 -0.0038239
sgd.rs1s   1.0405 -0.0038239

 
318.878 sec elapsed
Replications :  9 
             Time       Bias
qr        23.6454 -0.0031444
sqr.plug       NA         NA
sqr.boot 170.7017 -0.0032119
sgd.boot 115.6007 -0.0118090
sgd.rs    12.5343  0.0019577
sgd.rs1s   1.3184  0.0019577

 
325.053 sec elapsed
Replications :  10 
             Time       Bias
qr        25.9539  0.0072569
sqr.plug       NA         NA
sqr.boot 169.9403  0.0056544
sgd.boot 113.4941 -0.0071680
sgd.rs    12.6723  0.0030929
sgd.rs1s   1.1413  0.0030929

 
324.392 sec elapsed
