------------------------ 
Sample Size =  10000000 
dim of X    =  320 
# of rep    =  10 
------------------------ 
Replications :  1 
           Time       Bias
qr           NA         NA
sqr.plug     NA         NA
sqr.boot     NA         NA
sgd.boot     NA         NA
sgd.rs       NA         NA
sgd.rs1s 151.16 0.00025448

 
276.232 sec elapsed
Replications :  2 
         Time        Bias
qr         NA          NA
sqr.plug   NA          NA
sqr.boot   NA          NA
sgd.boot   NA          NA
sgd.rs     NA          NA
sgd.rs1s  151 -0.00014879

 
274.833 sec elapsed
Replications :  3 
           Time       Bias
qr           NA         NA
sqr.plug     NA         NA
sqr.boot     NA         NA
sgd.boot     NA         NA
sgd.rs       NA         NA
sgd.rs1s 150.28 -0.0001914

 
273.926 sec elapsed
Replications :  4 
           Time        Bias
qr           NA          NA
sqr.plug     NA          NA
sqr.boot     NA          NA
sgd.boot     NA          NA
sgd.rs       NA          NA
sgd.rs1s 150.22 -0.00045757

 
274.724 sec elapsed
Replications :  5 
           Time       Bias
qr           NA         NA
sqr.plug     NA         NA
sqr.boot     NA         NA
sgd.boot     NA         NA
sgd.rs       NA         NA
sgd.rs1s 150.63 0.00003568

 
275.514 sec elapsed
Replications :  6 
          Time       Bias
qr          NA         NA
sqr.plug    NA         NA
sqr.boot    NA         NA
sgd.boot    NA         NA
sgd.rs      NA         NA
sgd.rs1s 150.8 0.00047758

 
275.439 sec elapsed
Replications :  7 
           Time        Bias
qr           NA          NA
sqr.plug     NA          NA
sqr.boot     NA          NA
sgd.boot     NA          NA
sgd.rs       NA          NA
sgd.rs1s 150.69 -0.00016373

 
275.512 sec elapsed
Replications :  8 
           Time         Bias
qr           NA           NA
sqr.plug     NA           NA
sqr.boot     NA           NA
sgd.boot     NA           NA
sgd.rs       NA           NA
sgd.rs1s 150.71 -0.000071142

 
275.477 sec elapsed
Replications :  9 
           Time        Bias
qr           NA          NA
sqr.plug     NA          NA
sqr.boot     NA          NA
sgd.boot     NA          NA
sgd.rs       NA          NA
sgd.rs1s 150.38 -0.00021292

 
274.562 sec elapsed
Replications :  10 
           Time         Bias
qr           NA           NA
sqr.plug     NA           NA
sqr.boot     NA           NA
sgd.boot     NA           NA
sgd.rs       NA           NA
sgd.rs1s 150.66 -0.000089616

 
274.815 sec elapsed
