------------------------ 
Sample Size =  10000000 
dim of X    =  320 
# of rep    =  10 
------------------------ 
Replications :  1 
           Time       Bias
qr           NA         NA
sqr.plug     NA         NA
sqr.boot     NA         NA
sgd.boot     NA         NA
sgd.rs       NA         NA
sgd.rs1s 177.39 0.00082887

 
309.98 sec elapsed
Replications :  2 
           Time        Bias
qr           NA          NA
sqr.plug     NA          NA
sqr.boot     NA          NA
sgd.boot     NA          NA
sgd.rs       NA          NA
sgd.rs1s 176.94 -0.00029174

 
309.988 sec elapsed
Replications :  3 
           Time      Bias
qr           NA        NA
sqr.plug     NA        NA
sqr.boot     NA        NA
sgd.boot     NA        NA
sgd.rs       NA        NA
sgd.rs1s 176.48 0.0007478

 
308.832 sec elapsed
Replications :  4 
           Time        Bias
qr           NA          NA
sqr.plug     NA          NA
sqr.boot     NA          NA
sgd.boot     NA          NA
sgd.rs       NA          NA
sgd.rs1s 178.25 -0.00053544

 
308.502 sec elapsed
Replications :  5 
           Time        Bias
qr           NA          NA
sqr.plug     NA          NA
sqr.boot     NA          NA
sgd.boot     NA          NA
sgd.rs       NA          NA
sgd.rs1s 179.91 -0.00037352

 
313.61 sec elapsed
Replications :  6 
           Time          Bias
qr           NA            NA
sqr.plug     NA            NA
sqr.boot     NA            NA
sgd.boot     NA            NA
sgd.rs       NA            NA
sgd.rs1s 178.13 -0.0000028277

 
311.159 sec elapsed
Replications :  7 
           Time       Bias
qr           NA         NA
sqr.plug     NA         NA
sqr.boot     NA         NA
sgd.boot     NA         NA
sgd.rs       NA         NA
sgd.rs1s 174.65 0.00013609

 
307.279 sec elapsed
Replications :  8 
           Time        Bias
qr           NA          NA
sqr.plug     NA          NA
sqr.boot     NA          NA
sgd.boot     NA          NA
sgd.rs       NA          NA
sgd.rs1s 182.91 -0.00022985

 
315.273 sec elapsed
Replications :  9 
           Time      Bias
qr           NA        NA
sqr.plug     NA        NA
sqr.boot     NA        NA
sgd.boot     NA        NA
sgd.rs       NA        NA
sgd.rs1s 187.22 0.0011689

 
323.966 sec elapsed
Replications :  10 
           Time      Bias
qr           NA        NA
sqr.plug     NA        NA
sqr.boot     NA        NA
sgd.boot     NA        NA
sgd.rs       NA        NA
sgd.rs1s 185.67 0.0001983

 
322.675 sec elapsed
