------------------------ 
Sample Size =  10000000 
dim of X    =  320 
# of rep    =  10 
------------------------ 
Replications :  1 
             Time       Bias
qr             NA         NA
sqr.plug       NA         NA
sqr.boot       NA         NA
sgd.boot 15523.61 0.00010823
sgd.rs         NA         NA
sgd.rs1s   149.33 0.00070529

 
15805.607 sec elapsed
Replications :  2 
             Time        Bias
qr             NA          NA
sqr.plug       NA          NA
sqr.boot       NA          NA
sgd.boot 15120.49 -0.00047273
sgd.rs         NA          NA
sgd.rs1s   151.26  0.00015048

 
15396.066 sec elapsed
Replications :  3 
             Time        Bias
qr             NA          NA
sqr.plug       NA          NA
sqr.boot       NA          NA
sgd.boot 15502.76 -0.00046020
sgd.rs         NA          NA
sgd.rs1s   168.08 -0.00036734

 
15796.294 sec elapsed
Replications :  4 
             Time       Bias
qr             NA         NA
sqr.plug       NA         NA
sqr.boot       NA         NA
sgd.boot 15660.08 0.00045509
sgd.rs         NA         NA
sgd.rs1s   165.75 0.00050276

 
15956.123 sec elapsed
Replications :  5 
             Time        Bias
qr             NA          NA
sqr.plug       NA          NA
sqr.boot       NA          NA
sgd.boot 15349.14 0.000040680
sgd.rs         NA          NA
sgd.rs1s   150.22 0.000033827

 
15628.178 sec elapsed
Replications :  6 
             Time        Bias
qr             NA          NA
sqr.plug       NA          NA
sqr.boot       NA          NA
sgd.boot 15095.80 -0.00036211
sgd.rs         NA          NA
sgd.rs1s   150.01 -0.00035234

 
15370.551 sec elapsed
Replications :  7 
             Time         Bias
qr             NA           NA
sqr.plug       NA           NA
sqr.boot       NA           NA
sgd.boot 15064.30 -0.000289986
sgd.rs         NA           NA
sgd.rs1s   163.63  0.000016061

 
15352.914 sec elapsed
Replications :  8 
             Time       Bias
qr             NA         NA
sqr.plug       NA         NA
sqr.boot       NA         NA
sgd.boot 15113.03 -0.0011681
sgd.rs         NA         NA
sgd.rs1s   150.23 -0.0005036

 
15395.939 sec elapsed
Replications :  9 
             Time       Bias
qr             NA         NA
sqr.plug       NA         NA
sqr.boot       NA         NA
sgd.boot 15088.11 0.00049566
sgd.rs         NA         NA
sgd.rs1s   150.15 0.00062604

 
15363.429 sec elapsed
Replications :  10 
             Time        Bias
qr             NA          NA
sqr.plug       NA          NA
sqr.boot       NA          NA
sgd.boot 15095.88 -0.00061466
sgd.rs         NA          NA
sgd.rs1s   150.21 -0.00068297

 
15371.094 sec elapsed
