------------------------ 
Sample Size =  10000000 
dim of X    =  320 
# of rep    =  10 
------------------------ 
Replications :  1 
             Time        Bias
qr             NA          NA
sqr.plug       NA          NA
sqr.boot       NA          NA
sgd.boot 14653.83 -0.00027179
sgd.rs         NA          NA
sgd.rs1s   153.87 -0.00033928

 
14931.681 sec elapsed
Replications :  2 
             Time        Bias
qr             NA          NA
sqr.plug       NA          NA
sqr.boot       NA          NA
sgd.boot 14728.33 -0.00020402
sgd.rs         NA          NA
sgd.rs1s   153.88  0.00020002

 
15004.961 sec elapsed
Replications :  3 
             Time        Bias
qr             NA          NA
sqr.plug       NA          NA
sqr.boot       NA          NA
sgd.boot 14700.80 -0.00068834
sgd.rs         NA          NA
sgd.rs1s   153.94 -0.00021859

 
14977.585 sec elapsed
Replications :  4 
             Time        Bias
qr             NA          NA
sqr.plug       NA          NA
sqr.boot       NA          NA
sgd.boot 14680.10 -0.00036082
sgd.rs         NA          NA
sgd.rs1s   153.97 -0.00056245

 
14956.81 sec elapsed
Replications :  5 
             Time       Bias
qr             NA         NA
sqr.plug       NA         NA
sqr.boot       NA         NA
sgd.boot 14727.10 0.00041998
sgd.rs         NA         NA
sgd.rs1s   153.95 0.00146672

 
15003.731 sec elapsed
Replications :  6 
             Time        Bias
qr             NA          NA
sqr.plug       NA          NA
sqr.boot       NA          NA
sgd.boot 14649.26 -0.00041814
sgd.rs         NA          NA
sgd.rs1s   153.88 -0.00047650

 
14925.936 sec elapsed
Replications :  7 
             Time        Bias
qr             NA          NA
sqr.plug       NA          NA
sqr.boot       NA          NA
sgd.boot 14674.19 -0.00021266
sgd.rs         NA          NA
sgd.rs1s   153.74 -0.00050301

 
14950.82 sec elapsed
Replications :  8 
             Time        Bias
qr             NA          NA
sqr.plug       NA          NA
sqr.boot       NA          NA
sgd.boot 14703.96 -0.00012452
sgd.rs         NA          NA
sgd.rs1s   153.91  0.00015071

 
14980.632 sec elapsed
Replications :  9 
             Time         Bias
qr             NA           NA
sqr.plug       NA           NA
sqr.boot       NA           NA
sgd.boot 14657.77 -0.000248663
sgd.rs         NA           NA
sgd.rs1s   153.75 -0.000075243

 
14934.306 sec elapsed
Replications :  10 
             Time        Bias
qr             NA          NA
sqr.plug       NA          NA
sqr.boot       NA          NA
sgd.boot 14641.87 -0.00031758
sgd.rs         NA          NA
sgd.rs1s   153.81  0.00022220

 
14918.336 sec elapsed
