------------------------ 
Sample Size =  10000000 
dim of X    =  320 
# of rep    =  10 
------------------------ 
Replications :  1 
             Time        Bias
qr             NA          NA
sqr.plug       NA          NA
sqr.boot       NA          NA
sgd.boot 23518.59 0.000062299
sgd.rs         NA          NA
sgd.rs1s   163.85 0.000630238

 
23853.194 sec elapsed
Replications :  2 
             Time       Bias
qr             NA         NA
sqr.plug       NA         NA
sqr.boot       NA         NA
sgd.boot 15511.31 0.00060796
sgd.rs         NA         NA
sgd.rs1s   191.36 0.00068576

 
15832.709 sec elapsed
Replications :  3 
             Time        Bias
qr             NA          NA
sqr.plug       NA          NA
sqr.boot       NA          NA
sgd.boot 17886.42 -0.00026432
sgd.rs         NA          NA
sgd.rs1s   200.73 -0.00029596

 
18232.475 sec elapsed
Replications :  4 
             Time        Bias
qr             NA          NA
sqr.plug       NA          NA
sqr.boot       NA          NA
sgd.boot 17707.76 -0.00022104
sgd.rs         NA          NA
sgd.rs1s   209.56  0.00014380

 
18061.234 sec elapsed
Replications :  5 
             Time       Bias
qr             NA         NA
sqr.plug       NA         NA
sqr.boot       NA         NA
sgd.boot 17276.10 0.00021404
sgd.rs         NA         NA
sgd.rs1s   190.28 0.00071947

 
17610.4 sec elapsed
Replications :  6 
             Time        Bias
qr             NA          NA
sqr.plug       NA          NA
sqr.boot       NA          NA
sgd.boot 17809.42 -0.00053124
sgd.rs         NA          NA
sgd.rs1s   233.08 -0.00038237

 
18184.571 sec elapsed
Replications :  7 
             Time       Bias
qr             NA         NA
sqr.plug       NA         NA
sqr.boot       NA         NA
sgd.boot 18997.62 0.00025119
sgd.rs         NA         NA
sgd.rs1s   183.03 0.00046056

 
19320.524 sec elapsed
Replications :  8 
             Time        Bias
qr             NA          NA
sqr.plug       NA          NA
sqr.boot       NA          NA
sgd.boot 15192.31 -0.00061907
sgd.rs         NA          NA
sgd.rs1s   182.24 -0.00021390

 
15508.724 sec elapsed
Replications :  9 
             Time        Bias
qr             NA          NA
sqr.plug       NA          NA
sqr.boot       NA          NA
sgd.boot 15203.93 -0.00031523
sgd.rs         NA          NA
sgd.rs1s   167.08 -0.00035783

 
15508.405 sec elapsed
Replications :  10 
             Time         Bias
qr             NA           NA
sqr.plug       NA           NA
sqr.boot       NA           NA
sgd.boot 15258.34  0.000111954
sgd.rs         NA           NA
sgd.rs1s   154.98 -0.000014595

 
15546.813 sec elapsed
