------------------------ 
Sample Size =  10000000 
dim of X    =  320 
# of rep    =  10 
------------------------ 
Replications :  1 
             Time        Bias
qr             NA          NA
sqr.plug       NA          NA
sqr.boot       NA          NA
sgd.boot 14960.34 -0.00100938
sgd.rs         NA          NA
sgd.rs1s   155.39 -0.00037508

 
15238.737 sec elapsed
Replications :  2 
             Time       Bias
qr             NA         NA
sqr.plug       NA         NA
sqr.boot       NA         NA
sgd.boot 14662.72 0.00035945
sgd.rs         NA         NA
sgd.rs1s   153.05 0.00046005

 
14940.019 sec elapsed
Replications :  3 
             Time        Bias
qr             NA          NA
sqr.plug       NA          NA
sqr.boot       NA          NA
sgd.boot 15411.19 -0.00047051
sgd.rs         NA          NA
sgd.rs1s   176.48 -0.00051610

 
15710.886 sec elapsed
Replications :  4 
             Time         Bias
qr             NA           NA
sqr.plug       NA           NA
sqr.boot       NA           NA
sgd.boot 16704.03 -0.000165306
sgd.rs         NA           NA
sgd.rs1s   166.96  0.000059766

 
17001.108 sec elapsed
Replications :  5 
             Time        Bias
qr             NA          NA
sqr.plug       NA          NA
sqr.boot       NA          NA
sgd.boot 16303.91 -0.00120196
sgd.rs         NA          NA
sgd.rs1s   162.83 -0.00027952

 
16593.996 sec elapsed
Replications :  6 
             Time         Bias
qr             NA           NA
sqr.plug       NA           NA
sqr.boot       NA           NA
sgd.boot 15967.88 -0.000263089
sgd.rs         NA           NA
sgd.rs1s   160.65  0.000015924

 
16256.271 sec elapsed
Replications :  7 
             Time         Bias
qr             NA           NA
sqr.plug       NA           NA
sqr.boot       NA           NA
sgd.boot 15280.58 -0.000085335
sgd.rs         NA           NA
sgd.rs1s   158.69  0.000087268

 
15564.908 sec elapsed
Replications :  8 
             Time        Bias
qr             NA          NA
sqr.plug       NA          NA
sqr.boot       NA          NA
sgd.boot 15068.02 -0.00040261
sgd.rs         NA          NA
sgd.rs1s   156.56 -0.00023290

 
15349.822 sec elapsed
Replications :  9 
             Time       Bias
qr             NA         NA
sqr.plug       NA         NA
sqr.boot       NA         NA
sgd.boot 14625.23 0.00014262
sgd.rs         NA         NA
sgd.rs1s   152.02 0.00075413

 
14901.883 sec elapsed
Replications :  10 
             Time        Bias
qr             NA          NA
sqr.plug       NA          NA
sqr.boot       NA          NA
sgd.boot 14636.13 -0.00026024
sgd.rs         NA          NA
sgd.rs1s   151.12  0.00046381

 
14910.665 sec elapsed
