------------------------ 
Sample Size =  10000000 
dim of X    =  320 
# of rep    =  10 
------------------------ 
Replications :  1 
             Time        Bias
qr             NA          NA
sqr.plug       NA          NA
sqr.boot       NA          NA
sgd.boot 14926.34 -0.00055324
sgd.rs         NA          NA
sgd.rs1s   165.69 -0.00011721

 
15227.368 sec elapsed
Replications :  2 
             Time       Bias
qr             NA         NA
sqr.plug       NA         NA
sqr.boot       NA         NA
sgd.boot 14780.72 0.00014888
sgd.rs         NA         NA
sgd.rs1s   163.53 0.00032271

 
47039.447 sec elapsed
Replications :  3 
             Time       Bias
qr             NA         NA
sqr.plug       NA         NA
sqr.boot       NA         NA
sgd.boot 14879.14 0.00046250
sgd.rs         NA         NA
sgd.rs1s   164.46 0.00033855

 
15170.568 sec elapsed
Replications :  4 
             Time        Bias
qr             NA          NA
sqr.plug       NA          NA
sqr.boot       NA          NA
sgd.boot 14771.77 -0.00040686
sgd.rs         NA          NA
sgd.rs1s   165.22 -0.00031674

 
15067.594 sec elapsed
Replications :  5 
             Time        Bias
qr             NA          NA
sqr.plug       NA          NA
sqr.boot       NA          NA
sgd.boot 14822.03 -0.00087251
sgd.rs         NA          NA
sgd.rs1s   165.24 -0.00038501

 
15117.478 sec elapsed
Replications :  6 
             Time         Bias
qr             NA           NA
sqr.plug       NA           NA
sqr.boot       NA           NA
sgd.boot 14809.70 -0.000309441
sgd.rs         NA           NA
sgd.rs1s   151.58 -0.000031483

 
15091.265 sec elapsed
Replications :  7 
             Time        Bias
qr             NA          NA
sqr.plug       NA          NA
sqr.boot       NA          NA
sgd.boot 14767.62 -0.00022361
sgd.rs         NA          NA
sgd.rs1s   153.22  0.00055737

 
15046.672 sec elapsed
Replications :  8 
             Time          Bias
qr             NA            NA
sqr.plug       NA            NA
sqr.boot       NA            NA
sgd.boot 14771.38 -0.0000025661
sgd.rs         NA            NA
sgd.rs1s   150.86  0.0002473076

 
15047.916 sec elapsed
Replications :  9 
             Time        Bias
qr             NA          NA
sqr.plug       NA          NA
sqr.boot       NA          NA
sgd.boot 14755.35 -0.00084794
sgd.rs         NA          NA
sgd.rs1s   152.11 -0.00016348

 
15032.328 sec elapsed
Replications :  10 
             Time        Bias
qr             NA          NA
sqr.plug       NA          NA
sqr.boot       NA          NA
sgd.boot 14792.90 -0.00110562
sgd.rs         NA          NA
sgd.rs1s   152.21 -0.00048019

 
15070.432 sec elapsed
