------------------------ 
Sample Size =  10000000 
dim of X    =  320 
# of rep    =  10 
------------------------ 
Replications :  1 
             Time        Bias
qr             NA          NA
sqr.plug       NA          NA
sqr.boot       NA          NA
sgd.boot 15798.80 -0.00086482
sgd.rs         NA          NA
sgd.rs1s   174.73 -0.00045050

 
16111.725 sec elapsed
Replications :  2 
             Time         Bias
qr             NA           NA
sqr.plug       NA           NA
sqr.boot       NA           NA
sgd.boot 14926.37 -0.000050149
sgd.rs         NA           NA
sgd.rs1s   168.06  0.000153063

 
15223.741 sec elapsed
Replications :  3 
             Time        Bias
qr             NA          NA
sqr.plug       NA          NA
sqr.boot       NA          NA
sgd.boot 15638.99 -0.00032622
sgd.rs         NA          NA
sgd.rs1s   160.27 -0.00028068

 
53215.987 sec elapsed
Replications :  4 
             Time        Bias
qr             NA          NA
sqr.plug       NA          NA
sqr.boot       NA          NA
sgd.boot 15641.09 -0.00066757
sgd.rs         NA          NA
sgd.rs1s   178.56 -0.00063388

 
15949.005 sec elapsed
Replications :  5 
             Time         Bias
qr             NA           NA
sqr.plug       NA           NA
sqr.boot       NA           NA
sgd.boot 15159.73 -0.000074991
sgd.rs         NA           NA
sgd.rs1s   233.98 -0.000048397

 
15526.28 sec elapsed
Replications :  6 
             Time        Bias
qr             NA          NA
sqr.plug       NA          NA
sqr.boot       NA          NA
sgd.boot 15684.26 -0.00011266
sgd.rs         NA          NA
sgd.rs1s   227.81  0.00038972

 
16053.258 sec elapsed
Replications :  7 
             Time         Bias
qr             NA           NA
sqr.plug       NA           NA
sqr.boot       NA           NA
sgd.boot 15691.61  0.000071946
sgd.rs         NA           NA
sgd.rs1s   212.85 -0.000273557

 
16044.976 sec elapsed
Replications :  8 
             Time        Bias
qr             NA          NA
sqr.plug       NA          NA
sqr.boot       NA          NA
sgd.boot 15154.17 -0.00045684
sgd.rs         NA          NA
sgd.rs1s   178.66 -0.00054046

 
15480.619 sec elapsed
Replications :  9 
             Time       Bias
qr             NA         NA
sqr.plug       NA         NA
sqr.boot       NA         NA
sgd.boot 15457.79 0.00051042
sgd.rs         NA         NA
sgd.rs1s   167.86 0.00021383

 
15761.047 sec elapsed
Replications :  10 
            Time        Bias
qr            NA          NA
sqr.plug      NA          NA
sqr.boot      NA          NA
sgd.boot 14939.8 0.000012548
sgd.rs        NA          NA
sgd.rs1s   157.8 0.000032236

 
15233.658 sec elapsed
