------------------------ 
Sample Size =  10000000 
dim of X    =  320 
# of rep    =  10 
------------------------ 
Replications :  1 
             Time       Bias
qr             NA         NA
sqr.plug       NA         NA
sqr.boot       NA         NA
sgd.boot 16962.26 0.00047742
sgd.rs         NA         NA
sgd.rs1s   167.22 0.00061949

 
17258.675 sec elapsed
Replications :  2 
             Time          Bias
qr             NA            NA
sqr.plug       NA            NA
sqr.boot       NA            NA
sgd.boot 18476.44 -0.0000056093
sgd.rs         NA            NA
sgd.rs1s   180.82  0.0006775425

 
18786.31 sec elapsed
Replications :  3 
             Time        Bias
qr             NA          NA
sqr.plug       NA          NA
sqr.boot       NA          NA
sgd.boot 19069.29 -0.00010737
sgd.rs         NA          NA
sgd.rs1s   215.09  0.00058737

 
48506.816 sec elapsed
Replications :  4 
             Time         Bias
qr             NA           NA
sqr.plug       NA           NA
sqr.boot       NA           NA
sgd.boot 20576.77 -0.000428786
sgd.rs         NA           NA
sgd.rs1s   223.28 -0.000098651

 
20940.316 sec elapsed
Replications :  5 
             Time        Bias
qr             NA          NA
sqr.plug       NA          NA
sqr.boot       NA          NA
sgd.boot 21128.29 -0.00057480
sgd.rs         NA          NA
sgd.rs1s   210.36 -0.00010022

 
21482.693 sec elapsed
Replications :  6 
            Time         Bias
qr            NA           NA
sqr.plug      NA           NA
sqr.boot      NA           NA
sgd.boot 18094.1 -0.000168278
sgd.rs        NA           NA
sgd.rs1s   185.4 -0.000070187

 
18418.238 sec elapsed
Replications :  7 
            Time        Bias
qr            NA          NA
sqr.plug      NA          NA
sqr.boot      NA          NA
sgd.boot 19886.2 -0.00043357
sgd.rs        NA          NA
sgd.rs1s   183.9 -0.00011832

 
20204.301 sec elapsed
Replications :  8 
             Time        Bias
qr             NA          NA
sqr.plug       NA          NA
sqr.boot       NA          NA
sgd.boot 17193.35 -0.00014487
sgd.rs         NA          NA
sgd.rs1s   171.25  0.00012752

 
17497.226 sec elapsed
Replications :  9 
             Time        Bias
qr             NA          NA
sqr.plug       NA          NA
sqr.boot       NA          NA
sgd.boot 15240.19 -0.00020943
sgd.rs         NA          NA
sgd.rs1s   216.02  0.00039805

 
15590.264 sec elapsed
Replications :  10 
             Time        Bias
qr             NA          NA
sqr.plug       NA          NA
sqr.boot       NA          NA
sgd.boot 16954.98 -0.00018259
sgd.rs         NA          NA
sgd.rs1s   170.47  0.00076501

 
17272.044 sec elapsed
