------------------------ 
Sample Size =  1000000 
dim of X    =  10 
# of rep    =  10 
------------------------ 
Replications :  1 
              Time       Bias
qr         6.85193 -0.0016664
sqr.plug        NA         NA
sqr.boot 228.27452 -0.0015070
sgd.boot 158.10338 -0.0011176
sgd.rs     1.74835 -0.0011221
sgd.rs1s   0.77078 -0.0011221

 
398.124 sec elapsed
Replications :  2 
              Time       Bias
qr         7.31064 -0.0011111
sqr.plug        NA         NA
sqr.boot 225.61364 -0.0012355
sgd.boot 158.20480 -0.0015772
sgd.rs     1.77579 -0.0015114
sgd.rs1s   0.78907 -0.0015114

 
395.552 sec elapsed
Replications :  3 
              Time       Bias
qr         5.81866 0.00040566
sqr.plug        NA         NA
sqr.boot 218.86438 0.00053065
sgd.boot 157.58775 0.00051417
sgd.rs     1.72290 0.00096372
sgd.rs1s   0.75069 0.00096372

 
386.611 sec elapsed
Replications :  4 
             Time        Bias
qr         7.4119 -0.00038594
sqr.plug       NA          NA
sqr.boot 218.5341 -0.00035077
sgd.boot 157.6183  0.00006894
sgd.rs     1.6201 -0.00035801
sgd.rs1s   0.7504 -0.00035801

 
387.807 sec elapsed
Replications :  5 
              Time       Bias
qr         6.51247 0.00040837
sqr.plug        NA         NA
sqr.boot 217.77260 0.00035203
sgd.boot 157.77893 0.00057596
sgd.rs     1.62553 0.00073117
sgd.rs1s   0.75772 0.00073117

 
386.28 sec elapsed
Replications :  6 
             Time        Bias
qr         6.4974  0.00027705
sqr.plug       NA          NA
sqr.boot 218.2078  0.00022668
sgd.boot 158.3491 -0.00018460
sgd.rs     1.6265  0.00042463
sgd.rs1s   0.7526  0.00042463

 
387.28 sec elapsed
Replications :  7 
              Time        Bias
qr         6.30064 -0.00042445
sqr.plug        NA          NA
sqr.boot 218.04201 -0.00022523
sgd.boot 157.80814 -0.00073306
sgd.rs     1.62627  0.00022756
sgd.rs1s   0.75636  0.00022756

 
386.394 sec elapsed
Replications :  8 
              Time       Bias
qr         6.48212 -0.0014520
sqr.plug        NA         NA
sqr.boot 218.15530 -0.0015685
sgd.boot 157.93379 -0.0016867
sgd.rs     1.62767 -0.0017649
sgd.rs1s   0.75385 -0.0017649

 
386.772 sec elapsed
Replications :  9 
             Time      Bias
qr         5.8569 0.0012076
sqr.plug       NA        NA
sqr.boot 217.8997 0.0013338
sgd.boot 157.0053 0.0015654
sgd.rs     1.6421 0.0010673
sgd.rs1s   0.7434 0.0010673

 
384.886 sec elapsed
Replications :  10 
             Time      Bias
qr         6.2463 0.0024482
sqr.plug       NA        NA
sqr.boot 217.9456 0.0021711
sgd.boot 156.9027 0.0019411
sgd.rs     1.6075 0.0024585
sgd.rs1s   0.7358 0.0024585

 
385.135 sec elapsed
