------------------------ 
Sample Size =  1000000 
dim of X    =  10 
# of rep    =  10 
------------------------ 
Replications :  1 
              Time        Bias
qr         7.57641 -0.00025643
sqr.plug        NA          NA
sqr.boot 230.91263 -0.00030219
sgd.boot 163.59240 -0.00079356
sgd.rs     1.67150 -0.00062416
sgd.rs1s   0.73457 -0.00062416

 
406.882 sec elapsed
Replications :  2 
              Time        Bias
qr         6.58122 -0.00062087
sqr.plug        NA          NA
sqr.boot 215.55048 -0.00038856
sgd.boot 163.21452 -0.00083473
sgd.rs     1.64533 -0.00098117
sgd.rs1s   0.73289 -0.00098117

 
389.592 sec elapsed
Replications :  3 
              Time          Bias
qr         5.75145 -0.0000991088
sqr.plug        NA            NA
sqr.boot 215.52017 -0.0000084758
sgd.boot 163.47410 -0.0001324187
sgd.rs     1.63052 -0.0001029124
sgd.rs1s   0.74209 -0.0001029124

 
388.893 sec elapsed
Replications :  4 
              Time       Bias
qr         6.51736 0.00054224
sqr.plug        NA         NA
sqr.boot 206.14140 0.00068799
sgd.boot 163.23396 0.00053742
sgd.rs     1.70088 0.00042334
sgd.rs1s   0.74091 0.00042334

 
380.142 sec elapsed
Replications :  5 
              Time      Bias
qr         6.67067 0.0027892
sqr.plug        NA        NA
sqr.boot 206.46866 0.0026261
sgd.boot 163.40367 0.0026369
sgd.rs     1.61972 0.0022027
sgd.rs1s   0.73162 0.0022027

 
380.724 sec elapsed
Replications :  6 
              Time      Bias
qr         5.65163 0.0020871
sqr.plug        NA        NA
sqr.boot 205.85569 0.0015638
sgd.boot 163.11270 0.0018162
sgd.rs     1.61652 0.0013172
sgd.rs1s   0.73793 0.0013172

 
378.72 sec elapsed
Replications :  7 
              Time       Bias
qr         5.92296 -0.0012424
sqr.plug        NA         NA
sqr.boot 204.80674 -0.0013807
sgd.boot 162.28472 -0.0013070
sgd.rs     1.57541 -0.0015701
sgd.rs1s   0.71546 -0.0015701

 
377.009 sec elapsed
Replications :  8 
              Time        Bias
qr         5.75829 -0.00061890
sqr.plug        NA          NA
sqr.boot 204.52082 -0.00047442
sgd.boot 162.16215 -0.00042747
sgd.rs     1.63879 -0.00021756
sgd.rs1s   0.72912 -0.00021756

 
376.509 sec elapsed
Replications :  9 
              Time       Bias
qr         6.32577 0.00093216
sqr.plug        NA         NA
sqr.boot 204.38922 0.00092452
sgd.boot 161.97224 0.00082936
sgd.rs     1.57907 0.00083044
sgd.rs1s   0.71206 0.00083044

 
376.662 sec elapsed
Replications :  10 
              Time        Bias
qr         5.30708  0.00028410
sqr.plug        NA          NA
sqr.boot 204.54765  0.00014196
sgd.boot 161.87415  0.00035925
sgd.rs     1.59304 -0.00012507
sgd.rs1s   0.69995 -0.00012507

 
375.676 sec elapsed
