------------------------ 
Sample Size =  1000000 
dim of X    =  10 
# of rep    =  10 
------------------------ 
Replications :  1 
              Time       Bias
qr         7.56445 0.00116367
sqr.plug        NA         NA
sqr.boot 231.23067 0.00105885
sgd.boot 158.62717 0.00134649
sgd.rs     1.66994 0.00011202
sgd.rs1s   0.73814 0.00011202

 
402.245 sec elapsed
Replications :  2 
              Time        Bias
qr         7.27196 -0.00031303
sqr.plug        NA          NA
sqr.boot 215.31230 -0.00015226
sgd.boot 158.10993  0.00026728
sgd.rs     1.61820 -0.00015307
sgd.rs1s   0.72985 -0.00015307

 
384.855 sec elapsed
Replications :  3 
              Time        Bias
qr         5.11135 -0.00036000
sqr.plug        NA          NA
sqr.boot 215.11422 -0.00068292
sgd.boot 158.46154 -0.00064129
sgd.rs     1.73852 -0.00063810
sgd.rs1s   0.76627 -0.00063810

 
383.03 sec elapsed
Replications :  4 
              Time       Bias
qr         5.92432 0.00105434
sqr.plug        NA         NA
sqr.boot 215.27541 0.00113584
sgd.boot 158.25597 0.00069792
sgd.rs     1.61415 0.00086908
sgd.rs1s   0.73203 0.00086908

 
383.622 sec elapsed
Replications :  5 
              Time       Bias
qr         5.99706 0.00089860
sqr.plug        NA         NA
sqr.boot 205.27619 0.00066864
sgd.boot 158.56469 0.00068050
sgd.rs     1.60393 0.00105867
sgd.rs1s   0.72019 0.00105867

 
373.976 sec elapsed
Replications :  6 
             Time       Bias
qr         5.6588 0.00101958
sqr.plug       NA         NA
sqr.boot 204.9293 0.00102177
sgd.boot 158.2082 0.00113296
sgd.rs     1.6074 0.00056339
sgd.rs1s   0.7241 0.00056339

 
372.898 sec elapsed
Replications :  7 
              Time        Bias
qr         5.94984 -0.00051387
sqr.plug        NA          NA
sqr.boot 215.75581 -0.00063102
sgd.boot 158.31905 -0.00083379
sgd.rs     1.69847 -0.00081520
sgd.rs1s   0.73933 -0.00081520

 
384.324 sec elapsed
Replications :  8 
              Time        Bias
qr         6.26827 -0.00071329
sqr.plug        NA          NA
sqr.boot 204.79326 -0.00069582
sgd.boot 158.16661 -0.00087560
sgd.rs     1.68577 -0.00085276
sgd.rs1s   0.73274 -0.00085276

 
373.413 sec elapsed
Replications :  9 
              Time       Bias
qr         5.89575 0.00063974
sqr.plug        NA         NA
sqr.boot 204.62401 0.00083439
sgd.boot 158.44981 0.00075102
sgd.rs     1.68049 0.00061985
sgd.rs1s   0.70572 0.00061985

 
373.128 sec elapsed
Replications :  10 
              Time        Bias
qr         5.46736 -0.00078887
sqr.plug        NA          NA
sqr.boot 203.75087 -0.00120011
sgd.boot 158.21154 -0.00113785
sgd.rs     1.66318 -0.00076317
sgd.rs1s   0.71799 -0.00076317

 
371.554 sec elapsed
