------------------------ 
Sample Size =  1000000 
dim of X    =  10 
# of rep    =  10 
------------------------ 
Replications :  1 
              Time      Bias
qr         7.23553 0.0041408
sqr.plug        NA        NA
sqr.boot 222.97792 0.0038319
sgd.boot 158.23436 0.0036484
sgd.rs     1.60597 0.0034205
sgd.rs1s   0.75415 0.0034205

 
393.128 sec elapsed
Replications :  2 
              Time        Bias
qr         5.41980 -0.00079882
sqr.plug        NA          NA
sqr.boot 205.28011 -0.00087089
sgd.boot 157.87812 -0.00131008
sgd.rs     1.58263 -0.00117305
sgd.rs1s   0.71491 -0.00117305

 
372.625 sec elapsed
Replications :  3 
              Time      Bias
qr         5.97565 0.0014833
sqr.plug        NA        NA
sqr.boot 204.68125 0.0014918
sgd.boot 158.17933 0.0014796
sgd.rs     1.68841 0.0015396
sgd.rs1s   0.70563 0.0015396

 
373.034 sec elapsed
Replications :  4 
              Time       Bias
qr         5.50147 0.00037788
sqr.plug        NA         NA
sqr.boot 204.76426 0.00027705
sgd.boot 157.92853 0.00016505
sgd.rs     1.58809 0.00021729
sgd.rs1s   0.71968 0.00021729

 
372.289 sec elapsed
Replications :  5 
             Time        Bias
qr         6.0573 -0.00094851
sqr.plug       NA          NA
sqr.boot 213.6000 -0.00084023
sgd.boot 157.8468 -0.00069650
sgd.rs     1.6591 -0.00043306
sgd.rs1s   0.7177 -0.00043306

 
381.655 sec elapsed
Replications :  6 
              Time      Bias
qr         6.21303 0.0028351
sqr.plug        NA        NA
sqr.boot 204.33865 0.0027166
sgd.boot 156.83885 0.0027749
sgd.rs     1.57690 0.0020500
sgd.rs1s   0.71762 0.0020500

 
371.347 sec elapsed
Replications :  7 
              Time       Bias
qr         5.60433 0.00088193
sqr.plug        NA         NA
sqr.boot 202.57809 0.00071875
sgd.boot 157.16424 0.00004193
sgd.rs     1.60464 0.00019710
sgd.rs1s   0.70156 0.00019710

 
369.339 sec elapsed
Replications :  8 
              Time        Bias
qr         5.87027 -0.00119331
sqr.plug        NA          NA
sqr.boot 201.54246 -0.00116961
sgd.boot 156.92694 -0.00079063
sgd.rs     1.58027 -0.00096728
sgd.rs1s   0.72589 -0.00096728

 
368.253 sec elapsed
Replications :  9 
              Time        Bias
qr         5.97520 -0.00017291
sqr.plug        NA          NA
sqr.boot 200.89348 -0.00022184
sgd.boot 157.66224  0.00016889
sgd.rs     1.66539 -0.00076055
sgd.rs1s   0.70569 -0.00076055

 
368.544 sec elapsed
Replications :  10 
              Time       Bias
qr         5.42222 0.00062087
sqr.plug        NA         NA
sqr.boot 209.29361 0.00045310
sgd.boot 157.01518 0.00033163
sgd.rs     1.57900 0.00030425
sgd.rs1s   0.72772 0.00030425

 
375.671 sec elapsed
