------------------------ 
Sample Size =  1000000 
dim of X    =  10 
# of rep    =  10 
------------------------ 
Replications :  1 
              Time       Bias
qr         6.73707 0.00077902
sqr.plug        NA         NA
sqr.boot 221.90956 0.00073967
sgd.boot 158.03429 0.00110954
sgd.rs     1.71060 0.00116532
sgd.rs1s   0.75114 0.00116532

 
391.466 sec elapsed
Replications :  2 
              Time         Bias
qr         5.92947  0.000097387
sqr.plug        NA           NA
sqr.boot 214.09004 -0.000083549
sgd.boot 157.38237 -0.000055894
sgd.rs     1.61499 -0.000693806
sgd.rs1s   0.75782 -0.000693806

 
381.57 sec elapsed
Replications :  3 
              Time        Bias
qr         6.13984 -0.00075223
sqr.plug        NA          NA
sqr.boot 204.32275 -0.00080877
sgd.boot 157.10178 -0.00115898
sgd.rs     1.68248 -0.00083314
sgd.rs1s   0.71662 -0.00083314

 
371.77 sec elapsed
Replications :  4 
              Time      Bias
qr         5.29442 0.0022770
sqr.plug        NA        NA
sqr.boot 221.98388 0.0023903
sgd.boot 157.33009 0.0021172
sgd.rs     1.58749 0.0021481
sgd.rs1s   0.71499 0.0021481

 
388.683 sec elapsed
Replications :  5 
              Time       Bias
qr         6.85272 -0.0015135
sqr.plug        NA         NA
sqr.boot 217.59690 -0.0014977
sgd.boot 157.27329 -0.0017477
sgd.rs     1.67815 -0.0012600
sgd.rs1s   0.72851 -0.0012600

 
385.962 sec elapsed
Replications :  6 
             Time       Bias
qr         6.8460 -0.0010694
sqr.plug       NA         NA
sqr.boot 213.5761 -0.0011700
sgd.boot 156.8897 -0.0011354
sgd.rs     1.6004 -0.0012757
sgd.rs1s   0.7331 -0.0012757

 
381.427 sec elapsed
Replications :  7 
              Time       Bias
qr         6.13356 0.00096734
sqr.plug        NA         NA
sqr.boot 213.42659 0.00062997
sgd.boot 157.06865 0.00116204
sgd.rs     1.72939 0.00023692
sgd.rs1s   0.73499 0.00023692

 
380.828 sec elapsed
Replications :  8 
              Time         Bias
qr         6.35584  0.000398030
sqr.plug        NA           NA
sqr.boot 216.76534  0.000275374
sgd.boot 157.28640 -0.000012804
sgd.rs     1.60585  0.000086018
sgd.rs1s   0.73188  0.000086018

 
384.524 sec elapsed
Replications :  9 
              Time       Bias
qr         5.43596 -0.0025174
sqr.plug        NA         NA
sqr.boot 220.65139 -0.0027251
sgd.boot 157.12332 -0.0026049
sgd.rs     1.59966 -0.0028571
sgd.rs1s   0.73027 -0.0028571

 
387.313 sec elapsed
Replications :  10 
              Time       Bias
qr         6.57467 0.00118888
sqr.plug        NA         NA
sqr.boot 217.69091 0.00140212
sgd.boot 157.11426 0.00134586
sgd.rs     1.58288 0.00093267
sgd.rs1s   0.70725 0.00093267

 
385.378 sec elapsed
