------------------------ 
Sample Size =  1000000 
dim of X    =  10 
# of rep    =  10 
------------------------ 
Replications :  1 
              Time        Bias
qr         8.26853 -0.00107948
sqr.plug        NA          NA
sqr.boot 265.63445 -0.00106114
sgd.boot 157.77969 -0.00062984
sgd.rs     1.69461 -0.00129924
sgd.rs1s   0.76248 -0.00129924

 
436.753 sec elapsed
Replications :  2 
              Time       Bias
qr         6.41566 0.00014550
sqr.plug        NA         NA
sqr.boot 249.05476 0.00029210
sgd.boot 158.89572 0.00054102
sgd.rs     1.65967 0.00042646
sgd.rs1s   0.72031 0.00042646

 
418.613 sec elapsed
Replications :  3 
              Time        Bias
qr         5.57681 -0.00016391
sqr.plug        NA          NA
sqr.boot 246.84286 -0.00029600
sgd.boot 158.92192 -0.00048351
sgd.rs     1.76548 -0.00028359
sgd.rs1s   0.71242 -0.00028359

 
415.691 sec elapsed
Replications :  4 
              Time       Bias
qr         6.86173 0.00057837
sqr.plug        NA         NA
sqr.boot 255.13664 0.00041195
sgd.boot 157.98649 0.00018882
sgd.rs     1.66510 0.00037523
sgd.rs1s   0.72199 0.00037523

 
424.211 sec elapsed
Replications :  5 
              Time       Bias
qr         6.08133 -0.0025337
sqr.plug        NA         NA
sqr.boot 249.46391 -0.0025302
sgd.boot 157.62669 -0.0027360
sgd.rs     1.66508 -0.0028550
sgd.rs1s   0.73259 -0.0028550

 
417.313 sec elapsed
Replications :  6 
              Time       Bias
qr         5.85944 -0.0023240
sqr.plug        NA         NA
sqr.boot 239.77671 -0.0022659
sgd.boot 157.74250 -0.0022486
sgd.rs     1.64705 -0.0020041
sgd.rs1s   0.72149 -0.0020041

 
407.462 sec elapsed
Replications :  7 
              Time        Bias
qr         5.48222 -0.00015438
sqr.plug        NA          NA
sqr.boot 234.66301 -0.00014112
sgd.boot 158.87507  0.00007456
sgd.rs     1.70004 -0.00020435
sgd.rs1s   0.72095 -0.00020435

 
403.185 sec elapsed
Replications :  8 
              Time       Bias
qr         5.69038 0.00111752
sqr.plug        NA         NA
sqr.boot 240.87515 0.00105640
sgd.boot 158.76848 0.00079952
sgd.rs     1.64107 0.00054760
sgd.rs1s   0.71789 0.00054760

 
409.431 sec elapsed
Replications :  9 
              Time       Bias
qr         5.96830 0.00062836
sqr.plug        NA         NA
sqr.boot 226.81054 0.00080052
sgd.boot 160.21112 0.00102811
sgd.rs     1.73682 0.00095669
sgd.rs1s   0.71658 0.00095669

 
397.171 sec elapsed
Replications :  10 
              Time       Bias
qr         5.97364 -0.0018279
sqr.plug        NA         NA
sqr.boot 231.91420 -0.0015217
sgd.boot 160.86684 -0.0018229
sgd.rs     1.69199 -0.0014792
sgd.rs1s   0.73435 -0.0014792

 
402.916 sec elapsed
