------------------------ 
Sample Size =  1000000 
dim of X    =  10 
# of rep    =  10 
------------------------ 
Replications :  1 
              Time         Bias
qr         6.81918 -0.000170331
sqr.plug        NA           NA
sqr.boot 225.36870 -0.000059687
sgd.boot 159.24727 -0.000650076
sgd.rs     1.77874 -0.000095728
sgd.rs1s   0.70053 -0.000095728

 
396.285 sec elapsed
Replications :  2 
              Time       Bias
qr         5.98639 -0.0013043
sqr.plug        NA         NA
sqr.boot 206.52349 -0.0012593
sgd.boot 158.74222 -0.0010572
sgd.rs     1.56079 -0.0013401
sgd.rs1s   0.69297 -0.0013401

 
375.288 sec elapsed
Replications :  3 
              Time       Bias
qr         5.30728 -0.0023404
sqr.plug        NA         NA
sqr.boot 204.73171 -0.0022041
sgd.boot 159.09811 -0.0022022
sgd.rs     1.74719 -0.0016021
sgd.rs1s   0.67436 -0.0016021

 
373.345 sec elapsed
Replications :  4 
              Time       Bias
qr         5.89500 0.00047667
sqr.plug        NA         NA
sqr.boot 203.90761 0.00058362
sgd.boot 159.02333 0.00064538
sgd.rs     1.54892 0.00062002
sgd.rs1s   0.66951 0.00062002

 
372.778 sec elapsed
Replications :  5 
              Time         Bias
qr         5.36018 -0.000193293
sqr.plug        NA           NA
sqr.boot 204.09387 -0.000042939
sgd.boot 158.85688 -0.000258316
sgd.rs     1.66350  0.000365132
sgd.rs1s   0.68577  0.000365132

 
372.399 sec elapsed
Replications :  6 
              Time         Bias
qr         5.57025 -0.000219895
sqr.plug        NA           NA
sqr.boot 206.13136  0.000137628
sgd.boot 159.02639 -0.000021188
sgd.rs     1.66148 -0.000142121
sgd.rs1s   0.68982 -0.000142121

 
374.808 sec elapsed
Replications :  7 
              Time        Bias
qr         5.23456 -0.00094001
sqr.plug        NA          NA
sqr.boot 202.93209 -0.00085111
sgd.boot 159.31718 -0.00126013
sgd.rs     1.70598 -0.00076541
sgd.rs1s   0.69871 -0.00076541

 
371.691 sec elapsed
Replications :  8 
              Time       Bias
qr         6.57062 0.00068568
sqr.plug        NA         NA
sqr.boot 203.27878 0.00079036
sgd.boot 159.26804 0.00039342
sgd.rs     1.65083 0.00055788
sgd.rs1s   0.67568 0.00055788

 
373.238 sec elapsed
Replications :  9 
              Time       Bias
qr         5.67070 0.00021143
sqr.plug        NA         NA
sqr.boot 204.28583 0.00027990
sgd.boot 159.40182 0.00007489
sgd.rs     1.64514 0.00051039
sgd.rs1s   0.68063 0.00051039

 
373.493 sec elapsed
Replications :  10 
              Time       Bias
qr         5.92549 -0.0015897
sqr.plug        NA         NA
sqr.boot 203.74959 -0.0014119
sgd.boot 158.96216 -0.0016081
sgd.rs     1.65376 -0.0018393
sgd.rs1s   0.69215 -0.0018393

 
372.77 sec elapsed
