------------------------ 
Sample Size =  1000000 
dim of X    =  10 
# of rep    =  10 
------------------------ 
Replications :  1 
              Time         Bias
qr         7.33010 -0.000470050
sqr.plug        NA           NA
sqr.boot 217.51004 -0.000336497
sgd.boot 158.01484 -0.000177774
sgd.rs     1.64322  0.000074255
sgd.rs1s   0.77404  0.000074255

 
387.623 sec elapsed
Replications :  2 
              Time        Bias
qr         5.83391 -0.00090198
sqr.plug        NA          NA
sqr.boot 218.42962 -0.00094836
sgd.boot 157.83213 -0.00111800
sgd.rs     1.61727 -0.00128066
sgd.rs1s   0.75446 -0.00128066

 
386.296 sec elapsed
Replications :  3 
              Time        Bias
qr         6.57987 -0.00024383
sqr.plug        NA          NA
sqr.boot 208.57037 -0.00021732
sgd.boot 157.62660 -0.00056391
sgd.rs     1.60705 -0.00033147
sgd.rs1s   0.72233 -0.00033147

 
376.924 sec elapsed
Replications :  4 
              Time        Bias
qr         6.03495 -0.00064430
sqr.plug        NA          NA
sqr.boot 208.03687 -0.00063681
sgd.boot 158.66965 -0.00036325
sgd.rs     1.70141 -0.00080378
sgd.rs1s   0.71618 -0.00080378

 
376.944 sec elapsed
Replications :  5 
              Time       Bias
qr         6.11271 0.00086706
sqr.plug        NA         NA
sqr.boot 217.15375 0.00047742
sgd.boot 157.86566 0.00042320
sgd.rs     1.67559 0.00056714
sgd.rs1s   0.72959 0.00056714

 
385.515 sec elapsed
Replications :  6 
              Time         Bias
qr         6.27095 -0.000279472
sqr.plug        NA           NA
sqr.boot 207.98356 -0.000400387
sgd.boot 158.31450 -0.000088064
sgd.rs     1.59336 -0.000108383
sgd.rs1s   0.71973 -0.000108383

 
376.715 sec elapsed
Replications :  7 
              Time       Bias
qr         5.85325 0.00066626
sqr.plug        NA         NA
sqr.boot 207.37405 0.00060445
sgd.boot 158.25401 0.00057693
sgd.rs     1.65012 0.00040901
sgd.rs1s   0.74268 0.00040901

 
375.663 sec elapsed
Replications :  8 
              Time      Bias
qr         5.69967 0.0017276
sqr.plug        NA        NA
sqr.boot 216.35941 0.0017379
sgd.boot 157.20899 0.0016641
sgd.rs     1.59256 0.0013396
sgd.rs1s   0.72021 0.0013396

 
383.351 sec elapsed
Replications :  9 
              Time        Bias
qr         5.83286 -0.00038410
sqr.plug        NA          NA
sqr.boot 224.55146 -0.00033622
sgd.boot 156.83403 -0.00032833
sgd.rs     1.59827 -0.00014411
sgd.rs1s   0.85657 -0.00014411

 
391.311 sec elapsed
Replications :  10 
              Time       Bias
qr         6.23400 0.00046440
sqr.plug        NA         NA
sqr.boot 206.23439 0.00055878
sgd.boot 156.92870 0.00048362
sgd.rs     1.62247 0.00026214
sgd.rs1s   0.71264 0.00026214

 
373.434 sec elapsed
