------------------------ 
Sample Size =  1000000 
dim of X    =  10 
# of rep    =  10 
------------------------ 
Replications :  1 
              Time      Bias
qr         8.17692 0.0010088
sqr.plug        NA        NA
sqr.boot 244.65889 0.0011552
sgd.boot 159.11981 0.0012003
sgd.rs     1.93306 0.0012646
sgd.rs1s   0.82839 0.0012646

 
417.289 sec elapsed
Replications :  2 
              Time      Bias
qr         6.29199 0.0016003
sqr.plug        NA        NA
sqr.boot 231.96063 0.0014957
sgd.boot 159.08723 0.0014865
sgd.rs     1.89732 0.0016650
sgd.rs1s   0.87287 0.0016650

 
402.177 sec elapsed
Replications :  3 
              Time        Bias
qr         6.81289 -0.00089261
sqr.plug        NA          NA
sqr.boot 225.31271 -0.00077299
sgd.boot 157.96498 -0.00088001
sgd.rs     1.79000 -0.00080363
sgd.rs1s   0.87676 -0.00080363

 
394.72 sec elapsed
Replications :  4 
             Time        Bias
qr         7.4106 -0.00080801
sqr.plug       NA          NA
sqr.boot 209.1516 -0.00081976
sgd.boot 159.9032 -0.00092498
sgd.rs     1.8275 -0.00064341
sgd.rs1s   0.9473 -0.00064341

 
381.158 sec elapsed
Replications :  5 
              Time      Bias
qr         5.76027 0.0016935
sqr.plug        NA        NA
sqr.boot 237.64872 0.0015936
sgd.boot 158.53061 0.0014974
sgd.rs     1.65888 0.0015470
sgd.rs1s   0.75055 0.0015470

 
406.233 sec elapsed
Replications :  6 
             Time       Bias
qr         6.1662 0.00011165
sqr.plug       NA         NA
sqr.boot 211.2114 0.00032885
sgd.boot 158.0830 0.00027822
sgd.rs     1.8738 0.00059727
sgd.rs1s   0.8547 0.00059727

 
380.245 sec elapsed
Replications :  7 
              Time        Bias
qr         5.97643  0.00010699
sqr.plug        NA          NA
sqr.boot 236.87685  0.00016895
sgd.boot 159.03789  0.00012754
sgd.rs     1.85505 -0.00029131
sgd.rs1s   0.86535 -0.00029131

 
406.751 sec elapsed
Replications :  8 
              Time      Bias
qr         6.42322 0.0019976
sqr.plug        NA        NA
sqr.boot 245.65036 0.0018354
sgd.boot 159.08676 0.0022080
sgd.rs     1.67572 0.0020290
sgd.rs1s   0.78341 0.0020290

 
415.577 sec elapsed
Replications :  9 
              Time       Bias
qr         6.16012 0.00064066
sqr.plug        NA         NA
sqr.boot 245.01120 0.00056597
sgd.boot 161.11584 0.00050328
sgd.rs     1.87719 0.00064247
sgd.rs1s   0.92484 0.00064247

 
417.165 sec elapsed
Replications :  10 
              Time       Bias
qr         6.62352 -0.0012074
sqr.plug        NA         NA
sqr.boot 241.59011 -0.0012585
sgd.boot 159.08134 -0.0005803
sgd.rs     1.74950 -0.0014437
sgd.rs1s   0.80364 -0.0014437

 
411.829 sec elapsed
