------------------------ 
Sample Size =  1000000 
dim of X    =  10 
# of rep    =  10 
------------------------ 
Replications :  1 
              Time        Bias
qr         6.89534 -0.00048215
sqr.plug        NA          NA
sqr.boot 224.66548 -0.00046979
sgd.boot 157.80287 -0.00046066
sgd.rs     1.61979 -0.00046377
sgd.rs1s   0.79932 -0.00046377

 
394.181 sec elapsed
Replications :  2 
             Time        Bias
qr         5.6533 -0.00077885
sqr.plug       NA          NA
sqr.boot 207.2006 -0.00066529
sgd.boot 157.8957 -0.00086679
sgd.rs     1.5844 -0.00084389
sgd.rs1s   0.7136 -0.00084389

 
374.872 sec elapsed
Replications :  3 
              Time       Bias
qr         5.54844 0.00059632
sqr.plug        NA         NA
sqr.boot 207.28876 0.00038425
sgd.boot 157.83893 0.00049069
sgd.rs     1.68885 0.00023291
sgd.rs1s   0.70935 0.00023291

 
374.867 sec elapsed
Replications :  4 
              Time      Bias
qr         6.06473 0.0012863
sqr.plug        NA        NA
sqr.boot 207.13676 0.0012238
sgd.boot 157.54234 0.0010047
sgd.rs     1.66452 0.0018509
sgd.rs1s   0.71781 0.0018509

 
374.908 sec elapsed
Replications :  5 
              Time       Bias
qr         5.61680 0.00045512
sqr.plug        NA         NA
sqr.boot 216.33787 0.00047334
sgd.boot 157.22911 0.00050551
sgd.rs     1.60001 0.00089474
sgd.rs1s   0.73281 0.00089474

 
383.396 sec elapsed
Replications :  6 
              Time       Bias
qr         6.17765 0.00097525
sqr.plug        NA         NA
sqr.boot 216.15570 0.00089450
sgd.boot 157.54747 0.00112990
sgd.rs     1.60780 0.00165683
sgd.rs1s   0.73157 0.00165683

 
384.012 sec elapsed
Replications :  7 
              Time       Bias
qr         5.29920 -0.0010690
sqr.plug        NA         NA
sqr.boot 215.77100 -0.0010365
sgd.boot 157.50355 -0.0011215
sgd.rs     1.70175 -0.0010041
sgd.rs1s   0.72685 -0.0010041

 
382.9 sec elapsed
Replications :  8 
              Time       Bias
qr         6.78157 0.00150037
sqr.plug        NA         NA
sqr.boot 215.65938 0.00148290
sgd.boot 157.55648 0.00144827
sgd.rs     1.61529 0.00091592
sgd.rs1s   0.86708 0.00091592

 
384.281 sec elapsed
Replications :  9 
             Time      Bias
qr         6.1443 0.0016081
sqr.plug       NA        NA
sqr.boot 223.7722 0.0018515
sgd.boot 157.8746 0.0019807
sgd.rs     1.6027 0.0017843
sgd.rs1s   0.7268 0.0017843

 
391.934 sec elapsed
Replications :  10 
              Time        Bias
qr         5.83181 -0.00020209
sqr.plug        NA          NA
sqr.boot 214.74652 -0.00012332
sgd.boot 156.31784 -0.00033997
sgd.rs     1.58379 -0.00021849
sgd.rs1s   0.72872 -0.00021849

 
380.867 sec elapsed
