------------------------ 
Sample Size =  10000000 
dim of X    =  320 
# of rep    =  10 
------------------------ 
Replications :  1 
           Time        Bias
qr           NA          NA
sqr.plug     NA          NA
sqr.boot     NA          NA
sgd.boot     NA          NA
sgd.rs       NA          NA
sgd.rs1s 156.02 0.000086923

 
284.707 sec elapsed
Replications :  2 
           Time          Bias
qr           NA            NA
sqr.plug     NA            NA
sqr.boot     NA            NA
sgd.boot     NA            NA
sgd.rs       NA            NA
sgd.rs1s 150.28 -0.0000071161

 
275.122 sec elapsed
Replications :  3 
           Time        Bias
qr           NA          NA
sqr.plug     NA          NA
sqr.boot     NA          NA
sgd.boot     NA          NA
sgd.rs       NA          NA
sgd.rs1s 158.88 -0.00030175

 
286.052 sec elapsed
Replications :  4 
           Time        Bias
qr           NA          NA
sqr.plug     NA          NA
sqr.boot     NA          NA
sgd.boot     NA          NA
sgd.rs       NA          NA
sgd.rs1s 161.83 -0.00039766

 
290.343 sec elapsed
Replications :  5 
           Time        Bias
qr           NA          NA
sqr.plug     NA          NA
sqr.boot     NA          NA
sgd.boot     NA          NA
sgd.rs       NA          NA
sgd.rs1s 164.39 -0.00036432

 
290.966 sec elapsed
Replications :  6 
           Time        Bias
qr           NA          NA
sqr.plug     NA          NA
sqr.boot     NA          NA
sgd.boot     NA          NA
sgd.rs       NA          NA
sgd.rs1s 162.57 -0.00020148

 
287.385 sec elapsed
Replications :  7 
         Time       Bias
qr         NA         NA
sqr.plug   NA         NA
sqr.boot   NA         NA
sgd.boot   NA         NA
sgd.rs     NA         NA
sgd.rs1s  157 0.00032917

 
285.197 sec elapsed
Replications :  8 
           Time        Bias
qr           NA          NA
sqr.plug     NA          NA
sqr.boot     NA          NA
sgd.boot     NA          NA
sgd.rs       NA          NA
sgd.rs1s 155.27 -0.00044444

 
281.556 sec elapsed
Replications :  9 
           Time         Bias
qr           NA           NA
sqr.plug     NA           NA
sqr.boot     NA           NA
sgd.boot     NA           NA
sgd.rs       NA           NA
sgd.rs1s 154.53 -0.000057591

 
280.924 sec elapsed
Replications :  10 
           Time      Bias
qr           NA        NA
sqr.plug     NA        NA
sqr.boot     NA        NA
sgd.boot     NA        NA
sgd.rs       NA        NA
sgd.rs1s 151.28 0.0003459

 
276.276 sec elapsed
