------------------------ 
Sample Size =  10000000 
dim of X    =  320 
# of rep    =  10 
------------------------ 
Replications :  1 
           Time       Bias
qr           NA         NA
sqr.plug     NA         NA
sqr.boot     NA         NA
sgd.boot     NA         NA
sgd.rs       NA         NA
sgd.rs1s 266.87 -0.0004505

 
409.089 sec elapsed
Replications :  2 
           Time      Bias
qr           NA        NA
sqr.plug     NA        NA
sqr.boot     NA        NA
sgd.boot     NA        NA
sgd.rs       NA        NA
sgd.rs1s 286.97 0.0011789

 
448.999 sec elapsed
Replications :  3 
          Time       Bias
qr          NA         NA
sqr.plug    NA         NA
sqr.boot    NA         NA
sgd.boot    NA         NA
sgd.rs      NA         NA
sgd.rs1s 296.2 -0.0004888

 
460.28 sec elapsed
Replications :  4 
           Time       Bias
qr           NA         NA
sqr.plug     NA         NA
sqr.boot     NA         NA
sgd.boot     NA         NA
sgd.rs       NA         NA
sgd.rs1s 273.91 0.00025635

 
438.285 sec elapsed
Replications :  5 
           Time        Bias
qr           NA          NA
sqr.plug     NA          NA
sqr.boot     NA          NA
sgd.boot     NA          NA
sgd.rs       NA          NA
sgd.rs1s 336.75 -0.00026156

 
499.991 sec elapsed
Replications :  6 
           Time        Bias
qr           NA          NA
sqr.plug     NA          NA
sqr.boot     NA          NA
sgd.boot     NA          NA
sgd.rs       NA          NA
sgd.rs1s 314.39 0.000058728

 
490.826 sec elapsed
Replications :  7 
           Time        Bias
qr           NA          NA
sqr.plug     NA          NA
sqr.boot     NA          NA
sgd.boot     NA          NA
sgd.rs       NA          NA
sgd.rs1s 319.91 -0.00063185

 
497.215 sec elapsed
Replications :  8 
           Time       Bias
qr           NA         NA
sqr.plug     NA         NA
sqr.boot     NA         NA
sgd.boot     NA         NA
sgd.rs       NA         NA
sgd.rs1s 322.93 0.00030744

 
498.093 sec elapsed
Replications :  9 
           Time        Bias
qr           NA          NA
sqr.plug     NA          NA
sqr.boot     NA          NA
sgd.boot     NA          NA
sgd.rs       NA          NA
sgd.rs1s 331.54 0.000017777

 
506.456 sec elapsed
Replications :  10 
           Time        Bias
qr           NA          NA
sqr.plug     NA          NA
sqr.boot     NA          NA
sgd.boot     NA          NA
sgd.rs       NA          NA
sgd.rs1s 328.94 -0.00092611

 
507.03 sec elapsed
