------------------------ 
Sample Size =  10000000 
dim of X    =  320 
# of rep    =  10 
------------------------ 
Replications :  1 
           Time         Bias
qr           NA           NA
sqr.plug     NA           NA
sqr.boot     NA           NA
sgd.boot     NA           NA
sgd.rs       NA           NA
sgd.rs1s 155.97 -0.000071487

 
285.941 sec elapsed
Replications :  2 
           Time         Bias
qr           NA           NA
sqr.plug     NA           NA
sqr.boot     NA           NA
sgd.boot     NA           NA
sgd.rs       NA           NA
sgd.rs1s 155.71 -0.000084415

 
285.725 sec elapsed
Replications :  3 
           Time        Bias
qr           NA          NA
sqr.plug     NA          NA
sqr.boot     NA          NA
sgd.boot     NA          NA
sgd.rs       NA          NA
sgd.rs1s 155.46 -0.00043155

 
285.231 sec elapsed
Replications :  4 
           Time        Bias
qr           NA          NA
sqr.plug     NA          NA
sqr.boot     NA          NA
sgd.boot     NA          NA
sgd.rs       NA          NA
sgd.rs1s 155.69 -0.00054789

 
285.221 sec elapsed
Replications :  5 
           Time         Bias
qr           NA           NA
sqr.plug     NA           NA
sqr.boot     NA           NA
sgd.boot     NA           NA
sgd.rs       NA           NA
sgd.rs1s 156.09 -0.000042712

 
285.926 sec elapsed
Replications :  6 
           Time        Bias
qr           NA          NA
sqr.plug     NA          NA
sqr.boot     NA          NA
sgd.boot     NA          NA
sgd.rs       NA          NA
sgd.rs1s 156.02 -0.00075116

 
286.047 sec elapsed
Replications :  7 
           Time         Bias
qr           NA           NA
sqr.plug     NA           NA
sqr.boot     NA           NA
sgd.boot     NA           NA
sgd.rs       NA           NA
sgd.rs1s 155.95 -0.000062146

 
285.961 sec elapsed
Replications :  8 
           Time       Bias
qr           NA         NA
sqr.plug     NA         NA
sqr.boot     NA         NA
sgd.boot     NA         NA
sgd.rs       NA         NA
sgd.rs1s 156.05 0.00013924

 
286.1 sec elapsed
Replications :  9 
           Time        Bias
qr           NA          NA
sqr.plug     NA          NA
sqr.boot     NA          NA
sgd.boot     NA          NA
sgd.rs       NA          NA
sgd.rs1s 155.56 -0.00033612

 
285.341 sec elapsed
Replications :  10 
           Time        Bias
qr           NA          NA
sqr.plug     NA          NA
sqr.boot     NA          NA
sgd.boot     NA          NA
sgd.rs       NA          NA
sgd.rs1s 156.01 -0.00032845

 
286.006 sec elapsed
