------------------------ 
Sample Size =  10000000 
dim of X    =  320 
# of rep    =  10 
------------------------ 
Replications :  1 
           Time       Bias
qr           NA         NA
sqr.plug     NA         NA
sqr.boot     NA         NA
sgd.boot     NA         NA
sgd.rs       NA         NA
sgd.rs1s 149.15 -0.0010078

 
272.516 sec elapsed
Replications :  2 
           Time       Bias
qr           NA         NA
sqr.plug     NA         NA
sqr.boot     NA         NA
sgd.boot     NA         NA
sgd.rs       NA         NA
sgd.rs1s 149.01 0.00012323

 
272.082 sec elapsed
Replications :  3 
           Time         Bias
qr           NA           NA
sqr.plug     NA           NA
sqr.boot     NA           NA
sgd.boot     NA           NA
sgd.rs       NA           NA
sgd.rs1s 149.06 -0.000010167

 
272.19 sec elapsed
Replications :  4 
           Time        Bias
qr           NA          NA
sqr.plug     NA          NA
sqr.boot     NA          NA
sgd.boot     NA          NA
sgd.rs       NA          NA
sgd.rs1s 149.33 0.000039895

 
272.476 sec elapsed
Replications :  5 
           Time        Bias
qr           NA          NA
sqr.plug     NA          NA
sqr.boot     NA          NA
sgd.boot     NA          NA
sgd.rs       NA          NA
sgd.rs1s 149.13 -0.00076551

 
272.232 sec elapsed
Replications :  6 
           Time        Bias
qr           NA          NA
sqr.plug     NA          NA
sqr.boot     NA          NA
sgd.boot     NA          NA
sgd.rs       NA          NA
sgd.rs1s 148.91 0.000025891

 
271.944 sec elapsed
Replications :  7 
           Time         Bias
qr           NA           NA
sqr.plug     NA           NA
sqr.boot     NA           NA
sgd.boot     NA           NA
sgd.rs       NA           NA
sgd.rs1s 148.94 -0.000037983

 
272.039 sec elapsed
Replications :  8 
           Time        Bias
qr           NA          NA
sqr.plug     NA          NA
sqr.boot     NA          NA
sgd.boot     NA          NA
sgd.rs       NA          NA
sgd.rs1s 149.04 -0.00026871

 
272.039 sec elapsed
Replications :  9 
           Time         Bias
qr           NA           NA
sqr.plug     NA           NA
sqr.boot     NA           NA
sgd.boot     NA           NA
sgd.rs       NA           NA
sgd.rs1s 148.92 -0.000084357

 
271.89 sec elapsed
Replications :  10 
           Time        Bias
qr           NA          NA
sqr.plug     NA          NA
sqr.boot     NA          NA
sgd.boot     NA          NA
sgd.rs       NA          NA
sgd.rs1s 149.02 -0.00024155

 
272.041 sec elapsed
