------------------------ 
Sample Size =  10000000 
dim of X    =  320 
# of rep    =  10 
------------------------ 
Replications :  1 
          Time        Bias
qr          NA          NA
sqr.plug    NA          NA
sqr.boot    NA          NA
sgd.boot    NA          NA
sgd.rs      NA          NA
sgd.rs1s 198.4 -0.00012679

 
336.502 sec elapsed
Replications :  2 
           Time       Bias
qr           NA         NA
sqr.plug     NA         NA
sqr.boot     NA         NA
sgd.boot     NA         NA
sgd.rs       NA         NA
sgd.rs1s 198.43 0.00012773

 
333.406 sec elapsed
Replications :  3 
           Time       Bias
qr           NA         NA
sqr.plug     NA         NA
sqr.boot     NA         NA
sgd.boot     NA         NA
sgd.rs       NA         NA
sgd.rs1s 197.45 0.00026241

 
331.767 sec elapsed
Replications :  4 
           Time         Bias
qr           NA           NA
sqr.plug     NA           NA
sqr.boot     NA           NA
sgd.boot     NA           NA
sgd.rs       NA           NA
sgd.rs1s 207.37 -0.000067567

 
345.026 sec elapsed
Replications :  5 
          Time      Bias
qr          NA        NA
sqr.plug    NA        NA
sqr.boot    NA        NA
sgd.boot    NA        NA
sgd.rs      NA        NA
sgd.rs1s 202.6 0.0002314

 
338.87 sec elapsed
Replications :  6 
           Time         Bias
qr           NA           NA
sqr.plug     NA           NA
sqr.boot     NA           NA
sgd.boot     NA           NA
sgd.rs       NA           NA
sgd.rs1s 202.53 -0.000080752

 
337.18 sec elapsed
Replications :  7 
           Time        Bias
qr           NA          NA
sqr.plug     NA          NA
sqr.boot     NA          NA
sgd.boot     NA          NA
sgd.rs       NA          NA
sgd.rs1s 201.02 -0.00072414

 
336.198 sec elapsed
Replications :  8 
           Time        Bias
qr           NA          NA
sqr.plug     NA          NA
sqr.boot     NA          NA
sgd.boot     NA          NA
sgd.rs       NA          NA
sgd.rs1s 199.39 0.000068818

 
333.754 sec elapsed
Replications :  9 
           Time       Bias
qr           NA         NA
sqr.plug     NA         NA
sqr.boot     NA         NA
sgd.boot     NA         NA
sgd.rs       NA         NA
sgd.rs1s 205.73 0.00013247

 
341.711 sec elapsed
Replications :  10 
           Time       Bias
qr           NA         NA
sqr.plug     NA         NA
sqr.boot     NA         NA
sgd.boot     NA         NA
sgd.rs       NA         NA
sgd.rs1s 204.51 0.00050203

 
339.574 sec elapsed
