------------------------ 
Sample Size =  10000000 
dim of X    =  320 
# of rep    =  10 
------------------------ 
Replications :  1 
             Time        Bias
qr             NA          NA
sqr.plug       NA          NA
sqr.boot       NA          NA
sgd.boot 15268.06 -0.00080550
sgd.rs         NA          NA
sgd.rs1s   153.71 -0.00046634

 
15550.34 sec elapsed
Replications :  2 
             Time        Bias
qr             NA          NA
sqr.plug       NA          NA
sqr.boot       NA          NA
sgd.boot 15501.24 0.000111822
sgd.rs         NA          NA
sgd.rs1s   169.38 0.000045848

 
15796.57 sec elapsed
Replications :  3 
             Time        Bias
qr             NA          NA
sqr.plug       NA          NA
sqr.boot       NA          NA
sgd.boot 16805.30 0.000098202
sgd.rs         NA          NA
sgd.rs1s   234.13 0.000273275

 
17179.122 sec elapsed
Replications :  4 
             Time          Bias
qr             NA            NA
sqr.plug       NA            NA
sqr.boot       NA            NA
sgd.boot 21138.34 -0.0005885348
sgd.rs         NA            NA
sgd.rs1s   206.47  0.0000076095

 
21493.467 sec elapsed
Replications :  5 
             Time         Bias
qr             NA           NA
sqr.plug       NA           NA
sqr.boot       NA           NA
sgd.boot 15894.18 -0.000010337
sgd.rs         NA           NA
sgd.rs1s   178.74  0.000148125

 
16216.134 sec elapsed
Replications :  6 
             Time       Bias
qr             NA         NA
sqr.plug       NA         NA
sqr.boot       NA         NA
sgd.boot 15432.62 0.00028211
sgd.rs         NA         NA
sgd.rs1s   169.28 0.00054990

 
15738.096 sec elapsed
Replications :  7 
             Time         Bias
qr             NA           NA
sqr.plug       NA           NA
sqr.boot       NA           NA
sgd.boot 15065.08 -0.000021368
sgd.rs         NA           NA
sgd.rs1s   165.87  0.000400492

 
15363.918 sec elapsed
Replications :  8 
             Time        Bias
qr             NA          NA
sqr.plug       NA          NA
sqr.boot       NA          NA
sgd.boot 15205.90 -0.00060437
sgd.rs         NA          NA
sgd.rs1s   177.18 -0.00060364

 
15512.021 sec elapsed
Replications :  9 
             Time        Bias
qr             NA          NA
sqr.plug       NA          NA
sqr.boot       NA          NA
sgd.boot 15587.15 -0.00064791
sgd.rs         NA          NA
sgd.rs1s   178.56 -0.00026202

 
15895.855 sec elapsed
Replications :  10 
          Time       Bias
qr          NA         NA
sqr.plug    NA         NA
sqr.boot    NA         NA
sgd.boot 15931 0.00019744
sgd.rs      NA         NA
sgd.rs1s   169 0.00026706

 
16233.044 sec elapsed
