------------------------ 
Sample Size =  10000000 
dim of X    =  320 
# of rep    =  10 
------------------------ 
Replications :  1 
             Time        Bias
qr             NA          NA
sqr.plug       NA          NA
sqr.boot       NA          NA
sgd.boot 15034.44 -0.00031445
sgd.rs         NA          NA
sgd.rs1s   158.98 -0.00045891

 
15331.208 sec elapsed
Replications :  2 
             Time        Bias
qr             NA          NA
sqr.plug       NA          NA
sqr.boot       NA          NA
sgd.boot 14679.00 -0.00021870
sgd.rs         NA          NA
sgd.rs1s   154.29  0.00023857

 
14958.854 sec elapsed
Replications :  3 
             Time        Bias
qr             NA          NA
sqr.plug       NA          NA
sqr.boot       NA          NA
sgd.boot 14873.68 -0.00019082
sgd.rs         NA          NA
sgd.rs1s   165.96 -0.00020162

 
15163.642 sec elapsed
Replications :  4 
             Time         Bias
qr             NA           NA
sqr.plug       NA           NA
sqr.boot       NA           NA
sgd.boot 14780.23 -0.000236936
sgd.rs         NA           NA
sgd.rs1s   171.55 -0.000083993

 
15080.702 sec elapsed
Replications :  5 
             Time       Bias
qr             NA         NA
sqr.plug       NA         NA
sqr.boot       NA         NA
sgd.boot 14891.95 0.00011023
sgd.rs         NA         NA
sgd.rs1s   169.54 0.00039651

 
15191.891 sec elapsed
Replications :  6 
             Time        Bias
qr             NA          NA
sqr.plug       NA          NA
sqr.boot       NA          NA
sgd.boot 14804.24 -0.00033552
sgd.rs         NA          NA
sgd.rs1s   168.58  0.00053015

 
15102.418 sec elapsed
Replications :  7 
             Time        Bias
qr             NA          NA
sqr.plug       NA          NA
sqr.boot       NA          NA
sgd.boot 14748.78 -0.00024893
sgd.rs         NA          NA
sgd.rs1s   170.05 -0.00016127

 
15046.755 sec elapsed
Replications :  8 
             Time       Bias
qr             NA         NA
sqr.plug       NA         NA
sqr.boot       NA         NA
sgd.boot 14709.87 0.00032582
sgd.rs         NA         NA
sgd.rs1s   168.89 0.00051759

 
15005.959 sec elapsed
Replications :  9 
             Time        Bias
qr             NA          NA
sqr.plug       NA          NA
sqr.boot       NA          NA
sgd.boot 14736.67 -0.00016050
sgd.rs         NA          NA
sgd.rs1s   154.33  0.00027719

 
15018.748 sec elapsed
Replications :  10 
             Time        Bias
qr             NA          NA
sqr.plug       NA          NA
sqr.boot       NA          NA
sgd.boot 14664.08 -0.00081327
sgd.rs         NA          NA
sgd.rs1s   152.47 -0.00068438

 
14940.614 sec elapsed
