------------------------ 
Sample Size =  10000000 
dim of X    =  320 
# of rep    =  10 
------------------------ 
Replications :  1 
            Time       Bias
qr            NA         NA
sqr.plug      NA         NA
sqr.boot      NA         NA
sgd.boot 16422.2 0.00012416
sgd.rs        NA         NA
sgd.rs1s   274.2 0.00018494

 
16855.345 sec elapsed
Replications :  2 
            Time         Bias
qr            NA           NA
sqr.plug      NA           NA
sqr.boot      NA           NA
sgd.boot 17970.9 -0.000494342
sgd.rs        NA           NA
sgd.rs1s   282.5  0.000085905

 
18424.512 sec elapsed
Replications :  3 
             Time       Bias
qr             NA         NA
sqr.plug       NA         NA
sqr.boot       NA         NA
sgd.boot 18745.00 0.00023484
sgd.rs         NA         NA
sgd.rs1s   264.52 0.00046078

 
19175.142 sec elapsed
Replications :  4 
            Time       Bias
qr            NA         NA
sqr.plug      NA         NA
sqr.boot      NA         NA
sgd.boot 18304.8 0.00014919
sgd.rs        NA         NA
sgd.rs1s   260.5 0.00017490

 
43444.209 sec elapsed
Replications :  5 
             Time       Bias
qr             NA         NA
sqr.plug       NA         NA
sqr.boot       NA         NA
sgd.boot 15952.22 0.00036183
sgd.rs         NA         NA
sgd.rs1s   208.96 0.00082206

 
16314.342 sec elapsed
Replications :  6 
             Time        Bias
qr             NA          NA
sqr.plug       NA          NA
sqr.boot       NA          NA
sgd.boot 15966.95 -0.00051032
sgd.rs         NA          NA
sgd.rs1s   191.42 -0.00025289

 
16297.885 sec elapsed
Replications :  7 
             Time         Bias
qr             NA           NA
sqr.plug       NA           NA
sqr.boot       NA           NA
sgd.boot 15278.79 -0.000433308
sgd.rs         NA           NA
sgd.rs1s   173.24  0.000033949

 
15578.594 sec elapsed
Replications :  8 
             Time         Bias
qr             NA           NA
sqr.plug       NA           NA
sqr.boot       NA           NA
sgd.boot 15138.33  0.000032065
sgd.rs         NA           NA
sgd.rs1s   170.55 -0.000251383

 
15438.618 sec elapsed
Replications :  9 
             Time        Bias
qr             NA          NA
sqr.plug       NA          NA
sqr.boot       NA          NA
sgd.boot 15392.61  0.00033423
sgd.rs         NA          NA
sgd.rs1s   171.02 -0.00013724

 
15690.864 sec elapsed
Replications :  10 
             Time         Bias
qr             NA           NA
sqr.plug       NA           NA
sqr.boot       NA           NA
sgd.boot 14860.43  0.000204129
sgd.rs         NA           NA
sgd.rs1s   154.11 -0.000056813

 
15139.613 sec elapsed
