------------------------ 
Sample Size =  10000000 
dim of X    =  320 
# of rep    =  10 
------------------------ 
Replications :  1 
             Time       Bias
qr             NA         NA
sqr.plug       NA         NA
sqr.boot       NA         NA
sgd.boot 14499.58 0.00029026
sgd.rs         NA         NA
sgd.rs1s   152.19 0.00065876

 
14780.929 sec elapsed
Replications :  2 
             Time        Bias
qr             NA          NA
sqr.plug       NA          NA
sqr.boot       NA          NA
sgd.boot 14921.02 -0.00026425
sgd.rs         NA          NA
sgd.rs1s   151.55  0.00057762

 
15197.747 sec elapsed
Replications :  3 
             Time        Bias
qr             NA          NA
sqr.plug       NA          NA
sqr.boot       NA          NA
sgd.boot 14927.12 -0.00064395
sgd.rs         NA          NA
sgd.rs1s   208.83 -0.00080425

 
15261.322 sec elapsed
Replications :  4 
            Time        Bias
qr            NA          NA
sqr.plug      NA          NA
sqr.boot      NA          NA
sgd.boot 14998.2 -0.00054866
sgd.rs        NA          NA
sgd.rs1s   166.3 -0.00050641

 
52659.457 sec elapsed
Replications :  5 
             Time        Bias
qr             NA          NA
sqr.plug       NA          NA
sqr.boot       NA          NA
sgd.boot 15713.92 0.000217200
sgd.rs         NA          NA
sgd.rs1s   204.52 0.000096128

 
16053.684 sec elapsed
Replications :  6 
             Time        Bias
qr             NA          NA
sqr.plug       NA          NA
sqr.boot       NA          NA
sgd.boot 16250.06 0.000300018
sgd.rs         NA          NA
sgd.rs1s   233.22 0.000011558

 
16625.787 sec elapsed
Replications :  7 
             Time        Bias
qr             NA          NA
sqr.plug       NA          NA
sqr.boot       NA          NA
sgd.boot 14806.64 -0.00045475
sgd.rs         NA          NA
sgd.rs1s   181.27 -0.00048280

 
15128.516 sec elapsed
Replications :  8 
             Time       Bias
qr             NA         NA
sqr.plug       NA         NA
sqr.boot       NA         NA
sgd.boot 15734.59 0.00027980
sgd.rs         NA         NA
sgd.rs1s   197.35 0.00050547

 
16065.072 sec elapsed
Replications :  9 
             Time        Bias
qr             NA          NA
sqr.plug       NA          NA
sqr.boot       NA          NA
sgd.boot 15583.40 -0.00002950
sgd.rs         NA          NA
sgd.rs1s   188.45  0.00070029

 
15910.755 sec elapsed
Replications :  10 
            Time         Bias
qr            NA           NA
sqr.plug      NA           NA
sqr.boot      NA           NA
sgd.boot 15683.6 -0.000244371
sgd.rs        NA           NA
sgd.rs1s   216.3  0.000043506

 
16035.882 sec elapsed
