------------------------ 
Sample Size =  10000000 
dim of X    =  320 
# of rep    =  10 
------------------------ 
Replications :  1 
            Time        Bias
qr            NA          NA
sqr.plug      NA          NA
sqr.boot      NA          NA
sgd.boot 14623.2 -0.00037011
sgd.rs        NA          NA
sgd.rs1s   155.2 -0.00051387

 
14904.584 sec elapsed
Replications :  2 
             Time        Bias
qr             NA          NA
sqr.plug       NA          NA
sqr.boot       NA          NA
sgd.boot 14639.38 -0.00039080
sgd.rs         NA          NA
sgd.rs1s   151.57 -0.00039382

 
14915.347 sec elapsed
Replications :  3 
            Time       Bias
qr            NA         NA
sqr.plug      NA         NA
sqr.boot      NA         NA
sgd.boot 15248.3 0.00030718
sgd.rs        NA         NA
sgd.rs1s   182.6 0.00049795

 
15554.573 sec elapsed
Replications :  4 
             Time        Bias
qr             NA          NA
sqr.plug       NA          NA
sqr.boot       NA          NA
sgd.boot 15210.96 -0.00031893
sgd.rs         NA          NA
sgd.rs1s   166.72 -0.00014938

 
15510.338 sec elapsed
Replications :  5 
             Time        Bias
qr             NA          NA
sqr.plug       NA          NA
sqr.boot       NA          NA
sgd.boot 15123.58 -0.00069433
sgd.rs         NA          NA
sgd.rs1s   162.42 -0.00061176

 
15414.506 sec elapsed
Replications :  6 
             Time        Bias
qr             NA          NA
sqr.plug       NA          NA
sqr.boot       NA          NA
sgd.boot 14669.82 -0.00062592
sgd.rs         NA          NA
sgd.rs1s   157.49 -0.00012501

 
14955.187 sec elapsed
Replications :  7 
             Time        Bias
qr             NA          NA
sqr.plug       NA          NA
sqr.boot       NA          NA
sgd.boot 14646.35 -0.00039156
sgd.rs         NA          NA
sgd.rs1s   158.35 -0.00044457

 
14930.21 sec elapsed
Replications :  8 
          Time        Bias
qr          NA          NA
sqr.plug    NA          NA
sqr.boot    NA          NA
sgd.boot 14613 -0.00005441
sgd.rs      NA          NA
sgd.rs1s   157  0.00013147

 
14895.939 sec elapsed
Replications :  9 
             Time        Bias
qr             NA          NA
sqr.plug       NA          NA
sqr.boot       NA          NA
sgd.boot 14649.48 -0.00039289
sgd.rs         NA          NA
sgd.rs1s   151.85  0.00034413

 
14926.258 sec elapsed
Replications :  10 
             Time       Bias
qr             NA         NA
sqr.plug       NA         NA
sqr.boot       NA         NA
sgd.boot 14622.25 0.00027963
sgd.rs         NA         NA
sgd.rs1s   151.68 0.00015065

 
14897.706 sec elapsed
