------------------------ 
Sample Size =  100000 
dim of X    =  80 
# of rep    =  10 
------------------------ 
Replications :  1 
              Time       Bias
qr         9.32034 -0.0017885
sqr.plug        NA         NA
sqr.boot 173.44050 -0.0014764
sgd.boot  41.49792 -0.0156431
sgd.rs     3.80726 -0.0023450
sgd.rs1s   0.91985 -0.0023450

 
230.202 sec elapsed
Replications :  2 
              Time       Bias
qr        10.28736 0.00014002
sqr.plug        NA         NA
sqr.boot 150.55448 0.00024252
sgd.boot  49.36617 0.00840911
sgd.rs     4.02678 0.00037213
sgd.rs1s   0.84557 0.00037213

 
215.691 sec elapsed
Replications :  3 
             Time       Bias
qr        10.6624 -0.0036638
sqr.plug       NA         NA
sqr.boot 161.0388 -0.0039048
sgd.boot  50.0180 -0.0033294
sgd.rs     3.9685 -0.0054338
sgd.rs1s   0.9913 -0.0054338

 
227.304 sec elapsed
Replications :  4 
              Time       Bias
qr         8.21799  0.0010577
sqr.plug        NA         NA
sqr.boot 134.55486  0.0011384
sgd.boot  44.50105 -0.0058745
sgd.rs     3.58588  0.0034671
sgd.rs1s   0.92078  0.0034671

 
192.425 sec elapsed
Replications :  5 
             Time        Bias
qr         9.8184 -0.00082119
sqr.plug       NA          NA
sqr.boot 133.4737 -0.00032095
sgd.boot  42.8251  0.00540827
sgd.rs     3.7797  0.00442514
sgd.rs1s   0.6197  0.00442514

 
191.13 sec elapsed
Replications :  6 
              Time       Bias
qr        10.03308 -0.0041707
sqr.plug        NA         NA
sqr.boot 119.26391 -0.0040623
sgd.boot  42.00577 -0.0067087
sgd.rs     3.71101 -0.0041333
sgd.rs1s   0.55003 -0.0041333

 
176.205 sec elapsed
Replications :  7 
              Time       Bias
qr         8.88241  0.0078637
sqr.plug        NA         NA
sqr.boot 134.26671  0.0077853
sgd.boot  42.31067 -0.0057156
sgd.rs     3.62071  0.0059467
sgd.rs1s   0.61179  0.0059467

 
190.31 sec elapsed
Replications :  8 
              Time       Bias
qr         9.09677  0.0011857
sqr.plug        NA         NA
sqr.boot 114.05475  0.0015215
sgd.boot  41.64149 -0.0059536
sgd.rs     3.53735 -0.0019603
sgd.rs1s   0.55704 -0.0019603

 
169.506 sec elapsed
Replications :  9 
              Time      Bias
qr         8.09668 0.0055437
sqr.plug        NA        NA
sqr.boot 115.80169 0.0048174
sgd.boot  41.64151 0.0038984
sgd.rs     3.62230 0.0012024
sgd.rs1s   0.55675 0.0012024

 
170.347 sec elapsed
Replications :  10 
              Time       Bias
qr         8.03282 -0.0050081
sqr.plug        NA         NA
sqr.boot 105.31621 -0.0046690
sgd.boot  43.15550 -0.0059183
sgd.rs     3.28050 -0.0037365
sgd.rs1s   0.60674 -0.0037365

 
160.99 sec elapsed
