------------------------ 
Sample Size =  100000 
dim of X    =  80 
# of rep    =  10 
------------------------ 
Replications :  1 
              Time       Bias
qr         9.18646 -0.0054229
sqr.plug        NA         NA
sqr.boot 159.70412 -0.0051002
sgd.boot  42.27488 -0.0118501
sgd.rs     3.83670 -0.0053403
sgd.rs1s   0.93952 -0.0053403

 
217.26 sec elapsed
Replications :  2 
             Time       Bias
qr        11.5223 0.00207899
sqr.plug       NA         NA
sqr.boot 140.7496 0.00191763
sgd.boot  40.9704 0.00014182
sgd.rs     3.9613 0.00488061
sgd.rs1s   0.8092 0.00488061

 
198.658 sec elapsed
Replications :  3 
              Time        Bias
qr         9.99493  0.00190965
sqr.plug        NA          NA
sqr.boot 134.05733  0.00261934
sgd.boot  41.10761 -0.00419374
sgd.rs     3.67747  0.00055119
sgd.rs1s   0.70842  0.00055119

 
190.156 sec elapsed
Replications :  4 
              Time        Bias
qr         7.73329 -0.00292735
sqr.plug        NA          NA
sqr.boot 111.24072 -0.00378016
sgd.boot  40.91760 -0.00077873
sgd.rs     3.45664 -0.00296279
sgd.rs1s   0.78531 -0.00296279

 
164.732 sec elapsed
Replications :  5 
             Time        Bias
qr        7.36342 -0.00049766
sqr.plug       NA          NA
sqr.boot 95.67698 -0.00072222
sgd.boot 40.79883 -0.01180341
sgd.rs    3.52314 -0.00275172
sgd.rs1s  0.79008 -0.00275172

 
148.754 sec elapsed
Replications :  6 
              Time         Bias
qr         7.72359  0.000049802
sqr.plug        NA           NA
sqr.boot 109.61038 -0.000312988
sgd.boot  40.85560 -0.004819411
sgd.rs     3.44142  0.002674289
sgd.rs1s   0.71219  0.002674289

 
162.95 sec elapsed
Replications :  7 
              Time       Bias
qr         7.47942  0.0016250
sqr.plug        NA         NA
sqr.boot 100.50122  0.0005179
sgd.boot  40.65650 -0.0036927
sgd.rs     3.53094  0.0013780
sgd.rs1s   0.76295  0.0013780

 
153.542 sec elapsed
Replications :  8 
              Time      Bias
qr         7.10771 0.0059977
sqr.plug        NA        NA
sqr.boot 102.84625 0.0053414
sgd.boot  41.08444 0.0068356
sgd.rs     3.69769 0.0039955
sgd.rs1s   0.65491 0.0039955

 
155.991 sec elapsed
Replications :  9 
              Time       Bias
qr         7.15389 -0.0033205
sqr.plug        NA         NA
sqr.boot 106.17278 -0.0031914
sgd.boot  40.92655 -0.0087413
sgd.rs     3.47998 -0.0044193
sgd.rs1s   0.81457 -0.0044193

 
159.126 sec elapsed
Replications :  10 
             Time        Bias
qr        7.09568 -0.00189240
sqr.plug       NA          NA
sqr.boot 93.84176 -0.00209659
sgd.boot 40.82323  0.00606282
sgd.rs    3.36296 -0.00097193
sgd.rs1s  0.64964 -0.00097193

 
146.373 sec elapsed
