------------------------ 
Sample Size =  100000 
dim of X    =  80 
# of rep    =  10 
------------------------ 
Replications :  1 
              Time         Bias
qr         9.09861  0.000082342
sqr.plug        NA           NA
sqr.boot 158.00033  0.000430034
sgd.boot  42.33553 -0.008611250
sgd.rs     3.62435  0.001379010
sgd.rs1s   0.75728  0.001379010

 
215.049 sec elapsed
Replications :  2 
              Time        Bias
qr         7.33910  0.00367914
sqr.plug        NA          NA
sqr.boot 154.08984  0.00297302
sgd.boot  41.85008 -0.00831426
sgd.rs     3.87747 -0.00053725
sgd.rs1s   0.64412 -0.00053725

 
208.398 sec elapsed
Replications :  3 
              Time       Bias
qr         7.18567 -0.0036782
sqr.plug        NA         NA
sqr.boot 170.38375 -0.0037880
sgd.boot  42.13759 -0.0081510
sgd.rs     3.68928 -0.0032831
sgd.rs1s   0.77076 -0.0032831

 
224.771 sec elapsed
Replications :  4 
              Time      Bias
qr         7.76255 0.0045237
sqr.plug        NA        NA
sqr.boot 148.77873 0.0042338
sgd.boot  42.26556 0.0134189
sgd.rs     3.62431 0.0051969
sgd.rs1s   0.70608 0.0051969

 
203.721 sec elapsed
Replications :  5 
              Time       Bias
qr         7.97937 -0.0021097
sqr.plug        NA         NA
sqr.boot 146.30617 -0.0021280
sgd.boot  42.59251 -0.0023727
sgd.rs     3.64411 -0.0010185
sgd.rs1s   0.67573 -0.0010185

 
201.803 sec elapsed
Replications :  6 
              Time       Bias
qr         7.99240 -0.0108201
sqr.plug        NA         NA
sqr.boot 140.85330 -0.0099248
sgd.boot  43.02436 -0.0243859
sgd.rs     3.61228 -0.0057681
sgd.rs1s   0.72506 -0.0057681

 
196.808 sec elapsed
Replications :  7 
             Time       Bias
qr         8.1476 -0.0049688
sqr.plug       NA         NA
sqr.boot 135.6861 -0.0036279
sgd.boot  43.2923 -0.0026091
sgd.rs     3.8052 -0.0020894
sgd.rs1s   0.8174 -0.0020894

 
192.365 sec elapsed
Replications :  8 
             Time        Bias
qr         8.6555  0.00295291
sqr.plug       NA          NA
sqr.boot 129.9922  0.00303709
sgd.boot  44.0093  0.01018577
sgd.rs     4.2545 -0.00072194
sgd.rs1s   0.9574 -0.00072194

 
188.475 sec elapsed
Replications :  9 
             Time      Bias
qr         9.8581 0.0027689
sqr.plug       NA        NA
sqr.boot 119.6522 0.0024922
sgd.boot  43.8441 0.0018280
sgd.rs     3.7110 0.0039336
sgd.rs1s   1.0233 0.0039336

 
178.735 sec elapsed
Replications :  10 
              Time        Bias
qr        11.04811 -0.00017367
sqr.plug        NA          NA
sqr.boot 112.81171 -0.00034116
sgd.boot  42.77567 -0.00455523
sgd.rs     3.51991  0.00316731
sgd.rs1s   0.72858  0.00316731

 
171.516 sec elapsed
