------------------------ 
Sample Size =  100000 
dim of X    =  80 
# of rep    =  10 
------------------------ 
Replications :  1 
              Time       Bias
qr        10.61057 -0.0056375
sqr.plug        NA         NA
sqr.boot 175.96629 -0.0054156
sgd.boot  41.03248 -0.0110725
sgd.rs     3.69203 -0.0075299
sgd.rs1s   0.87443 -0.0075299

 
233.512 sec elapsed
Replications :  2 
              Time        Bias
qr        10.45420 -0.00032959
sqr.plug        NA          NA
sqr.boot 154.22269 -0.00042644
sgd.boot  40.96149 -0.00642417
sgd.rs     3.94483  0.00147483
sgd.rs1s   0.76222  0.00147483

 
210.978 sec elapsed
Replications :  3 
              Time       Bias
qr         9.39479 -0.0081692
sqr.plug        NA         NA
sqr.boot 151.67385 -0.0079709
sgd.boot  41.51517 -0.0128278
sgd.rs     3.76153 -0.0092764
sgd.rs1s   0.77527 -0.0092764

 
207.72 sec elapsed
Replications :  4 
              Time       Bias
qr         8.79641 0.00052373
sqr.plug        NA         NA
sqr.boot 168.23832 0.00055788
sgd.boot  41.49178 0.00071252
sgd.rs     3.68001 0.00599472
sgd.rs1s   0.88331 0.00599472

 
223.689 sec elapsed
Replications :  5 
              Time       Bias
qr        11.20108 -0.0028175
sqr.plug        NA         NA
sqr.boot 143.99012 -0.0028129
sgd.boot  41.38297 -0.0111470
sgd.rs     3.73605 -0.0053628
sgd.rs1s   0.93829 -0.0053628

 
201.871 sec elapsed
Replications :  6 
              Time       Bias
qr        10.59223  0.0011328
sqr.plug        NA         NA
sqr.boot 143.70214  0.0004259
sgd.boot  43.13817 -0.0130185
sgd.rs     3.70591  0.0025244
sgd.rs1s   0.91801  0.0025244

 
202.671 sec elapsed
Replications :  7 
              Time       Bias
qr        10.63420 -0.0022109
sqr.plug        NA         NA
sqr.boot 141.63296 -0.0021733
sgd.boot  43.18800 -0.0084578
sgd.rs     3.83720 -0.0025711
sgd.rs1s   0.87204 -0.0025711

 
200.798 sec elapsed
Replications :  8 
             Time      Bias
qr        10.0823 0.0046011
sqr.plug       NA        NA
sqr.boot 142.1840 0.0054663
sgd.boot  41.6709 0.0081695
sgd.rs     3.9467 0.0091899
sgd.rs1s   0.7442 0.0091899

 
199.259 sec elapsed
Replications :  9 
              Time       Bias
qr         8.71976 -0.0023934
sqr.plug        NA         NA
sqr.boot 133.42026 -0.0018474
sgd.boot  43.47678  0.0011027
sgd.rs     3.63589 -0.0048539
sgd.rs1s   0.87515 -0.0048539

 
190.722 sec elapsed
Replications :  10 
              Time        Bias
qr         8.56939 -0.00136288
sqr.plug        NA          NA
sqr.boot 109.24212 -0.00060561
sgd.boot  40.96966  0.00959888
sgd.rs     3.32888  0.00329825
sgd.rs1s   0.67533  0.00329825

 
163.374 sec elapsed
