------------------------ 
Sample Size =  100000 
dim of X    =  80 
# of rep    =  10 
------------------------ 
Replications :  1 
              Time       Bias
qr         9.01039 -0.0012139
sqr.plug        NA         NA
sqr.boot 174.13569 -0.0007952
sgd.boot  41.25057 -0.0060880
sgd.rs     3.68587  0.0011512
sgd.rs1s   0.85718  0.0011512

 
230.114 sec elapsed
Replications :  2 
              Time       Bias
qr        10.22291  0.0037442
sqr.plug        NA         NA
sqr.boot 150.28717  0.0030207
sgd.boot  41.43155 -0.0024090
sgd.rs     3.85516 -0.0030048
sgd.rs1s   0.76178 -0.0030048

 
207.177 sec elapsed
Replications :  3 
              Time       Bias
qr         9.30063  0.0011094
sqr.plug        NA         NA
sqr.boot 146.10718  0.0006301
sgd.boot  41.87996 -0.0087351
sgd.rs     3.72206 -0.0014699
sgd.rs1s   0.74071 -0.0014699

 
202.35 sec elapsed
Replications :  4 
              Time        Bias
qr         7.85059  0.00084141
sqr.plug        NA          NA
sqr.boot 141.09923  0.00033952
sgd.boot  42.40376 -0.00412630
sgd.rs     3.69513 -0.00144456
sgd.rs1s   0.81718 -0.00144456

 
196.485 sec elapsed
Replications :  5 
              Time       Bias
qr         8.95467 -0.0033309
sqr.plug        NA         NA
sqr.boot 138.89441 -0.0031787
sgd.boot  42.28985 -0.0051577
sgd.rs     3.62763 -0.0062162
sgd.rs1s   0.82776 -0.0062162

 
195.194 sec elapsed
Replications :  6 
              Time       Bias
qr         9.21092  0.0030845
sqr.plug        NA         NA
sqr.boot 126.65342  0.0019523
sgd.boot  41.89352 -0.0064102
sgd.rs     3.50245  0.0054493
sgd.rs1s   0.76445  0.0054493

 
182.628 sec elapsed
Replications :  7 
              Time       Bias
qr         7.74141  0.0023856
sqr.plug        NA         NA
sqr.boot 120.33310  0.0020669
sgd.boot  41.78473 -0.0056539
sgd.rs     3.61817  0.0048867
sgd.rs1s   0.73183  0.0048867

 
174.812 sec elapsed
Replications :  8 
              Time       Bias
qr         7.74422 -0.0082363
sqr.plug        NA         NA
sqr.boot 117.46415 -0.0088582
sgd.boot  41.54458 -0.0131353
sgd.rs     3.76658 -0.0089646
sgd.rs1s   0.65472 -0.0089646

 
171.772 sec elapsed
Replications :  9 
             Time        Bias
qr         7.3185 -0.00013192
sqr.plug       NA          NA
sqr.boot 114.4636 -0.00026889
sgd.boot  41.5170 -0.00032079
sgd.rs     3.5044  0.00224984
sgd.rs1s   0.7228  0.00224984

 
168.108 sec elapsed
Replications :  10 
              Time      Bias
qr         7.41726 0.0060602
sqr.plug        NA        NA
sqr.boot 106.19154 0.0056555
sgd.boot  41.47082 0.0079090
sgd.rs     3.26105 0.0065733
sgd.rs1s   0.60862 0.0065733

 
159.532 sec elapsed
