------------------------ 
Sample Size =  100000 
dim of X    =  80 
# of rep    =  10 
------------------------ 
Replications :  1 
              Time      Bias
qr         9.56932 0.0056622
sqr.plug        NA        NA
sqr.boot 177.22226 0.0047627
sgd.boot  41.34129 0.0074688
sgd.rs     3.67040 0.0041568
sgd.rs1s   0.77271 0.0041568

 
233.765 sec elapsed
Replications :  2 
              Time       Bias
qr        10.27848 -0.0039545
sqr.plug        NA         NA
sqr.boot 155.17523 -0.0033305
sgd.boot  41.23525 -0.0110762
sgd.rs     3.95030 -0.0053431
sgd.rs1s   0.76148 -0.0053431

 
212.032 sec elapsed
Replications :  3 
              Time       Bias
qr         9.73527 -0.0029580
sqr.plug        NA         NA
sqr.boot 152.30852 -0.0023680
sgd.boot  41.64180 -0.0164932
sgd.rs     3.73837  0.0025855
sgd.rs1s   0.80328  0.0025855

 
208.851 sec elapsed
Replications :  4 
              Time       Bias
qr         8.74691  0.0057328
sqr.plug        NA         NA
sqr.boot 150.61005  0.0060659
sgd.boot  41.76477 -0.0015003
sgd.rs     3.61955  0.0034590
sgd.rs1s   0.76752  0.0034590

 
206.114 sec elapsed
Replications :  5 
              Time      Bias
qr         8.67485 0.0075683
sqr.plug        NA        NA
sqr.boot 146.89704 0.0072344
sgd.boot  42.02512 0.0026269
sgd.rs     3.81340 0.0057253
sgd.rs1s   0.77563 0.0057253

 
202.79 sec elapsed
Replications :  6 
              Time       Bias
qr         8.26818 -0.0066074
sqr.plug        NA         NA
sqr.boot 145.07422 -0.0080734
sgd.boot  42.20916 -0.0147420
sgd.rs     3.73213 -0.0098927
sgd.rs1s   0.68527 -0.0098927

 
200.579 sec elapsed
Replications :  7 
              Time       Bias
qr         8.68783 0.00536020
sqr.plug        NA         NA
sqr.boot 142.04131 0.00478353
sgd.boot  44.42435 0.00167065
sgd.rs     3.99421 0.00032486
sgd.rs1s   0.68777 0.00032486

 
200.466 sec elapsed
Replications :  8 
              Time       Bias
qr         8.61812 -0.0027259
sqr.plug        NA         NA
sqr.boot 139.65779 -0.0028556
sgd.boot  43.21543 -0.0085002
sgd.rs     3.74345 -0.0043874
sgd.rs1s   0.80882 -0.0043874

 
196.65 sec elapsed
Replications :  9 
              Time      Bias
qr         8.21335 0.0023003
sqr.plug        NA        NA
sqr.boot 128.15003 0.0026447
sgd.boot  43.10569 0.0003768
sgd.rs     3.86918 0.0065124
sgd.rs1s   0.80051 0.0065124

 
184.771 sec elapsed
Replications :  10 
              Time       Bias
qr         8.49060  0.0026453
sqr.plug        NA         NA
sqr.boot 110.77078  0.0029783
sgd.boot  41.48394 -0.0098714
sgd.rs     3.33054  0.0075902
sgd.rs1s   0.68225  0.0075902

 
165.373 sec elapsed
