------------------------ 
Sample Size =  100000 
dim of X    =  80 
# of rep    =  10 
------------------------ 
Replications :  1 
             Time       Bias
qr        8.03067 -0.0037687
sqr.plug       NA         NA
sqr.boot 84.76422 -0.0031171
sgd.boot 43.04522 -0.0105242
sgd.rs    3.69959 -0.0042013
sgd.rs1s  0.81058 -0.0042013

 
141.552 sec elapsed
Replications :  2 
             Time         Bias
qr        7.73744  0.004069430
sqr.plug       NA           NA
sqr.boot 84.34294  0.002992050
sgd.boot 42.51276 -0.000082796
sgd.rs    3.99321  0.008125515
sgd.rs1s  0.77732  0.008125515

 
140.023 sec elapsed
Replications :  3 
             Time        Bias
qr        7.54406  0.00151201
sqr.plug       NA          NA
sqr.boot 84.73028  0.00076982
sgd.boot 42.63120 -0.00410017
sgd.rs    3.76873 -0.00293226
sgd.rs1s  0.94823 -0.00293226

 
140.23 sec elapsed
Replications :  4 
              Time        Bias
qr         6.78721  0.00182762
sqr.plug        NA          NA
sqr.boot 155.28741  0.00072775
sgd.boot  42.88752 -0.00514880
sgd.rs     3.68556 -0.00118597
sgd.rs1s   0.84794 -0.00118597

 
210.196 sec elapsed
Replications :  5 
             Time      Bias
qr        7.44116 0.0036535
sqr.plug       NA        NA
sqr.boot 84.59123 0.0031219
sgd.boot 43.42494 0.0025697
sgd.rs    3.77443 0.0023457
sgd.rs1s  0.83254 0.0023457

 
140.672 sec elapsed
Replications :  6 
             Time       Bias
qr        7.66337  0.0055004
sqr.plug       NA         NA
sqr.boot 85.06260  0.0043041
sgd.boot 43.04112 -0.0064699
sgd.rs    3.70871  0.0042554
sgd.rs1s  0.75847  0.0042554

 
140.883 sec elapsed
Replications :  7 
             Time        Bias
qr        7.74360  0.00214907
sqr.plug       NA          NA
sqr.boot 84.69922  0.00245249
sgd.boot 42.63582 -0.01376948
sgd.rs    3.66799  0.00084561
sgd.rs1s  0.86167  0.00084561

 
140.215 sec elapsed
Replications :  8 
             Time       Bias
qr        7.64929 -0.0045368
sqr.plug       NA         NA
sqr.boot 84.92422 -0.0040724
sgd.boot 42.88522 -0.0113956
sgd.rs    4.03460 -0.0068129
sgd.rs1s  0.77219 -0.0068129

 
140.94 sec elapsed
Replications :  9 
             Time      Bias
qr        8.09847 0.0027191
sqr.plug       NA        NA
sqr.boot 84.79897 0.0028793
sgd.boot 43.24274 0.0015963
sgd.rs    3.88008 0.0049841
sgd.rs1s  0.93485 0.0049841

 
141.672 sec elapsed
Replications :  10 
            Time       Bias
qr        7.6598 -0.0101697
sqr.plug      NA         NA
sqr.boot 85.6411 -0.0101545
sgd.boot 43.2735 -0.0216878
sgd.rs    3.8187 -0.0054449
sgd.rs1s  0.9906 -0.0054449

 
142.088 sec elapsed
