------------------------ 
Sample Size =  100000 
dim of X    =  80 
# of rep    =  10 
------------------------ 
Replications :  1 
              Time       Bias
qr         8.50079 -0.0062749
sqr.plug        NA         NA
sqr.boot 161.66985 -0.0054525
sgd.boot  43.90557 -0.0050753
sgd.rs     3.75170 -0.0062815
sgd.rs1s   0.87866 -0.0062815

 
219.938 sec elapsed
Replications :  2 
             Time       Bias
qr        7.91027  0.0043432
sqr.plug       NA         NA
sqr.boot 88.33403  0.0042047
sgd.boot 43.14815 -0.0099257
sgd.rs    4.00099  0.0037185
sgd.rs1s  0.79403  0.0037185

 
144.853 sec elapsed
Replications :  3 
             Time       Bias
qr        8.04731 -0.0026905
sqr.plug       NA         NA
sqr.boot 88.38477 -0.0037969
sgd.boot 43.87577 -0.0167782
sgd.rs    3.80511 -0.0060362
sgd.rs1s  0.92099 -0.0060362

 
145.642 sec elapsed
Replications :  4 
             Time        Bias
qr        7.71324 -0.00049845
sqr.plug       NA          NA
sqr.boot 88.50908  0.00027605
sgd.boot 43.61676  0.00642270
sgd.rs    3.77294  0.00227924
sgd.rs1s  0.99224  0.00227924

 
145.31 sec elapsed
Replications :  5 
             Time        Bias
qr        7.56050  0.00241806
sqr.plug       NA          NA
sqr.boot 89.34703  0.00216039
sgd.boot 44.21170 -0.00529328
sgd.rs    3.61805 -0.00021738
sgd.rs1s  0.86358 -0.00021738

 
146.308 sec elapsed
Replications :  6 
             Time       Bias
qr        7.66435 -0.0088000
sqr.plug       NA         NA
sqr.boot 90.14554 -0.0072284
sgd.boot 44.07128 -0.0032378
sgd.rs    3.80221 -0.0070336
sgd.rs1s  0.78968 -0.0070336

 
147.082 sec elapsed
Replications :  7 
             Time       Bias
qr        7.74979  0.0012698
sqr.plug       NA         NA
sqr.boot 89.21223  0.0014330
sgd.boot 44.27976  0.0019242
sgd.rs    3.74261 -0.0052892
sgd.rs1s  0.72314 -0.0052892

 
146.364 sec elapsed
Replications :  8 
             Time       Bias
qr        7.81379 -0.0027894
sqr.plug       NA         NA
sqr.boot 89.46919 -0.0034427
sgd.boot 43.85001 -0.0049535
sgd.rs    3.94886 -0.0020507
sgd.rs1s  0.78949 -0.0020507

 
146.53 sec elapsed
Replications :  9 
             Time       Bias
qr        7.61737  0.0047664
sqr.plug       NA         NA
sqr.boot 88.71977  0.0051113
sgd.boot 43.93787 -0.0012661
sgd.rs    3.75214  0.0057107
sgd.rs1s  0.98642  0.0057107

 
145.67 sec elapsed
Replications :  10 
              Time       Bias
qr         7.56470 -0.0013833
sqr.plug        NA         NA
sqr.boot 161.54079 -0.0014846
sgd.boot  43.66601 -0.0076814
sgd.rs     3.72773 -0.0054765
sgd.rs1s   0.75573 -0.0054765

 
217.966 sec elapsed
