------------------------ 
Sample Size =  100000 
dim of X    =  80 
# of rep    =  10 
------------------------ 
Replications :  1 
             Time        Bias
qr        8.30541  0.00139626
sqr.plug       NA          NA
sqr.boot 88.78571  0.00064937
sgd.boot 43.42068 -0.00243682
sgd.rs    3.75799  0.00134261
sgd.rs1s  0.81406  0.00134261

 
146.315 sec elapsed
Replications :  2 
             Time       Bias
qr        7.94005  0.0043630
sqr.plug       NA         NA
sqr.boot 87.86193  0.0049535
sgd.boot 43.00827 -0.0110855
sgd.rs    3.99067  0.0049938
sgd.rs1s  0.79369  0.0049938

 
144.272 sec elapsed
Replications :  3 
            Time       Bias
qr        7.8857  0.0017545
sqr.plug      NA         NA
sqr.boot 88.5463  0.0014293
sgd.boot 43.1634 -0.0069965
sgd.rs    3.7995  0.0030185
sgd.rs1s  1.0565  0.0030185

 
145.059 sec elapsed
Replications :  4 
              Time        Bias
qr         6.93337 -0.00100619
sqr.plug        NA          NA
sqr.boot 161.57972 -0.00078575
sgd.boot  43.56523 -0.00923401
sgd.rs     3.74065  0.00157961
sgd.rs1s   0.60518  0.00157961

 
217.133 sec elapsed
Replications :  5 
              Time        Bias
qr         7.25412 -0.00204533
sqr.plug        NA          NA
sqr.boot 162.72221 -0.00135891
sgd.boot  43.74063 -0.00411740
sgd.rs     3.71604  0.00048936
sgd.rs1s   0.58702  0.00048936

 
218.673 sec elapsed
Replications :  6 
             Time        Bias
qr        7.87957  0.00074149
sqr.plug       NA          NA
sqr.boot 89.32108  0.00164769
sgd.boot 44.29896  0.00077367
sgd.rs    3.75452 -0.00290053
sgd.rs1s  0.59981 -0.00290053

 
146.456 sec elapsed
Replications :  7 
             Time       Bias
qr        7.64742  0.0015414
sqr.plug       NA         NA
sqr.boot 89.32567  0.0017785
sgd.boot 43.78490 -0.0082396
sgd.rs    3.69083  0.0052181
sgd.rs1s  0.73709  0.0052181

 
145.844 sec elapsed
Replications :  8 
             Time       Bias
qr        7.47673 -0.0072492
sqr.plug       NA         NA
sqr.boot 89.20873 -0.0072360
sgd.boot 43.31736 -0.0028966
sgd.rs    3.76532 -0.0086098
sgd.rs1s  0.74008 -0.0086098

 
145.205 sec elapsed
Replications :  9 
             Time       Bias
qr        7.58611  0.0044400
sqr.plug       NA         NA
sqr.boot 88.40134  0.0032825
sgd.boot 43.45405 -0.0096793
sgd.rs    3.72744  0.0041192
sgd.rs1s  0.67578  0.0041192

 
144.475 sec elapsed
Replications :  10 
             Time      Bias
qr        7.42035 0.0022566
sqr.plug       NA        NA
sqr.boot 89.09088 0.0023762
sgd.boot 42.92444 0.0184321
sgd.rs    3.66614 0.0033016
sgd.rs1s  0.61926 0.0033016

 
144.331 sec elapsed
