------------------------ 
Sample Size =  100000 
dim of X    =  80 
# of rep    =  10 
------------------------ 
Replications :  1 
              Time         Bias
qr         8.41505  0.002362267
sqr.plug        NA           NA
sqr.boot 161.86667  0.002286363
sgd.boot  44.25286 -0.001635624
sgd.rs     3.85952  0.000087527
sgd.rs1s   0.74651  0.000087527

 
220.534 sec elapsed
Replications :  2 
             Time      Bias
qr        7.80116 0.0036801
sqr.plug       NA        NA
sqr.boot 91.85967 0.0043991
sgd.boot 43.76620 0.0046353
sgd.rs    3.99495 0.0063534
sgd.rs1s  0.73743 0.0063534

 
148.831 sec elapsed
Replications :  3 
             Time        Bias
qr        7.46618 -0.00097218
sqr.plug       NA          NA
sqr.boot 90.01102 -0.00133914
sgd.boot 44.11978  0.00231870
sgd.rs    3.86381 -0.00195145
sgd.rs1s  0.87877 -0.00195145

 
146.945 sec elapsed
Replications :  4 
             Time        Bias
qr        7.83445  0.00068671
sqr.plug       NA          NA
sqr.boot 88.37020  0.00063152
sgd.boot 44.01346 -0.01089975
sgd.rs    3.70743  0.00304620
sgd.rs1s  0.78448  0.00304620

 
145.332 sec elapsed
Replications :  5 
             Time       Bias
qr        8.10931 -0.0027705
sqr.plug       NA         NA
sqr.boot 89.22942 -0.0013986
sgd.boot 43.63358 -0.0091334
sgd.rs    3.66614 -0.0020240
sgd.rs1s  0.90052 -0.0020240

 
146.148 sec elapsed
Replications :  6 
             Time        Bias
qr        7.82198  0.00140202
sqr.plug       NA          NA
sqr.boot 89.74426  0.00045788
sgd.boot 43.41862 -0.00373242
sgd.rs    3.69835  0.00233031
sgd.rs1s  0.78148  0.00233031

 
146.075 sec elapsed
Replications :  7 
             Time       Bias
qr        8.09336  0.0031426
sqr.plug       NA         NA
sqr.boot 88.67260  0.0023106
sgd.boot 43.82129 -0.0068244
sgd.rs    3.86416  0.0054577
sgd.rs1s  0.71905  0.0054577

 
145.795 sec elapsed
Replications :  8 
              Time      Bias
qr         7.79665 0.0029330
sqr.plug        NA        NA
sqr.boot 162.52863 0.0032475
sgd.boot  43.25499 0.0047148
sgd.rs     3.90719 0.0015707
sgd.rs1s   0.74979 0.0015707

 
218.902 sec elapsed
Replications :  9 
             Time       Bias
qr        7.14654 0.00418762
sqr.plug       NA         NA
sqr.boot 91.61024 0.00404090
sgd.boot 43.42583 0.00039538
sgd.rs    3.74205 0.00151870
sgd.rs1s  0.56403 0.00151870

 
147.092 sec elapsed
Replications :  10 
             Time       Bias
qr        7.60275 -0.0012152
sqr.plug       NA         NA
sqr.boot 91.58515 -0.0013610
sgd.boot 43.88749 -0.0090485
sgd.rs    3.55466 -0.0039568
sgd.rs1s  0.51069 -0.0039568

 
147.795 sec elapsed
