------------------------ 
Sample Size =  100000 
dim of X    =  80 
# of rep    =  10 
------------------------ 
Replications :  1 
              Time       Bias
qr         7.94093  0.0068098
sqr.plug        NA         NA
sqr.boot 158.07697  0.0061848
sgd.boot  42.12573 -0.0028112
sgd.rs     3.72799  0.0056858
sgd.rs1s   0.91649  0.0056858

 
214.011 sec elapsed
Replications :  2 
              Time       Bias
qr         6.76551 -0.0007492
sqr.plug        NA         NA
sqr.boot 152.90481 -0.0016267
sgd.boot  42.01871 -0.0124933
sgd.rs     3.66893  0.0019319
sgd.rs1s   0.72172  0.0019319

 
206.687 sec elapsed
Replications :  3 
              Time       Bias
qr         7.09900 -0.0059185
sqr.plug        NA         NA
sqr.boot 145.81296 -0.0055003
sgd.boot  43.01192 -0.0133341
sgd.rs     3.68853 -0.0040792
sgd.rs1s   0.78673 -0.0040792

 
200.974 sec elapsed
Replications :  4 
              Time       Bias
qr         7.23750 0.00032622
sqr.plug        NA         NA
sqr.boot 134.37299 0.00021553
sgd.boot  43.49858 0.00493549
sgd.rs     3.62256 0.00255063
sgd.rs1s   0.63965 0.00255063

 
190.111 sec elapsed
Replications :  5 
              Time       Bias
qr         8.69490  0.0068000
sqr.plug        NA         NA
sqr.boot 126.04994  0.0074133
sgd.boot  44.11524 -0.0037098
sgd.rs     3.64990  0.0010754
sgd.rs1s   0.65181  0.0010754

 
183.782 sec elapsed
Replications :  6 
              Time      Bias
qr         9.75458 0.0038287
sqr.plug        NA        NA
sqr.boot 121.19279 0.0050133
sgd.boot  46.29599 0.0041833
sgd.rs     3.71250 0.0082165
sgd.rs1s   0.60085 0.0082165

 
182.222 sec elapsed
Replications :  7 
              Time       Bias
qr         9.77172 -0.0076771
sqr.plug        NA         NA
sqr.boot 120.22474 -0.0073349
sgd.boot  46.06392 -0.0133257
sgd.rs     3.74174 -0.0082721
sgd.rs1s   0.60597 -0.0082721

 
181.043 sec elapsed
Replications :  8 
              Time       Bias
qr        10.01894  0.0031141
sqr.plug        NA         NA
sqr.boot 121.46117  0.0019244
sgd.boot  45.34096 -0.0013531
sgd.rs     3.65292 -0.0021262
sgd.rs1s   0.58897 -0.0021262

 
181.688 sec elapsed
Replications :  9 
              Time      Bias
qr        10.03694 0.0072375
sqr.plug        NA        NA
sqr.boot 128.17573 0.0070227
sgd.boot  44.23738 0.0074091
sgd.rs     3.68610 0.0060299
sgd.rs1s   0.59033 0.0060299

 
187.386 sec elapsed
Replications :  10 
              Time       Bias
qr         9.26589  0.0010767
sqr.plug        NA         NA
sqr.boot 128.03749  0.0013769
sgd.boot  42.21303 -0.0145773
sgd.rs     3.61722  0.0018455
sgd.rs1s   0.55788  0.0018455

 
184.309 sec elapsed
