------------------------ 
Sample Size =  100000 
dim of X    =  80 
# of rep    =  10 
------------------------ 
Replications :  1 
              Time       Bias
qr         7.84617 -0.0041579
sqr.plug        NA         NA
sqr.boot 149.45632 -0.0044527
sgd.boot  43.11366 -0.0107027
sgd.rs     3.69259 -0.0073367
sgd.rs1s   0.70696 -0.0073367

 
206.009 sec elapsed
Replications :  2 
             Time      Bias
qr        7.41688 0.0083145
sqr.plug       NA        NA
sqr.boot 81.37850 0.0079283
sgd.boot 42.87779 0.0010592
sgd.rs    3.88589 0.0038353
sgd.rs1s  0.71763 0.0038353

 
136.928 sec elapsed
Replications :  3 
             Time       Bias
qr        7.31922  0.0069194
sqr.plug       NA         NA
sqr.boot 80.78540  0.0075131
sgd.boot 43.38731 -0.0048409
sgd.rs    3.72386  0.0048792
sgd.rs1s  0.81081  0.0048792

 
136.622 sec elapsed
Replications :  4 
             Time        Bias
qr        7.30097 -0.00237934
sqr.plug       NA          NA
sqr.boot 80.83148 -0.00307732
sgd.boot 43.13587 -0.00611432
sgd.rs    3.71181  0.00017013
sgd.rs1s  0.96777  0.00017013

 
136.551 sec elapsed
Replications :  5 
             Time       Bias
qr        7.22564  0.0032895
sqr.plug       NA         NA
sqr.boot 81.05180  0.0032000
sgd.boot 43.12971 -0.0024567
sgd.rs    3.60429  0.0052788
sgd.rs1s  0.89831  0.0052788

 
136.604 sec elapsed
Replications :  6 
             Time       Bias
qr        7.10241 -0.0020994
sqr.plug       NA         NA
sqr.boot 81.16135 -0.0017710
sgd.boot 42.95674 -0.0039395
sgd.rs    3.61534 -0.0065668
sgd.rs1s  0.73525 -0.0065668

 
136.177 sec elapsed
Replications :  7 
             Time       Bias
qr        7.33549 -0.0067945
sqr.plug       NA         NA
sqr.boot 81.46030 -0.0063231
sgd.boot 42.97039 -0.0145237
sgd.rs    3.78275 -0.0066138
sgd.rs1s  0.68478 -0.0066138

 
136.929 sec elapsed
Replications :  8 
             Time       Bias
qr        7.13398  0.0040247
sqr.plug       NA         NA
sqr.boot 81.73174  0.0034427
sgd.boot 42.86150 -0.0065611
sgd.rs    3.84168  0.0042669
sgd.rs1s  0.80861  0.0042669

 
137.024 sec elapsed
Replications :  9 
             Time        Bias
qr        6.88576  0.00108707
sqr.plug       NA          NA
sqr.boot 81.82133  0.00035011
sgd.boot 43.79161 -0.00163033
sgd.rs    3.71400  0.00224974
sgd.rs1s  0.75079  0.00224974

 
137.523 sec elapsed
Replications :  10 
             Time       Bias
qr        6.42914 -0.0050444
sqr.plug       NA         NA
sqr.boot 80.80602 -0.0051588
sgd.boot 43.36325 -0.0140982
sgd.rs    3.71990 -0.0060130
sgd.rs1s  0.68767 -0.0060130

 
135.618 sec elapsed
