------------------------ 
Sample Size =  100000 
dim of X    =  40 
# of rep    =  10 
------------------------ 
Replications :  1 
             Time      Bias
qr        3.06945 0.0049777
sqr.plug       NA        NA
sqr.boot 78.66414 0.0055250
sgd.boot 30.51128 0.0029705
sgd.rs    1.12501 0.0057344
sgd.rs1s  0.30929 0.0057344

 
114.231 sec elapsed
Replications :  2 
             Time       Bias
qr        2.39754  0.0028320
sqr.plug       NA         NA
sqr.boot 76.57322  0.0018169
sgd.boot 30.33522 -0.0019394
sgd.rs    1.05921 -0.0003711
sgd.rs1s  0.24716 -0.0003711

 
110.905 sec elapsed
Replications :  3 
             Time      Bias
qr        2.38771 0.0060815
sqr.plug       NA        NA
sqr.boot 73.77763 0.0058073
sgd.boot 29.95140 0.0058033
sgd.rs    1.10754 0.0059499
sgd.rs1s  0.30309 0.0059499

 
107.812 sec elapsed
Replications :  4 
             Time      Bias
qr        2.38713 0.0057549
sqr.plug       NA        NA
sqr.boot 69.80377 0.0050754
sgd.boot 30.18085 0.0025705
sgd.rs    1.10999 0.0032292
sgd.rs1s  0.47367 0.0032292

 
104.251 sec elapsed
Replications :  5 
             Time      Bias
qr        2.65381 -0.011668
sqr.plug       NA        NA
sqr.boot 65.26788 -0.012390
sgd.boot 30.28833 -0.016945
sgd.rs    1.10081 -0.012366
sgd.rs1s  0.27996 -0.012366

 
99.903 sec elapsed
Replications :  6 
             Time      Bias
qr        2.90077 0.0056698
sqr.plug       NA        NA
sqr.boot 63.38860 0.0064224
sgd.boot 30.55286 0.0094984
sgd.rs    1.11025 0.0045227
sgd.rs1s  0.27918 0.0045227

 
98.56 sec elapsed
Replications :  7 
             Time      Bias
qr        2.80856 0.0024517
sqr.plug       NA        NA
sqr.boot 61.67672 0.0016140
sgd.boot 30.56294 0.0013989
sgd.rs    1.10230 0.0012055
sgd.rs1s  0.26995 0.0012055

 
96.739 sec elapsed
Replications :  8 
             Time      Bias
qr        2.98188 0.0017009
sqr.plug       NA        NA
sqr.boot 62.24103 0.0021861
sgd.boot 30.78583 0.0012929
sgd.rs    1.12784 0.0029737
sgd.rs1s  0.28521 0.0029737

 
97.728 sec elapsed
Replications :  9 
             Time        Bias
qr        2.87107  0.00027874
sqr.plug       NA          NA
sqr.boot 66.34041  0.00065053
sgd.boot 29.81268  0.00063984
sgd.rs    1.12720 -0.00182195
sgd.rs1s  0.28736 -0.00182195

 
100.746 sec elapsed
Replications :  10 
             Time       Bias
qr        3.05754 0.00031325
sqr.plug       NA         NA
sqr.boot 68.97601 0.00121601
sgd.boot 29.76606 0.00111337
sgd.rs    1.12714 0.00319313
sgd.rs1s  0.28505 0.00319313

 
103.534 sec elapsed
