------------------------ 
Sample Size =  100000 
dim of X    =  40 
# of rep    =  10 
------------------------ 
Replications :  1 
             Time        Bias
qr        4.49270 -0.00040384
sqr.plug       NA          NA
sqr.boot 86.53599 -0.00108368
sgd.boot 30.03752 -0.00149084
sgd.rs    1.13948 -0.00176304
sgd.rs1s  0.35313 -0.00176304

 
123.197 sec elapsed
Replications :  2 
             Time      Bias
qr        3.76198 0.0050339
sqr.plug       NA        NA
sqr.boot 85.58855 0.0049392
sgd.boot 29.96128 0.0051087
sgd.rs    1.10014 0.0039628
sgd.rs1s  0.27786 0.0039628

 
121.005 sec elapsed
Replications :  3 
             Time       Bias
qr        4.04194 -0.0033322
sqr.plug       NA         NA
sqr.boot 84.22558 -0.0038916
sgd.boot 30.13066 -0.0022670
sgd.rs    1.11875 -0.0019415
sgd.rs1s  0.31238 -0.0019415

 
120.144 sec elapsed
Replications :  4 
             Time        Bias
qr        4.15022  0.00470582
sqr.plug       NA          NA
sqr.boot 83.55878  0.00382674
sgd.boot 29.03939 -0.00193534
sgd.rs    1.13140  0.00062415
sgd.rs1s  0.54737  0.00062415

 
118.749 sec elapsed
Replications :  5 
             Time      Bias
qr        3.57895 0.0009691
sqr.plug       NA        NA
sqr.boot 82.31920 0.0011075
sgd.boot 29.59766 0.0030523
sgd.rs    1.13950 0.0031239
sgd.rs1s  0.28675 0.0031239

 
117.241 sec elapsed
Replications :  6 
             Time        Bias
qr        3.92247  0.00059910
sqr.plug       NA          NA
sqr.boot 80.99943  0.00058660
sgd.boot 29.41283 -0.00478165
sgd.rs    1.14901  0.00092726
sgd.rs1s  0.57639  0.00092726

 
116.369 sec elapsed
Replications :  7 
             Time       Bias
qr        3.89917  0.0038483
sqr.plug       NA         NA
sqr.boot 80.15167  0.0036290
sgd.boot 29.43507 -0.0016541
sgd.rs    1.16495  0.0024719
sgd.rs1s  0.30438  0.0024719

 
115.269 sec elapsed
Replications :  8 
             Time       Bias
qr        3.48296 -0.0050623
sqr.plug       NA         NA
sqr.boot 80.26319 -0.0056883
sgd.boot 30.33031 -0.0114723
sgd.rs    1.15210 -0.0079116
sgd.rs1s  0.29371 -0.0079116

 
116.098 sec elapsed
Replications :  9 
            Time       Bias
qr        3.6110 0.00190344
sqr.plug      NA         NA
sqr.boot 79.5624 0.00175964
sgd.boot 29.8678 0.00024583
sgd.rs    1.4024 0.00062121
sgd.rs1s  0.2923 0.00062121

 
115.062 sec elapsed
Replications :  10 
            Time      Bias
qr        3.2469 0.0025639
sqr.plug      NA        NA
sqr.boot 70.8830 0.0038257
sgd.boot 28.9876 0.0036876
sgd.rs    1.0278 0.0033377
sgd.rs1s  0.2407 0.0033377

 
104.705 sec elapsed
