------------------------ 
Sample Size =  100000 
dim of X    =  40 
# of rep    =  10 
------------------------ 
Replications :  1 
            Time       Bias
qr        3.0114 -0.0070029
sqr.plug      NA         NA
sqr.boot 50.3956 -0.0068851
sgd.boot 29.8942 -0.0058804
sgd.rs    1.0449 -0.0078178
sgd.rs1s  0.3124 -0.0078178

 
85.215 sec elapsed
Replications :  2 
             Time        Bias
qr        2.39815  0.00041035
sqr.plug       NA          NA
sqr.boot 50.21245 -0.00031698
sgd.boot 29.68570 -0.00274683
sgd.rs    1.02241  0.00317750
sgd.rs1s  0.24165  0.00317750

 
83.851 sec elapsed
Replications :  3 
            Time      Bias
qr        2.3784 0.0019411
sqr.plug      NA        NA
sqr.boot 50.2350 0.0021863
sgd.boot 28.9575 0.0013553
sgd.rs    1.0001 0.0054190
sgd.rs1s  0.2384 0.0054190

 
83.1 sec elapsed
Replications :  4 
             Time      Bias
qr        2.46626 0.0075028
sqr.plug       NA        NA
sqr.boot 50.21723 0.0077685
sgd.boot 28.71983 0.0096298
sgd.rs    1.02312 0.0091480
sgd.rs1s  0.40794 0.0091480

 
83.131 sec elapsed
Replications :  5 
             Time       Bias
qr        2.26791 -0.0098099
sqr.plug       NA         NA
sqr.boot 50.12160 -0.0093075
sgd.boot 29.29644 -0.0030788
sgd.rs    0.99812 -0.0061231
sgd.rs1s  0.24714 -0.0061231

 
83.213 sec elapsed
Replications :  6 
             Time        Bias
qr        1.97317  0.00040140
sqr.plug       NA          NA
sqr.boot 50.27510 -0.00017304
sgd.boot 29.15406 -0.00166983
sgd.rs    1.04077 -0.00064643
sgd.rs1s  0.24726 -0.00064643

 
82.986 sec elapsed
Replications :  7 
             Time      Bias
qr        2.12372 0.0054232
sqr.plug       NA        NA
sqr.boot 50.43621 0.0052032
sgd.boot 28.69585 0.0041312
sgd.rs    1.09469 0.0019500
sgd.rs1s  0.37276 0.0019500

 
83.015 sec elapsed
Replications :  8 
             Time       Bias
qr        2.30780 0.00196906
sqr.plug       NA         NA
sqr.boot 50.36154 0.00200494
sgd.boot 28.84205 0.00043052
sgd.rs    1.02859 0.00045579
sgd.rs1s  0.25962 0.00045579

 
83.085 sec elapsed
Replications :  9 
             Time        Bias
qr        2.18609  0.00041074
sqr.plug       NA          NA
sqr.boot 50.95476  0.00026223
sgd.boot 29.61793 -0.00656527
sgd.rs    1.21236  0.00060388
sgd.rs1s  0.24195  0.00060388

 
84.506 sec elapsed
Replications :  10 
            Time       Bias
qr        2.1962 -0.0053414
sqr.plug      NA         NA
sqr.boot 50.3401 -0.0053939
sgd.boot 29.4298 -0.0068146
sgd.rs    1.1066 -0.0064174
sgd.rs1s  0.2407 -0.0064174

 
83.603 sec elapsed
