------------------------ 
Sample Size =  100000 
dim of X    =  40 
# of rep    =  10 
------------------------ 
Replications :  1 
             Time       Bias
qr        3.37643 0.00191653
sqr.plug       NA         NA
sqr.boot 85.42165 0.00181206
sgd.boot 30.53779 0.00044229
sgd.rs    1.12168 0.00248491
sgd.rs1s  0.31581 0.00248491

 
121.257 sec elapsed
Replications :  2 
             Time      Bias
qr        2.44814 0.0092236
sqr.plug       NA        NA
sqr.boot 84.02905 0.0090660
sgd.boot 30.47193 0.0029956
sgd.rs    1.09327 0.0044020
sgd.rs1s  0.24881 0.0044020

 
118.584 sec elapsed
Replications :  3 
             Time         Bias
qr        2.44455  0.000442084
sqr.plug       NA           NA
sqr.boot 82.16536 -0.000086821
sgd.boot 29.79403 -0.001556271
sgd.rs    1.08616  0.000591841
sgd.rs1s  0.23927  0.000591841

 
116.015 sec elapsed
Replications :  4 
             Time       Bias
qr        2.42278 -0.0038252
sqr.plug       NA         NA
sqr.boot 79.62719 -0.0030674
sgd.boot 29.78374 -0.0016435
sgd.rs    1.07128 -0.0046724
sgd.rs1s  0.40384 -0.0046724

 
113.6 sec elapsed
Replications :  5 
             Time      Bias
qr        2.22759 0.0043161
sqr.plug       NA        NA
sqr.boot 74.79282 0.0042492
sgd.boot 31.13534 0.0062197
sgd.rs    1.07392 0.0021185
sgd.rs1s  0.24132 0.0021185

 
109.763 sec elapsed
Replications :  6 
             Time       Bias
qr        2.25850 0.00186115
sqr.plug       NA         NA
sqr.boot 69.23872 0.00208694
sgd.boot 31.22961 0.00201272
sgd.rs    1.14726 0.00022277
sgd.rs1s  0.29213 0.00022277

 
104.468 sec elapsed
Replications :  7 
             Time      Bias
qr        2.75242 0.0080285
sqr.plug       NA        NA
sqr.boot 60.12021 0.0080636
sgd.boot 31.23922 0.0075899
sgd.rs    1.18395 0.0079661
sgd.rs1s  0.30806 0.0079661

 
95.923 sec elapsed
Replications :  8 
             Time       Bias
qr        3.71316 -0.0040219
sqr.plug       NA         NA
sqr.boot 59.12651 -0.0036466
sgd.boot 31.40720  0.0003304
sgd.rs    1.15990 -0.0047835
sgd.rs1s  0.32595 -0.0047835

 
96.044 sec elapsed
Replications :  9 
            Time       Bias
qr        3.4801 -0.0020742
sqr.plug      NA         NA
sqr.boot 63.4345 -0.0028767
sgd.boot 30.3376 -0.0012969
sgd.rs    1.1527 -0.0028272
sgd.rs1s  0.3085 -0.0028272

 
99.025 sec elapsed
Replications :  10 
             Time       Bias
qr        3.69840 -0.0049363
sqr.plug       NA         NA
sqr.boot 69.97265 -0.0045196
sgd.boot 30.74345 -0.0095000
sgd.rs    1.15872 -0.0039195
sgd.rs1s  0.31146 -0.0039195

 
106.221 sec elapsed
