------------------------ 
Sample Size =  100000 
dim of X    =  40 
# of rep    =  10 
------------------------ 
Replications :  1 
             Time       Bias
qr        4.10570 -0.0022432
sqr.plug       NA         NA
sqr.boot 80.75246 -0.0016503
sgd.boot 30.20700 -0.0047316
sgd.rs    1.15977 -0.0005498
sgd.rs1s  0.34076 -0.0005498

 
117.235 sec elapsed
Replications :  2 
             Time       Bias
qr        3.05346  0.0044679
sqr.plug       NA         NA
sqr.boot 79.51624  0.0057217
sgd.boot 30.22054 -0.0010428
sgd.rs    1.08100  0.0077786
sgd.rs1s  0.27096  0.0077786

 
114.445 sec elapsed
Replications :  3 
             Time        Bias
qr        3.21892  0.00139893
sqr.plug       NA          NA
sqr.boot 78.59033  0.00189795
sgd.boot 29.53387 -0.00028918
sgd.rs    1.09690  0.00646598
sgd.rs1s  0.26035  0.00646598

 
113.004 sec elapsed
Replications :  4 
             Time        Bias
qr        3.15577  0.00182448
sqr.plug       NA          NA
sqr.boot 77.35143  0.00237947
sgd.boot 29.10663 -0.00045312
sgd.rs    1.12156  0.00881782
sgd.rs1s  0.43986  0.00881782

 
111.479 sec elapsed
Replications :  5 
             Time        Bias
qr        2.94271 -0.00161179
sqr.plug       NA          NA
sqr.boot 75.52106 -0.00079109
sgd.boot 29.49762 -0.00477104
sgd.rs    1.13997 -0.00155548
sgd.rs1s  0.26697 -0.00155548

 
109.661 sec elapsed
Replications :  6 
             Time         Bias
qr        2.63515  0.001509684
sqr.plug       NA           NA
sqr.boot 74.42308  0.001105386
sgd.boot 29.41422 -0.001874723
sgd.rs    1.11149 -0.000049452
sgd.rs1s  0.25323 -0.000049452

 
108.326 sec elapsed
Replications :  7 
             Time      Bias
qr        2.86255 0.0022374
sqr.plug       NA        NA
sqr.boot 73.56674 0.0023784
sgd.boot 30.62393 0.0023794
sgd.rs    1.10724 0.0014838
sgd.rs1s  0.28267 0.0014838

 
108.738 sec elapsed
Replications :  8 
             Time      Bias
qr        2.66708 0.0057836
sqr.plug       NA        NA
sqr.boot 73.25642 0.0055677
sgd.boot 29.91220 0.0036779
sgd.rs    1.14088 0.0046940
sgd.rs1s  0.26274 0.0046940

 
107.562 sec elapsed
Replications :  9 
             Time        Bias
qr        2.56347  0.00103157
sqr.plug       NA          NA
sqr.boot 73.10334  0.00104429
sgd.boot 29.79876 -0.00012832
sgd.rs    1.12619  0.00339079
sgd.rs1s  0.26211  0.00339079

 
107.356 sec elapsed
Replications :  10 
             Time        Bias
qr        2.50171 -0.00141248
sqr.plug       NA          NA
sqr.boot 61.89251 -0.00205794
sgd.boot 29.41230 -0.00565898
sgd.rs    1.06042 -0.00001587
sgd.rs1s  0.41964 -0.00001587

 
95.598 sec elapsed
