------------------------ 
Sample Size =  100000 
dim of X    =  40 
# of rep    =  10 
------------------------ 
Replications :  1 
             Time        Bias
qr        3.94064  0.00087228
sqr.plug       NA          NA
sqr.boot 81.20869  0.00026618
sgd.boot 30.49389 -0.00491295
sgd.rs    1.15945  0.00268795
sgd.rs1s  0.33823  0.00268795

 
117.689 sec elapsed
Replications :  2 
             Time       Bias
qr        3.04297 -0.0069725
sqr.plug       NA         NA
sqr.boot 79.83849 -0.0070153
sgd.boot 30.14759 -0.0107827
sgd.rs    1.07916 -0.0069233
sgd.rs1s  0.26625 -0.0069233

 
114.68 sec elapsed
Replications :  3 
             Time        Bias
qr        3.19124 -0.00054195
sqr.plug       NA          NA
sqr.boot 78.47363 -0.00092268
sgd.boot 30.43779 -0.00597416
sgd.rs    1.10314 -0.00212591
sgd.rs1s  0.29455 -0.00212591

 
113.813 sec elapsed
Replications :  4 
             Time        Bias
qr        3.40481 -0.00266495
sqr.plug       NA          NA
sqr.boot 76.90969 -0.00154768
sgd.boot 29.21095  0.00049157
sgd.rs    1.08840  0.00014000
sgd.rs1s  0.48317  0.00014000

 
111.409 sec elapsed
Replications :  5 
             Time       Bias
qr        3.12963 -0.0017770
sqr.plug       NA         NA
sqr.boot 75.36786 -0.0015530
sgd.boot 29.61860 -0.0016640
sgd.rs    1.09295 -0.0011944
sgd.rs1s  0.27151 -0.0011944

 
109.785 sec elapsed
Replications :  6 
            Time        Bias
qr        3.0551 -0.00362827
sqr.plug      NA          NA
sqr.boot 74.9606 -0.00391977
sgd.boot 29.4953 -0.00684679
sgd.rs    1.0922 -0.00023468
sgd.rs1s  0.2704 -0.00023468

 
109.187 sec elapsed
Replications :  7 
             Time        Bias
qr        2.90195 -0.00077166
sqr.plug       NA          NA
sqr.boot 73.70291 -0.00064108
sgd.boot 30.75913 -0.00167461
sgd.rs    1.12261 -0.00317336
sgd.rs1s  0.26497 -0.00317336

 
109.072 sec elapsed
Replications :  8 
             Time          Bias
qr        2.85140 -0.0008109089
sqr.plug       NA            NA
sqr.boot 73.76017  0.0000058318
sgd.boot 29.89045 -0.0030235945
sgd.rs    1.12564  0.0004175183
sgd.rs1s  0.26117  0.0004175183

 
108.19 sec elapsed
Replications :  9 
             Time      Bias
qr        2.73519 0.0016980
sqr.plug       NA        NA
sqr.boot 73.61035 0.0027641
sgd.boot 29.76296 0.0036079
sgd.rs    1.10182 0.0003007
sgd.rs1s  0.26303 0.0003007

 
107.784 sec elapsed
Replications :  10 
             Time        Bias
qr        2.83252  0.00204896
sqr.plug       NA          NA
sqr.boot 61.38649  0.00138629
sgd.boot 29.77191 -0.00101874
sgd.rs    1.01561  0.00068283
sgd.rs1s  0.23415  0.00068283

 
95.57 sec elapsed
