------------------------ 
Sample Size =  100000 
dim of X    =  40 
# of rep    =  10 
------------------------ 
Replications :  1 
             Time       Bias
qr        3.38418  0.0024062
sqr.plug       NA         NA
sqr.boot 70.41171  0.0022550
sgd.boot 30.57112 -0.0026619
sgd.rs    1.18068  0.0034003
sgd.rs1s  0.36203  0.0034003

 
106.422 sec elapsed
Replications :  2 
             Time       Bias
qr        3.63615 -0.0032041
sqr.plug       NA         NA
sqr.boot 69.45204 -0.0028942
sgd.boot 30.05922 -0.0019208
sgd.rs    1.07246 -0.0038310
sgd.rs1s  0.24907 -0.0038310

 
104.78 sec elapsed
Replications :  3 
            Time       Bias
qr        2.9260 -0.0039825
sqr.plug      NA         NA
sqr.boot 69.9575 -0.0030627
sgd.boot 29.8661 -0.0063998
sgd.rs    1.1328  0.0035365
sgd.rs1s  0.3073  0.0035365

 
104.486 sec elapsed
Replications :  4 
             Time       Bias
qr        3.52331 -0.0019158
sqr.plug       NA         NA
sqr.boot 58.09765 -0.0016780
sgd.boot 29.89265 -0.0030418
sgd.rs    1.17185 -0.0001131
sgd.rs1s  0.53911 -0.0001131

 
93.532 sec elapsed
Replications :  5 
            Time        Bias
qr        3.6335 -0.00059219
sqr.plug      NA          NA
sqr.boot 86.8174 -0.00065921
sgd.boot 30.5260 -0.00355397
sgd.rs    1.1705  0.00410929
sgd.rs1s  0.3099  0.00410929

 
122.759 sec elapsed
Replications :  6 
             Time        Bias
qr        3.54085  0.00491217
sqr.plug       NA          NA
sqr.boot 87.04062  0.00491015
sgd.boot 30.12172  0.00065300
sgd.rs    1.14216 -0.00010006
sgd.rs1s  0.30746 -0.00010006

 
122.483 sec elapsed
Replications :  7 
             Time       Bias
qr        2.97157 -0.0028116
sqr.plug       NA         NA
sqr.boot 76.14338 -0.0025712
sgd.boot 29.27508 -0.0035129
sgd.rs    1.12803 -0.0045512
sgd.rs1s  0.24065 -0.0045512

 
110.089 sec elapsed
Replications :  8 
             Time        Bias
qr        2.52776 -0.00050695
sqr.plug       NA          NA
sqr.boot 60.05579 -0.00059893
sgd.boot 29.33488 -0.00015671
sgd.rs    1.12429 -0.00125234
sgd.rs1s  0.26419 -0.00125234

 
93.606 sec elapsed
Replications :  9 
             Time        Bias
qr        2.51775 0.000027905
sqr.plug       NA          NA
sqr.boot 83.96807 0.000235451
sgd.boot 30.21967 0.003317081
sgd.rs    1.14790 0.003045876
sgd.rs1s  0.29957 0.003045876

 
118.454 sec elapsed
Replications :  10 
             Time        Bias
qr        3.63208 -0.00017973
sqr.plug       NA          NA
sqr.boot 87.79158 -0.00133452
sgd.boot 29.95574 -0.00369157
sgd.rs    1.14564 -0.00100378
sgd.rs1s  0.28745 -0.00100378

 
123.118 sec elapsed
