------------------------ 
Sample Size =  100000 
dim of X    =  40 
# of rep    =  10 
------------------------ 
Replications :  1 
             Time      Bias
qr        3.17410 0.0025918
sqr.plug       NA        NA
sqr.boot 51.41138 0.0014324
sgd.boot 29.83798 0.0010045
sgd.rs    1.05385 0.0020381
sgd.rs1s  0.32378 0.0020381

 
86.379 sec elapsed
Replications :  2 
             Time      Bias
qr        2.50931 0.0059178
sqr.plug       NA        NA
sqr.boot 51.15633 0.0051109
sgd.boot 29.80740 0.0020489
sgd.rs    1.09998 0.0035695
sgd.rs1s  0.25242 0.0035695

 
85.119 sec elapsed
Replications :  3 
             Time        Bias
qr        2.60346 -0.00090245
sqr.plug       NA          NA
sqr.boot 51.29660 -0.00100130
sgd.boot 29.22909 -0.00134820
sgd.rs    1.03950  0.00187842
sgd.rs1s  0.27157  0.00187842

 
84.727 sec elapsed
Replications :  4 
             Time       Bias
qr        2.59686 -0.0013616
sqr.plug       NA         NA
sqr.boot 50.97566 -0.0014709
sgd.boot 28.65007  0.0034773
sgd.rs    1.09875 -0.0012833
sgd.rs1s  0.38456 -0.0012833

 
84.005 sec elapsed
Replications :  5 
             Time       Bias
qr        2.39228  0.0001028
sqr.plug       NA         NA
sqr.boot 51.33301  0.0000374
sgd.boot 29.41461 -0.0043054
sgd.rs    1.08027  0.0036921
sgd.rs1s  0.25007  0.0036921

 
84.753 sec elapsed
Replications :  6 
            Time        Bias
qr        2.0363 -0.00076106
sqr.plug      NA          NA
sqr.boot 50.6683 -0.00026786
sgd.boot 29.8247 -0.00352739
sgd.rs    1.1158 -0.00104993
sgd.rs1s  0.2417 -0.00104993

 
84.359 sec elapsed
Replications :  7 
             Time       Bias
qr        2.39770 -0.0045869
sqr.plug       NA         NA
sqr.boot 50.93625 -0.0046391
sgd.boot 29.88293 -0.0019619
sgd.rs    1.07096 -0.0050767
sgd.rs1s  0.23843 -0.0050767

 
84.831 sec elapsed
Replications :  8 
             Time        Bias
qr        2.32857  0.00020070
sqr.plug       NA          NA
sqr.boot 50.40395 -0.00005861
sgd.boot 28.67752 -0.00298991
sgd.rs    1.08551  0.00128371
sgd.rs1s  0.27337  0.00128371

 
83.072 sec elapsed
Replications :  9 
             Time        Bias
qr        2.26388 -0.00231157
sqr.plug       NA          NA
sqr.boot 50.21057 -0.00239980
sgd.boot 28.82963 -0.00659163
sgd.rs    1.01030 -0.00044993
sgd.rs1s  0.24473 -0.00044993

 
83.036 sec elapsed
Replications :  10 
             Time       Bias
qr        2.26933 -0.0050753
sqr.plug       NA         NA
sqr.boot 50.29126 -0.0051366
sgd.boot 29.04247 -0.0064104
sgd.rs    1.09120 -0.0032886
sgd.rs1s  0.40076 -0.0032886

 
83.399 sec elapsed
