------------------------ 
Sample Size =  100000 
dim of X    =  40 
# of rep    =  10 
------------------------ 
Replications :  1 
             Time       Bias
qr        4.92310 -0.0086199
sqr.plug       NA         NA
sqr.boot 68.55595 -0.0076656
sgd.boot 31.06006 -0.0114172
sgd.rs    1.14027 -0.0066536
sgd.rs1s  0.33319 -0.0066536

 
106.736 sec elapsed
Replications :  2 
             Time        Bias
qr        2.61779  0.00175565
sqr.plug       NA          NA
sqr.boot 70.33975  0.00172639
sgd.boot 30.57862 -0.00247129
sgd.rs    1.14090 -0.00050525
sgd.rs1s  0.31377 -0.00050525

 
105.296 sec elapsed
Replications :  3 
             Time       Bias
qr        3.93622  0.0045180
sqr.plug       NA         NA
sqr.boot 68.15195  0.0051545
sgd.boot 30.90914 -0.0034901
sgd.rs    1.06350  0.0065084
sgd.rs1s  0.27305  0.0065084

 
104.659 sec elapsed
Replications :  4 
            Time       Bias
qr        2.5959 -0.0028184
sqr.plug      NA         NA
sqr.boot 70.2275 -0.0025411
sgd.boot 29.6665 -0.0029423
sgd.rs    1.1448  0.0002780
sgd.rs1s  0.5954  0.0002780

 
104.535 sec elapsed
Replications :  5 
             Time        Bias
qr        3.60202 -0.00047781
sqr.plug       NA          NA
sqr.boot 68.11165 -0.00010679
sgd.boot 29.72952 -0.00348959
sgd.rs    1.06772 -0.00096019
sgd.rs1s  0.25065 -0.00096019

 
103.086 sec elapsed
Replications :  6 
             Time       Bias
qr        2.43377 -0.0012393
sqr.plug       NA         NA
sqr.boot 63.79636 -0.0016246
sgd.boot 30.52236  0.0013479
sgd.rs    1.17780 -0.0028615
sgd.rs1s  0.31439 -0.0028615

 
98.552 sec elapsed
Replications :  7 
             Time      Bias
qr        3.46799 0.0074010
sqr.plug       NA        NA
sqr.boot 84.72323 0.0067602
sgd.boot 31.39237 0.0056538
sgd.rs    1.21791 0.0054206
sgd.rs1s  0.32486 0.0054206

 
121.461 sec elapsed
Replications :  8 
             Time        Bias
qr        3.77440 -0.00229265
sqr.plug       NA          NA
sqr.boot 84.25994 -0.00245211
sgd.boot 30.68950 -0.00078621
sgd.rs    1.15944  0.00032452
sgd.rs1s  0.32617  0.00032452

 
120.548 sec elapsed
Replications :  9 
             Time       Bias
qr        3.70130 -0.0062192
sqr.plug       NA         NA
sqr.boot 69.34830 -0.0071645
sgd.boot 29.53488 -0.0056064
sgd.rs    1.08865 -0.0035559
sgd.rs1s  0.29817 -0.0035559

 
104.285 sec elapsed
Replications :  10 
             Time      Bias
qr        2.70838 0.0030141
sqr.plug       NA        NA
sqr.boot 58.01794 0.0027164
sgd.boot 29.37665 0.0024895
sgd.rs    1.12017 0.0047431
sgd.rs1s  0.27579 0.0047431

 
91.821 sec elapsed
