------------------------ 
Sample Size =  100000 
dim of X    =  10 
# of rep    =  10 
------------------------ 
Replications :  1 
              Time        Bias
qr        1.106363  0.00101892
sqr.plug        NA          NA
sqr.boot 18.539278  0.00145804
sgd.boot 16.141782  0.00010705
sgd.rs    0.164219 -0.00180614
sgd.rs1s  0.072747 -0.00180614

 
36.118 sec elapsed
Replications :  2 
              Time       Bias
qr        0.837577 -0.0042401
sqr.plug        NA         NA
sqr.boot 18.430697 -0.0039837
sgd.boot 16.081848 -0.0063003
sgd.rs    0.160706 -0.0018173
sgd.rs1s  0.064583 -0.0018173

 
35.652 sec elapsed
Replications :  3 
             Time      Bias
qr        0.72010 0.0038887
sqr.plug       NA        NA
sqr.boot 18.59493 0.0037149
sgd.boot 15.92384 0.0053270
sgd.rs    0.15993 0.0046068
sgd.rs1s  0.06464 0.0046068

 
35.542 sec elapsed
Replications :  4 
              Time      Bias
qr        0.643426 0.0011027
sqr.plug        NA        NA
sqr.boot 18.279326 0.0018293
sgd.boot 15.840670 0.0011486
sgd.rs    0.159129 0.0042040
sgd.rs1s  0.067104 0.0042040

 
35.07 sec elapsed
Replications :  5 
              Time       Bias
qr        0.750556 -0.0030464
sqr.plug        NA         NA
sqr.boot 18.592136 -0.0030371
sgd.boot 15.947728 -0.0027797
sgd.rs    0.153121 -0.0031003
sgd.rs1s  0.064667 -0.0031003

 
35.588 sec elapsed
Replications :  6 
              Time       Bias
qr        0.559116 -0.0017819
sqr.plug        NA         NA
sqr.boot 18.547467 -0.0018176
sgd.boot 15.880256 -0.0027576
sgd.rs    0.155509 -0.0019386
sgd.rs1s  0.067883 -0.0019386

 
35.288 sec elapsed
Replications :  7 
             Time      Bias
qr        0.66359 0.0037987
sqr.plug       NA        NA
sqr.boot 18.68390 0.0033381
sgd.boot 15.93774 0.0042228
sgd.rs    0.15347 0.0032193
sgd.rs1s  0.23357 0.0032193

 
35.753 sec elapsed
Replications :  8 
             Time       Bias
qr        0.70213 0.00215018
sqr.plug       NA         NA
sqr.boot 18.59525 0.00169414
sgd.boot 16.08972 0.00132577
sgd.rs    0.16323 0.00056685
sgd.rs1s  0.06701 0.00056685

 
35.693 sec elapsed
Replications :  9 
              Time       Bias
qr        0.545873 0.00077385
sqr.plug        NA         NA
sqr.boot 18.031781 0.00090985
sgd.boot 16.014849 0.00202000
sgd.rs    0.156841 0.00040965
sgd.rs1s  0.065732 0.00040965

 
34.893 sec elapsed
Replications :  10 
              Time      Bias
qr        0.624102 0.0054854
sqr.plug        NA        NA
sqr.boot 18.384999 0.0054896
sgd.boot 15.876032 0.0040592
sgd.rs    0.156178 0.0033760
sgd.rs1s  0.066574 0.0033760

 
35.186 sec elapsed
