------------------------ 
Sample Size =  100000 
dim of X    =  10 
# of rep    =  10 
------------------------ 
Replications :  1 
              Time       Bias
qr        1.239829 -0.0015097
sqr.plug        NA         NA
sqr.boot 20.635068 -0.0015723
sgd.boot 16.271892 -0.0027388
sgd.rs    0.167777 -0.0016468
sgd.rs1s  0.074041 -0.0016468

 
38.478 sec elapsed
Replications :  2 
              Time         Bias
qr        0.681258 -0.000405530
sqr.plug        NA           NA
sqr.boot 20.730453 -0.000663589
sgd.boot 15.974390 -0.000026241
sgd.rs    0.159658 -0.000175086
sgd.rs1s  0.080729 -0.000175086

 
37.704 sec elapsed
Replications :  3 
              Time      Bias
qr        0.712200 0.0015696
sqr.plug        NA        NA
sqr.boot 20.745270 0.0016334
sgd.boot 16.070259 0.0035490
sgd.rs    0.162394 0.0016175
sgd.rs1s  0.067309 0.0016175

 
37.834 sec elapsed
Replications :  4 
              Time       Bias
qr        0.751164 -0.0039624
sqr.plug        NA         NA
sqr.boot 20.466527 -0.0040125
sgd.boot 15.936911 -0.0066317
sgd.rs    0.160336 -0.0053562
sgd.rs1s  0.074692 -0.0053562

 
37.467 sec elapsed
Replications :  5 
              Time       Bias
qr        0.705751 -0.0079947
sqr.plug        NA         NA
sqr.boot 20.388592 -0.0075671
sgd.boot 16.082071 -0.0084766
sgd.rs    0.154738 -0.0108446
sgd.rs1s  0.067188 -0.0108446

 
37.479 sec elapsed
Replications :  6 
             Time        Bias
qr        0.67195 -0.00012568
sqr.plug       NA          NA
sqr.boot 20.35796  0.00014902
sgd.boot 16.01912  0.00194873
sgd.rs    0.17465  0.00080519
sgd.rs1s  0.08356  0.00080519

 
37.386 sec elapsed
Replications :  7 
              Time       Bias
qr        0.804636 -0.0049976
sqr.plug        NA         NA
sqr.boot 20.533648 -0.0051684
sgd.boot 15.956313 -0.0074575
sgd.rs    0.156921 -0.0042415
sgd.rs1s  0.068282 -0.0042415

 
37.6 sec elapsed
Replications :  8 
              Time      Bias
qr        0.660728 0.0042140
sqr.plug        NA        NA
sqr.boot 21.006245 0.0044113
sgd.boot 16.071525 0.0039577
sgd.rs    0.163868 0.0049859
sgd.rs1s  0.067829 0.0049859

 
38.049 sec elapsed
Replications :  9 
              Time       Bias
qr        0.811490 -0.0010821
sqr.plug        NA         NA
sqr.boot 21.057858 -0.0017680
sgd.boot 15.996616 -0.0033159
sgd.rs    0.166055 -0.0029791
sgd.rs1s  0.068076 -0.0029791

 
38.178 sec elapsed
Replications :  10 
              Time       Bias
qr        0.891460  0.0019098
sqr.plug        NA         NA
sqr.boot 21.641804  0.0012295
sgd.boot 16.276054 -0.0016153
sgd.rs    0.174083 -0.0017591
sgd.rs1s  0.071745 -0.0017591

 
39.137 sec elapsed
