------------------------ 
Sample Size =  100000 
dim of X    =  10 
# of rep    =  10 
------------------------ 
Replications :  1 
              Time      Bias
qr        1.622487 0.0038693
sqr.plug        NA        NA
sqr.boot 26.734526 0.0040278
sgd.boot 16.316393 0.0046540
sgd.rs    0.191870 0.0033669
sgd.rs1s  0.078285 0.0033669

 
45.057 sec elapsed
Replications :  2 
              Time        Bias
qr        0.959706 -0.00259290
sqr.plug        NA          NA
sqr.boot 27.551341 -0.00182573
sgd.boot 16.135564 -0.00170775
sgd.rs    0.182827 -0.00071398
sgd.rs1s  0.079295 -0.00071398

 
44.988 sec elapsed
Replications :  3 
              Time      Bias
qr        0.939467 0.0051274
sqr.plug        NA        NA
sqr.boot 26.710737 0.0056349
sgd.boot 16.230276 0.0066187
sgd.rs    0.173455 0.0082071
sgd.rs1s  0.079894 0.0082071

 
44.232 sec elapsed
Replications :  4 
              Time       Bias
qr        1.022290 -0.0077433
sqr.plug        NA         NA
sqr.boot 26.617888 -0.0074752
sgd.boot 16.032923 -0.0084429
sgd.rs    0.171110 -0.0053654
sgd.rs1s  0.074066 -0.0053654

 
44.013 sec elapsed
Replications :  5 
              Time        Bias
qr        1.027736 -0.00126678
sqr.plug        NA          NA
sqr.boot 26.344849 -0.00104386
sgd.boot 16.187129 -0.00036869
sgd.rs    0.183966 -0.00133084
sgd.rs1s  0.080563 -0.00133084

 
43.906 sec elapsed
Replications :  6 
              Time        Bias
qr        0.819687 -0.00087435
sqr.plug        NA          NA
sqr.boot 26.814401 -0.00095891
sgd.boot 16.086962 -0.00144993
sgd.rs    0.175369 -0.00197752
sgd.rs1s  0.076505 -0.00197752

 
44.058 sec elapsed
Replications :  7 
              Time      Bias
qr        0.713996 0.0091410
sqr.plug        NA        NA
sqr.boot 26.429001 0.0081207
sgd.boot 16.197836 0.0083376
sgd.rs    0.183860 0.0070719
sgd.rs1s  0.073173 0.0070719

 
43.897 sec elapsed
Replications :  8 
              Time      Bias
qr        1.012243 0.0027406
sqr.plug        NA        NA
sqr.boot 26.376991 0.0027520
sgd.boot 16.521065 0.0039671
sgd.rs    0.183054 0.0042925
sgd.rs1s  0.082414 0.0042925

 
44.258 sec elapsed
Replications :  9 
              Time       Bias
qr        0.879616 -0.0042062
sqr.plug        NA         NA
sqr.boot 25.635013 -0.0031903
sgd.boot 16.378237 -0.0020445
sgd.rs    0.173328 -0.0054022
sgd.rs1s  0.076958 -0.0054022

 
43.228 sec elapsed
Replications :  10 
              Time       Bias
qr        0.926165 -0.0026901
sqr.plug        NA         NA
sqr.boot 25.949444 -0.0024403
sgd.boot 16.192440 -0.0020296
sgd.rs    0.171694  0.0001141
sgd.rs1s  0.074313  0.0001141

 
43.396 sec elapsed
