------------------------ 
Sample Size =  100000 
dim of X    =  10 
# of rep    =  10 
------------------------ 
Replications :  1 
             Time      Bias
qr        0.93038 0.0035063
sqr.plug       NA        NA
sqr.boot 20.53129 0.0037277
sgd.boot 16.02847 0.0040800
sgd.rs    0.18136 0.0044077
sgd.rs1s  0.24733 0.0044077

 
38.012 sec elapsed
Replications :  2 
              Time        Bias
qr        0.671074 -0.00052379
sqr.plug        NA          NA
sqr.boot 20.533739 -0.00070180
sgd.boot 16.203511 -0.00331717
sgd.rs    0.178345 -0.00192337
sgd.rs1s  0.067173 -0.00192337

 
37.733 sec elapsed
Replications :  3 
             Time       Bias
qr        0.76661 -0.0036832
sqr.plug       NA         NA
sqr.boot 20.45605 -0.0050706
sgd.boot 16.20577 -0.0066717
sgd.rs    0.15597 -0.0064645
sgd.rs1s  0.06748 -0.0064645

 
37.73 sec elapsed
Replications :  4 
              Time       Bias
qr        0.835582 -0.0049209
sqr.plug        NA         NA
sqr.boot 20.331495 -0.0046734
sgd.boot 16.238527 -0.0047307
sgd.rs    0.160522 -0.0025368
sgd.rs1s  0.074855 -0.0025368

 
37.72 sec elapsed
Replications :  5 
              Time      Bias
qr        0.621642 0.0027852
sqr.plug        NA        NA
sqr.boot 20.264291 0.0024747
sgd.boot 16.040921 0.0015856
sgd.rs    0.167952 0.0036888
sgd.rs1s  0.073187 0.0036888

 
37.249 sec elapsed
Replications :  6 
              Time      Bias
qr        0.752401 0.0091877
sqr.plug        NA        NA
sqr.boot 20.309825 0.0087905
sgd.boot 16.231155 0.0087083
sgd.rs    0.154615 0.0076255
sgd.rs1s  0.065214 0.0076255

 
37.595 sec elapsed
Replications :  7 
              Time       Bias
qr        0.777595 0.00312306
sqr.plug        NA         NA
sqr.boot 20.057947 0.00289263
sgd.boot 15.996047 0.00342798
sgd.rs    0.159431 0.00096879
sgd.rs1s  0.069102 0.00096879

 
37.139 sec elapsed
Replications :  8 
              Time      Bias
qr        0.710202 0.0066801
sqr.plug        NA        NA
sqr.boot 20.310500 0.0065637
sgd.boot 16.091321 0.0053473
sgd.rs    0.168432 0.0067657
sgd.rs1s  0.067018 0.0067657

 
37.426 sec elapsed
Replications :  9 
              Time        Bias
qr        0.748090  0.00156438
sqr.plug        NA          NA
sqr.boot 20.352861  0.00094277
sgd.boot 16.107917  0.00106929
sgd.rs    0.334152 -0.00101220
sgd.rs1s  0.067001 -0.00101220

 
37.691 sec elapsed
Replications :  10 
              Time        Bias
qr        0.818385  0.00113465
sqr.plug        NA          NA
sqr.boot 20.272483 -0.00022877
sgd.boot 16.107240 -0.00094614
sgd.rs    0.169055 -0.00079112
sgd.rs1s  0.067703 -0.00079112

 
37.511 sec elapsed
