------------------------ 
Sample Size =  100000 
dim of X    =  10 
# of rep    =  10 
------------------------ 
Replications :  1 
              Time        Bias
qr        1.420800  0.00053354
sqr.plug        NA          NA
sqr.boot 27.074111 -0.00035544
sgd.boot 16.291303 -0.00208231
sgd.rs    0.179283 -0.00156565
sgd.rs1s  0.069953 -0.00156565

 
45.135 sec elapsed
Replications :  2 
              Time       Bias
qr        0.947312 -0.0018415
sqr.plug        NA         NA
sqr.boot 26.969450 -0.0023771
sgd.boot 16.202616 -0.0020700
sgd.rs    0.183217 -0.0010793
sgd.rs1s  0.079294 -0.0010793

 
44.462 sec elapsed
Replications :  3 
              Time      Bias
qr        1.151480 0.0030808
sqr.plug        NA        NA
sqr.boot 26.687316 0.0031780
sgd.boot 16.128892 0.0036493
sgd.rs    0.183824 0.0035763
sgd.rs1s  0.079315 0.0035763

 
44.314 sec elapsed
Replications :  4 
              Time      Bias
qr        0.784969 0.0033229
sqr.plug        NA        NA
sqr.boot 26.667977 0.0023522
sgd.boot 16.200683 0.0034488
sgd.rs    0.175344 0.0051538
sgd.rs1s  0.068516 0.0051538

 
43.981 sec elapsed
Replications :  5 
             Time       Bias
qr        0.84379 -0.0019799
sqr.plug       NA         NA
sqr.boot 26.71881 -0.0032298
sgd.boot 16.24320 -0.0023770
sgd.rs    0.18004 -0.0040534
sgd.rs1s  0.07286 -0.0040534

 
44.139 sec elapsed
Replications :  6 
              Time       Bias
qr        0.972155 -0.0051750
sqr.plug        NA         NA
sqr.boot 26.481736 -0.0049958
sgd.boot 16.224730 -0.0050020
sgd.rs    0.175326 -0.0030105
sgd.rs1s  0.078112 -0.0030105

 
44.026 sec elapsed
Replications :  7 
              Time         Bias
qr        0.611082  0.003197131
sqr.plug        NA           NA
sqr.boot 26.286615  0.002143825
sgd.boot 16.197107  0.003827198
sgd.rs    0.169212 -0.000052325
sgd.rs1s  0.071319 -0.000052325

 
43.614 sec elapsed
Replications :  8 
              Time       Bias
qr        0.786851 -0.0052451
sqr.plug        NA         NA
sqr.boot 26.130708 -0.0053839
sgd.boot 16.221327 -0.0066359
sgd.rs    0.180296 -0.0049187
sgd.rs1s  0.071522 -0.0049187

 
43.471 sec elapsed
Replications :  9 
             Time       Bias
qr        0.70457 -0.0043284
sqr.plug       NA         NA
sqr.boot 26.02041 -0.0041491
sgd.boot 16.31033 -0.0041395
sgd.rs    0.17257 -0.0038796
sgd.rs1s  0.07088 -0.0038796

 
43.36 sec elapsed
Replications :  10 
              Time      Bias
qr        0.683367 0.0057359
sqr.plug        NA        NA
sqr.boot 25.924514 0.0052860
sgd.boot 16.401310 0.0054361
sgd.rs    0.166492 0.0044365
sgd.rs1s  0.066684 0.0044365

 
43.323 sec elapsed
