------------------------ 
Sample Size =  100000 
dim of X    =  10 
# of rep    =  10 
------------------------ 
Replications :  1 
              Time       Bias
qr        1.156859 -0.0014685
sqr.plug        NA         NA
sqr.boot 18.516030 -0.0010511
sgd.boot 16.186817 -0.0012608
sgd.rs    0.178163  0.0017971
sgd.rs1s  0.073346  0.0017971

 
36.203 sec elapsed
Replications :  2 
              Time        Bias
qr        0.599482  0.00032012
sqr.plug        NA          NA
sqr.boot 18.565781  0.00084295
sgd.boot 15.982837  0.00139872
sgd.rs    0.157832 -0.00062287
sgd.rs1s  0.071427 -0.00062287

 
35.454 sec elapsed
Replications :  3 
              Time      Bias
qr        0.711886 0.0021316
sqr.plug        NA        NA
sqr.boot 18.634620 0.0020178
sgd.boot 15.974648 0.0034725
sgd.rs    0.323196 0.0022981
sgd.rs1s  0.063996 0.0022981

 
35.789 sec elapsed
Replications :  4 
              Time      Bias
qr        0.516982 0.0031628
sqr.plug        NA        NA
sqr.boot 18.666595 0.0023995
sgd.boot 15.974412 0.0017062
sgd.rs    0.164555 0.0023896
sgd.rs1s  0.074516 0.0023896

 
35.477 sec elapsed
Replications :  5 
              Time       Bias
qr        0.876512  0.0012293
sqr.plug        NA         NA
sqr.boot 18.632918  0.0010880
sgd.boot 16.040290  0.0011977
sgd.rs    0.160501 -0.0012927
sgd.rs1s  0.071351 -0.0012927

 
35.862 sec elapsed
Replications :  6 
              Time        Bias
qr        0.673917  0.00069217
sqr.plug        NA          NA
sqr.boot 18.605452  0.00082476
sgd.boot 16.123193 -0.00088362
sgd.rs    0.156069 -0.00049354
sgd.rs1s  0.065031 -0.00049354

 
35.712 sec elapsed
Replications :  7 
              Time      Bias
qr        0.880202 0.0077590
sqr.plug        NA        NA
sqr.boot 18.564510 0.0074134
sgd.boot 16.108881 0.0103187
sgd.rs    0.163038 0.0075809
sgd.rs1s  0.065269 0.0075809

 
35.861 sec elapsed
Replications :  8 
              Time        Bias
qr        0.756603 -0.00246828
sqr.plug        NA          NA
sqr.boot 19.125843 -0.00225012
sgd.boot 16.028710 -0.00231716
sgd.rs    0.162988 -0.00011423
sgd.rs1s  0.068182 -0.00011423

 
36.221 sec elapsed
Replications :  9 
             Time       Bias
qr        0.73908 0.00543667
sqr.plug       NA         NA
sqr.boot 19.20502 0.00417866
sgd.boot 16.15298 0.00211180
sgd.rs    0.16294 0.00030664
sgd.rs1s  0.24835 0.00030664

 
36.587 sec elapsed
Replications :  10 
              Time         Bias
qr        0.800478  0.000621375
sqr.plug        NA           NA
sqr.boot 18.762808  0.000682237
sgd.boot 15.901536  0.000060419
sgd.rs    0.161266 -0.000241949
sgd.rs1s  0.064949 -0.000241949

 
35.768 sec elapsed
