------------------------ 
Sample Size =  100000 
dim of X    =  10 
# of rep    =  10 
------------------------ 
Replications :  1 
              Time        Bias
qr        1.347464 -0.00108987
sqr.plug        NA          NA
sqr.boot 18.547903 -0.00071078
sgd.boot 16.562621 -0.00016451
sgd.rs    0.168788 -0.00017497
sgd.rs1s  0.071856 -0.00017497

 
36.794 sec elapsed
Replications :  2 
              Time        Bias
qr        0.786439 -0.00066229
sqr.plug        NA          NA
sqr.boot 18.550464 -0.00032640
sgd.boot 16.357233  0.00034451
sgd.rs    0.158658  0.00135748
sgd.rs1s  0.069787  0.00135748

 
36.003 sec elapsed
Replications :  3 
              Time       Bias
qr        0.585037 -0.0042636
sqr.plug        NA         NA
sqr.boot 18.536410 -0.0036170
sgd.boot 16.472004 -0.0060716
sgd.rs    0.168561 -0.0032447
sgd.rs1s  0.067118 -0.0032447

 
36.036 sec elapsed
Replications :  4 
              Time       Bias
qr        0.716260 0.00106793
sqr.plug        NA         NA
sqr.boot 18.541760 0.00146240
sgd.boot 16.382432 0.00074599
sgd.rs    0.168757 0.00187985
sgd.rs1s  0.080061 0.00187985

 
35.968 sec elapsed
Replications :  5 
              Time        Bias
qr        0.675026  0.00039430
sqr.plug        NA          NA
sqr.boot 18.476629 -0.00056603
sgd.boot 16.317365  0.00086131
sgd.rs    0.161091  0.00069251
sgd.rs1s  0.069286  0.00069251

 
35.955 sec elapsed
Replications :  6 
              Time        Bias
qr        0.511860 -0.00092792
sqr.plug        NA          NA
sqr.boot 18.479819 -0.00073064
sgd.boot 16.416383  0.00208904
sgd.rs    0.158603  0.00180281
sgd.rs1s  0.064842  0.00180281

 
35.71 sec elapsed
Replications :  7 
              Time         Bias
qr        0.710192 -0.000075136
sqr.plug        NA           NA
sqr.boot 18.468001  0.000242978
sgd.boot 16.412637 -0.000795780
sgd.rs    0.161462  0.003572648
sgd.rs1s  0.067544  0.003572648

 
35.898 sec elapsed
Replications :  8 
              Time       Bias
qr        0.674536 -0.0084871
sqr.plug        NA         NA
sqr.boot 19.130881 -0.0089031
sgd.boot 16.418127 -0.0083979
sgd.rs    0.167381 -0.0081320
sgd.rs1s  0.068371 -0.0081320

 
36.538 sec elapsed
Replications :  9 
              Time      Bias
qr        0.614755 0.0043289
sqr.plug        NA        NA
sqr.boot 19.194115 0.0039662
sgd.boot 16.336319 0.0043392
sgd.rs    0.160199 0.0023033
sgd.rs1s  0.069257 0.0023033

 
36.456 sec elapsed
Replications :  10 
              Time       Bias
qr        0.685613 -0.0030160
sqr.plug        NA         NA
sqr.boot 18.635792 -0.0031400
sgd.boot 16.239124 -0.0030386
sgd.rs    0.164769 -0.0019450
sgd.rs1s  0.071076 -0.0019450

 
35.874 sec elapsed
