------------------------ 
Sample Size =  100000 
dim of X    =  10 
# of rep    =  10 
------------------------ 
Replications :  1 
              Time       Bias
qr        1.406986 0.00148866
sqr.plug        NA         NA
sqr.boot 26.613667 0.00048946
sgd.boot 16.407122 0.00025536
sgd.rs    0.176015 0.00258497
sgd.rs1s  0.084562 0.00258497

 
44.834 sec elapsed
Replications :  2 
              Time        Bias
qr        1.096645 -0.00085658
sqr.plug        NA          NA
sqr.boot 26.454555 -0.00105283
sgd.boot 16.314438 -0.00021736
sgd.rs    0.189206 -0.00325785
sgd.rs1s  0.069242 -0.00325785

 
44.204 sec elapsed
Replications :  3 
              Time       Bias
qr        0.885472 -0.0059868
sqr.plug        NA         NA
sqr.boot 26.565686 -0.0064091
sgd.boot 16.228835 -0.0090535
sgd.rs    0.167320 -0.0070970
sgd.rs1s  0.075464 -0.0070970

 
44.002 sec elapsed
Replications :  4 
              Time      Bias
qr        0.732898 0.0013506
sqr.plug        NA        NA
sqr.boot 26.033598 0.0015401
sgd.boot 16.207814 0.0030320
sgd.rs    0.189808 0.0033028
sgd.rs1s  0.071535 0.0033028

 
43.328 sec elapsed
Replications :  5 
              Time      Bias
qr        0.856938 0.0023738
sqr.plug        NA        NA
sqr.boot 25.634374 0.0029942
sgd.boot 16.461482 0.0033105
sgd.rs    0.164486 0.0032701
sgd.rs1s  0.066713 0.0032701

 
43.264 sec elapsed
Replications :  6 
              Time       Bias
qr        0.861206 -0.0075198
sqr.plug        NA         NA
sqr.boot 25.581761 -0.0067347
sgd.boot 16.440367 -0.0077003
sgd.rs    0.170239 -0.0056167
sgd.rs1s  0.066412 -0.0056167

 
43.199 sec elapsed
Replications :  7 
              Time      Bias
qr        0.698552 0.0041393
sqr.plug        NA        NA
sqr.boot 24.941441 0.0043234
sgd.boot 16.452486 0.0027418
sgd.rs    0.170639 0.0035066
sgd.rs1s  0.066558 0.0035066

 
42.411 sec elapsed
Replications :  8 
              Time       Bias
qr        0.690097 -0.0063342
sqr.plug        NA         NA
sqr.boot 24.532202 -0.0055586
sgd.boot 16.551494 -0.0033888
sgd.rs    0.180277 -0.0038659
sgd.rs1s  0.066377 -0.0038659

 
42.101 sec elapsed
Replications :  9 
              Time      Bias
qr        0.553919 0.0059964
sqr.plug        NA        NA
sqr.boot 24.092518 0.0057969
sgd.boot 16.717912 0.0044033
sgd.rs    0.168698 0.0029957
sgd.rs1s  0.067033 0.0029957

 
41.681 sec elapsed
Replications :  10 
              Time       Bias
qr        0.731773 -0.0036905
sqr.plug        NA         NA
sqr.boot 23.386778 -0.0036624
sgd.boot 16.692757 -0.0047062
sgd.rs    0.168178 -0.0043379
sgd.rs1s  0.068249 -0.0043379

 
41.127 sec elapsed
