------------------------ 
Sample Size =  100000 
dim of X    =  10 
# of rep    =  10 
------------------------ 
Replications :  1 
              Time      Bias
qr        1.315485 0.0028453
sqr.plug        NA        NA
sqr.boot 19.751316 0.0020887
sgd.boot 16.490868 0.0044216
sgd.rs    0.182999 0.0028801
sgd.rs1s  0.078586 0.0028801

 
37.93 sec elapsed
Replications :  2 
              Time       Bias
qr        0.809211 -0.0041545
sqr.plug        NA         NA
sqr.boot 19.457881 -0.0034555
sgd.boot 16.172089 -0.0044853
sgd.rs    0.176793 -0.0040884
sgd.rs1s  0.087157 -0.0040884

 
36.785 sec elapsed
Replications :  3 
              Time       Bias
qr        0.708561 -0.0030505
sqr.plug        NA         NA
sqr.boot 19.726181 -0.0024161
sgd.boot 16.183838 -0.0020522
sgd.rs    0.189767 -0.0013596
sgd.rs1s  0.071875 -0.0013596

 
36.959 sec elapsed
Replications :  4 
              Time      Bias
qr        0.793137 0.0052312
sqr.plug        NA        NA
sqr.boot 19.581194 0.0057288
sgd.boot 16.272824 0.0055133
sgd.rs    0.173193 0.0051197
sgd.rs1s  0.067853 0.0051197

 
36.968 sec elapsed
Replications :  5 
              Time       Bias
qr        0.784117 -0.0009476
sqr.plug        NA         NA
sqr.boot 19.540691 -0.0011514
sgd.boot 16.226848 -0.0025512
sgd.rs    0.171389 -0.0018598
sgd.rs1s  0.071627 -0.0018598

 
36.873 sec elapsed
Replications :  6 
             Time       Bias
qr        0.62002 0.00145228
sqr.plug       NA         NA
sqr.boot 19.72769 0.00209100
sgd.boot 16.16702 0.00149822
sgd.rs    0.17079 0.00041429
sgd.rs1s  0.06665 0.00041429

 
36.831 sec elapsed
Replications :  7 
              Time       Bias
qr        0.868905 -0.0032773
sqr.plug        NA         NA
sqr.boot 19.690737 -0.0029106
sgd.boot 16.403598 -0.0040539
sgd.rs    0.195340 -0.0026238
sgd.rs1s  0.085764 -0.0026238

 
37.326 sec elapsed
Replications :  8 
             Time      Bias
qr        0.75785 0.0072685
sqr.plug       NA        NA
sqr.boot 19.82158 0.0067703
sgd.boot 16.34651 0.0099460
sgd.rs    0.18467 0.0091944
sgd.rs1s  0.07356 0.0091944

 
37.268 sec elapsed
Replications :  9 
             Time      Bias
qr        0.70228 0.0029545
sqr.plug       NA        NA
sqr.boot 19.76978 0.0022229
sgd.boot 16.28862 0.0041078
sgd.rs    0.17803 0.0004881
sgd.rs1s  0.07257 0.0004881

 
37.103 sec elapsed
Replications :  10 
              Time        Bias
qr        0.838825 -0.00112886
sqr.plug        NA          NA
sqr.boot 19.459914 -0.00058256
sgd.boot 16.242456 -0.00088246
sgd.rs    0.167169  0.00072618
sgd.rs1s  0.076286  0.00072618

 
36.863 sec elapsed
